[0.051s] Invoking command in '/home/louwee/correct_ws/build/correct_motion': CMAKE_PREFIX_PATH=/opt/ros/humble /usr/bin/cmake /home/louwee/correct_ws/src/correct_motion -DCMAKE_INSTALL_PREFIX=/home/louwee/correct_ws/install/correct_motion
[0.283s] -- The C compiler identification is GNU 11.4.0
[0.528s] -- The CXX compiler identification is GNU 11.4.0
[0.553s] -- Detecting C compiler ABI info
[0.749s] -- Detecting C compiler ABI info - done
[0.767s] -- Check for working C compiler: /usr/bin/cc - skipped
[0.768s] -- Detecting C compile features
[0.771s] -- Detecting C compile features - done
[0.786s] -- Detecting CXX compiler ABI info
[2.067s] -- Detecting CXX compiler ABI info - done
[2.067s] -- Check for working CXX compiler: /usr/bin/c++ - skipped
[2.067s] -- Detecting CXX compile features
[2.067s] -- Detecting CXX compile features - done
[2.074s] -- Found ament_cmake: 1.3.11 (/opt/ros/humble/share/ament_cmake/cmake)
[2.115s] -- Found Python3: /usr/bin/python3 (found version "3.10.12") found components: Interpreter 
[2.277s] -- Found ament_lint_auto: 0.12.11 (/opt/ros/humble/share/ament_lint_auto/cmake)
[2.476s] -- Added test 'lint_cmake' to check CMake code style
[2.479s] -- Added test 'xmllint' to check XML markup files
[2.482s] -- Configuring done
[2.487s] -- Generating done
[2.491s] -- Build files have been written to: /home/louwee/correct_ws/build/correct_motion
[2.761s] Invoked command in '/home/louwee/correct_ws/build/correct_motion' returned '0': CMAKE_PREFIX_PATH=/opt/ros/humble /usr/bin/cmake /home/louwee/correct_ws/src/correct_motion -DCMAKE_INSTALL_PREFIX=/home/louwee/correct_ws/install/correct_motion
[2.762s] Invoking command in '/home/louwee/correct_ws/build/correct_motion': CMAKE_PREFIX_PATH=/opt/ros/humble /usr/bin/cmake --build /home/louwee/correct_ws/build/correct_motion -- -j12 -l12
[2.838s] Invoked command in '/home/louwee/correct_ws/build/correct_motion' returned '0': CMAKE_PREFIX_PATH=/opt/ros/humble /usr/bin/cmake --build /home/louwee/correct_ws/build/correct_motion -- -j12 -l12
[2.840s] Invoking command in '/home/louwee/correct_ws/build/correct_motion': CMAKE_PREFIX_PATH=/opt/ros/humble /usr/bin/cmake --install /home/louwee/correct_ws/build/correct_motion
[2.852s] -- Install configuration: ""
[2.853s] -- Installing: /home/louwee/correct_ws/install/correct_motion/share/ament_index/resource_index/package_run_dependencies/correct_motion
[2.853s] -- Installing: /home/louwee/correct_ws/install/correct_motion/share/ament_index/resource_index/parent_prefix_path/correct_motion
[2.853s] -- Installing: /home/louwee/correct_ws/install/correct_motion/share/correct_motion/environment/ament_prefix_path.sh
[2.854s] -- Installing: /home/louwee/correct_ws/install/correct_motion/share/correct_motion/environment/ament_prefix_path.dsv
[2.854s] -- Installing: /home/louwee/correct_ws/install/correct_motion/share/correct_motion/environment/path.sh
[2.854s] -- Installing: /home/louwee/correct_ws/install/correct_motion/share/correct_motion/environment/path.dsv
[2.855s] -- Installing: /home/louwee/correct_ws/install/correct_motion/share/correct_motion/local_setup.bash
[2.855s] -- Installing: /home/louwee/correct_ws/install/correct_motion/share/correct_motion/local_setup.sh
[2.855s] -- Installing: /home/louwee/correct_ws/install/correct_motion/share/correct_motion/local_setup.zsh
[2.855s] -- Installing: /home/louwee/correct_ws/install/correct_motion/share/correct_motion/local_setup.dsv
[2.856s] -- Installing: /home/louwee/correct_ws/install/correct_motion/share/correct_motion/package.dsv
[2.856s] -- Installing: /home/louwee/correct_ws/install/correct_motion/share/ament_index/resource_index/packages/correct_motion
[2.856s] -- Installing: /home/louwee/correct_ws/install/correct_motion/share/correct_motion/cmake/correct_motionConfig.cmake
[2.857s] -- Installing: /home/louwee/correct_ws/install/correct_motion/share/correct_motion/cmake/correct_motionConfig-version.cmake
[2.857s] -- Installing: /home/louwee/correct_ws/install/correct_motion/share/correct_motion/package.xml
[2.860s] Invoked command in '/home/louwee/correct_ws/build/correct_motion' returned '0': CMAKE_PREFIX_PATH=/opt/ros/humble /usr/bin/cmake --install /home/louwee/correct_ws/build/correct_motion
