[0.025s] Invoking command in '/home/louwee/correct_ws/build/correct_bringup': CMAKE_PREFIX_PATH=/opt/ros/humble /usr/bin/cmake /home/louwee/correct_ws/src/correct_bringup -DCMAKE_INSTALL_PREFIX=/home/louwee/correct_ws/install/correct_bringup
[0.297s] -- The C compiler identification is GNU 11.4.0
[0.299s] -- The CXX compiler identification is GNU 11.4.0
[0.308s] -- Detecting C compiler ABI info
[0.386s] -- Detecting C compiler ABI info - done
[0.394s] -- Check for working C compiler: /usr/bin/cc - skipped
[0.394s] -- Detecting C compile features
[0.395s] -- Detecting C compile features - done
[0.398s] -- Detecting CXX compiler ABI info
[0.489s] -- Detecting CXX compiler ABI info - done
[0.503s] -- Check for working CXX compiler: /usr/bin/c++ - skipped
[0.503s] -- Detecting CXX compile features
[0.504s] -- Detecting CXX compile features - done
[0.508s] -- Found ament_cmake: 1.3.11 (/opt/ros/humble/share/ament_cmake/cmake)
[0.673s] -- Found Python3: /usr/bin/python3 (found version "3.10.12") found components: Interpreter 
[0.783s] -- Found ament_lint_auto: 0.12.11 (/opt/ros/humble/share/ament_lint_auto/cmake)
[0.859s] -- Added test 'lint_cmake' to check CMake code style
[0.860s] -- Added test 'xmllint' to check XML markup files
[0.861s] -- Configuring done
[0.864s] -- Generating done
[0.865s] -- Build files have been written to: /home/louwee/correct_ws/build/correct_bringup
[0.952s] Invoked command in '/home/louwee/correct_ws/build/correct_bringup' returned '0': CMAKE_PREFIX_PATH=/opt/ros/humble /usr/bin/cmake /home/louwee/correct_ws/src/correct_bringup -DCMAKE_INSTALL_PREFIX=/home/louwee/correct_ws/install/correct_bringup
[0.953s] Invoking command in '/home/louwee/correct_ws/build/correct_bringup': CMAKE_PREFIX_PATH=/opt/ros/humble /usr/bin/cmake --build /home/louwee/correct_ws/build/correct_bringup -- -j12 -l12
[0.994s] Invoked command in '/home/louwee/correct_ws/build/correct_bringup' returned '0': CMAKE_PREFIX_PATH=/opt/ros/humble /usr/bin/cmake --build /home/louwee/correct_ws/build/correct_bringup -- -j12 -l12
[0.995s] Invoking command in '/home/louwee/correct_ws/build/correct_bringup': CMAKE_PREFIX_PATH=/opt/ros/humble /usr/bin/cmake --install /home/louwee/correct_ws/build/correct_bringup
[1.001s] -- Install configuration: ""
[1.002s] -- Installing: /home/louwee/correct_ws/install/correct_bringup/share/ament_index/resource_index/package_run_dependencies/correct_bringup
[1.002s] -- Installing: /home/louwee/correct_ws/install/correct_bringup/share/ament_index/resource_index/parent_prefix_path/correct_bringup
[1.002s] -- Installing: /home/louwee/correct_ws/install/correct_bringup/share/correct_bringup/environment/ament_prefix_path.sh
[1.002s] -- Installing: /home/louwee/correct_ws/install/correct_bringup/share/correct_bringup/environment/ament_prefix_path.dsv
[1.002s] -- Installing: /home/louwee/correct_ws/install/correct_bringup/share/correct_bringup/environment/path.sh
[1.002s] -- Installing: /home/louwee/correct_ws/install/correct_bringup/share/correct_bringup/environment/path.dsv
[1.002s] -- Installing: /home/louwee/correct_ws/install/correct_bringup/share/correct_bringup/local_setup.bash
[1.003s] -- Installing: /home/louwee/correct_ws/install/correct_bringup/share/correct_bringup/local_setup.sh
[1.003s] -- Installing: /home/louwee/correct_ws/install/correct_bringup/share/correct_bringup/local_setup.zsh
[1.003s] -- Installing: /home/louwee/correct_ws/install/correct_bringup/share/correct_bringup/local_setup.dsv
[1.003s] -- Installing: /home/louwee/correct_ws/install/correct_bringup/share/correct_bringup/package.dsv
[1.003s] -- Installing: /home/louwee/correct_ws/install/correct_bringup/share/ament_index/resource_index/packages/correct_bringup
[1.003s] -- Installing: /home/louwee/correct_ws/install/correct_bringup/share/correct_bringup/cmake/correct_bringupConfig.cmake
[1.003s] -- Installing: /home/louwee/correct_ws/install/correct_bringup/share/correct_bringup/cmake/correct_bringupConfig-version.cmake
[1.003s] -- Installing: /home/louwee/correct_ws/install/correct_bringup/share/correct_bringup/package.xml
[1.005s] Invoked command in '/home/louwee/correct_ws/build/correct_bringup' returned '0': CMAKE_PREFIX_PATH=/opt/ros/humble /usr/bin/cmake --install /home/louwee/correct_ws/build/correct_bringup
