[0.059s] Invoking command in '/home/louwee/correct_ws/build/ldlidar_sl_ros2': CMAKE_PREFIX_PATH=/opt/ros/humble /usr/bin/cmake --build /home/louwee/correct_ws/build/ldlidar_sl_ros2 -- -j12 -l12
[1.029s] [100%] Built target ldlidar_sl_ros2_node
[1.718s] Invoked command in '/home/louwee/correct_ws/build/ldlidar_sl_ros2' returned '0': CMAKE_PREFIX_PATH=/opt/ros/humble /usr/bin/cmake --build /home/louwee/correct_ws/build/ldlidar_sl_ros2 -- -j12 -l12
[1.793s] Invoking command in '/home/louwee/correct_ws/build/ldlidar_sl_ros2': CMAKE_PREFIX_PATH=/opt/ros/humble /usr/bin/cmake --install /home/louwee/correct_ws/build/ldlidar_sl_ros2
[1.997s] -- Install configuration: ""
[1.997s] -- Up-to-date: /home/louwee/correct_ws/install/ldlidar_sl_ros2/lib/ldlidar_sl_ros2/ldlidar_sl_ros2_node
[1.997s] -- Up-to-date: /home/louwee/correct_ws/install/ldlidar_sl_ros2/share/ldlidar_sl_ros2//launch
[1.998s] -- Up-to-date: /home/louwee/correct_ws/install/ldlidar_sl_ros2/share/ldlidar_sl_ros2//launch/ld14.launch.py
[1.998s] -- Up-to-date: /home/louwee/correct_ws/install/ldlidar_sl_ros2/share/ldlidar_sl_ros2//launch/viewer_ld14.launch.py
[1.998s] -- Up-to-date: /home/louwee/correct_ws/install/ldlidar_sl_ros2/share/ldlidar_sl_ros2//launch/ld14p.launch.py
[1.999s] -- Up-to-date: /home/louwee/correct_ws/install/ldlidar_sl_ros2/share/ldlidar_sl_ros2//launch/viewer_ld14p.launch.py
[1.999s] -- Up-to-date: /home/louwee/correct_ws/install/ldlidar_sl_ros2/share/ldlidar_sl_ros2//rviz2
[1.999s] -- Up-to-date: /home/louwee/correct_ws/install/ldlidar_sl_ros2/share/ldlidar_sl_ros2//rviz2/ldlidar.rviz
[2.000s] -- Up-to-date: /home/louwee/correct_ws/install/ldlidar_sl_ros2/share/ldlidar_sl_ros2//scripts
[2.000s] -- Up-to-date: /home/louwee/correct_ws/install/ldlidar_sl_ros2/share/ldlidar_sl_ros2//scripts/delete_udev_rules.sh
[2.001s] -- Up-to-date: /home/louwee/correct_ws/install/ldlidar_sl_ros2/share/ldlidar_sl_ros2//scripts/ldlidar.rules
[2.001s] -- Up-to-date: /home/louwee/correct_ws/install/ldlidar_sl_ros2/share/ldlidar_sl_ros2//scripts/create_udev_rules.sh
[2.002s] -- Up-to-date: /home/louwee/correct_ws/install/ldlidar_sl_ros2/share/ament_index/resource_index/package_run_dependencies/ldlidar_sl_ros2
[2.002s] -- Up-to-date: /home/louwee/correct_ws/install/ldlidar_sl_ros2/share/ament_index/resource_index/parent_prefix_path/ldlidar_sl_ros2
[2.003s] -- Up-to-date: /home/louwee/correct_ws/install/ldlidar_sl_ros2/share/ldlidar_sl_ros2/environment/ament_prefix_path.sh
[2.003s] -- Up-to-date: /home/louwee/correct_ws/install/ldlidar_sl_ros2/share/ldlidar_sl_ros2/environment/ament_prefix_path.dsv
[2.004s] -- Up-to-date: /home/louwee/correct_ws/install/ldlidar_sl_ros2/share/ldlidar_sl_ros2/environment/path.sh
[2.004s] -- Up-to-date: /home/louwee/correct_ws/install/ldlidar_sl_ros2/share/ldlidar_sl_ros2/environment/path.dsv
[2.004s] -- Up-to-date: /home/louwee/correct_ws/install/ldlidar_sl_ros2/share/ldlidar_sl_ros2/local_setup.bash
[2.005s] -- Up-to-date: /home/louwee/correct_ws/install/ldlidar_sl_ros2/share/ldlidar_sl_ros2/local_setup.sh
[2.006s] -- Up-to-date: /home/louwee/correct_ws/install/ldlidar_sl_ros2/share/ldlidar_sl_ros2/local_setup.zsh
[2.007s] -- Up-to-date: /home/louwee/correct_ws/install/ldlidar_sl_ros2/share/ldlidar_sl_ros2/local_setup.dsv
[2.009s] -- Installing: /home/louwee/correct_ws/install/ldlidar_sl_ros2/share/ldlidar_sl_ros2/package.dsv
[2.010s] -- Up-to-date: /home/louwee/correct_ws/install/ldlidar_sl_ros2/share/ament_index/resource_index/packages/ldlidar_sl_ros2
[2.010s] -- Up-to-date: /home/louwee/correct_ws/install/ldlidar_sl_ros2/share/ldlidar_sl_ros2/cmake/ldlidar_sl_ros2Config.cmake
[2.010s] -- Up-to-date: /home/louwee/correct_ws/install/ldlidar_sl_ros2/share/ldlidar_sl_ros2/cmake/ldlidar_sl_ros2Config-version.cmake
[2.010s] -- Up-to-date: /home/louwee/correct_ws/install/ldlidar_sl_ros2/share/ldlidar_sl_ros2/package.xml
[2.085s] Invoked command in '/home/louwee/correct_ws/build/ldlidar_sl_ros2' returned '0': CMAKE_PREFIX_PATH=/opt/ros/humble /usr/bin/cmake --install /home/louwee/correct_ws/build/ldlidar_sl_ros2
