[0.031s] Invoking command in '/home/louwee/correct_ws/build/correct_firmware': CMAKE_PREFIX_PATH=/opt/ros/humble /usr/bin/cmake --build /home/louwee/correct_ws/build/correct_firmware -- -j12 -l12
[0.272s] [ 33%] Built target correct_firmware
[0.272s] [ 66%] Built target simple_serial_receiver
[0.277s] [ 66%] Built target ament_cmake_python_copy_correct_firmware
[0.287s] [100%] Built target simple_serial_transmitter
[0.593s] running egg_info
[0.595s] writing correct_firmware.egg-info/PKG-INFO
[0.595s] writing dependency_links to correct_firmware.egg-info/dependency_links.txt
[0.595s] writing top-level names to correct_firmware.egg-info/top_level.txt
[0.602s] reading manifest file 'correct_firmware.egg-info/SOURCES.txt'
[0.603s] writing manifest file 'correct_firmware.egg-info/SOURCES.txt'
[0.655s] [100%] Built target ament_cmake_python_build_correct_firmware_egg
[0.673s] Invoked command in '/home/louwee/correct_ws/build/correct_firmware' returned '0': CMAKE_PREFIX_PATH=/opt/ros/humble /usr/bin/cmake --build /home/louwee/correct_ws/build/correct_firmware -- -j12 -l12
[0.676s] Invoking command in '/home/louwee/correct_ws/build/correct_firmware': CMAKE_PREFIX_PATH=/opt/ros/humble /usr/bin/cmake --install /home/louwee/correct_ws/build/correct_firmware
[0.689s] -- Install configuration: ""
[0.689s] -- Up-to-date: /home/louwee/correct_ws/install/correct_firmware/share/correct_firmware/environment/pythonpath.sh
[0.690s] -- Up-to-date: /home/louwee/correct_ws/install/correct_firmware/share/correct_firmware/environment/pythonpath.dsv
[0.690s] -- Up-to-date: /home/louwee/correct_ws/install/correct_firmware/local/lib/python3.10/dist-packages/correct_firmware-0.0.0-py3.10.egg-info
[0.690s] -- Installing: /home/louwee/correct_ws/install/correct_firmware/local/lib/python3.10/dist-packages/correct_firmware-0.0.0-py3.10.egg-info/top_level.txt
[0.690s] -- Installing: /home/louwee/correct_ws/install/correct_firmware/local/lib/python3.10/dist-packages/correct_firmware-0.0.0-py3.10.egg-info/PKG-INFO
[0.690s] -- Installing: /home/louwee/correct_ws/install/correct_firmware/local/lib/python3.10/dist-packages/correct_firmware-0.0.0-py3.10.egg-info/dependency_links.txt
[0.690s] -- Installing: /home/louwee/correct_ws/install/correct_firmware/local/lib/python3.10/dist-packages/correct_firmware-0.0.0-py3.10.egg-info/SOURCES.txt
[0.691s] -- Up-to-date: /home/louwee/correct_ws/install/correct_firmware/local/lib/python3.10/dist-packages/correct_firmware
[0.691s] -- Up-to-date: /home/louwee/correct_ws/install/correct_firmware/local/lib/python3.10/dist-packages/correct_firmware/simple_serial_transmitter.py
[0.691s] -- Up-to-date: /home/louwee/correct_ws/install/correct_firmware/local/lib/python3.10/dist-packages/correct_firmware/mpu6050_driver.py
[0.691s] -- Up-to-date: /home/louwee/correct_ws/install/correct_firmware/local/lib/python3.10/dist-packages/correct_firmware/__init__.py
[0.692s] -- Up-to-date: /home/louwee/correct_ws/install/correct_firmware/local/lib/python3.10/dist-packages/correct_firmware/simple_serial_receiver.py
[0.747s] Listing '/home/louwee/correct_ws/install/correct_firmware/local/lib/python3.10/dist-packages/correct_firmware'...
[0.760s] -- Up-to-date: /home/louwee/correct_ws/install/correct_firmware/share/correct_firmware/correct_interface.xml
[0.760s] -- Up-to-date: /home/louwee/correct_ws/install/correct_firmware/lib/libcorrect_firmware.so
[0.761s] -- Up-to-date: /home/louwee/correct_ws/install/correct_firmware/include/include
[0.761s] -- Up-to-date: /home/louwee/correct_ws/install/correct_firmware/include/include/correct_firmware
[0.761s] -- Up-to-date: /home/louwee/correct_ws/install/correct_firmware/include/include/correct_firmware/correct_interface.hpp
[0.761s] -- Up-to-date: /home/louwee/correct_ws/install/correct_firmware/share/correct_firmware/launch
[0.761s] -- Up-to-date: /home/louwee/correct_ws/install/correct_firmware/share/correct_firmware/launch/hardware_interface.launch.py
[0.762s] -- Up-to-date: /home/louwee/correct_ws/install/correct_firmware/lib/correct_firmware/simple_serial_transmitter.py
[0.762s] -- Up-to-date: /home/louwee/correct_ws/install/correct_firmware/lib/correct_firmware/simple_serial_receiver.py
[0.762s] -- Up-to-date: /home/louwee/correct_ws/install/correct_firmware/lib/correct_firmware/mpu6050_driver.py
[0.762s] -- Up-to-date: /home/louwee/correct_ws/install/correct_firmware/lib/correct_firmware/simple_serial_receiver
[0.763s] -- Up-to-date: /home/louwee/correct_ws/install/correct_firmware/lib/correct_firmware/simple_serial_transmitter
[0.764s] -- Up-to-date: /home/louwee/correct_ws/install/correct_firmware/share/correct_firmware/environment/library_path.sh
[0.764s] -- Up-to-date: /home/louwee/correct_ws/install/correct_firmware/share/correct_firmware/environment/library_path.dsv
[0.764s] -- Up-to-date: /home/louwee/correct_ws/install/correct_firmware/share/ament_index/resource_index/package_run_dependencies/correct_firmware
[0.766s] -- Up-to-date: /home/louwee/correct_ws/install/correct_firmware/share/ament_index/resource_index/parent_prefix_path/correct_firmware
[0.766s] -- Up-to-date: /home/louwee/correct_ws/install/correct_firmware/share/correct_firmware/environment/ament_prefix_path.sh
[0.768s] -- Up-to-date: /home/louwee/correct_ws/install/correct_firmware/share/correct_firmware/environment/ament_prefix_path.dsv
[0.770s] -- Up-to-date: /home/louwee/correct_ws/install/correct_firmware/share/correct_firmware/environment/path.sh
[0.775s] -- Up-to-date: /home/louwee/correct_ws/install/correct_firmware/share/correct_firmware/environment/path.dsv
[0.775s] -- Up-to-date: /home/louwee/correct_ws/install/correct_firmware/share/correct_firmware/local_setup.bash
[0.775s] -- Up-to-date: /home/louwee/correct_ws/install/correct_firmware/share/correct_firmware/local_setup.sh
[0.775s] -- Up-to-date: /home/louwee/correct_ws/install/correct_firmware/share/correct_firmware/local_setup.zsh
[0.775s] -- Up-to-date: /home/louwee/correct_ws/install/correct_firmware/share/correct_firmware/local_setup.dsv
[0.775s] -- Installing: /home/louwee/correct_ws/install/correct_firmware/share/correct_firmware/package.dsv
[0.775s] -- Up-to-date: /home/louwee/correct_ws/install/correct_firmware/share/ament_index/resource_index/packages/correct_firmware
[0.775s] -- Up-to-date: /home/louwee/correct_ws/install/correct_firmware/share/ament_index/resource_index/hardware_interface__pluginlib__plugin/correct_firmware
[0.775s] -- Up-to-date: /home/louwee/correct_ws/install/correct_firmware/share/correct_firmware/cmake/ament_cmake_export_include_directories-extras.cmake
[0.775s] -- Up-to-date: /home/louwee/correct_ws/install/correct_firmware/share/correct_firmware/cmake/ament_cmake_export_libraries-extras.cmake
[0.775s] -- Up-to-date: /home/louwee/correct_ws/install/correct_firmware/share/correct_firmware/cmake/ament_cmake_export_dependencies-extras.cmake
[0.775s] -- Up-to-date: /home/louwee/correct_ws/install/correct_firmware/share/correct_firmware/cmake/correct_firmwareConfig.cmake
[0.775s] -- Up-to-date: /home/louwee/correct_ws/install/correct_firmware/share/correct_firmware/cmake/correct_firmwareConfig-version.cmake
[0.775s] -- Up-to-date: /home/louwee/correct_ws/install/correct_firmware/share/correct_firmware/package.xml
[0.794s] Invoked command in '/home/louwee/correct_ws/build/correct_firmware' returned '0': CMAKE_PREFIX_PATH=/opt/ros/humble /usr/bin/cmake --install /home/louwee/correct_ws/build/correct_firmware
