[ 10%] Built target correct_msgs__rosidl_generator_c
[ 12%] Built target correct_msgs__cpp
[ 12%] Built target ament_cmake_python_copy_correct_msgs
[ 23%] Built target correct_msgs__rosidl_typesupport_c
[ 34%] Built target correct_msgs__rosidl_typesupport_fastrtps_c
[ 44%] Built target correct_msgs__rosidl_typesupport_introspection_cpp
[ 55%] Built target correct_msgs__rosidl_typesupport_introspection_c
[ 65%] Built target correct_msgs__rosidl_typesupport_cpp
[ 76%] Built target correct_msgs__rosidl_typesupport_fastrtps_cpp
[ 76%] Built target correct_msgs
[ 78%] Built target correct_msgs__py
[ 87%] Built target correct_msgs__rosidl_generator_py
[ 91%] Built target correct_msgs__rosidl_typesupport_introspection_c__pyext
[ 95%] Built target correct_msgs__rosidl_typesupport_c__pyext
[100%] Built target correct_msgs__rosidl_typesupport_fastrtps_c__pyext
running egg_info
writing correct_msgs.egg-info/PKG-INFO
writing dependency_links to correct_msgs.egg-info/dependency_links.txt
writing top-level names to correct_msgs.egg-info/top_level.txt
reading manifest file 'correct_msgs.egg-info/SOURCES.txt'
writing manifest file 'correct_msgs.egg-info/SOURCES.txt'
[100%] Built target ament_cmake_python_build_correct_msgs_egg
