[0.040s] Invoking command in '/home/louwee/correct_ws/build/correct_msgs': CMAKE_PREFIX_PATH=/opt/ros/humble /usr/bin/cmake --build /home/louwee/correct_ws/build/correct_msgs -- -j12 -l12
[0.116s] [ 10%] Built target correct_msgs__rosidl_generator_c
[0.116s] [ 12%] Built target correct_msgs__cpp
[0.155s] [ 12%] Built target ament_cmake_python_copy_correct_msgs
[0.187s] [ 23%] Built target correct_msgs__rosidl_typesupport_c
[0.197s] [ 34%] Built target correct_msgs__rosidl_typesupport_fastrtps_c
[0.207s] [ 44%] Built target correct_msgs__rosidl_typesupport_introspection_cpp
[0.215s] [ 55%] Built target correct_msgs__rosidl_typesupport_introspection_c
[0.219s] [ 65%] Built target correct_msgs__rosidl_typesupport_cpp
[0.225s] [ 76%] Built target correct_msgs__rosidl_typesupport_fastrtps_cpp
[0.254s] [ 76%] Built target correct_msgs
[0.284s] [ 78%] Built target correct_msgs__py
[0.321s] [ 87%] Built target correct_msgs__rosidl_generator_py
[0.371s] [ 91%] Built target correct_msgs__rosidl_typesupport_introspection_c__pyext
[0.395s] [ 95%] Built target correct_msgs__rosidl_typesupport_c__pyext
[0.397s] [100%] Built target correct_msgs__rosidl_typesupport_fastrtps_c__pyext
[0.641s] running egg_info
[0.642s] writing correct_msgs.egg-info/PKG-INFO
[0.642s] writing dependency_links to correct_msgs.egg-info/dependency_links.txt
[0.642s] writing top-level names to correct_msgs.egg-info/top_level.txt
[0.646s] reading manifest file 'correct_msgs.egg-info/SOURCES.txt'
[0.647s] writing manifest file 'correct_msgs.egg-info/SOURCES.txt'
[0.686s] [100%] Built target ament_cmake_python_build_correct_msgs_egg
