[0.045s] Invoking command in '/home/louwee/correct_ws/build/correct_planning': CMAKE_PREFIX_PATH=/opt/ros/humble /usr/bin/cmake --build /home/louwee/correct_ws/build/correct_planning -- -j12 -l12
[0.098s] -- Found ament_cmake: 1.3.11 (/opt/ros/humble/share/ament_cmake/cmake)
[0.365s] -- Found rclpy: 3.3.15 (/opt/ros/humble/share/rclpy/cmake)
[0.366s] -- Found rclcpp: 16.0.11 (/opt/ros/humble/share/rclcpp/cmake)
[0.417s] -- Found rosidl_generator_c: 3.1.6 (/opt/ros/humble/share/rosidl_generator_c/cmake)
[0.424s] -- Found rosidl_adapter: 3.1.6 (/opt/ros/humble/share/rosidl_adapter/cmake)
[0.434s] -- Found rosidl_generator_cpp: 3.1.6 (/opt/ros/humble/share/rosidl_generator_cpp/cmake)
[0.455s] -- Using all available rosidl_typesupport_c: rosidl_typesupport_fastrtps_c;rosidl_typesupport_introspection_c
[0.478s] -- Using all available rosidl_typesupport_cpp: rosidl_typesupport_fastrtps_cpp;rosidl_typesupport_introspection_cpp
[0.527s] -- Found rmw_implementation_cmake: 6.1.2 (/opt/ros/humble/share/rmw_implementation_cmake/cmake)
[0.527s] -- Found rmw_fastrtps_cpp: 6.2.7 (/opt/ros/humble/share/rmw_fastrtps_cpp/cmake)
[0.846s] -- Using RMW implementation 'rmw_fastrtps_cpp' as default
[0.865s] -- Found nav_msgs: 4.2.4 (/opt/ros/humble/share/nav_msgs/cmake)
[0.865s] -- Found tf2_ros: 0.25.12 (/opt/ros/humble/share/tf2_ros/cmake)
[1.041s] -- Found ament_lint_auto: 0.12.11 (/opt/ros/humble/share/ament_lint_auto/cmake)
[1.158s] -- Added test 'cppcheck' to perform static code analysis on C / C++ code
[1.159s] -- Configured cppcheck include dirs: /home/louwee/correct_ws/src/correct_planning/include
[1.159s] -- Configured cppcheck exclude dirs and/or files: 
[1.159s] -- Added test 'flake8' to check Python code syntax and style conventions
[1.160s] -- Added test 'lint_cmake' to check CMake code style
[1.160s] -- Added test 'pep257' to check Python code against some of the docstring style conventions in PEP 257
[1.160s] -- Added test 'uncrustify' to check C / C++ code style
[1.160s] -- Configured uncrustify additional arguments: 
[1.160s] -- Added test 'xmllint' to check XML markup files
[1.163s] -- Configuring done
[1.185s] -- Generating done
[1.194s] -- Build files have been written to: /home/louwee/correct_ws/build/correct_planning
[1.238s] [ 50%] [32mBuilding CXX object CMakeFiles/djikstra_planning.dir/src/djikstra_planning.cpp.o[0m
[1.258s] [ 50%] Built target ament_cmake_python_copy_correct_planning
[1.586s] running egg_info
[1.587s] writing correct_planning.egg-info/PKG-INFO
[1.587s] writing dependency_links to correct_planning.egg-info/dependency_links.txt
[1.587s] writing top-level names to correct_planning.egg-info/top_level.txt
[1.589s] reading manifest file 'correct_planning.egg-info/SOURCES.txt'
[1.590s] writing manifest file 'correct_planning.egg-info/SOURCES.txt'
[1.618s] [ 50%] Built target ament_cmake_python_build_correct_planning_egg
[11.773s] [100%] [32m[1mLinking CXX executable djikstra_planning[0m
[12.387s] [100%] Built target djikstra_planning
[12.398s] Invoked command in '/home/louwee/correct_ws/build/correct_planning' returned '0': CMAKE_PREFIX_PATH=/opt/ros/humble /usr/bin/cmake --build /home/louwee/correct_ws/build/correct_planning -- -j12 -l12
[12.399s] Invoking command in '/home/louwee/correct_ws/build/correct_planning': CMAKE_PREFIX_PATH=/opt/ros/humble /usr/bin/cmake --install /home/louwee/correct_ws/build/correct_planning
[12.405s] -- Install configuration: ""
[12.405s] -- Installing: /home/louwee/correct_ws/install/correct_planning/include/include
[12.405s] -- Installing: /home/louwee/correct_ws/install/correct_planning/include/include/correct_planning
[12.406s] -- Installing: /home/louwee/correct_ws/install/correct_planning/include/include/correct_planning/djikstra_planning.hpp
[12.406s] -- Up-to-date: /home/louwee/correct_ws/install/correct_planning/share/correct_planning/environment/pythonpath.sh
[12.406s] -- Installing: /home/louwee/correct_ws/install/correct_planning/share/correct_planning/environment/pythonpath.dsv
[12.406s] -- Up-to-date: /home/louwee/correct_ws/install/correct_planning/local/lib/python3.10/dist-packages/correct_planning-0.0.0-py3.10.egg-info
[12.406s] -- Installing: /home/louwee/correct_ws/install/correct_planning/local/lib/python3.10/dist-packages/correct_planning-0.0.0-py3.10.egg-info/top_level.txt
[12.406s] -- Installing: /home/louwee/correct_ws/install/correct_planning/local/lib/python3.10/dist-packages/correct_planning-0.0.0-py3.10.egg-info/PKG-INFO
[12.406s] -- Installing: /home/louwee/correct_ws/install/correct_planning/local/lib/python3.10/dist-packages/correct_planning-0.0.0-py3.10.egg-info/dependency_links.txt
[12.406s] -- Installing: /home/louwee/correct_ws/install/correct_planning/local/lib/python3.10/dist-packages/correct_planning-0.0.0-py3.10.egg-info/SOURCES.txt
[12.406s] -- Up-to-date: /home/louwee/correct_ws/install/correct_planning/local/lib/python3.10/dist-packages/correct_planning
[12.406s] -- Installing: /home/louwee/correct_ws/install/correct_planning/local/lib/python3.10/dist-packages/correct_planning/djikstra_planning.py
[12.406s] -- Up-to-date: /home/louwee/correct_ws/install/correct_planning/local/lib/python3.10/dist-packages/correct_planning/__init__.py
[12.406s] -- Installing: /home/louwee/correct_ws/install/correct_planning/local/lib/python3.10/dist-packages/correct_planning/a_star_planning.py
[12.436s] Listing '/home/louwee/correct_ws/install/correct_planning/local/lib/python3.10/dist-packages/correct_planning'...
[12.436s] Compiling '/home/louwee/correct_ws/install/correct_planning/local/lib/python3.10/dist-packages/correct_planning/a_star_planning.py'...
[12.436s] Compiling '/home/louwee/correct_ws/install/correct_planning/local/lib/python3.10/dist-packages/correct_planning/djikstra_planning.py'...
[12.440s] -- Installing: /home/louwee/correct_ws/install/correct_planning/lib/correct_planning/djikstra_planning
[12.448s] -- Set runtime path of "/home/louwee/correct_ws/install/correct_planning/lib/correct_planning/djikstra_planning" to ""
[12.448s] -- Installing: /home/louwee/correct_ws/install/correct_planning/lib/correct_planning/djikstra_planning.py
[12.449s] -- Installing: /home/louwee/correct_ws/install/correct_planning/lib/correct_planning/a_star_planning.py
[12.449s] -- Up-to-date: /home/louwee/correct_ws/install/correct_planning/share/ament_index/resource_index/package_run_dependencies/correct_planning
[12.449s] -- Up-to-date: /home/louwee/correct_ws/install/correct_planning/share/ament_index/resource_index/parent_prefix_path/correct_planning
[12.449s] -- Up-to-date: /home/louwee/correct_ws/install/correct_planning/share/correct_planning/environment/ament_prefix_path.sh
[12.449s] -- Installing: /home/louwee/correct_ws/install/correct_planning/share/correct_planning/environment/ament_prefix_path.dsv
[12.449s] -- Up-to-date: /home/louwee/correct_ws/install/correct_planning/share/correct_planning/environment/path.sh
[12.449s] -- Installing: /home/louwee/correct_ws/install/correct_planning/share/correct_planning/environment/path.dsv
[12.450s] -- Up-to-date: /home/louwee/correct_ws/install/correct_planning/share/correct_planning/local_setup.bash
[12.450s] -- Up-to-date: /home/louwee/correct_ws/install/correct_planning/share/correct_planning/local_setup.sh
[12.450s] -- Up-to-date: /home/louwee/correct_ws/install/correct_planning/share/correct_planning/local_setup.zsh
[12.450s] -- Installing: /home/louwee/correct_ws/install/correct_planning/share/correct_planning/local_setup.dsv
[12.450s] -- Installing: /home/louwee/correct_ws/install/correct_planning/share/correct_planning/package.dsv
[12.450s] -- Up-to-date: /home/louwee/correct_ws/install/correct_planning/share/ament_index/resource_index/packages/correct_planning
[12.450s] -- Installing: /home/louwee/correct_ws/install/correct_planning/share/correct_planning/cmake/ament_cmake_export_include_directories-extras.cmake
[12.450s] -- Installing: /home/louwee/correct_ws/install/correct_planning/share/correct_planning/cmake/ament_cmake_export_dependencies-extras.cmake
[12.451s] -- Installing: /home/louwee/correct_ws/install/correct_planning/share/correct_planning/cmake/correct_planningConfig.cmake
[12.451s] -- Up-to-date: /home/louwee/correct_ws/install/correct_planning/share/correct_planning/cmake/correct_planningConfig-version.cmake
[12.451s] -- Up-to-date: /home/louwee/correct_ws/install/correct_planning/share/correct_planning/package.xml
[12.453s] Invoked command in '/home/louwee/correct_ws/build/correct_planning' returned '0': CMAKE_PREFIX_PATH=/opt/ros/humble /usr/bin/cmake --install /home/louwee/correct_ws/build/correct_planning
