[0.047s] Invoking command in '/home/louwee/correct_ws/build/correct_utils': CMAKE_PREFIX_PATH=/opt/ros/humble /usr/bin/cmake --build /home/louwee/correct_ws/build/correct_utils -- -j12 -l12
[0.191s] [100%] Built target safety_stop
[0.205s] [100%] Built target ament_cmake_python_copy_correct_utils
[0.749s] running egg_info
[0.749s] writing correct_utils.egg-info/PKG-INFO
[0.750s] writing dependency_links to correct_utils.egg-info/dependency_links.txt
[0.750s] writing top-level names to correct_utils.egg-info/top_level.txt
[0.751s] reading manifest file 'correct_utils.egg-info/SOURCES.txt'
[0.753s] writing manifest file 'correct_utils.egg-info/SOURCES.txt'
[0.817s] [100%] Built target ament_cmake_python_build_correct_utils_egg
[0.878s] Invoked command in '/home/louwee/correct_ws/build/correct_utils' returned '0': CMAKE_PREFIX_PATH=/opt/ros/humble /usr/bin/cmake --build /home/louwee/correct_ws/build/correct_utils -- -j12 -l12
[0.880s] Invoking command in '/home/louwee/correct_ws/build/correct_utils': CMAKE_PREFIX_PATH=/opt/ros/humble /usr/bin/cmake --install /home/louwee/correct_ws/build/correct_utils
[0.883s] -- Install configuration: ""
[0.883s] -- Up-to-date: /home/louwee/correct_ws/install/correct_utils/share/correct_utils/environment/pythonpath.sh
[0.884s] -- Up-to-date: /home/louwee/correct_ws/install/correct_utils/share/correct_utils/environment/pythonpath.dsv
[0.884s] -- Up-to-date: /home/louwee/correct_ws/install/correct_utils/local/lib/python3.10/dist-packages/correct_utils-0.0.0-py3.10.egg-info
[0.884s] -- Installing: /home/louwee/correct_ws/install/correct_utils/local/lib/python3.10/dist-packages/correct_utils-0.0.0-py3.10.egg-info/top_level.txt
[0.884s] -- Installing: /home/louwee/correct_ws/install/correct_utils/local/lib/python3.10/dist-packages/correct_utils-0.0.0-py3.10.egg-info/PKG-INFO
[0.885s] -- Installing: /home/louwee/correct_ws/install/correct_utils/local/lib/python3.10/dist-packages/correct_utils-0.0.0-py3.10.egg-info/dependency_links.txt
[0.886s] -- Installing: /home/louwee/correct_ws/install/correct_utils/local/lib/python3.10/dist-packages/correct_utils-0.0.0-py3.10.egg-info/SOURCES.txt
[0.886s] -- Up-to-date: /home/louwee/correct_ws/install/correct_utils/local/lib/python3.10/dist-packages/correct_utils
[0.886s] -- Up-to-date: /home/louwee/correct_ws/install/correct_utils/local/lib/python3.10/dist-packages/correct_utils/__init__.py
[0.886s] -- Up-to-date: /home/louwee/correct_ws/install/correct_utils/local/lib/python3.10/dist-packages/correct_utils/safety_stop.py
[0.925s] Listing '/home/louwee/correct_ws/install/correct_utils/local/lib/python3.10/dist-packages/correct_utils'...
[0.933s] -- Up-to-date: /home/louwee/correct_ws/install/correct_utils/lib/correct_utils/safety_stop
[0.933s] -- Up-to-date: /home/louwee/correct_ws/install/correct_utils/lib/correct_utils/safety_stop.py
[0.933s] -- Up-to-date: /home/louwee/correct_ws/install/correct_utils/share/ament_index/resource_index/package_run_dependencies/correct_utils
[0.933s] -- Up-to-date: /home/louwee/correct_ws/install/correct_utils/share/ament_index/resource_index/parent_prefix_path/correct_utils
[0.933s] -- Up-to-date: /home/louwee/correct_ws/install/correct_utils/share/correct_utils/environment/ament_prefix_path.sh
[0.934s] -- Up-to-date: /home/louwee/correct_ws/install/correct_utils/share/correct_utils/environment/ament_prefix_path.dsv
[0.934s] -- Up-to-date: /home/louwee/correct_ws/install/correct_utils/share/correct_utils/environment/path.sh
[0.934s] -- Up-to-date: /home/louwee/correct_ws/install/correct_utils/share/correct_utils/environment/path.dsv
[0.935s] -- Up-to-date: /home/louwee/correct_ws/install/correct_utils/share/correct_utils/local_setup.bash
[0.935s] -- Up-to-date: /home/louwee/correct_ws/install/correct_utils/share/correct_utils/local_setup.sh
[0.935s] -- Up-to-date: /home/louwee/correct_ws/install/correct_utils/share/correct_utils/local_setup.zsh
[0.936s] -- Up-to-date: /home/louwee/correct_ws/install/correct_utils/share/correct_utils/local_setup.dsv
[0.936s] -- Installing: /home/louwee/correct_ws/install/correct_utils/share/correct_utils/package.dsv
[0.936s] -- Up-to-date: /home/louwee/correct_ws/install/correct_utils/share/ament_index/resource_index/packages/correct_utils
[0.936s] -- Up-to-date: /home/louwee/correct_ws/install/correct_utils/share/correct_utils/cmake/correct_utilsConfig.cmake
[0.937s] -- Up-to-date: /home/louwee/correct_ws/install/correct_utils/share/correct_utils/cmake/correct_utilsConfig-version.cmake
[0.937s] -- Up-to-date: /home/louwee/correct_ws/install/correct_utils/share/correct_utils/package.xml
[1.033s] Invoked command in '/home/louwee/correct_ws/build/correct_utils' returned '0': CMAKE_PREFIX_PATH=/opt/ros/humble /usr/bin/cmake --install /home/louwee/correct_ws/build/correct_utils
