[0.085s] Invoking command in '/home/louwee/correct_ws/build/correct_cpp_examples': CMAKE_PREFIX_PATH=/home/louwee/correct_ws/install/correct_msgs:/home/louwee/correct_ws/install/correct_pkg:/home/louwee/correct_ws/install/correct_cpp_examples:/home/louwee/correct_ws/install/correct_localization:/home/louwee/correct_ws/install/correct_firmware:/home/louwee/correct_ws/install/correct_controller:/home/louwee/correct_ws/install/correct_bringup:/home/louwee/correct_ws/install/computer_vision:/home/louwee/correct_ws/install/correct_py_examples:/opt/ros/humble /usr/bin/cmake --build /home/louwee/correct_ws/build/correct_cpp_examples -- -j12 -l12
[0.156s] [ 11%] Built target simple_turtlesim_kinematics
[0.157s] [ 22%] Built target simple_service_server
[0.158s] [ 44%] Built target simple_subscriber
[0.158s] [ 44%] Built target simple_parameter
[0.159s] [ 66%] Built target executor_examples
[0.159s] [ 66%] Built target simple_publisher
[0.160s] [ 77%] Built target simple_service_client
[0.163s] [ 88%] Built target simple_lifecycle_node
[0.167s] [100%] Built target simple_tf_kinematics
[0.400s] Invoked command in '/home/louwee/correct_ws/build/correct_cpp_examples' returned '0': CMAKE_PREFIX_PATH=/home/louwee/correct_ws/install/correct_msgs:/home/louwee/correct_ws/install/correct_pkg:/home/louwee/correct_ws/install/correct_cpp_examples:/home/louwee/correct_ws/install/correct_localization:/home/louwee/correct_ws/install/correct_firmware:/home/louwee/correct_ws/install/correct_controller:/home/louwee/correct_ws/install/correct_bringup:/home/louwee/correct_ws/install/computer_vision:/home/louwee/correct_ws/install/correct_py_examples:/opt/ros/humble /usr/bin/cmake --build /home/louwee/correct_ws/build/correct_cpp_examples -- -j12 -l12
[0.402s] Invoking command in '/home/louwee/correct_ws/build/correct_cpp_examples': CMAKE_PREFIX_PATH=/home/louwee/correct_ws/install/correct_msgs:/home/louwee/correct_ws/install/correct_pkg:/home/louwee/correct_ws/install/correct_cpp_examples:/home/louwee/correct_ws/install/correct_localization:/home/louwee/correct_ws/install/correct_firmware:/home/louwee/correct_ws/install/correct_controller:/home/louwee/correct_ws/install/correct_bringup:/home/louwee/correct_ws/install/computer_vision:/home/louwee/correct_ws/install/correct_py_examples:/opt/ros/humble /usr/bin/cmake --install /home/louwee/correct_ws/build/correct_cpp_examples
[0.409s] -- Install configuration: ""
[0.409s] -- Up-to-date: /home/louwee/correct_ws/install/correct_cpp_examples/include/include
[0.409s] -- Up-to-date: /home/louwee/correct_ws/install/correct_cpp_examples/include/include/correct_cpp_examples
[0.409s] -- Up-to-date: /home/louwee/correct_ws/install/correct_cpp_examples/include/include/correct_cpp_examples/simple_turtlesim_kinematics.hpp
[0.409s] -- Up-to-date: /home/louwee/correct_ws/install/correct_cpp_examples/include/include/correct_cpp_examples/simple_tf_kinematics.hpp
[0.409s] -- Up-to-date: /home/louwee/correct_ws/install/correct_cpp_examples/lib/correct_cpp_examples/simple_publisher
[0.409s] -- Up-to-date: /home/louwee/correct_ws/install/correct_cpp_examples/lib/correct_cpp_examples/simple_subscriber
[0.410s] -- Up-to-date: /home/louwee/correct_ws/install/correct_cpp_examples/lib/correct_cpp_examples/simple_parameter
[0.410s] -- Up-to-date: /home/louwee/correct_ws/install/correct_cpp_examples/lib/correct_cpp_examples/simple_turtlesim_kinematics
[0.411s] -- Up-to-date: /home/louwee/correct_ws/install/correct_cpp_examples/lib/correct_cpp_examples/simple_service_server
[0.411s] -- Up-to-date: /home/louwee/correct_ws/install/correct_cpp_examples/lib/correct_cpp_examples/simple_service_client
[0.411s] -- Up-to-date: /home/louwee/correct_ws/install/correct_cpp_examples/lib/correct_cpp_examples/simple_tf_kinematics
[0.412s] -- Up-to-date: /home/louwee/correct_ws/install/correct_cpp_examples/lib/correct_cpp_examples/simple_lifecycle_node
[0.412s] -- Up-to-date: /home/louwee/correct_ws/install/correct_cpp_examples/lib/correct_cpp_examples/executor_examples
[0.413s] -- Up-to-date: /home/louwee/correct_ws/install/correct_cpp_examples/share/ament_index/resource_index/package_run_dependencies/correct_cpp_examples
[0.413s] -- Up-to-date: /home/louwee/correct_ws/install/correct_cpp_examples/share/ament_index/resource_index/parent_prefix_path/correct_cpp_examples
[0.413s] -- Up-to-date: /home/louwee/correct_ws/install/correct_cpp_examples/share/correct_cpp_examples/environment/ament_prefix_path.sh
[0.413s] -- Up-to-date: /home/louwee/correct_ws/install/correct_cpp_examples/share/correct_cpp_examples/environment/ament_prefix_path.dsv
[0.413s] -- Up-to-date: /home/louwee/correct_ws/install/correct_cpp_examples/share/correct_cpp_examples/environment/path.sh
[0.413s] -- Up-to-date: /home/louwee/correct_ws/install/correct_cpp_examples/share/correct_cpp_examples/environment/path.dsv
[0.414s] -- Up-to-date: /home/louwee/correct_ws/install/correct_cpp_examples/share/correct_cpp_examples/local_setup.bash
[0.414s] -- Up-to-date: /home/louwee/correct_ws/install/correct_cpp_examples/share/correct_cpp_examples/local_setup.sh
[0.414s] -- Up-to-date: /home/louwee/correct_ws/install/correct_cpp_examples/share/correct_cpp_examples/local_setup.zsh
[0.414s] -- Up-to-date: /home/louwee/correct_ws/install/correct_cpp_examples/share/correct_cpp_examples/local_setup.dsv
[0.414s] -- Installing: /home/louwee/correct_ws/install/correct_cpp_examples/share/correct_cpp_examples/package.dsv
[0.414s] -- Up-to-date: /home/louwee/correct_ws/install/correct_cpp_examples/share/ament_index/resource_index/packages/correct_cpp_examples
[0.414s] -- Up-to-date: /home/louwee/correct_ws/install/correct_cpp_examples/share/correct_cpp_examples/cmake/correct_cpp_examplesConfig.cmake
[0.414s] -- Up-to-date: /home/louwee/correct_ws/install/correct_cpp_examples/share/correct_cpp_examples/cmake/correct_cpp_examplesConfig-version.cmake
[0.414s] -- Up-to-date: /home/louwee/correct_ws/install/correct_cpp_examples/share/correct_cpp_examples/package.xml
[0.416s] Invoked command in '/home/louwee/correct_ws/build/correct_cpp_examples' returned '0': CMAKE_PREFIX_PATH=/home/louwee/correct_ws/install/correct_msgs:/home/louwee/correct_ws/install/correct_pkg:/home/louwee/correct_ws/install/correct_cpp_examples:/home/louwee/correct_ws/install/correct_localization:/home/louwee/correct_ws/install/correct_firmware:/home/louwee/correct_ws/install/correct_controller:/home/louwee/correct_ws/install/correct_bringup:/home/louwee/correct_ws/install/computer_vision:/home/louwee/correct_ws/install/correct_py_examples:/opt/ros/humble /usr/bin/cmake --install /home/louwee/correct_ws/build/correct_cpp_examples
