[0.034s] Invoking command in '/home/louwee/correct_ws/build/correct_utils': CMAKE_PREFIX_PATH=${CMAKE_PREFIX_PATH}:/home/louwee/correct_ws/install/correct_py_examples:/opt/ros/humble /usr/bin/cmake --build /home/louwee/correct_ws/build/correct_utils -- -j12 -l12
[0.072s] -- Found ament_cmake: 1.3.11 (/opt/ros/humble/share/ament_cmake/cmake)
[0.323s] -- Found rclpy: 3.3.15 (/opt/ros/humble/share/rclpy/cmake)
[0.327s] -- Found rclcpp: 16.0.11 (/opt/ros/humble/share/rclcpp/cmake)
[0.389s] -- Found rosidl_generator_c: 3.1.6 (/opt/ros/humble/share/rosidl_generator_c/cmake)
[0.394s] -- Found rosidl_adapter: 3.1.6 (/opt/ros/humble/share/rosidl_adapter/cmake)
[0.406s] -- Found rosidl_generator_cpp: 3.1.6 (/opt/ros/humble/share/rosidl_generator_cpp/cmake)
[0.426s] -- Using all available rosidl_typesupport_c: rosidl_typesupport_fastrtps_c;rosidl_typesupport_introspection_c
[0.452s] -- Using all available rosidl_typesupport_cpp: rosidl_typesupport_fastrtps_cpp;rosidl_typesupport_introspection_cpp
[0.543s] -- Found rmw_implementation_cmake: 6.1.2 (/opt/ros/humble/share/rmw_implementation_cmake/cmake)
[0.549s] -- Found rmw_fastrtps_cpp: 6.2.7 (/opt/ros/humble/share/rmw_fastrtps_cpp/cmake)
[0.679s] -- Found OpenSSL: /usr/lib/x86_64-linux-gnu/libcrypto.so (found version "3.0.2")  
[0.707s] -- Found FastRTPS: /opt/ros/humble/include  
[0.750s] -- Using RMW implementation 'rmw_fastrtps_cpp' as default
[0.762s] -- Looking for pthread.h
[0.847s] -- Looking for pthread.h - found
[0.847s] -- Performing Test CMAKE_HAVE_LIBC_PTHREAD
[0.916s] -- Performing Test CMAKE_HAVE_LIBC_PTHREAD - Success
[0.917s] -- Found Threads: TRUE  
[0.971s] -- Found sensor_msgs: 4.2.4 (/opt/ros/humble/share/sensor_msgs/cmake)
[1.077s] -- Found ament_lint_auto: 0.12.11 (/opt/ros/humble/share/ament_lint_auto/cmake)
[1.144s] -- Added test 'cppcheck' to perform static code analysis on C / C++ code
[1.144s] -- Configured cppcheck include dirs: 
[1.144s] -- Configured cppcheck exclude dirs and/or files: 
[1.145s] -- Added test 'flake8' to check Python code syntax and style conventions
[1.145s] -- Added test 'lint_cmake' to check CMake code style
[1.145s] -- Added test 'pep257' to check Python code against some of the docstring style conventions in PEP 257
[1.146s] -- Added test 'uncrustify' to check C / C++ code style
[1.146s] -- Configured uncrustify additional arguments: 
[1.147s] -- Added test 'xmllint' to check XML markup files
[1.147s] -- Configuring done
[1.157s] -- Generating done
[1.161s] -- Build files have been written to: /home/louwee/correct_ws/build/correct_utils
[1.193s] [ 50%] [32mBuilding CXX object CMakeFiles/safety_stop.dir/src/safety_stop.cpp.o[0m
[1.201s] [ 50%] Built target ament_cmake_python_copy_correct_utils
[1.472s] running egg_info
[1.472s] writing correct_utils.egg-info/PKG-INFO
[1.473s] writing dependency_links to correct_utils.egg-info/dependency_links.txt
[1.473s] writing top-level names to correct_utils.egg-info/top_level.txt
[1.475s] reading manifest file 'correct_utils.egg-info/SOURCES.txt'
[1.476s] writing manifest file 'correct_utils.egg-info/SOURCES.txt'
[1.503s] [ 50%] Built target ament_cmake_python_build_correct_utils_egg
[8.208s] [100%] [32m[1mLinking CXX executable safety_stop[0m
[8.563s] [100%] Built target safety_stop
[8.573s] Invoked command in '/home/louwee/correct_ws/build/correct_utils' returned '0': CMAKE_PREFIX_PATH=${CMAKE_PREFIX_PATH}:/home/louwee/correct_ws/install/correct_py_examples:/opt/ros/humble /usr/bin/cmake --build /home/louwee/correct_ws/build/correct_utils -- -j12 -l12
[8.575s] Invoking command in '/home/louwee/correct_ws/build/correct_utils': CMAKE_PREFIX_PATH=${CMAKE_PREFIX_PATH}:/home/louwee/correct_ws/install/correct_py_examples:/opt/ros/humble /usr/bin/cmake --install /home/louwee/correct_ws/build/correct_utils
[8.582s] -- Install configuration: ""
[8.582s] -- Up-to-date: /home/louwee/correct_ws/install/correct_utils/share/correct_utils/environment/pythonpath.sh
[8.582s] -- Installing: /home/louwee/correct_ws/install/correct_utils/share/correct_utils/environment/pythonpath.dsv
[8.582s] -- Up-to-date: /home/louwee/correct_ws/install/correct_utils/local/lib/python3.10/dist-packages/correct_utils-0.0.0-py3.10.egg-info
[8.582s] -- Installing: /home/louwee/correct_ws/install/correct_utils/local/lib/python3.10/dist-packages/correct_utils-0.0.0-py3.10.egg-info/top_level.txt
[8.582s] -- Installing: /home/louwee/correct_ws/install/correct_utils/local/lib/python3.10/dist-packages/correct_utils-0.0.0-py3.10.egg-info/PKG-INFO
[8.582s] -- Installing: /home/louwee/correct_ws/install/correct_utils/local/lib/python3.10/dist-packages/correct_utils-0.0.0-py3.10.egg-info/dependency_links.txt
[8.582s] -- Installing: /home/louwee/correct_ws/install/correct_utils/local/lib/python3.10/dist-packages/correct_utils-0.0.0-py3.10.egg-info/SOURCES.txt
[8.583s] -- Up-to-date: /home/louwee/correct_ws/install/correct_utils/local/lib/python3.10/dist-packages/correct_utils
[8.583s] -- Up-to-date: /home/louwee/correct_ws/install/correct_utils/local/lib/python3.10/dist-packages/correct_utils/__init__.py
[8.583s] -- Installing: /home/louwee/correct_ws/install/correct_utils/local/lib/python3.10/dist-packages/correct_utils/safety_stop.py
[8.614s] Listing '/home/louwee/correct_ws/install/correct_utils/local/lib/python3.10/dist-packages/correct_utils'...
[8.614s] Compiling '/home/louwee/correct_ws/install/correct_utils/local/lib/python3.10/dist-packages/correct_utils/safety_stop.py'...
[8.617s] -- Installing: /home/louwee/correct_ws/install/correct_utils/lib/correct_utils/safety_stop
[8.620s] -- Set runtime path of "/home/louwee/correct_ws/install/correct_utils/lib/correct_utils/safety_stop" to ""
[8.620s] -- Installing: /home/louwee/correct_ws/install/correct_utils/lib/correct_utils/safety_stop.py
[8.620s] -- Installing: /home/louwee/correct_ws/install/correct_utils/share/ament_index/resource_index/package_run_dependencies/correct_utils
[8.621s] -- Up-to-date: /home/louwee/correct_ws/install/correct_utils/share/ament_index/resource_index/parent_prefix_path/correct_utils
[8.621s] -- Up-to-date: /home/louwee/correct_ws/install/correct_utils/share/correct_utils/environment/ament_prefix_path.sh
[8.621s] -- Installing: /home/louwee/correct_ws/install/correct_utils/share/correct_utils/environment/ament_prefix_path.dsv
[8.621s] -- Up-to-date: /home/louwee/correct_ws/install/correct_utils/share/correct_utils/environment/path.sh
[8.621s] -- Installing: /home/louwee/correct_ws/install/correct_utils/share/correct_utils/environment/path.dsv
[8.621s] -- Up-to-date: /home/louwee/correct_ws/install/correct_utils/share/correct_utils/local_setup.bash
[8.621s] -- Up-to-date: /home/louwee/correct_ws/install/correct_utils/share/correct_utils/local_setup.sh
[8.621s] -- Up-to-date: /home/louwee/correct_ws/install/correct_utils/share/correct_utils/local_setup.zsh
[8.621s] -- Installing: /home/louwee/correct_ws/install/correct_utils/share/correct_utils/local_setup.dsv
[8.621s] -- Installing: /home/louwee/correct_ws/install/correct_utils/share/correct_utils/package.dsv
[8.621s] -- Up-to-date: /home/louwee/correct_ws/install/correct_utils/share/ament_index/resource_index/packages/correct_utils
[8.622s] -- Up-to-date: /home/louwee/correct_ws/install/correct_utils/share/correct_utils/cmake/correct_utilsConfig.cmake
[8.622s] -- Up-to-date: /home/louwee/correct_ws/install/correct_utils/share/correct_utils/cmake/correct_utilsConfig-version.cmake
[8.622s] -- Installing: /home/louwee/correct_ws/install/correct_utils/share/correct_utils/package.xml
[8.624s] Invoked command in '/home/louwee/correct_ws/build/correct_utils' returned '0': CMAKE_PREFIX_PATH=${CMAKE_PREFIX_PATH}:/home/louwee/correct_ws/install/correct_py_examples:/opt/ros/humble /usr/bin/cmake --install /home/louwee/correct_ws/build/correct_utils
