-- The C compiler identification is GNU 11.4.0
-- The CXX compiler identification is GNU 11.4.0
-- Detecting C compiler ABI info
-- Detecting C compiler ABI info - done
-- Check for working C compiler: /usr/bin/cc - skipped
-- Detecting C compile features
-- Detecting C compile features - done
-- Detecting CXX compiler ABI info
-- Detecting CXX compiler ABI info - done
-- Check for working CXX compiler: /usr/bin/c++ - skipped
-- Detecting CXX compile features
-- Detecting CXX compile features - done
-- Found ament_cmake: 1.3.11 (/opt/ros/humble/share/ament_cmake/cmake)
-- Found Python3: /usr/bin/python3 (found version "3.10.12") found components: Interpreter 
-- Found rclpy: 3.3.15 (/opt/ros/humble/share/rclpy/cmake)
-- Found nav_msgs: 4.2.4 (/opt/ros/humble/share/nav_msgs/cmake)
-- Found rosidl_generator_c: 3.1.6 (/opt/ros/humble/share/rosidl_generator_c/cmake)
-- Found rosidl_adapter: 3.1.6 (/opt/ros/humble/share/rosidl_adapter/cmake)
-- Found rosidl_generator_cpp: 3.1.6 (/opt/ros/humble/share/rosidl_generator_cpp/cmake)
-- Using all available rosidl_typesupport_c: rosidl_typesupport_fastrtps_c;rosidl_typesupport_introspection_c
-- Using all available rosidl_typesupport_cpp: rosidl_typesupport_fastrtps_cpp;rosidl_typesupport_introspection_cpp
-- Found sensor_msgs: 4.2.4 (/opt/ros/humble/share/sensor_msgs/cmake)
-- Found rclcpp: 16.0.11 (/opt/ros/humble/share/rclcpp/cmake)
-- Found rmw_implementation_cmake: 6.1.2 (/opt/ros/humble/share/rmw_implementation_cmake/cmake)
-- Found rmw_fastrtps_cpp: 6.2.7 (/opt/ros/humble/share/rmw_fastrtps_cpp/cmake)
-- Found OpenSSL: /usr/lib/x86_64-linux-gnu/libcrypto.so (found version "3.0.2")  
-- Found FastRTPS: /opt/ros/humble/include  
-- Using RMW implementation 'rmw_fastrtps_cpp' as default
-- Looking for pthread.h
-- Looking for pthread.h - found
-- Performing Test CMAKE_HAVE_LIBC_PTHREAD
-- Performing Test CMAKE_HAVE_LIBC_PTHREAD - Success
-- Found Threads: TRUE  
-- Found tf2: 0.25.12 (/opt/ros/humble/share/tf2/cmake)
-- Found ament_lint_auto: 0.12.11 (/opt/ros/humble/share/ament_lint_auto/cmake)
-- Added test 'cppcheck' to perform static code analysis on C / C++ code
-- Configured cppcheck include dirs: /home/louwee/correct_ws/src/correct_localization/include
-- Configured cppcheck exclude dirs and/or files: 
-- Added test 'flake8' to check Python code syntax and style conventions
-- Added test 'lint_cmake' to check CMake code style
-- Added test 'pep257' to check Python code against some of the docstring style conventions in PEP 257
-- Added test 'uncrustify' to check C / C++ code style
-- Configured uncrustify additional arguments: 
-- Added test 'xmllint' to check XML markup files
-- Configuring done
-- Generating done
-- Build files have been written to: /home/louwee/correct_ws/build/correct_localization
[ 16%] [32mBuilding CXX object CMakeFiles/kalman_filter.dir/src/kalman_filter.cpp.o[0m
[ 33%] [32mBuilding CXX object CMakeFiles/imu_republisher.dir/src/imu_republisher.cpp.o[0m
[ 50%] [32mBuilding CXX object CMakeFiles/odometry_motion_model.dir/src/odometry_motion_model.cpp.o[0m
[ 50%] Built target ament_cmake_python_copy_correct_localization
running egg_info
creating correct_localization.egg-info
writing correct_localization.egg-info/PKG-INFO
writing dependency_links to correct_localization.egg-info/dependency_links.txt
writing top-level names to correct_localization.egg-info/top_level.txt
writing manifest file 'correct_localization.egg-info/SOURCES.txt'
reading manifest file 'correct_localization.egg-info/SOURCES.txt'
writing manifest file 'correct_localization.egg-info/SOURCES.txt'
[ 50%] Built target ament_cmake_python_build_correct_localization_egg
[ 66%] [32m[1mLinking CXX executable imu_republisher[0m
[ 83%] [32m[1mLinking CXX executable odometry_motion_model[0m
[ 83%] Built target imu_republisher
[ 83%] Built target odometry_motion_model
[100%] [32m[1mLinking CXX executable kalman_filter[0m
[100%] Built target kalman_filter
-- Install configuration: ""
-- Installing: /home/louwee/correct_ws/install/correct_localization/share/correct_localization/environment/pythonpath.sh
-- Installing: /home/louwee/correct_ws/install/correct_localization/share/correct_localization/environment/pythonpath.dsv
-- Installing: /home/louwee/correct_ws/install/correct_localization/local/lib/python3.10/dist-packages/correct_localization-0.0.0-py3.10.egg-info
-- Installing: /home/louwee/correct_ws/install/correct_localization/local/lib/python3.10/dist-packages/correct_localization-0.0.0-py3.10.egg-info/top_level.txt
-- Installing: /home/louwee/correct_ws/install/correct_localization/local/lib/python3.10/dist-packages/correct_localization-0.0.0-py3.10.egg-info/PKG-INFO
-- Installing: /home/louwee/correct_ws/install/correct_localization/local/lib/python3.10/dist-packages/correct_localization-0.0.0-py3.10.egg-info/dependency_links.txt
-- Installing: /home/louwee/correct_ws/install/correct_localization/local/lib/python3.10/dist-packages/correct_localization-0.0.0-py3.10.egg-info/SOURCES.txt
-- Installing: /home/louwee/correct_ws/install/correct_localization/local/lib/python3.10/dist-packages/correct_localization
-- Installing: /home/louwee/correct_ws/install/correct_localization/local/lib/python3.10/dist-packages/correct_localization/odometry_motion_model.py
-- Installing: /home/louwee/correct_ws/install/correct_localization/local/lib/python3.10/dist-packages/correct_localization/__init__.py
-- Installing: /home/louwee/correct_ws/install/correct_localization/local/lib/python3.10/dist-packages/correct_localization/imu_republisher.py
-- Installing: /home/louwee/correct_ws/install/correct_localization/local/lib/python3.10/dist-packages/correct_localization/kalman_filter.py
Listing '/home/louwee/correct_ws/install/correct_localization/local/lib/python3.10/dist-packages/correct_localization'...
Compiling '/home/louwee/correct_ws/install/correct_localization/local/lib/python3.10/dist-packages/correct_localization/__init__.py'...
Compiling '/home/louwee/correct_ws/install/correct_localization/local/lib/python3.10/dist-packages/correct_localization/imu_republisher.py'...
Compiling '/home/louwee/correct_ws/install/correct_localization/local/lib/python3.10/dist-packages/correct_localization/kalman_filter.py'...
Compiling '/home/louwee/correct_ws/install/correct_localization/local/lib/python3.10/dist-packages/correct_localization/odometry_motion_model.py'...
-- Installing: /home/louwee/correct_ws/install/correct_localization/lib/correct_localization/kalman_filter.py
-- Installing: /home/louwee/correct_ws/install/correct_localization/lib/correct_localization/imu_republisher.py
-- Installing: /home/louwee/correct_ws/install/correct_localization/lib/correct_localization/odometry_motion_model.py
-- Installing: /home/louwee/correct_ws/install/correct_localization/include/include
-- Installing: /home/louwee/correct_ws/install/correct_localization/include/include/correct_localization
-- Installing: /home/louwee/correct_ws/install/correct_localization/include/include/correct_localization/odometry_motion_model.hpp
-- Installing: /home/louwee/correct_ws/install/correct_localization/include/include/correct_localization/kalman_filter.hpp
-- Installing: /home/louwee/correct_ws/install/correct_localization/lib/correct_localization/imu_republisher
-- Set runtime path of "/home/louwee/correct_ws/install/correct_localization/lib/correct_localization/imu_republisher" to ""
-- Installing: /home/louwee/correct_ws/install/correct_localization/lib/correct_localization/kalman_filter
-- Set runtime path of "/home/louwee/correct_ws/install/correct_localization/lib/correct_localization/kalman_filter" to ""
-- Installing: /home/louwee/correct_ws/install/correct_localization/lib/correct_localization/odometry_motion_model
-- Set runtime path of "/home/louwee/correct_ws/install/correct_localization/lib/correct_localization/odometry_motion_model" to ""
-- Installing: /home/louwee/correct_ws/install/correct_localization/share/correct_localization/launch
-- Installing: /home/louwee/correct_ws/install/correct_localization/share/correct_localization/launch/local_localization.launch.py
-- Installing: /home/louwee/correct_ws/install/correct_localization/share/correct_localization/config
-- Installing: /home/louwee/correct_ws/install/correct_localization/share/correct_localization/config/ekf.yaml
-- Installing: /home/louwee/correct_ws/install/correct_localization/share/ament_index/resource_index/package_run_dependencies/correct_localization
-- Installing: /home/louwee/correct_ws/install/correct_localization/share/ament_index/resource_index/parent_prefix_path/correct_localization
-- Installing: /home/louwee/correct_ws/install/correct_localization/share/correct_localization/environment/ament_prefix_path.sh
-- Installing: /home/louwee/correct_ws/install/correct_localization/share/correct_localization/environment/ament_prefix_path.dsv
-- Installing: /home/louwee/correct_ws/install/correct_localization/share/correct_localization/environment/path.sh
-- Installing: /home/louwee/correct_ws/install/correct_localization/share/correct_localization/environment/path.dsv
-- Installing: /home/louwee/correct_ws/install/correct_localization/share/correct_localization/local_setup.bash
-- Installing: /home/louwee/correct_ws/install/correct_localization/share/correct_localization/local_setup.sh
-- Installing: /home/louwee/correct_ws/install/correct_localization/share/correct_localization/local_setup.zsh
-- Installing: /home/louwee/correct_ws/install/correct_localization/share/correct_localization/local_setup.dsv
-- Installing: /home/louwee/correct_ws/install/correct_localization/share/correct_localization/package.dsv
-- Installing: /home/louwee/correct_ws/install/correct_localization/share/ament_index/resource_index/packages/correct_localization
-- Installing: /home/louwee/correct_ws/install/correct_localization/share/correct_localization/cmake/correct_localizationConfig.cmake
-- Installing: /home/louwee/correct_ws/install/correct_localization/share/correct_localization/cmake/correct_localizationConfig-version.cmake
-- Installing: /home/louwee/correct_ws/install/correct_localization/share/correct_localization/package.xml
