[0.052s] Invoking command in '/home/louwee/correct_ws/build/ldlidar_sl_ros2': CMAKE_PREFIX_PATH=/opt/ros/humble /usr/bin/cmake --build /home/louwee/correct_ws/build/ldlidar_sl_ros2 -- -j12 -l12
[0.199s] [100%] Built target ldlidar_sl_ros2_node
[0.478s] Invoked command in '/home/louwee/correct_ws/build/ldlidar_sl_ros2' returned '0': CMAKE_PREFIX_PATH=/opt/ros/humble /usr/bin/cmake --build /home/louwee/correct_ws/build/ldlidar_sl_ros2 -- -j12 -l12
[0.478s] Invoking command in '/home/louwee/correct_ws/build/ldlidar_sl_ros2': CMAKE_PREFIX_PATH=/opt/ros/humble /usr/bin/cmake --install /home/louwee/correct_ws/build/ldlidar_sl_ros2
[0.479s] -- Install configuration: ""
[0.480s] -- Up-to-date: /home/louwee/correct_ws/install/ldlidar_sl_ros2/lib/ldlidar_sl_ros2/ldlidar_sl_ros2_node
[0.480s] -- Up-to-date: /home/louwee/correct_ws/install/ldlidar_sl_ros2/share/ldlidar_sl_ros2//launch
[0.480s] -- Up-to-date: /home/louwee/correct_ws/install/ldlidar_sl_ros2/share/ldlidar_sl_ros2//launch/ld14.launch.py
[0.480s] -- Up-to-date: /home/louwee/correct_ws/install/ldlidar_sl_ros2/share/ldlidar_sl_ros2//launch/viewer_ld14.launch.py
[0.480s] -- Up-to-date: /home/louwee/correct_ws/install/ldlidar_sl_ros2/share/ldlidar_sl_ros2//launch/ld14p.launch.py
[0.480s] -- Up-to-date: /home/louwee/correct_ws/install/ldlidar_sl_ros2/share/ldlidar_sl_ros2//launch/viewer_ld14p.launch.py
[0.480s] -- Up-to-date: /home/louwee/correct_ws/install/ldlidar_sl_ros2/share/ldlidar_sl_ros2//rviz2
[0.481s] -- Up-to-date: /home/louwee/correct_ws/install/ldlidar_sl_ros2/share/ldlidar_sl_ros2//rviz2/ldlidar.rviz
[0.485s] -- Up-to-date: /home/louwee/correct_ws/install/ldlidar_sl_ros2/share/ldlidar_sl_ros2//scripts
[0.485s] -- Up-to-date: /home/louwee/correct_ws/install/ldlidar_sl_ros2/share/ldlidar_sl_ros2//scripts/delete_udev_rules.sh
[0.486s] -- Up-to-date: /home/louwee/correct_ws/install/ldlidar_sl_ros2/share/ldlidar_sl_ros2//scripts/ldlidar.rules
[0.486s] -- Up-to-date: /home/louwee/correct_ws/install/ldlidar_sl_ros2/share/ldlidar_sl_ros2//scripts/create_udev_rules.sh
[0.486s] -- Up-to-date: /home/louwee/correct_ws/install/ldlidar_sl_ros2/share/ament_index/resource_index/package_run_dependencies/ldlidar_sl_ros2
[0.486s] -- Up-to-date: /home/louwee/correct_ws/install/ldlidar_sl_ros2/share/ament_index/resource_index/parent_prefix_path/ldlidar_sl_ros2
[0.487s] -- Up-to-date: /home/louwee/correct_ws/install/ldlidar_sl_ros2/share/ldlidar_sl_ros2/environment/ament_prefix_path.sh
[0.487s] -- Up-to-date: /home/louwee/correct_ws/install/ldlidar_sl_ros2/share/ldlidar_sl_ros2/environment/ament_prefix_path.dsv
[0.487s] -- Up-to-date: /home/louwee/correct_ws/install/ldlidar_sl_ros2/share/ldlidar_sl_ros2/environment/path.sh
[0.487s] -- Up-to-date: /home/louwee/correct_ws/install/ldlidar_sl_ros2/share/ldlidar_sl_ros2/environment/path.dsv
[0.487s] -- Up-to-date: /home/louwee/correct_ws/install/ldlidar_sl_ros2/share/ldlidar_sl_ros2/local_setup.bash
[0.488s] -- Up-to-date: /home/louwee/correct_ws/install/ldlidar_sl_ros2/share/ldlidar_sl_ros2/local_setup.sh
[0.488s] -- Up-to-date: /home/louwee/correct_ws/install/ldlidar_sl_ros2/share/ldlidar_sl_ros2/local_setup.zsh
[0.488s] -- Up-to-date: /home/louwee/correct_ws/install/ldlidar_sl_ros2/share/ldlidar_sl_ros2/local_setup.dsv
[0.488s] -- Installing: /home/louwee/correct_ws/install/ldlidar_sl_ros2/share/ldlidar_sl_ros2/package.dsv
[0.488s] -- Up-to-date: /home/louwee/correct_ws/install/ldlidar_sl_ros2/share/ament_index/resource_index/packages/ldlidar_sl_ros2
[0.488s] -- Up-to-date: /home/louwee/correct_ws/install/ldlidar_sl_ros2/share/ldlidar_sl_ros2/cmake/ldlidar_sl_ros2Config.cmake
[0.488s] -- Up-to-date: /home/louwee/correct_ws/install/ldlidar_sl_ros2/share/ldlidar_sl_ros2/cmake/ldlidar_sl_ros2Config-version.cmake
[0.488s] -- Up-to-date: /home/louwee/correct_ws/install/ldlidar_sl_ros2/share/ldlidar_sl_ros2/package.xml
[0.489s] Invoked command in '/home/louwee/correct_ws/build/ldlidar_sl_ros2' returned '0': CMAKE_PREFIX_PATH=/opt/ros/humble /usr/bin/cmake --install /home/louwee/correct_ws/build/ldlidar_sl_ros2
