[0.016s] Invoking command in '/home/louwee/correct_ws/build/correct_cpp_examples': AMENT_PREFIX_PATH=/home/louwee/correct_ws/install/correct_msgs:${AMENT_PREFIX_PATH} CMAKE_PREFIX_PATH=/home/louwee/correct_ws/install/correct_msgs:/opt/ros/humble LD_LIBRARY_PATH=/home/louwee/correct_ws/install/correct_msgs/lib:${LD_LIBRARY_PATH} PYTHONPATH=/home/louwee/correct_ws/install/correct_msgs/local/lib/python3.10/dist-packages:${PYTHONPATH} /usr/bin/cmake --build /home/louwee/correct_ws/build/correct_cpp_examples -- -j12 -l12
[0.095s] [35m[1mConsolidate compiler generated dependencies of target simple_action_server[0m
[0.109s] [  9%] Built target simple_publisher
[0.111s] [ 18%] Built target simple_subscriber
[0.114s] [ 27%] Built target simple_parameter
[0.114s] [ 36%] Built target simple_service_server
[0.121s] [ 54%] Built target simple_turtlesim_kinematics
[0.122s] [ 54%] Built target simple_tf_kinematics
[0.122s] [ 63%] Built target executor_examples
[0.124s] [ 72%] Built target simple_lifecycle_node
[0.124s] [ 81%] Built target simple_service_client
[0.125s] [ 86%] [32mBuilding CXX object CMakeFiles/simple_action_server.dir/src/simple_action_server.cpp.o[0m
[0.127s] [ 95%] Built target simple_action_server_node
[2.475s] [01m[K/home/louwee/correct_ws/src/correct_cpp_examples/src/simple_action_server.cpp:[m[K In member function ‘[01m[Kvoid correct_cpp_examples::SimpleActionServer::execute(std::shared_ptr<rclcpp_action::ServerGoalHandle<correct_msgs::action::Fibonacci> >)[m[K’:
[2.475s] [01m[K/home/louwee/correct_ws/src/correct_cpp_examples/src/simple_action_server.cpp:60:14:[m[K [01;31m[Kerror: [m[Krequest for member ‘[01m[Kpush_back[m[K’ in ‘[01m[Ksequence[m[K’, which is of non-class type ‘[01m[Kint[m[K’
[2.475s]    60 |     sequence.[01;31m[Kpush_back[m[K(0);
[2.475s]       |              [01;31m[K^~~~~~~~~[m[K
[2.475s] [01m[K/home/louwee/correct_ws/src/correct_cpp_examples/src/simple_action_server.cpp:61:14:[m[K [01;31m[Kerror: [m[Krequest for member ‘[01m[Kpush_back[m[K’ in ‘[01m[Ksequence[m[K’, which is of non-class type ‘[01m[Kint[m[K’
[2.475s]    61 |     sequence.[01;31m[Kpush_back[m[K(1);
[2.475s]       |              [01;31m[K^~~~~~~~~[m[K
[2.477s] [01m[K/home/louwee/correct_ws/src/correct_cpp_examples/src/simple_action_server.cpp:69:28:[m[K [01;31m[Kerror: [m[Kno match for ‘[01m[Koperator=[m[K’ (operand types are ‘[01m[Kcorrect_msgs::action::Fibonacci_Result_<std::allocator<void> >::_sequence_type[m[K’ {aka ‘[01m[Kstd::vector<int>[m[K’} and ‘[01m[Kint[m[K’)
[2.477s]    69 |         result->sequence = [01;31m[Ksequence[m[K;
[2.477s]       |                            [01;31m[K^~~~~~~~[m[K
[2.477s] In file included from [01m[K/usr/include/c++/11/vector:72[m[K,
[2.477s]                  from [01m[K/usr/include/c++/11/functional:62[m[K,
[2.477s]                  from [01m[K/usr/include/c++/11/pstl/glue_algorithm_defs.h:13[m[K,
[2.477s]                  from [01m[K/usr/include/c++/11/algorithm:74[m[K,
[2.477s]                  from [01m[K/opt/ros/humble/include/rclcpp/rclcpp/executor.hpp:18[m[K,
[2.477s]                  from [01m[K/opt/ros/humble/include/rclcpp/rclcpp/executors/multi_threaded_executor.hpp:25[m[K,
[2.477s]                  from [01m[K/opt/ros/humble/include/rclcpp/rclcpp/executors.hpp:21[m[K,
[2.478s]                  from [01m[K/opt/ros/humble/include/rclcpp/rclcpp/rclcpp.hpp:155[m[K,
[2.478s]                  from [01m[K/home/louwee/correct_ws/src/correct_cpp_examples/src/simple_action_server.cpp:1[m[K:
[2.478s] [01m[K/usr/include/c++/11/bits/vector.tcc:198:5:[m[K [01;36m[Knote: [m[Kcandidate: ‘[01m[Kstd::vector<_Tp, _Alloc>& std::vector<_Tp, _Alloc>::operator=(const std::vector<_Tp, _Alloc>&) [with _Tp = int; _Alloc = std::allocator<int>][m[K’
[2.478s]   198 |     [01;36m[Kvector<_Tp, _Alloc>[m[K::
[2.478s]       |     [01;36m[K^~~~~~~~~~~~~~~~~~~[m[K
[2.478s] [01m[K/usr/include/c++/11/bits/vector.tcc:199:42:[m[K [01;36m[Knote: [m[K  no known conversion for argument 1 from ‘[01m[Kint[m[K’ to ‘[01m[Kconst std::vector<int>&[m[K’
[2.478s]   199 |     operator=([01;36m[Kconst vector<_Tp, _Alloc>& __x[m[K)
[2.478s]       |               [01;36m[K~~~~~~~~~~~~~~~~~~~~~~~~~~~^~~[m[K
[2.478s] In file included from [01m[K/usr/include/c++/11/vector:67[m[K,
[2.478s]                  from [01m[K/usr/include/c++/11/functional:62[m[K,
[2.478s]                  from [01m[K/usr/include/c++/11/pstl/glue_algorithm_defs.h:13[m[K,
[2.479s]                  from [01m[K/usr/include/c++/11/algorithm:74[m[K,
[2.479s]                  from [01m[K/opt/ros/humble/include/rclcpp/rclcpp/executor.hpp:18[m[K,
[2.479s]                  from [01m[K/opt/ros/humble/include/rclcpp/rclcpp/executors/multi_threaded_executor.hpp:25[m[K,
[2.479s]                  from [01m[K/opt/ros/humble/include/rclcpp/rclcpp/executors.hpp:21[m[K,
[2.479s]                  from [01m[K/opt/ros/humble/include/rclcpp/rclcpp/rclcpp.hpp:155[m[K,
[2.479s]                  from [01m[K/home/louwee/correct_ws/src/correct_cpp_examples/src/simple_action_server.cpp:1[m[K:
[2.479s] [01m[K/usr/include/c++/11/bits/stl_vector.h:709:7:[m[K [01;36m[Knote: [m[Kcandidate: ‘[01m[Kstd::vector<_Tp, _Alloc>& std::vector<_Tp, _Alloc>::operator=(std::vector<_Tp, _Alloc>&&) [with _Tp = int; _Alloc = std::allocator<int>][m[K’
[2.479s]   709 |       [01;36m[Koperator[m[K=(vector&& __x) noexcept(_Alloc_traits::_S_nothrow_move())
[2.479s]       |       [01;36m[K^~~~~~~~[m[K
[2.479s] [01m[K/usr/include/c++/11/bits/stl_vector.h:709:26:[m[K [01;36m[Knote: [m[K  no known conversion for argument 1 from ‘[01m[Kint[m[K’ to ‘[01m[Kstd::vector<int>&&[m[K’
[2.480s]   709 |       operator=([01;36m[Kvector&& __x[m[K) noexcept(_Alloc_traits::_S_nothrow_move())
[2.480s]       |                 [01;36m[K~~~~~~~~~^~~[m[K
[2.480s] [01m[K/usr/include/c++/11/bits/stl_vector.h:730:7:[m[K [01;36m[Knote: [m[Kcandidate: ‘[01m[Kstd::vector<_Tp, _Alloc>& std::vector<_Tp, _Alloc>::operator=(std::initializer_list<_Tp>) [with _Tp = int; _Alloc = std::allocator<int>][m[K’
[2.480s]   730 |       [01;36m[Koperator[m[K=(initializer_list<value_type> __l)
[2.480s]       |       [01;36m[K^~~~~~~~[m[K
[2.480s] [01m[K/usr/include/c++/11/bits/stl_vector.h:730:46:[m[K [01;36m[Knote: [m[K  no known conversion for argument 1 from ‘[01m[Kint[m[K’ to ‘[01m[Kstd::initializer_list<int>[m[K’
[2.480s]   730 |       operator=([01;36m[Kinitializer_list<value_type> __l[m[K)
[2.480s]       |                 [01;36m[K~~~~~~~~~~~~~~~~~~~~~~~~~~~~~^~~[m[K
[2.480s] [01m[K/home/louwee/correct_ws/src/correct_cpp_examples/src/simple_action_server.cpp:75:16:[m[K [01;31m[Kerror: [m[Krequest for member ‘[01m[Kpush_back[m[K’ in ‘[01m[Ksequence[m[K’, which is of non-class type ‘[01m[Kint[m[K’
[2.480s]    75 |       sequence.[01;31m[Kpush_back[m[K(sequence[i] + sequence[i - 1]);
[2.480s]       |                [01;31m[K^~~~~~~~~[m[K
[2.481s] [01m[K/home/louwee/correct_ws/src/correct_cpp_examples/src/simple_action_server.cpp:75:34:[m[K [01;31m[Kerror: [m[Kinvalid types ‘[01m[Kint[int][m[K’ for array subscript
[2.481s]    75 |       sequence.push_back(sequence[01;31m[K[[m[Ki] + sequence[i - 1]);
[2.481s]       |                                  [01;31m[K^[m[K
[2.481s] [01m[K/home/louwee/correct_ws/src/correct_cpp_examples/src/simple_action_server.cpp:75:48:[m[K [01;31m[Kerror: [m[Kinvalid types ‘[01m[Kint[int][m[K’ for array subscript
[2.481s]    75 |       sequence.push_back(sequence[i] + sequence[01;31m[K[[m[Ki - 1]);
[2.481s]       |                                                [01;31m[K^[m[K
[2.481s] [01m[K/home/louwee/correct_ws/src/correct_cpp_examples/src/simple_action_server.cpp:86:26:[m[K [01;31m[Kerror: [m[Kno match for ‘[01m[Koperator=[m[K’ (operand types are ‘[01m[Kcorrect_msgs::action::Fibonacci_Result_<std::allocator<void> >::_sequence_type[m[K’ {aka ‘[01m[Kstd::vector<int>[m[K’} and ‘[01m[Kint[m[K’)
[2.481s]    86 |       result->sequence = [01;31m[Ksequence[m[K;
[2.481s]       |                          [01;31m[K^~~~~~~~[m[K
[2.481s] In file included from [01m[K/usr/include/c++/11/vector:72[m[K,
[2.481s]                  from [01m[K/usr/include/c++/11/functional:62[m[K,
[2.481s]                  from [01m[K/usr/include/c++/11/pstl/glue_algorithm_defs.h:13[m[K,
[2.482s]                  from [01m[K/usr/include/c++/11/algorithm:74[m[K,
[2.482s]                  from [01m[K/opt/ros/humble/include/rclcpp/rclcpp/executor.hpp:18[m[K,
[2.482s]                  from [01m[K/opt/ros/humble/include/rclcpp/rclcpp/executors/multi_threaded_executor.hpp:25[m[K,
[2.482s]                  from [01m[K/opt/ros/humble/include/rclcpp/rclcpp/executors.hpp:21[m[K,
[2.482s]                  from [01m[K/opt/ros/humble/include/rclcpp/rclcpp/rclcpp.hpp:155[m[K,
[2.482s]                  from [01m[K/home/louwee/correct_ws/src/correct_cpp_examples/src/simple_action_server.cpp:1[m[K:
[2.482s] [01m[K/usr/include/c++/11/bits/vector.tcc:198:5:[m[K [01;36m[Knote: [m[Kcandidate: ‘[01m[Kstd::vector<_Tp, _Alloc>& std::vector<_Tp, _Alloc>::operator=(const std::vector<_Tp, _Alloc>&) [with _Tp = int; _Alloc = std::allocator<int>][m[K’
[2.482s]   198 |     [01;36m[Kvector<_Tp, _Alloc>[m[K::
[2.482s]       |     [01;36m[K^~~~~~~~~~~~~~~~~~~[m[K
[2.482s] [01m[K/usr/include/c++/11/bits/vector.tcc:199:42:[m[K [01;36m[Knote: [m[K  no known conversion for argument 1 from ‘[01m[Kint[m[K’ to ‘[01m[Kconst std::vector<int>&[m[K’
[2.482s]   199 |     operator=([01;36m[Kconst vector<_Tp, _Alloc>& __x[m[K)
[2.483s]       |               [01;36m[K~~~~~~~~~~~~~~~~~~~~~~~~~~~^~~[m[K
[2.483s] In file included from [01m[K/usr/include/c++/11/vector:67[m[K,
[2.483s]                  from [01m[K/usr/include/c++/11/functional:62[m[K,
[2.483s]                  from [01m[K/usr/include/c++/11/pstl/glue_algorithm_defs.h:13[m[K,
[2.483s]                  from [01m[K/usr/include/c++/11/algorithm:74[m[K,
[2.483s]                  from [01m[K/opt/ros/humble/include/rclcpp/rclcpp/executor.hpp:18[m[K,
[2.483s]                  from [01m[K/opt/ros/humble/include/rclcpp/rclcpp/executors/multi_threaded_executor.hpp:25[m[K,
[2.483s]                  from [01m[K/opt/ros/humble/include/rclcpp/rclcpp/executors.hpp:21[m[K,
[2.483s]                  from [01m[K/opt/ros/humble/include/rclcpp/rclcpp/rclcpp.hpp:155[m[K,
[2.483s]                  from [01m[K/home/louwee/correct_ws/src/correct_cpp_examples/src/simple_action_server.cpp:1[m[K:
[2.483s] [01m[K/usr/include/c++/11/bits/stl_vector.h:709:7:[m[K [01;36m[Knote: [m[Kcandidate: ‘[01m[Kstd::vector<_Tp, _Alloc>& std::vector<_Tp, _Alloc>::operator=(std::vector<_Tp, _Alloc>&&) [with _Tp = int; _Alloc = std::allocator<int>][m[K’
[2.483s]   709 |       [01;36m[Koperator[m[K=(vector&& __x) noexcept(_Alloc_traits::_S_nothrow_move())
[2.484s]       |       [01;36m[K^~~~~~~~[m[K
[2.484s] [01m[K/usr/include/c++/11/bits/stl_vector.h:709:26:[m[K [01;36m[Knote: [m[K  no known conversion for argument 1 from ‘[01m[Kint[m[K’ to ‘[01m[Kstd::vector<int>&&[m[K’
[2.484s]   709 |       operator=([01;36m[Kvector&& __x[m[K) noexcept(_Alloc_traits::_S_nothrow_move())
[2.484s]       |                 [01;36m[K~~~~~~~~~^~~[m[K
[2.484s] [01m[K/usr/include/c++/11/bits/stl_vector.h:730:7:[m[K [01;36m[Knote: [m[Kcandidate: ‘[01m[Kstd::vector<_Tp, _Alloc>& std::vector<_Tp, _Alloc>::operator=(std::initializer_list<_Tp>) [with _Tp = int; _Alloc = std::allocator<int>][m[K’
[2.484s]   730 |       [01;36m[Koperator[m[K=(initializer_list<value_type> __l)
[2.484s]       |       [01;36m[K^~~~~~~~[m[K
[2.484s] [01m[K/usr/include/c++/11/bits/stl_vector.h:730:46:[m[K [01;36m[Knote: [m[K  no known conversion for argument 1 from ‘[01m[Kint[m[K’ to ‘[01m[Kstd::initializer_list<int>[m[K’
[2.484s]   730 |       operator=([01;36m[Kinitializer_list<value_type> __l[m[K)
[2.484s]       |                 [01;36m[K~~~~~~~~~~~~~~~~~~~~~~~~~~~~~^~~[m[K
[3.124s] gmake[2]: *** [CMakeFiles/simple_action_server.dir/build.make:76: CMakeFiles/simple_action_server.dir/src/simple_action_server.cpp.o] Error 1
[3.124s] gmake[1]: *** [CMakeFiles/Makefile2:391: CMakeFiles/simple_action_server.dir/all] Error 2
[3.124s] gmake: *** [Makefile:146: all] Error 2
[3.126s] Invoked command in '/home/louwee/correct_ws/build/correct_cpp_examples' returned '2': AMENT_PREFIX_PATH=/home/louwee/correct_ws/install/correct_msgs:${AMENT_PREFIX_PATH} CMAKE_PREFIX_PATH=/home/louwee/correct_ws/install/correct_msgs:/opt/ros/humble LD_LIBRARY_PATH=/home/louwee/correct_ws/install/correct_msgs/lib:${LD_LIBRARY_PATH} PYTHONPATH=/home/louwee/correct_ws/install/correct_msgs/local/lib/python3.10/dist-packages:${PYTHONPATH} /usr/bin/cmake --build /home/louwee/correct_ws/build/correct_cpp_examples -- -j12 -l12
