[1.959s] Invoking command in '/home/louwee/correct_ws/src/correct_py_examples': PYTHONPATH=/home/louwee/correct_ws/build/correct_py_examples/prefix_override:/usr/lib/python3/dist-packages/colcon_core/task/python/colcon_distutils_commands:/home/louwee/correct_ws/install/correct_py_examples/lib/python3.10/site-packages:${PYTHONPATH} /usr/bin/python3 -W ignore:setup.py install is deprecated -W ignore:easy_install command is deprecated setup.py egg_info --egg-base ../../build/correct_py_examples build --build-base /home/louwee/correct_ws/build/correct_py_examples/build install --record /home/louwee/correct_ws/build/correct_py_examples/install.log --single-version-externally-managed install_data
[2.345s] running egg_info
[2.347s] writing ../../build/correct_py_examples/correct_py_examples.egg-info/PKG-INFO
[2.347s] writing dependency_links to ../../build/correct_py_examples/correct_py_examples.egg-info/dependency_links.txt
[2.348s] writing entry points to ../../build/correct_py_examples/correct_py_examples.egg-info/entry_points.txt
[2.348s] writing requirements to ../../build/correct_py_examples/correct_py_examples.egg-info/requires.txt
[2.348s] writing top-level names to ../../build/correct_py_examples/correct_py_examples.egg-info/top_level.txt
[2.352s] reading manifest file '../../build/correct_py_examples/correct_py_examples.egg-info/SOURCES.txt'
[2.354s] writing manifest file '../../build/correct_py_examples/correct_py_examples.egg-info/SOURCES.txt'
[2.354s] running build
[2.354s] running build_py
[2.355s] running install
[2.356s] running install_lib
[2.359s] running install_data
[2.360s] running install_egg_info
[2.363s] removing '/home/louwee/correct_ws/install/correct_py_examples/lib/python3.10/site-packages/correct_py_examples-0.0.0-py3.10.egg-info' (and everything under it)
[2.363s] Copying ../../build/correct_py_examples/correct_py_examples.egg-info to /home/louwee/correct_ws/install/correct_py_examples/lib/python3.10/site-packages/correct_py_examples-0.0.0-py3.10.egg-info
[2.364s] running install_scripts
[2.394s] Installing simple_parameter script to /home/louwee/correct_ws/install/correct_py_examples/lib/correct_py_examples
[2.395s] Installing simple_publisher script to /home/louwee/correct_ws/install/correct_py_examples/lib/correct_py_examples
[2.395s] Installing simple_service_client script to /home/louwee/correct_ws/install/correct_py_examples/lib/correct_py_examples
[2.395s] Installing simple_service_server script to /home/louwee/correct_ws/install/correct_py_examples/lib/correct_py_examples
[2.395s] Installing simple_subscriber script to /home/louwee/correct_ws/install/correct_py_examples/lib/correct_py_examples
[2.395s] Installing simple_tf_kinematics script to /home/louwee/correct_ws/install/correct_py_examples/lib/correct_py_examples
[2.396s] Installing simple_turtlesim_kinematics script to /home/louwee/correct_ws/install/correct_py_examples/lib/correct_py_examples
[2.396s] writing list of installed files to '/home/louwee/correct_ws/build/correct_py_examples/install.log'
[2.426s] Invoked command in '/home/louwee/correct_ws/src/correct_py_examples' returned '0': PYTHONPATH=/home/louwee/correct_ws/build/correct_py_examples/prefix_override:/usr/lib/python3/dist-packages/colcon_core/task/python/colcon_distutils_commands:/home/louwee/correct_ws/install/correct_py_examples/lib/python3.10/site-packages:${PYTHONPATH} /usr/bin/python3 -W ignore:setup.py install is deprecated -W ignore:easy_install command is deprecated setup.py egg_info --egg-base ../../build/correct_py_examples build --build-base /home/louwee/correct_ws/build/correct_py_examples/build install --record /home/louwee/correct_ws/build/correct_py_examples/install.log --single-version-externally-managed install_data
