[0.118s] DEBUG:colcon:Command line arguments: ['/usr/bin/colcon', 'list', '-p', '--base-paths', '/home/louwee/correct_ws']
[0.119s] DEBUG:colcon:Parsed command line arguments: Namespace(log_base=None, log_level=None, verb_name='list', build_base='build', ignore_user_meta=False, metas=['./colcon.meta'], base_paths=['/home/louwee/correct_ws'], packages_ignore=None, packages_ignore_regex=None, paths=None, packages_up_to=None, packages_up_to_regex=None, packages_above=None, packages_above_and_dependencies=None, packages_above_depth=None, packages_select_by_dep=None, packages_skip_by_dep=None, packages_skip_up_to=None, packages_select_build_failed=False, packages_skip_build_finished=False, packages_select_test_failures=False, packages_skip_test_passed=False, packages_select=None, packages_skip=None, packages_select_regex=None, packages_skip_regex=None, packages_start=None, packages_end=None, allow_overriding=[], topological_order=False, names_only=False, paths_only=True, topological_graph=False, topological_graph_dot=False, topological_graph_density=False, topological_graph_legend=False, topological_graph_dot_cluster=False, topological_graph_dot_include_skipped=False, verb_parser=<colcon_defaults.argument_parser.defaults.DefaultArgumentsDecorator object at 0x71fd60c49300>, verb_extension=<colcon_package_information.verb.list.ListVerb object at 0x71fd60dd5ff0>, main=<bound method ListVerb.main of <colcon_package_information.verb.list.ListVerb object at 0x71fd60dd5ff0>>)
[0.306s] Level 1:colcon.colcon_core.package_discovery:discover_packages(colcon_meta) check parameters
[0.306s] Level 1:colcon.colcon_core.package_discovery:discover_packages(recursive) check parameters
[0.306s] Level 1:colcon.colcon_core.package_discovery:discover_packages(ignore) check parameters
[0.306s] Level 1:colcon.colcon_core.package_discovery:discover_packages(path) check parameters
[0.306s] Level 1:colcon.colcon_core.package_discovery:discover_packages(recursive) discover
[0.306s] INFO:colcon.colcon_core.package_discovery:Crawling recursively for packages in '/home/louwee/correct_ws'
[0.306s] Level 1:colcon.colcon_core.package_identification:_identify(/home/louwee/correct_ws) by extensions ['ignore', 'ignore_ament_install']
[0.307s] Level 1:colcon.colcon_core.package_identification:_identify(/home/louwee/correct_ws) by extension 'ignore'
[0.307s] Level 1:colcon.colcon_core.package_identification:_identify(/home/louwee/correct_ws) by extension 'ignore_ament_install'
[0.307s] Level 1:colcon.colcon_core.package_identification:_identify(/home/louwee/correct_ws) by extensions ['colcon_pkg']
[0.307s] Level 1:colcon.colcon_core.package_identification:_identify(/home/louwee/correct_ws) by extension 'colcon_pkg'
[0.307s] Level 1:colcon.colcon_core.package_identification:_identify(/home/louwee/correct_ws) by extensions ['colcon_meta']
[0.307s] Level 1:colcon.colcon_core.package_identification:_identify(/home/louwee/correct_ws) by extension 'colcon_meta'
[0.307s] Level 1:colcon.colcon_core.package_identification:_identify(/home/louwee/correct_ws) by extensions ['ros']
[0.307s] Level 1:colcon.colcon_core.package_identification:_identify(/home/louwee/correct_ws) by extension 'ros'
[0.319s] Level 1:colcon.colcon_core.package_identification:_identify(/home/louwee/correct_ws) by extensions ['cmake', 'python']
[0.319s] Level 1:colcon.colcon_core.package_identification:_identify(/home/louwee/correct_ws) by extension 'cmake'
[0.319s] Level 1:colcon.colcon_core.package_identification:_identify(/home/louwee/correct_ws) by extension 'python'
[0.319s] Level 1:colcon.colcon_core.package_identification:_identify(/home/louwee/correct_ws) by extensions ['python_setup_py']
[0.319s] Level 1:colcon.colcon_core.package_identification:_identify(/home/louwee/correct_ws) by extension 'python_setup_py'
[0.319s] Level 1:colcon.colcon_core.package_identification:_identify(/home/louwee/correct_ws/build) by extensions ['ignore', 'ignore_ament_install']
[0.319s] Level 1:colcon.colcon_core.package_identification:_identify(/home/louwee/correct_ws/build) by extension 'ignore'
[0.319s] Level 1:colcon.colcon_core.package_identification:_identify(/home/louwee/correct_ws/build) ignored
[0.319s] Level 1:colcon.colcon_core.package_identification:_identify(/home/louwee/correct_ws/install) by extensions ['ignore', 'ignore_ament_install']
[0.320s] Level 1:colcon.colcon_core.package_identification:_identify(/home/louwee/correct_ws/install) by extension 'ignore'
[0.320s] Level 1:colcon.colcon_core.package_identification:_identify(/home/louwee/correct_ws/install) ignored
[0.320s] Level 1:colcon.colcon_core.package_identification:_identify(/home/louwee/correct_ws/log) by extensions ['ignore', 'ignore_ament_install']
[0.320s] Level 1:colcon.colcon_core.package_identification:_identify(/home/louwee/correct_ws/log) by extension 'ignore'
[0.320s] Level 1:colcon.colcon_core.package_identification:_identify(/home/louwee/correct_ws/log) ignored
[0.320s] Level 1:colcon.colcon_core.package_identification:_identify(/home/louwee/correct_ws/src) by extensions ['ignore', 'ignore_ament_install']
[0.320s] Level 1:colcon.colcon_core.package_identification:_identify(/home/louwee/correct_ws/src) by extension 'ignore'
[0.320s] Level 1:colcon.colcon_core.package_identification:_identify(/home/louwee/correct_ws/src) by extension 'ignore_ament_install'
[0.320s] Level 1:colcon.colcon_core.package_identification:_identify(/home/louwee/correct_ws/src) by extensions ['colcon_pkg']
[0.320s] Level 1:colcon.colcon_core.package_identification:_identify(/home/louwee/correct_ws/src) by extension 'colcon_pkg'
[0.321s] Level 1:colcon.colcon_core.package_identification:_identify(/home/louwee/correct_ws/src) by extensions ['colcon_meta']
[0.321s] Level 1:colcon.colcon_core.package_identification:_identify(/home/louwee/correct_ws/src) by extension 'colcon_meta'
[0.321s] Level 1:colcon.colcon_core.package_identification:_identify(/home/louwee/correct_ws/src) by extensions ['ros']
[0.321s] Level 1:colcon.colcon_core.package_identification:_identify(/home/louwee/correct_ws/src) by extension 'ros'
[0.321s] Level 1:colcon.colcon_core.package_identification:_identify(/home/louwee/correct_ws/src) by extensions ['cmake', 'python']
[0.321s] Level 1:colcon.colcon_core.package_identification:_identify(/home/louwee/correct_ws/src) by extension 'cmake'
[0.321s] Level 1:colcon.colcon_core.package_identification:_identify(/home/louwee/correct_ws/src) by extension 'python'
[0.321s] Level 1:colcon.colcon_core.package_identification:_identify(/home/louwee/correct_ws/src) by extensions ['python_setup_py']
[0.321s] Level 1:colcon.colcon_core.package_identification:_identify(/home/louwee/correct_ws/src) by extension 'python_setup_py'
[0.321s] Level 1:colcon.colcon_core.package_identification:_identify(/home/louwee/correct_ws/src/computer_vision) by extensions ['ignore', 'ignore_ament_install']
[0.321s] Level 1:colcon.colcon_core.package_identification:_identify(/home/louwee/correct_ws/src/computer_vision) by extension 'ignore'
[0.321s] Level 1:colcon.colcon_core.package_identification:_identify(/home/louwee/correct_ws/src/computer_vision) by extension 'ignore_ament_install'
[0.321s] Level 1:colcon.colcon_core.package_identification:_identify(/home/louwee/correct_ws/src/computer_vision) by extensions ['colcon_pkg']
[0.322s] Level 1:colcon.colcon_core.package_identification:_identify(/home/louwee/correct_ws/src/computer_vision) by extension 'colcon_pkg'
[0.322s] Level 1:colcon.colcon_core.package_identification:_identify(/home/louwee/correct_ws/src/computer_vision) by extensions ['colcon_meta']
[0.322s] Level 1:colcon.colcon_core.package_identification:_identify(/home/louwee/correct_ws/src/computer_vision) by extension 'colcon_meta'
[0.322s] Level 1:colcon.colcon_core.package_identification:_identify(/home/louwee/correct_ws/src/computer_vision) by extensions ['ros']
[0.322s] Level 1:colcon.colcon_core.package_identification:_identify(/home/louwee/correct_ws/src/computer_vision) by extension 'ros'
[0.325s] DEBUG:colcon.colcon_core.package_identification:Package '/home/louwee/correct_ws/src/computer_vision' with type 'ros.ament_cmake' and name 'computer_vision'
[0.325s] Level 1:colcon.colcon_core.package_identification:_identify(/home/louwee/correct_ws/src/correct_controller) by extensions ['ignore', 'ignore_ament_install']
[0.325s] Level 1:colcon.colcon_core.package_identification:_identify(/home/louwee/correct_ws/src/correct_controller) by extension 'ignore'
[0.325s] Level 1:colcon.colcon_core.package_identification:_identify(/home/louwee/correct_ws/src/correct_controller) by extension 'ignore_ament_install'
[0.326s] Level 1:colcon.colcon_core.package_identification:_identify(/home/louwee/correct_ws/src/correct_controller) by extensions ['colcon_pkg']
[0.326s] Level 1:colcon.colcon_core.package_identification:_identify(/home/louwee/correct_ws/src/correct_controller) by extension 'colcon_pkg'
[0.326s] Level 1:colcon.colcon_core.package_identification:_identify(/home/louwee/correct_ws/src/correct_controller) by extensions ['colcon_meta']
[0.326s] Level 1:colcon.colcon_core.package_identification:_identify(/home/louwee/correct_ws/src/correct_controller) by extension 'colcon_meta'
[0.326s] Level 1:colcon.colcon_core.package_identification:_identify(/home/louwee/correct_ws/src/correct_controller) by extensions ['ros']
[0.326s] Level 1:colcon.colcon_core.package_identification:_identify(/home/louwee/correct_ws/src/correct_controller) by extension 'ros'
[0.327s] DEBUG:colcon.colcon_core.package_identification:Package '/home/louwee/correct_ws/src/correct_controller' with type 'ros.ament_cmake' and name 'correct_controller'
[0.327s] Level 1:colcon.colcon_core.package_identification:_identify(/home/louwee/correct_ws/src/correct_cpp_examples) by extensions ['ignore', 'ignore_ament_install']
[0.327s] Level 1:colcon.colcon_core.package_identification:_identify(/home/louwee/correct_ws/src/correct_cpp_examples) by extension 'ignore'
[0.327s] Level 1:colcon.colcon_core.package_identification:_identify(/home/louwee/correct_ws/src/correct_cpp_examples) by extension 'ignore_ament_install'
[0.328s] Level 1:colcon.colcon_core.package_identification:_identify(/home/louwee/correct_ws/src/correct_cpp_examples) by extensions ['colcon_pkg']
[0.328s] Level 1:colcon.colcon_core.package_identification:_identify(/home/louwee/correct_ws/src/correct_cpp_examples) by extension 'colcon_pkg'
[0.328s] Level 1:colcon.colcon_core.package_identification:_identify(/home/louwee/correct_ws/src/correct_cpp_examples) by extensions ['colcon_meta']
[0.328s] Level 1:colcon.colcon_core.package_identification:_identify(/home/louwee/correct_ws/src/correct_cpp_examples) by extension 'colcon_meta'
[0.328s] Level 1:colcon.colcon_core.package_identification:_identify(/home/louwee/correct_ws/src/correct_cpp_examples) by extensions ['ros']
[0.328s] Level 1:colcon.colcon_core.package_identification:_identify(/home/louwee/correct_ws/src/correct_cpp_examples) by extension 'ros'
[0.329s] DEBUG:colcon.colcon_core.package_identification:Package '/home/louwee/correct_ws/src/correct_cpp_examples' with type 'ros.ament_cmake' and name 'correct_cpp_examples'
[0.329s] Level 1:colcon.colcon_core.package_identification:_identify(/home/louwee/correct_ws/src/correct_localization) by extensions ['ignore', 'ignore_ament_install']
[0.329s] Level 1:colcon.colcon_core.package_identification:_identify(/home/louwee/correct_ws/src/correct_localization) by extension 'ignore'
[0.329s] Level 1:colcon.colcon_core.package_identification:_identify(/home/louwee/correct_ws/src/correct_localization) by extension 'ignore_ament_install'
[0.329s] Level 1:colcon.colcon_core.package_identification:_identify(/home/louwee/correct_ws/src/correct_localization) by extensions ['colcon_pkg']
[0.330s] Level 1:colcon.colcon_core.package_identification:_identify(/home/louwee/correct_ws/src/correct_localization) by extension 'colcon_pkg'
[0.330s] Level 1:colcon.colcon_core.package_identification:_identify(/home/louwee/correct_ws/src/correct_localization) by extensions ['colcon_meta']
[0.330s] Level 1:colcon.colcon_core.package_identification:_identify(/home/louwee/correct_ws/src/correct_localization) by extension 'colcon_meta'
[0.330s] Level 1:colcon.colcon_core.package_identification:_identify(/home/louwee/correct_ws/src/correct_localization) by extensions ['ros']
[0.330s] Level 1:colcon.colcon_core.package_identification:_identify(/home/louwee/correct_ws/src/correct_localization) by extension 'ros'
[0.331s] DEBUG:colcon.colcon_core.package_identification:Package '/home/louwee/correct_ws/src/correct_localization' with type 'ros.ament_cmake' and name 'correct_localization'
[0.331s] Level 1:colcon.colcon_core.package_identification:_identify(/home/louwee/correct_ws/src/correct_msgs) by extensions ['ignore', 'ignore_ament_install']
[0.331s] Level 1:colcon.colcon_core.package_identification:_identify(/home/louwee/correct_ws/src/correct_msgs) by extension 'ignore'
[0.331s] Level 1:colcon.colcon_core.package_identification:_identify(/home/louwee/correct_ws/src/correct_msgs) by extension 'ignore_ament_install'
[0.331s] Level 1:colcon.colcon_core.package_identification:_identify(/home/louwee/correct_ws/src/correct_msgs) by extensions ['colcon_pkg']
[0.331s] Level 1:colcon.colcon_core.package_identification:_identify(/home/louwee/correct_ws/src/correct_msgs) by extension 'colcon_pkg'
[0.331s] Level 1:colcon.colcon_core.package_identification:_identify(/home/louwee/correct_ws/src/correct_msgs) by extensions ['colcon_meta']
[0.331s] Level 1:colcon.colcon_core.package_identification:_identify(/home/louwee/correct_ws/src/correct_msgs) by extension 'colcon_meta'
[0.331s] Level 1:colcon.colcon_core.package_identification:_identify(/home/louwee/correct_ws/src/correct_msgs) by extensions ['ros']
[0.331s] Level 1:colcon.colcon_core.package_identification:_identify(/home/louwee/correct_ws/src/correct_msgs) by extension 'ros'
[0.332s] DEBUG:colcon.colcon_core.package_identification:Package '/home/louwee/correct_ws/src/correct_msgs' with type 'ros.ament_cmake' and name 'correct_msgs'
[0.332s] Level 1:colcon.colcon_core.package_identification:_identify(/home/louwee/correct_ws/src/correct_pkg) by extensions ['ignore', 'ignore_ament_install']
[0.332s] Level 1:colcon.colcon_core.package_identification:_identify(/home/louwee/correct_ws/src/correct_pkg) by extension 'ignore'
[0.332s] Level 1:colcon.colcon_core.package_identification:_identify(/home/louwee/correct_ws/src/correct_pkg) by extension 'ignore_ament_install'
[0.332s] Level 1:colcon.colcon_core.package_identification:_identify(/home/louwee/correct_ws/src/correct_pkg) by extensions ['colcon_pkg']
[0.332s] Level 1:colcon.colcon_core.package_identification:_identify(/home/louwee/correct_ws/src/correct_pkg) by extension 'colcon_pkg'
[0.332s] Level 1:colcon.colcon_core.package_identification:_identify(/home/louwee/correct_ws/src/correct_pkg) by extensions ['colcon_meta']
[0.332s] Level 1:colcon.colcon_core.package_identification:_identify(/home/louwee/correct_ws/src/correct_pkg) by extension 'colcon_meta'
[0.332s] Level 1:colcon.colcon_core.package_identification:_identify(/home/louwee/correct_ws/src/correct_pkg) by extensions ['ros']
[0.332s] Level 1:colcon.colcon_core.package_identification:_identify(/home/louwee/correct_ws/src/correct_pkg) by extension 'ros'
[0.335s] DEBUG:colcon.colcon_core.package_identification:Package '/home/louwee/correct_ws/src/correct_pkg' with type 'ros.ament_cmake' and name 'correct_pkg'
[0.335s] Level 1:colcon.colcon_core.package_identification:_identify(/home/louwee/correct_ws/src/correct_py_examples) by extensions ['ignore', 'ignore_ament_install']
[0.335s] Level 1:colcon.colcon_core.package_identification:_identify(/home/louwee/correct_ws/src/correct_py_examples) by extension 'ignore'
[0.335s] Level 1:colcon.colcon_core.package_identification:_identify(/home/louwee/correct_ws/src/correct_py_examples) by extension 'ignore_ament_install'
[0.335s] Level 1:colcon.colcon_core.package_identification:_identify(/home/louwee/correct_ws/src/correct_py_examples) by extensions ['colcon_pkg']
[0.335s] Level 1:colcon.colcon_core.package_identification:_identify(/home/louwee/correct_ws/src/correct_py_examples) by extension 'colcon_pkg'
[0.335s] Level 1:colcon.colcon_core.package_identification:_identify(/home/louwee/correct_ws/src/correct_py_examples) by extensions ['colcon_meta']
[0.335s] Level 1:colcon.colcon_core.package_identification:_identify(/home/louwee/correct_ws/src/correct_py_examples) by extension 'colcon_meta'
[0.335s] Level 1:colcon.colcon_core.package_identification:_identify(/home/louwee/correct_ws/src/correct_py_examples) by extensions ['ros']
[0.335s] Level 1:colcon.colcon_core.package_identification:_identify(/home/louwee/correct_ws/src/correct_py_examples) by extension 'ros'
[0.337s] DEBUG:colcon.colcon_core.package_identification:Package '/home/louwee/correct_ws/src/correct_py_examples' with type 'ros.ament_python' and name 'correct_py_examples'
[0.337s] Level 1:colcon.colcon_core.package_identification:_identify(/home/louwee/correct_ws/train) by extensions ['ignore', 'ignore_ament_install']
[0.337s] Level 1:colcon.colcon_core.package_identification:_identify(/home/louwee/correct_ws/train) by extension 'ignore'
[0.337s] Level 1:colcon.colcon_core.package_identification:_identify(/home/louwee/correct_ws/train) by extension 'ignore_ament_install'
[0.337s] Level 1:colcon.colcon_core.package_identification:_identify(/home/louwee/correct_ws/train) by extensions ['colcon_pkg']
[0.337s] Level 1:colcon.colcon_core.package_identification:_identify(/home/louwee/correct_ws/train) by extension 'colcon_pkg'
[0.338s] Level 1:colcon.colcon_core.package_identification:_identify(/home/louwee/correct_ws/train) by extensions ['colcon_meta']
[0.338s] Level 1:colcon.colcon_core.package_identification:_identify(/home/louwee/correct_ws/train) by extension 'colcon_meta'
[0.338s] Level 1:colcon.colcon_core.package_identification:_identify(/home/louwee/correct_ws/train) by extensions ['ros']
[0.338s] Level 1:colcon.colcon_core.package_identification:_identify(/home/louwee/correct_ws/train) by extension 'ros'
[0.338s] Level 1:colcon.colcon_core.package_identification:_identify(/home/louwee/correct_ws/train) by extensions ['cmake', 'python']
[0.338s] Level 1:colcon.colcon_core.package_identification:_identify(/home/louwee/correct_ws/train) by extension 'cmake'
[0.338s] Level 1:colcon.colcon_core.package_identification:_identify(/home/louwee/correct_ws/train) by extension 'python'
[0.338s] Level 1:colcon.colcon_core.package_identification:_identify(/home/louwee/correct_ws/train) by extensions ['python_setup_py']
[0.338s] Level 1:colcon.colcon_core.package_identification:_identify(/home/louwee/correct_ws/train) by extension 'python_setup_py'
[0.338s] Level 1:colcon.colcon_core.package_identification:_identify(/home/louwee/correct_ws/train/image_aug) by extensions ['ignore', 'ignore_ament_install']
[0.338s] Level 1:colcon.colcon_core.package_identification:_identify(/home/louwee/correct_ws/train/image_aug) by extension 'ignore'
[0.338s] Level 1:colcon.colcon_core.package_identification:_identify(/home/louwee/correct_ws/train/image_aug) by extension 'ignore_ament_install'
[0.338s] Level 1:colcon.colcon_core.package_identification:_identify(/home/louwee/correct_ws/train/image_aug) by extensions ['colcon_pkg']
[0.338s] Level 1:colcon.colcon_core.package_identification:_identify(/home/louwee/correct_ws/train/image_aug) by extension 'colcon_pkg'
[0.338s] Level 1:colcon.colcon_core.package_identification:_identify(/home/louwee/correct_ws/train/image_aug) by extensions ['colcon_meta']
[0.338s] Level 1:colcon.colcon_core.package_identification:_identify(/home/louwee/correct_ws/train/image_aug) by extension 'colcon_meta'
[0.338s] Level 1:colcon.colcon_core.package_identification:_identify(/home/louwee/correct_ws/train/image_aug) by extensions ['ros']
[0.338s] Level 1:colcon.colcon_core.package_identification:_identify(/home/louwee/correct_ws/train/image_aug) by extension 'ros'
[0.339s] Level 1:colcon.colcon_core.package_identification:_identify(/home/louwee/correct_ws/train/image_aug) by extensions ['cmake', 'python']
[0.339s] Level 1:colcon.colcon_core.package_identification:_identify(/home/louwee/correct_ws/train/image_aug) by extension 'cmake'
[0.339s] Level 1:colcon.colcon_core.package_identification:_identify(/home/louwee/correct_ws/train/image_aug) by extension 'python'
[0.339s] Level 1:colcon.colcon_core.package_identification:_identify(/home/louwee/correct_ws/train/image_aug) by extensions ['python_setup_py']
[0.339s] Level 1:colcon.colcon_core.package_identification:_identify(/home/louwee/correct_ws/train/image_aug) by extension 'python_setup_py'
[0.339s] Level 1:colcon.colcon_core.package_identification:_identify(/home/louwee/correct_ws/train/labels_aug) by extensions ['ignore', 'ignore_ament_install']
[0.339s] Level 1:colcon.colcon_core.package_identification:_identify(/home/louwee/correct_ws/train/labels_aug) by extension 'ignore'
[0.339s] Level 1:colcon.colcon_core.package_identification:_identify(/home/louwee/correct_ws/train/labels_aug) by extension 'ignore_ament_install'
[0.339s] Level 1:colcon.colcon_core.package_identification:_identify(/home/louwee/correct_ws/train/labels_aug) by extensions ['colcon_pkg']
[0.339s] Level 1:colcon.colcon_core.package_identification:_identify(/home/louwee/correct_ws/train/labels_aug) by extension 'colcon_pkg'
[0.339s] Level 1:colcon.colcon_core.package_identification:_identify(/home/louwee/correct_ws/train/labels_aug) by extensions ['colcon_meta']
[0.339s] Level 1:colcon.colcon_core.package_identification:_identify(/home/louwee/correct_ws/train/labels_aug) by extension 'colcon_meta'
[0.339s] Level 1:colcon.colcon_core.package_identification:_identify(/home/louwee/correct_ws/train/labels_aug) by extensions ['ros']
[0.339s] Level 1:colcon.colcon_core.package_identification:_identify(/home/louwee/correct_ws/train/labels_aug) by extension 'ros'
[0.339s] Level 1:colcon.colcon_core.package_identification:_identify(/home/louwee/correct_ws/train/labels_aug) by extensions ['cmake', 'python']
[0.339s] Level 1:colcon.colcon_core.package_identification:_identify(/home/louwee/correct_ws/train/labels_aug) by extension 'cmake'
[0.339s] Level 1:colcon.colcon_core.package_identification:_identify(/home/louwee/correct_ws/train/labels_aug) by extension 'python'
[0.339s] Level 1:colcon.colcon_core.package_identification:_identify(/home/louwee/correct_ws/train/labels_aug) by extensions ['python_setup_py']
[0.340s] Level 1:colcon.colcon_core.package_identification:_identify(/home/louwee/correct_ws/train/labels_aug) by extension 'python_setup_py'
[0.340s] Level 1:colcon.colcon_core.package_discovery:discover_packages(recursive) using defaults
