-- Found ament_cmake: 1.3.11 (/opt/ros/humble/share/ament_cmake/cmake)
-- Found geometry_msgs: 4.2.4 (/opt/ros/humble/share/geometry_msgs/cmake)
-- Found rosidl_generator_c: 3.1.6 (/opt/ros/humble/share/rosidl_generator_c/cmake)
-- Found rosidl_adapter: 3.1.6 (/opt/ros/humble/share/rosidl_adapter/cmake)
-- Found rosidl_generator_cpp: 3.1.6 (/opt/ros/humble/share/rosidl_generator_cpp/cmake)
-- Using all available rosidl_typesupport_c: rosidl_typesupport_fastrtps_c;rosidl_typesupport_introspection_c
-- Using all available rosidl_typesupport_cpp: rosidl_typesupport_fastrtps_cpp;rosidl_typesupport_introspection_cpp
-- Found rosidl_default_generators: 1.2.0 (/opt/ros/humble/share/rosidl_default_generators/cmake)
-- Found ament_cmake_ros: 0.10.0 (/opt/ros/humble/share/ament_cmake_ros/cmake)
-- Using all available rosidl_typesupport_c: rosidl_typesupport_fastrtps_c;rosidl_typesupport_introspection_c
-- Using all available rosidl_typesupport_cpp: rosidl_typesupport_fastrtps_cpp;rosidl_typesupport_introspection_cpp
-- Found python_cmake_module: 0.10.0 (/opt/ros/humble/share/python_cmake_module/cmake)
-- Using PYTHON_EXECUTABLE: /usr/bin/python3
-- Using PYTHON_INCLUDE_DIRS: /usr/include/python3.10
-- Using PYTHON_LIBRARIES: /usr/lib/x86_64-linux-gnu/libpython3.10.so
-- Configuring done
-- Generating done
-- Build files have been written to: /home/louwee/correct_ws/build/correct_msgs
[  2%] [34m[1mGenerating C code for ROS interfaces[0m
[  4%] [34m[1mGenerating C++ code for ROS interfaces[0m
[  4%] Built target ament_cmake_python_copy_correct_msgs
running egg_info
writing correct_msgs.egg-info/PKG-INFO
writing dependency_links to correct_msgs.egg-info/dependency_links.txt
writing top-level names to correct_msgs.egg-info/top_level.txt
reading manifest file 'correct_msgs.egg-info/SOURCES.txt'
writing manifest file 'correct_msgs.egg-info/SOURCES.txt'
[  4%] Built target ament_cmake_python_build_correct_msgs_egg
[35m[1mConsolidate compiler generated dependencies of target correct_msgs__rosidl_generator_c[0m
[  6%] [32mBuilding C object CMakeFiles/correct_msgs__rosidl_generator_c.dir/rosidl_generator_c/correct_msgs/srv/detail/add_two_ints__functions.c.o[0m
[  8%] [32mBuilding C object CMakeFiles/correct_msgs__rosidl_generator_c.dir/rosidl_generator_c/correct_msgs/srv/detail/get_transform__functions.c.o[0m
[ 10%] [32mBuilding C object CMakeFiles/correct_msgs__rosidl_generator_c.dir/rosidl_generator_c/correct_msgs/action/detail/fibonnaci__functions.c.o[0m
[ 10%] Built target correct_msgs__cpp
[ 12%] [34m[1mGenerating C++ type support for eProsima Fast-RTPS[0m
[ 17%] [34m[1mGenerating C++ type support dispatch for ROS interfaces[0m
[ 17%] [34m[1mGenerating C++ introspection for ROS interfaces[0m
[ 19%] [32m[1mLinking C shared library libcorrect_msgs__rosidl_generator_c.so[0m
[ 19%] Built target correct_msgs__rosidl_generator_c
[ 21%] [34m[1mGenerating C introspection for ROS interfaces[0m
[ 23%] [34m[1mGenerating C type support dispatch for ROS interfaces[0m
[ 25%] [34m[1mGenerating C type support for eProsima Fast-RTPS[0m
[35m[1mConsolidate compiler generated dependencies of target correct_msgs__rosidl_typesupport_introspection_cpp[0m
[ 27%] [32mBuilding CXX object CMakeFiles/correct_msgs__rosidl_typesupport_introspection_cpp.dir/rosidl_typesupport_introspection_cpp/correct_msgs/action/detail/fibonnaci__type_support.cpp.o[0m
[ 29%] [32mBuilding CXX object CMakeFiles/correct_msgs__rosidl_typesupport_introspection_cpp.dir/rosidl_typesupport_introspection_cpp/correct_msgs/srv/detail/add_two_ints__type_support.cpp.o[0m
[ 31%] [32mBuilding CXX object CMakeFiles/correct_msgs__rosidl_typesupport_introspection_cpp.dir/rosidl_typesupport_introspection_cpp/correct_msgs/srv/detail/get_transform__type_support.cpp.o[0m
[35m[1mConsolidate compiler generated dependencies of target correct_msgs__rosidl_typesupport_cpp[0m
[ 34%] [32mBuilding CXX object CMakeFiles/correct_msgs__rosidl_typesupport_cpp.dir/rosidl_typesupport_cpp/correct_msgs/action/fibonnaci__type_support.cpp.o[0m
[ 36%] [32mBuilding CXX object CMakeFiles/correct_msgs__rosidl_typesupport_cpp.dir/rosidl_typesupport_cpp/correct_msgs/srv/add_two_ints__type_support.cpp.o[0m
[ 38%] [32mBuilding CXX object CMakeFiles/correct_msgs__rosidl_typesupport_cpp.dir/rosidl_typesupport_cpp/correct_msgs/srv/get_transform__type_support.cpp.o[0m
[35m[1mConsolidate compiler generated dependencies of target correct_msgs__rosidl_typesupport_fastrtps_cpp[0m
[ 40%] [32mBuilding CXX object CMakeFiles/correct_msgs__rosidl_typesupport_fastrtps_cpp.dir/rosidl_typesupport_fastrtps_cpp/correct_msgs/action/detail/dds_fastrtps/fibonnaci__type_support.cpp.o[0m
[ 42%] [32mBuilding CXX object CMakeFiles/correct_msgs__rosidl_typesupport_fastrtps_cpp.dir/rosidl_typesupport_fastrtps_cpp/correct_msgs/srv/detail/dds_fastrtps/add_two_ints__type_support.cpp.o[0m
[ 44%] [32mBuilding CXX object CMakeFiles/correct_msgs__rosidl_typesupport_fastrtps_cpp.dir/rosidl_typesupport_fastrtps_cpp/correct_msgs/srv/detail/dds_fastrtps/get_transform__type_support.cpp.o[0m
[35m[1mConsolidate compiler generated dependencies of target correct_msgs__rosidl_typesupport_c[0m
[ 46%] [32mBuilding CXX object CMakeFiles/correct_msgs__rosidl_typesupport_c.dir/rosidl_typesupport_c/correct_msgs/action/fibonnaci__type_support.cpp.o[0m
[35m[1mConsolidate compiler generated dependencies of target correct_msgs__rosidl_typesupport_introspection_c[0m
[ 48%] [32mBuilding C object CMakeFiles/correct_msgs__rosidl_typesupport_introspection_c.dir/rosidl_typesupport_introspection_c/correct_msgs/action/detail/fibonnaci__type_support.c.o[0m
[ 51%] [32mBuilding CXX object CMakeFiles/correct_msgs__rosidl_typesupport_c.dir/rosidl_typesupport_c/correct_msgs/srv/add_two_ints__type_support.cpp.o[0m
[ 53%] [32mBuilding C object CMakeFiles/correct_msgs__rosidl_typesupport_introspection_c.dir/rosidl_typesupport_introspection_c/correct_msgs/srv/detail/add_two_ints__type_support.c.o[0m
[ 55%] [32mBuilding C object CMakeFiles/correct_msgs__rosidl_typesupport_introspection_c.dir/rosidl_typesupport_introspection_c/correct_msgs/srv/detail/get_transform__type_support.c.o[0m
[ 57%] [32mBuilding CXX object CMakeFiles/correct_msgs__rosidl_typesupport_c.dir/rosidl_typesupport_c/correct_msgs/srv/get_transform__type_support.cpp.o[0m
[35m[1mConsolidate compiler generated dependencies of target correct_msgs__rosidl_typesupport_fastrtps_c[0m
[ 59%] [32m[1mLinking C shared library libcorrect_msgs__rosidl_typesupport_introspection_c.so[0m
[ 61%] [32mBuilding CXX object CMakeFiles/correct_msgs__rosidl_typesupport_fastrtps_c.dir/rosidl_typesupport_fastrtps_c/correct_msgs/action/detail/fibonnaci__type_support_c.cpp.o[0m
[ 63%] [32mBuilding CXX object CMakeFiles/correct_msgs__rosidl_typesupport_fastrtps_c.dir/rosidl_typesupport_fastrtps_c/correct_msgs/srv/detail/add_two_ints__type_support_c.cpp.o[0m
[ 65%] [32mBuilding CXX object CMakeFiles/correct_msgs__rosidl_typesupport_fastrtps_c.dir/rosidl_typesupport_fastrtps_c/correct_msgs/srv/detail/get_transform__type_support_c.cpp.o[0m
[ 68%] [32m[1mLinking CXX shared library libcorrect_msgs__rosidl_typesupport_c.so[0m
[ 68%] Built target correct_msgs__rosidl_typesupport_introspection_c
[ 68%] Built target correct_msgs__rosidl_typesupport_c
[ 70%] [32m[1mLinking CXX shared library libcorrect_msgs__rosidl_typesupport_cpp.so[0m
[ 70%] Built target correct_msgs__rosidl_typesupport_cpp
[ 72%] [32m[1mLinking CXX shared library libcorrect_msgs__rosidl_typesupport_introspection_cpp.so[0m
[ 72%] Built target correct_msgs__rosidl_typesupport_introspection_cpp
[ 74%] [32m[1mLinking CXX shared library libcorrect_msgs__rosidl_typesupport_fastrtps_cpp.so[0m
[ 76%] [32m[1mLinking CXX shared library libcorrect_msgs__rosidl_typesupport_fastrtps_c.so[0m
[ 76%] Built target correct_msgs__rosidl_typesupport_fastrtps_cpp
[ 76%] Built target correct_msgs__rosidl_typesupport_fastrtps_c
[ 76%] Built target correct_msgs
[ 78%] [34m[1mGenerating Python code for ROS interfaces[0m
[ 78%] Built target correct_msgs__py
[35m[1mConsolidate compiler generated dependencies of target correct_msgs__rosidl_generator_py[0m
[ 80%] [32mBuilding C object CMakeFiles/correct_msgs__rosidl_generator_py.dir/rosidl_generator_py/correct_msgs/action/_fibonnaci_s.c.o[0m
[ 82%] [32mBuilding C object CMakeFiles/correct_msgs__rosidl_generator_py.dir/rosidl_generator_py/correct_msgs/srv/_add_two_ints_s.c.o[0m
[ 85%] [32mBuilding C object CMakeFiles/correct_msgs__rosidl_generator_py.dir/rosidl_generator_py/correct_msgs/srv/_get_transform_s.c.o[0m
[ 87%] [32m[1mLinking C shared library rosidl_generator_py/correct_msgs/libcorrect_msgs__rosidl_generator_py.so[0m
[ 87%] Built target correct_msgs__rosidl_generator_py
[35m[1mConsolidate compiler generated dependencies of target correct_msgs__rosidl_typesupport_c__pyext[0m
[35m[1mConsolidate compiler generated dependencies of target correct_msgs__rosidl_typesupport_fastrtps_c__pyext[0m
[35m[1mConsolidate compiler generated dependencies of target correct_msgs__rosidl_typesupport_introspection_c__pyext[0m
[ 91%] [32mBuilding C object CMakeFiles/correct_msgs__rosidl_typesupport_c__pyext.dir/rosidl_generator_py/correct_msgs/_correct_msgs_s.ep.rosidl_typesupport_c.c.o[0m
[ 91%] [32mBuilding C object CMakeFiles/correct_msgs__rosidl_typesupport_introspection_c__pyext.dir/rosidl_generator_py/correct_msgs/_correct_msgs_s.ep.rosidl_typesupport_introspection_c.c.o[0m
[ 93%] [32mBuilding C object CMakeFiles/correct_msgs__rosidl_typesupport_fastrtps_c__pyext.dir/rosidl_generator_py/correct_msgs/_correct_msgs_s.ep.rosidl_typesupport_fastrtps_c.c.o[0m
[ 95%] [32m[1mLinking C shared library rosidl_generator_py/correct_msgs/correct_msgs_s__rosidl_typesupport_c.cpython-310-x86_64-linux-gnu.so[0m
[ 97%] [32m[1mLinking C shared library rosidl_generator_py/correct_msgs/correct_msgs_s__rosidl_typesupport_introspection_c.cpython-310-x86_64-linux-gnu.so[0m
[100%] [32m[1mLinking C shared library rosidl_generator_py/correct_msgs/correct_msgs_s__rosidl_typesupport_fastrtps_c.cpython-310-x86_64-linux-gnu.so[0m
[100%] Built target correct_msgs__rosidl_typesupport_c__pyext
[100%] Built target correct_msgs__rosidl_typesupport_introspection_c__pyext
[100%] Built target correct_msgs__rosidl_typesupport_fastrtps_c__pyext
-- Install configuration: ""
-- Installing: /home/louwee/correct_ws/install/correct_msgs/share/ament_index/resource_index/rosidl_interfaces/correct_msgs
-- Up-to-date: /home/louwee/correct_ws/install/correct_msgs/include/correct_msgs/correct_msgs
-- Up-to-date: /home/louwee/correct_ws/install/correct_msgs/include/correct_msgs/correct_msgs/srv
-- Installing: /home/louwee/correct_ws/install/correct_msgs/include/correct_msgs/correct_msgs/srv/add_two_ints.h
-- Up-to-date: /home/louwee/correct_ws/install/correct_msgs/include/correct_msgs/correct_msgs/srv/detail
-- Installing: /home/louwee/correct_ws/install/correct_msgs/include/correct_msgs/correct_msgs/srv/detail/add_two_ints__functions.h
-- Installing: /home/louwee/correct_ws/install/correct_msgs/include/correct_msgs/correct_msgs/srv/detail/get_transform__struct.h
-- Installing: /home/louwee/correct_ws/install/correct_msgs/include/correct_msgs/correct_msgs/srv/detail/add_two_ints__struct.h
-- Installing: /home/louwee/correct_ws/install/correct_msgs/include/correct_msgs/correct_msgs/srv/detail/get_transform__functions.h
-- Installing: /home/louwee/correct_ws/install/correct_msgs/include/correct_msgs/correct_msgs/srv/detail/add_two_ints__type_support.h
-- Installing: /home/louwee/correct_ws/install/correct_msgs/include/correct_msgs/correct_msgs/srv/detail/get_transform__functions.c
-- Installing: /home/louwee/correct_ws/install/correct_msgs/include/correct_msgs/correct_msgs/srv/detail/add_two_ints__functions.c
-- Installing: /home/louwee/correct_ws/install/correct_msgs/include/correct_msgs/correct_msgs/srv/detail/get_transform__type_support.h
-- Installing: /home/louwee/correct_ws/install/correct_msgs/include/correct_msgs/correct_msgs/srv/get_transform.h
-- Up-to-date: /home/louwee/correct_ws/install/correct_msgs/include/correct_msgs/correct_msgs/msg
-- Up-to-date: /home/louwee/correct_ws/install/correct_msgs/include/correct_msgs/correct_msgs/msg/rosidl_generator_c__visibility_control.h
-- Installing: /home/louwee/correct_ws/install/correct_msgs/include/correct_msgs/correct_msgs/action
-- Installing: /home/louwee/correct_ws/install/correct_msgs/include/correct_msgs/correct_msgs/action/fibonnaci.h
-- Installing: /home/louwee/correct_ws/install/correct_msgs/include/correct_msgs/correct_msgs/action/detail
-- Installing: /home/louwee/correct_ws/install/correct_msgs/include/correct_msgs/correct_msgs/action/detail/fibonnaci__type_support.h
-- Installing: /home/louwee/correct_ws/install/correct_msgs/include/correct_msgs/correct_msgs/action/detail/fibonnaci__functions.h
-- Installing: /home/louwee/correct_ws/install/correct_msgs/include/correct_msgs/correct_msgs/action/detail/fibonnaci__struct.h
-- Installing: /home/louwee/correct_ws/install/correct_msgs/include/correct_msgs/correct_msgs/action/detail/fibonnaci__functions.c
-- Up-to-date: /home/louwee/correct_ws/install/correct_msgs/share/correct_msgs/environment/library_path.sh
-- Installing: /home/louwee/correct_ws/install/correct_msgs/share/correct_msgs/environment/library_path.dsv
-- Installing: /home/louwee/correct_ws/install/correct_msgs/lib/libcorrect_msgs__rosidl_generator_c.so
-- Set runtime path of "/home/louwee/correct_ws/install/correct_msgs/lib/libcorrect_msgs__rosidl_generator_c.so" to ""
-- Up-to-date: /home/louwee/correct_ws/install/correct_msgs/include/correct_msgs/correct_msgs
-- Up-to-date: /home/louwee/correct_ws/install/correct_msgs/include/correct_msgs/correct_msgs/srv
-- Up-to-date: /home/louwee/correct_ws/install/correct_msgs/include/correct_msgs/correct_msgs/srv/detail
-- Installing: /home/louwee/correct_ws/install/correct_msgs/include/correct_msgs/correct_msgs/srv/detail/get_transform__rosidl_typesupport_fastrtps_c.h
-- Installing: /home/louwee/correct_ws/install/correct_msgs/include/correct_msgs/correct_msgs/srv/detail/add_two_ints__rosidl_typesupport_fastrtps_c.h
-- Up-to-date: /home/louwee/correct_ws/install/correct_msgs/include/correct_msgs/correct_msgs/msg
-- Up-to-date: /home/louwee/correct_ws/install/correct_msgs/include/correct_msgs/correct_msgs/msg/rosidl_typesupport_fastrtps_c__visibility_control.h
-- Up-to-date: /home/louwee/correct_ws/install/correct_msgs/include/correct_msgs/correct_msgs/action
-- Up-to-date: /home/louwee/correct_ws/install/correct_msgs/include/correct_msgs/correct_msgs/action/detail
-- Installing: /home/louwee/correct_ws/install/correct_msgs/include/correct_msgs/correct_msgs/action/detail/fibonnaci__rosidl_typesupport_fastrtps_c.h
-- Installing: /home/louwee/correct_ws/install/correct_msgs/lib/libcorrect_msgs__rosidl_typesupport_fastrtps_c.so
-- Set runtime path of "/home/louwee/correct_ws/install/correct_msgs/lib/libcorrect_msgs__rosidl_typesupport_fastrtps_c.so" to ""
-- Up-to-date: /home/louwee/correct_ws/install/correct_msgs/include/correct_msgs/correct_msgs
-- Up-to-date: /home/louwee/correct_ws/install/correct_msgs/include/correct_msgs/correct_msgs/srv
-- Installing: /home/louwee/correct_ws/install/correct_msgs/include/correct_msgs/correct_msgs/srv/get_transform.hpp
-- Up-to-date: /home/louwee/correct_ws/install/correct_msgs/include/correct_msgs/correct_msgs/srv/detail
-- Installing: /home/louwee/correct_ws/install/correct_msgs/include/correct_msgs/correct_msgs/srv/detail/get_transform__type_support.hpp
-- Installing: /home/louwee/correct_ws/install/correct_msgs/include/correct_msgs/correct_msgs/srv/detail/add_two_ints__builder.hpp
-- Installing: /home/louwee/correct_ws/install/correct_msgs/include/correct_msgs/correct_msgs/srv/detail/add_two_ints__type_support.hpp
-- Installing: /home/louwee/correct_ws/install/correct_msgs/include/correct_msgs/correct_msgs/srv/detail/get_transform__traits.hpp
-- Installing: /home/louwee/correct_ws/install/correct_msgs/include/correct_msgs/correct_msgs/srv/detail/get_transform__builder.hpp
-- Installing: /home/louwee/correct_ws/install/correct_msgs/include/correct_msgs/correct_msgs/srv/detail/add_two_ints__traits.hpp
-- Installing: /home/louwee/correct_ws/install/correct_msgs/include/correct_msgs/correct_msgs/srv/detail/get_transform__struct.hpp
-- Installing: /home/louwee/correct_ws/install/correct_msgs/include/correct_msgs/correct_msgs/srv/detail/add_two_ints__struct.hpp
-- Installing: /home/louwee/correct_ws/install/correct_msgs/include/correct_msgs/correct_msgs/srv/add_two_ints.hpp
-- Up-to-date: /home/louwee/correct_ws/install/correct_msgs/include/correct_msgs/correct_msgs/msg
-- Up-to-date: /home/louwee/correct_ws/install/correct_msgs/include/correct_msgs/correct_msgs/msg/rosidl_generator_cpp__visibility_control.hpp
-- Up-to-date: /home/louwee/correct_ws/install/correct_msgs/include/correct_msgs/correct_msgs/action
-- Up-to-date: /home/louwee/correct_ws/install/correct_msgs/include/correct_msgs/correct_msgs/action/detail
-- Installing: /home/louwee/correct_ws/install/correct_msgs/include/correct_msgs/correct_msgs/action/detail/fibonnaci__struct.hpp
-- Installing: /home/louwee/correct_ws/install/correct_msgs/include/correct_msgs/correct_msgs/action/detail/fibonnaci__type_support.hpp
-- Installing: /home/louwee/correct_ws/install/correct_msgs/include/correct_msgs/correct_msgs/action/detail/fibonnaci__builder.hpp
-- Installing: /home/louwee/correct_ws/install/correct_msgs/include/correct_msgs/correct_msgs/action/detail/fibonnaci__traits.hpp
-- Installing: /home/louwee/correct_ws/install/correct_msgs/include/correct_msgs/correct_msgs/action/fibonnaci.hpp
-- Up-to-date: /home/louwee/correct_ws/install/correct_msgs/include/correct_msgs/correct_msgs
-- Up-to-date: /home/louwee/correct_ws/install/correct_msgs/include/correct_msgs/correct_msgs/srv
-- Up-to-date: /home/louwee/correct_ws/install/correct_msgs/include/correct_msgs/correct_msgs/srv/detail
-- Installing: /home/louwee/correct_ws/install/correct_msgs/include/correct_msgs/correct_msgs/srv/detail/get_transform__rosidl_typesupport_fastrtps_cpp.hpp
-- Up-to-date: /home/louwee/correct_ws/install/correct_msgs/include/correct_msgs/correct_msgs/srv/detail/dds_fastrtps
-- Installing: /home/louwee/correct_ws/install/correct_msgs/include/correct_msgs/correct_msgs/srv/detail/add_two_ints__rosidl_typesupport_fastrtps_cpp.hpp
-- Up-to-date: /home/louwee/correct_ws/install/correct_msgs/include/correct_msgs/correct_msgs/msg
-- Up-to-date: /home/louwee/correct_ws/install/correct_msgs/include/correct_msgs/correct_msgs/msg/rosidl_typesupport_fastrtps_cpp__visibility_control.h
-- Up-to-date: /home/louwee/correct_ws/install/correct_msgs/include/correct_msgs/correct_msgs/action
-- Up-to-date: /home/louwee/correct_ws/install/correct_msgs/include/correct_msgs/correct_msgs/action/detail
-- Installing: /home/louwee/correct_ws/install/correct_msgs/include/correct_msgs/correct_msgs/action/detail/fibonnaci__rosidl_typesupport_fastrtps_cpp.hpp
-- Installing: /home/louwee/correct_ws/install/correct_msgs/include/correct_msgs/correct_msgs/action/detail/dds_fastrtps
-- Installing: /home/louwee/correct_ws/install/correct_msgs/lib/libcorrect_msgs__rosidl_typesupport_fastrtps_cpp.so
-- Set runtime path of "/home/louwee/correct_ws/install/correct_msgs/lib/libcorrect_msgs__rosidl_typesupport_fastrtps_cpp.so" to ""
-- Up-to-date: /home/louwee/correct_ws/install/correct_msgs/include/correct_msgs/correct_msgs
-- Up-to-date: /home/louwee/correct_ws/install/correct_msgs/include/correct_msgs/correct_msgs/srv
-- Up-to-date: /home/louwee/correct_ws/install/correct_msgs/include/correct_msgs/correct_msgs/srv/detail
-- Installing: /home/louwee/correct_ws/install/correct_msgs/include/correct_msgs/correct_msgs/srv/detail/add_two_ints__type_support.c
-- Installing: /home/louwee/correct_ws/install/correct_msgs/include/correct_msgs/correct_msgs/srv/detail/get_transform__type_support.c
-- Installing: /home/louwee/correct_ws/install/correct_msgs/include/correct_msgs/correct_msgs/srv/detail/get_transform__rosidl_typesupport_introspection_c.h
-- Installing: /home/louwee/correct_ws/install/correct_msgs/include/correct_msgs/correct_msgs/srv/detail/add_two_ints__rosidl_typesupport_introspection_c.h
-- Up-to-date: /home/louwee/correct_ws/install/correct_msgs/include/correct_msgs/correct_msgs/msg
-- Up-to-date: /home/louwee/correct_ws/install/correct_msgs/include/correct_msgs/correct_msgs/msg/rosidl_typesupport_introspection_c__visibility_control.h
-- Up-to-date: /home/louwee/correct_ws/install/correct_msgs/include/correct_msgs/correct_msgs/action
-- Up-to-date: /home/louwee/correct_ws/install/correct_msgs/include/correct_msgs/correct_msgs/action/detail
-- Installing: /home/louwee/correct_ws/install/correct_msgs/include/correct_msgs/correct_msgs/action/detail/fibonnaci__type_support.c
-- Installing: /home/louwee/correct_ws/install/correct_msgs/include/correct_msgs/correct_msgs/action/detail/fibonnaci__rosidl_typesupport_introspection_c.h
-- Installing: /home/louwee/correct_ws/install/correct_msgs/lib/libcorrect_msgs__rosidl_typesupport_introspection_c.so
-- Set runtime path of "/home/louwee/correct_ws/install/correct_msgs/lib/libcorrect_msgs__rosidl_typesupport_introspection_c.so" to ""
-- Installing: /home/louwee/correct_ws/install/correct_msgs/lib/libcorrect_msgs__rosidl_typesupport_c.so
-- Set runtime path of "/home/louwee/correct_ws/install/correct_msgs/lib/libcorrect_msgs__rosidl_typesupport_c.so" to ""
-- Up-to-date: /home/louwee/correct_ws/install/correct_msgs/include/correct_msgs/correct_msgs
-- Up-to-date: /home/louwee/correct_ws/install/correct_msgs/include/correct_msgs/correct_msgs/srv
-- Up-to-date: /home/louwee/correct_ws/install/correct_msgs/include/correct_msgs/correct_msgs/srv/detail
-- Installing: /home/louwee/correct_ws/install/correct_msgs/include/correct_msgs/correct_msgs/srv/detail/get_transform__type_support.cpp
-- Installing: /home/louwee/correct_ws/install/correct_msgs/include/correct_msgs/correct_msgs/srv/detail/add_two_ints__type_support.cpp
-- Installing: /home/louwee/correct_ws/install/correct_msgs/include/correct_msgs/correct_msgs/srv/detail/add_two_ints__rosidl_typesupport_introspection_cpp.hpp
-- Installing: /home/louwee/correct_ws/install/correct_msgs/include/correct_msgs/correct_msgs/srv/detail/get_transform__rosidl_typesupport_introspection_cpp.hpp
-- Up-to-date: /home/louwee/correct_ws/install/correct_msgs/include/correct_msgs/correct_msgs/action
-- Up-to-date: /home/louwee/correct_ws/install/correct_msgs/include/correct_msgs/correct_msgs/action/detail
-- Installing: /home/louwee/correct_ws/install/correct_msgs/include/correct_msgs/correct_msgs/action/detail/fibonnaci__type_support.cpp
-- Installing: /home/louwee/correct_ws/install/correct_msgs/include/correct_msgs/correct_msgs/action/detail/fibonnaci__rosidl_typesupport_introspection_cpp.hpp
-- Installing: /home/louwee/correct_ws/install/correct_msgs/lib/libcorrect_msgs__rosidl_typesupport_introspection_cpp.so
-- Set runtime path of "/home/louwee/correct_ws/install/correct_msgs/lib/libcorrect_msgs__rosidl_typesupport_introspection_cpp.so" to ""
-- Installing: /home/louwee/correct_ws/install/correct_msgs/lib/libcorrect_msgs__rosidl_typesupport_cpp.so
-- Set runtime path of "/home/louwee/correct_ws/install/correct_msgs/lib/libcorrect_msgs__rosidl_typesupport_cpp.so" to ""
-- Up-to-date: /home/louwee/correct_ws/install/correct_msgs/share/correct_msgs/environment/pythonpath.sh
-- Installing: /home/louwee/correct_ws/install/correct_msgs/share/correct_msgs/environment/pythonpath.dsv
-- Up-to-date: /home/louwee/correct_ws/install/correct_msgs/local/lib/python3.10/dist-packages/correct_msgs-0.0.0-py3.10.egg-info
-- Installing: /home/louwee/correct_ws/install/correct_msgs/local/lib/python3.10/dist-packages/correct_msgs-0.0.0-py3.10.egg-info/top_level.txt
-- Installing: /home/louwee/correct_ws/install/correct_msgs/local/lib/python3.10/dist-packages/correct_msgs-0.0.0-py3.10.egg-info/PKG-INFO
-- Installing: /home/louwee/correct_ws/install/correct_msgs/local/lib/python3.10/dist-packages/correct_msgs-0.0.0-py3.10.egg-info/dependency_links.txt
-- Installing: /home/louwee/correct_ws/install/correct_msgs/local/lib/python3.10/dist-packages/correct_msgs-0.0.0-py3.10.egg-info/SOURCES.txt
-- Up-to-date: /home/louwee/correct_ws/install/correct_msgs/local/lib/python3.10/dist-packages/correct_msgs
-- Installing: /home/louwee/correct_ws/install/correct_msgs/local/lib/python3.10/dist-packages/correct_msgs/_correct_msgs_s.ep.rosidl_typesupport_c.c
-- Up-to-date: /home/louwee/correct_ws/install/correct_msgs/local/lib/python3.10/dist-packages/correct_msgs/srv
-- Installing: /home/louwee/correct_ws/install/correct_msgs/local/lib/python3.10/dist-packages/correct_msgs/srv/_add_two_ints.py
-- Installing: /home/louwee/correct_ws/install/correct_msgs/local/lib/python3.10/dist-packages/correct_msgs/srv/__init__.py
-- Installing: /home/louwee/correct_ws/install/correct_msgs/local/lib/python3.10/dist-packages/correct_msgs/srv/_get_transform.py
-- Installing: /home/louwee/correct_ws/install/correct_msgs/local/lib/python3.10/dist-packages/correct_msgs/srv/_get_transform_s.c
-- Installing: /home/louwee/correct_ws/install/correct_msgs/local/lib/python3.10/dist-packages/correct_msgs/srv/_add_two_ints_s.c
-- Installing: /home/louwee/correct_ws/install/correct_msgs/local/lib/python3.10/dist-packages/correct_msgs/__init__.py
-- Installing: /home/louwee/correct_ws/install/correct_msgs/local/lib/python3.10/dist-packages/correct_msgs/_correct_msgs_s.ep.rosidl_typesupport_fastrtps_c.c
-- Installing: /home/louwee/correct_ws/install/correct_msgs/local/lib/python3.10/dist-packages/correct_msgs/correct_msgs_s__rosidl_typesupport_c.cpython-310-x86_64-linux-gnu.so
-- Installing: /home/louwee/correct_ws/install/correct_msgs/local/lib/python3.10/dist-packages/correct_msgs/_correct_msgs_s.ep.rosidl_typesupport_introspection_c.c
-- Installing: /home/louwee/correct_ws/install/correct_msgs/local/lib/python3.10/dist-packages/correct_msgs/correct_msgs_s__rosidl_typesupport_fastrtps_c.cpython-310-x86_64-linux-gnu.so
-- Installing: /home/louwee/correct_ws/install/correct_msgs/local/lib/python3.10/dist-packages/correct_msgs/correct_msgs_s__rosidl_typesupport_introspection_c.cpython-310-x86_64-linux-gnu.so
-- Installing: /home/louwee/correct_ws/install/correct_msgs/local/lib/python3.10/dist-packages/correct_msgs/action
-- Installing: /home/louwee/correct_ws/install/correct_msgs/local/lib/python3.10/dist-packages/correct_msgs/action/__init__.py
-- Installing: /home/louwee/correct_ws/install/correct_msgs/local/lib/python3.10/dist-packages/correct_msgs/action/_fibonnaci.py
-- Installing: /home/louwee/correct_ws/install/correct_msgs/local/lib/python3.10/dist-packages/correct_msgs/action/_fibonnaci_s.c
-- Installing: /home/louwee/correct_ws/install/correct_msgs/local/lib/python3.10/dist-packages/correct_msgs/libcorrect_msgs__rosidl_generator_py.so
Listing '/home/louwee/correct_ws/install/correct_msgs/local/lib/python3.10/dist-packages/correct_msgs'...
Compiling '/home/louwee/correct_ws/install/correct_msgs/local/lib/python3.10/dist-packages/correct_msgs/__init__.py'...
Listing '/home/louwee/correct_ws/install/correct_msgs/local/lib/python3.10/dist-packages/correct_msgs/action'...
Compiling '/home/louwee/correct_ws/install/correct_msgs/local/lib/python3.10/dist-packages/correct_msgs/action/__init__.py'...
Compiling '/home/louwee/correct_ws/install/correct_msgs/local/lib/python3.10/dist-packages/correct_msgs/action/_fibonnaci.py'...
Listing '/home/louwee/correct_ws/install/correct_msgs/local/lib/python3.10/dist-packages/correct_msgs/srv'...
Compiling '/home/louwee/correct_ws/install/correct_msgs/local/lib/python3.10/dist-packages/correct_msgs/srv/__init__.py'...
Compiling '/home/louwee/correct_ws/install/correct_msgs/local/lib/python3.10/dist-packages/correct_msgs/srv/_add_two_ints.py'...
Compiling '/home/louwee/correct_ws/install/correct_msgs/local/lib/python3.10/dist-packages/correct_msgs/srv/_get_transform.py'...
-- Installing: /home/louwee/correct_ws/install/correct_msgs/local/lib/python3.10/dist-packages/correct_msgs/correct_msgs_s__rosidl_typesupport_fastrtps_c.cpython-310-x86_64-linux-gnu.so
-- Set runtime path of "/home/louwee/correct_ws/install/correct_msgs/local/lib/python3.10/dist-packages/correct_msgs/correct_msgs_s__rosidl_typesupport_fastrtps_c.cpython-310-x86_64-linux-gnu.so" to ""
-- Installing: /home/louwee/correct_ws/install/correct_msgs/local/lib/python3.10/dist-packages/correct_msgs/correct_msgs_s__rosidl_typesupport_introspection_c.cpython-310-x86_64-linux-gnu.so
-- Set runtime path of "/home/louwee/correct_ws/install/correct_msgs/local/lib/python3.10/dist-packages/correct_msgs/correct_msgs_s__rosidl_typesupport_introspection_c.cpython-310-x86_64-linux-gnu.so" to ""
-- Installing: /home/louwee/correct_ws/install/correct_msgs/local/lib/python3.10/dist-packages/correct_msgs/correct_msgs_s__rosidl_typesupport_c.cpython-310-x86_64-linux-gnu.so
-- Set runtime path of "/home/louwee/correct_ws/install/correct_msgs/local/lib/python3.10/dist-packages/correct_msgs/correct_msgs_s__rosidl_typesupport_c.cpython-310-x86_64-linux-gnu.so" to ""
-- Installing: /home/louwee/correct_ws/install/correct_msgs/lib/libcorrect_msgs__rosidl_generator_py.so
-- Set runtime path of "/home/louwee/correct_ws/install/correct_msgs/lib/libcorrect_msgs__rosidl_generator_py.so" to ""
-- Installing: /home/louwee/correct_ws/install/correct_msgs/share/correct_msgs/action/Fibonnaci.idl
-- Up-to-date: /home/louwee/correct_ws/install/correct_msgs/share/correct_msgs/srv/AddTwoInts.idl
-- Up-to-date: /home/louwee/correct_ws/install/correct_msgs/share/correct_msgs/srv/GetTransform.idl
-- Installing: /home/louwee/correct_ws/install/correct_msgs/share/correct_msgs/action/Fibonnaci.action
-- Up-to-date: /home/louwee/correct_ws/install/correct_msgs/share/correct_msgs/srv/AddTwoInts.srv
-- Up-to-date: /home/louwee/correct_ws/install/correct_msgs/share/correct_msgs/srv/AddTwoInts_Request.msg
-- Up-to-date: /home/louwee/correct_ws/install/correct_msgs/share/correct_msgs/srv/AddTwoInts_Response.msg
-- Up-to-date: /home/louwee/correct_ws/install/correct_msgs/share/correct_msgs/srv/GetTransform.srv
-- Up-to-date: /home/louwee/correct_ws/install/correct_msgs/share/correct_msgs/srv/GetTransform_Request.msg
-- Up-to-date: /home/louwee/correct_ws/install/correct_msgs/share/correct_msgs/srv/GetTransform_Response.msg
-- Up-to-date: /home/louwee/correct_ws/install/correct_msgs/share/ament_index/resource_index/package_run_dependencies/correct_msgs
-- Up-to-date: /home/louwee/correct_ws/install/correct_msgs/share/ament_index/resource_index/parent_prefix_path/correct_msgs
-- Up-to-date: /home/louwee/correct_ws/install/correct_msgs/share/correct_msgs/environment/ament_prefix_path.sh
-- Installing: /home/louwee/correct_ws/install/correct_msgs/share/correct_msgs/environment/ament_prefix_path.dsv
-- Up-to-date: /home/louwee/correct_ws/install/correct_msgs/share/correct_msgs/environment/path.sh
-- Installing: /home/louwee/correct_ws/install/correct_msgs/share/correct_msgs/environment/path.dsv
-- Up-to-date: /home/louwee/correct_ws/install/correct_msgs/share/correct_msgs/local_setup.bash
-- Up-to-date: /home/louwee/correct_ws/install/correct_msgs/share/correct_msgs/local_setup.sh
-- Up-to-date: /home/louwee/correct_ws/install/correct_msgs/share/correct_msgs/local_setup.zsh
-- Installing: /home/louwee/correct_ws/install/correct_msgs/share/correct_msgs/local_setup.dsv
-- Installing: /home/louwee/correct_ws/install/correct_msgs/share/correct_msgs/package.dsv
-- Up-to-date: /home/louwee/correct_ws/install/correct_msgs/share/ament_index/resource_index/packages/correct_msgs
-- Old export file "/home/louwee/correct_ws/install/correct_msgs/share/correct_msgs/cmake/export_correct_msgs__rosidl_generator_cExport.cmake" will be replaced.  Removing files [/home/louwee/correct_ws/install/correct_msgs/share/correct_msgs/cmake/export_correct_msgs__rosidl_generator_cExport-noconfig.cmake].
-- Installing: /home/louwee/correct_ws/install/correct_msgs/share/correct_msgs/cmake/export_correct_msgs__rosidl_generator_cExport.cmake
-- Installing: /home/louwee/correct_ws/install/correct_msgs/share/correct_msgs/cmake/export_correct_msgs__rosidl_generator_cExport-noconfig.cmake
-- Old export file "/home/louwee/correct_ws/install/correct_msgs/share/correct_msgs/cmake/export_correct_msgs__rosidl_typesupport_fastrtps_cExport.cmake" will be replaced.  Removing files [/home/louwee/correct_ws/install/correct_msgs/share/correct_msgs/cmake/export_correct_msgs__rosidl_typesupport_fastrtps_cExport-noconfig.cmake].
-- Installing: /home/louwee/correct_ws/install/correct_msgs/share/correct_msgs/cmake/export_correct_msgs__rosidl_typesupport_fastrtps_cExport.cmake
-- Installing: /home/louwee/correct_ws/install/correct_msgs/share/correct_msgs/cmake/export_correct_msgs__rosidl_typesupport_fastrtps_cExport-noconfig.cmake
-- Installing: /home/louwee/correct_ws/install/correct_msgs/share/correct_msgs/cmake/export_correct_msgs__rosidl_generator_cppExport.cmake
-- Old export file "/home/louwee/correct_ws/install/correct_msgs/share/correct_msgs/cmake/export_correct_msgs__rosidl_typesupport_fastrtps_cppExport.cmake" will be replaced.  Removing files [/home/louwee/correct_ws/install/correct_msgs/share/correct_msgs/cmake/export_correct_msgs__rosidl_typesupport_fastrtps_cppExport-noconfig.cmake].
-- Installing: /home/louwee/correct_ws/install/correct_msgs/share/correct_msgs/cmake/export_correct_msgs__rosidl_typesupport_fastrtps_cppExport.cmake
-- Installing: /home/louwee/correct_ws/install/correct_msgs/share/correct_msgs/cmake/export_correct_msgs__rosidl_typesupport_fastrtps_cppExport-noconfig.cmake
-- Old export file "/home/louwee/correct_ws/install/correct_msgs/share/correct_msgs/cmake/correct_msgs__rosidl_typesupport_introspection_cExport.cmake" will be replaced.  Removing files [/home/louwee/correct_ws/install/correct_msgs/share/correct_msgs/cmake/correct_msgs__rosidl_typesupport_introspection_cExport-noconfig.cmake].
-- Installing: /home/louwee/correct_ws/install/correct_msgs/share/correct_msgs/cmake/correct_msgs__rosidl_typesupport_introspection_cExport.cmake
-- Installing: /home/louwee/correct_ws/install/correct_msgs/share/correct_msgs/cmake/correct_msgs__rosidl_typesupport_introspection_cExport-noconfig.cmake
-- Old export file "/home/louwee/correct_ws/install/correct_msgs/share/correct_msgs/cmake/correct_msgs__rosidl_typesupport_cExport.cmake" will be replaced.  Removing files [/home/louwee/correct_ws/install/correct_msgs/share/correct_msgs/cmake/correct_msgs__rosidl_typesupport_cExport-noconfig.cmake].
-- Installing: /home/louwee/correct_ws/install/correct_msgs/share/correct_msgs/cmake/correct_msgs__rosidl_typesupport_cExport.cmake
-- Installing: /home/louwee/correct_ws/install/correct_msgs/share/correct_msgs/cmake/correct_msgs__rosidl_typesupport_cExport-noconfig.cmake
-- Old export file "/home/louwee/correct_ws/install/correct_msgs/share/correct_msgs/cmake/correct_msgs__rosidl_typesupport_introspection_cppExport.cmake" will be replaced.  Removing files [/home/louwee/correct_ws/install/correct_msgs/share/correct_msgs/cmake/correct_msgs__rosidl_typesupport_introspection_cppExport-noconfig.cmake].
-- Installing: /home/louwee/correct_ws/install/correct_msgs/share/correct_msgs/cmake/correct_msgs__rosidl_typesupport_introspection_cppExport.cmake
-- Installing: /home/louwee/correct_ws/install/correct_msgs/share/correct_msgs/cmake/correct_msgs__rosidl_typesupport_introspection_cppExport-noconfig.cmake
-- Old export file "/home/louwee/correct_ws/install/correct_msgs/share/correct_msgs/cmake/correct_msgs__rosidl_typesupport_cppExport.cmake" will be replaced.  Removing files [/home/louwee/correct_ws/install/correct_msgs/share/correct_msgs/cmake/correct_msgs__rosidl_typesupport_cppExport-noconfig.cmake].
-- Installing: /home/louwee/correct_ws/install/correct_msgs/share/correct_msgs/cmake/correct_msgs__rosidl_typesupport_cppExport.cmake
-- Installing: /home/louwee/correct_ws/install/correct_msgs/share/correct_msgs/cmake/correct_msgs__rosidl_typesupport_cppExport-noconfig.cmake
-- Old export file "/home/louwee/correct_ws/install/correct_msgs/share/correct_msgs/cmake/export_correct_msgs__rosidl_generator_pyExport.cmake" will be replaced.  Removing files [/home/louwee/correct_ws/install/correct_msgs/share/correct_msgs/cmake/export_correct_msgs__rosidl_generator_pyExport-noconfig.cmake].
-- Installing: /home/louwee/correct_ws/install/correct_msgs/share/correct_msgs/cmake/export_correct_msgs__rosidl_generator_pyExport.cmake
-- Installing: /home/louwee/correct_ws/install/correct_msgs/share/correct_msgs/cmake/export_correct_msgs__rosidl_generator_pyExport-noconfig.cmake
-- Installing: /home/louwee/correct_ws/install/correct_msgs/share/correct_msgs/cmake/rosidl_cmake-extras.cmake
-- Installing: /home/louwee/correct_ws/install/correct_msgs/share/correct_msgs/cmake/ament_cmake_export_dependencies-extras.cmake
-- Up-to-date: /home/louwee/correct_ws/install/correct_msgs/share/correct_msgs/cmake/ament_cmake_export_include_directories-extras.cmake
-- Up-to-date: /home/louwee/correct_ws/install/correct_msgs/share/correct_msgs/cmake/ament_cmake_export_libraries-extras.cmake
-- Up-to-date: /home/louwee/correct_ws/install/correct_msgs/share/correct_msgs/cmake/ament_cmake_export_targets-extras.cmake
-- Up-to-date: /home/louwee/correct_ws/install/correct_msgs/share/correct_msgs/cmake/rosidl_cmake_export_typesupport_targets-extras.cmake
-- Up-to-date: /home/louwee/correct_ws/install/correct_msgs/share/correct_msgs/cmake/rosidl_cmake_export_typesupport_libraries-extras.cmake
-- Up-to-date: /home/louwee/correct_ws/install/correct_msgs/share/correct_msgs/cmake/correct_msgsConfig.cmake
-- Up-to-date: /home/louwee/correct_ws/install/correct_msgs/share/correct_msgs/cmake/correct_msgsConfig-version.cmake
-- Up-to-date: /home/louwee/correct_ws/install/correct_msgs/share/correct_msgs/package.xml
