[0.038s] Invoking command in '/home/louwee/correct_ws/build/correct_msgs': CMAKE_PREFIX_PATH=/opt/ros/humble /usr/bin/cmake --build /home/louwee/correct_ws/build/correct_msgs -- -j12 -l12
[0.074s] -- Found ament_cmake: 1.3.11 (/opt/ros/humble/share/ament_cmake/cmake)
[0.388s] -- Found geometry_msgs: 4.2.4 (/opt/ros/humble/share/geometry_msgs/cmake)
[0.388s] -- Found rosidl_generator_c: 3.1.6 (/opt/ros/humble/share/rosidl_generator_c/cmake)
[0.393s] -- Found rosidl_adapter: 3.1.6 (/opt/ros/humble/share/rosidl_adapter/cmake)
[0.405s] -- Found rosidl_generator_cpp: 3.1.6 (/opt/ros/humble/share/rosidl_generator_cpp/cmake)
[0.429s] -- Using all available rosidl_typesupport_c: rosidl_typesupport_fastrtps_c;rosidl_typesupport_introspection_c
[0.459s] -- Using all available rosidl_typesupport_cpp: rosidl_typesupport_fastrtps_cpp;rosidl_typesupport_introspection_cpp
[0.548s] -- Found rosidl_default_generators: 1.2.0 (/opt/ros/humble/share/rosidl_default_generators/cmake)
[1.417s] -- Found ament_cmake_ros: 0.10.0 (/opt/ros/humble/share/ament_cmake_ros/cmake)
[1.893s] -- Using all available rosidl_typesupport_c: rosidl_typesupport_fastrtps_c;rosidl_typesupport_introspection_c
[2.072s] -- Using all available rosidl_typesupport_cpp: rosidl_typesupport_fastrtps_cpp;rosidl_typesupport_introspection_cpp
[2.093s] -- Found python_cmake_module: 0.10.0 (/opt/ros/humble/share/python_cmake_module/cmake)
[2.115s] -- Using PYTHON_EXECUTABLE: /usr/bin/python3
[2.115s] -- Using PYTHON_INCLUDE_DIRS: /usr/include/python3.10
[2.115s] -- Using PYTHON_LIBRARIES: /usr/lib/x86_64-linux-gnu/libpython3.10.so
[2.163s] -- Configuring done
[2.206s] -- Generating done
[2.224s] -- Build files have been written to: /home/louwee/correct_ws/build/correct_msgs
[2.252s] [  2%] [34m[1mGenerating C code for ROS interfaces[0m
[2.265s] [  4%] [34m[1mGenerating C++ code for ROS interfaces[0m
[2.277s] [  4%] Built target ament_cmake_python_copy_correct_msgs
[2.590s] running egg_info
[2.590s] writing correct_msgs.egg-info/PKG-INFO
[2.591s] writing dependency_links to correct_msgs.egg-info/dependency_links.txt
[2.591s] writing top-level names to correct_msgs.egg-info/top_level.txt
[2.594s] reading manifest file 'correct_msgs.egg-info/SOURCES.txt'
[2.595s] writing manifest file 'correct_msgs.egg-info/SOURCES.txt'
[2.625s] [  4%] Built target ament_cmake_python_build_correct_msgs_egg
[3.034s] [35m[1mConsolidate compiler generated dependencies of target correct_msgs__rosidl_generator_c[0m
[3.050s] [  6%] [32mBuilding C object CMakeFiles/correct_msgs__rosidl_generator_c.dir/rosidl_generator_c/correct_msgs/srv/detail/add_two_ints__functions.c.o[0m
[3.050s] [  8%] [32mBuilding C object CMakeFiles/correct_msgs__rosidl_generator_c.dir/rosidl_generator_c/correct_msgs/srv/detail/get_transform__functions.c.o[0m
[3.050s] [ 10%] [32mBuilding C object CMakeFiles/correct_msgs__rosidl_generator_c.dir/rosidl_generator_c/correct_msgs/action/detail/fibonnaci__functions.c.o[0m
[3.158s] [ 10%] Built target correct_msgs__cpp
[3.172s] [ 12%] [34m[1mGenerating C++ type support for eProsima Fast-RTPS[0m
[3.172s] [ 17%] [34m[1mGenerating C++ type support dispatch for ROS interfaces[0m
[3.172s] [ 17%] [34m[1mGenerating C++ introspection for ROS interfaces[0m
[3.350s] [ 19%] [32m[1mLinking C shared library libcorrect_msgs__rosidl_generator_c.so[0m
[3.564s] [ 19%] Built target correct_msgs__rosidl_generator_c
[3.623s] [ 21%] [34m[1mGenerating C introspection for ROS interfaces[0m
[3.630s] [ 23%] [34m[1mGenerating C type support dispatch for ROS interfaces[0m
[3.631s] [ 25%] [34m[1mGenerating C type support for eProsima Fast-RTPS[0m
[4.304s] [35m[1mConsolidate compiler generated dependencies of target correct_msgs__rosidl_typesupport_introspection_cpp[0m
[4.327s] [ 27%] [32mBuilding CXX object CMakeFiles/correct_msgs__rosidl_typesupport_introspection_cpp.dir/rosidl_typesupport_introspection_cpp/correct_msgs/action/detail/fibonnaci__type_support.cpp.o[0m
[4.329s] [ 29%] [32mBuilding CXX object CMakeFiles/correct_msgs__rosidl_typesupport_introspection_cpp.dir/rosidl_typesupport_introspection_cpp/correct_msgs/srv/detail/add_two_ints__type_support.cpp.o[0m
[4.329s] [ 31%] [32mBuilding CXX object CMakeFiles/correct_msgs__rosidl_typesupport_introspection_cpp.dir/rosidl_typesupport_introspection_cpp/correct_msgs/srv/detail/get_transform__type_support.cpp.o[0m
[4.420s] [35m[1mConsolidate compiler generated dependencies of target correct_msgs__rosidl_typesupport_cpp[0m
[4.440s] [ 34%] [32mBuilding CXX object CMakeFiles/correct_msgs__rosidl_typesupport_cpp.dir/rosidl_typesupport_cpp/correct_msgs/action/fibonnaci__type_support.cpp.o[0m
[4.442s] [ 36%] [32mBuilding CXX object CMakeFiles/correct_msgs__rosidl_typesupport_cpp.dir/rosidl_typesupport_cpp/correct_msgs/srv/add_two_ints__type_support.cpp.o[0m
[4.443s] [ 38%] [32mBuilding CXX object CMakeFiles/correct_msgs__rosidl_typesupport_cpp.dir/rosidl_typesupport_cpp/correct_msgs/srv/get_transform__type_support.cpp.o[0m
[4.584s] [35m[1mConsolidate compiler generated dependencies of target correct_msgs__rosidl_typesupport_fastrtps_cpp[0m
[4.640s] [ 40%] [32mBuilding CXX object CMakeFiles/correct_msgs__rosidl_typesupport_fastrtps_cpp.dir/rosidl_typesupport_fastrtps_cpp/correct_msgs/action/detail/dds_fastrtps/fibonnaci__type_support.cpp.o[0m
[4.641s] [ 42%] [32mBuilding CXX object CMakeFiles/correct_msgs__rosidl_typesupport_fastrtps_cpp.dir/rosidl_typesupport_fastrtps_cpp/correct_msgs/srv/detail/dds_fastrtps/add_two_ints__type_support.cpp.o[0m
[4.678s] [ 44%] [32mBuilding CXX object CMakeFiles/correct_msgs__rosidl_typesupport_fastrtps_cpp.dir/rosidl_typesupport_fastrtps_cpp/correct_msgs/srv/detail/dds_fastrtps/get_transform__type_support.cpp.o[0m
[4.783s] [35m[1mConsolidate compiler generated dependencies of target correct_msgs__rosidl_typesupport_c[0m
[4.805s] [ 46%] [32mBuilding CXX object CMakeFiles/correct_msgs__rosidl_typesupport_c.dir/rosidl_typesupport_c/correct_msgs/action/fibonnaci__type_support.cpp.o[0m
[4.835s] [35m[1mConsolidate compiler generated dependencies of target correct_msgs__rosidl_typesupport_introspection_c[0m
[4.871s] [ 48%] [32mBuilding C object CMakeFiles/correct_msgs__rosidl_typesupport_introspection_c.dir/rosidl_typesupport_introspection_c/correct_msgs/action/detail/fibonnaci__type_support.c.o[0m
[5.026s] [ 51%] [32mBuilding CXX object CMakeFiles/correct_msgs__rosidl_typesupport_c.dir/rosidl_typesupport_c/correct_msgs/srv/add_two_ints__type_support.cpp.o[0m
[5.059s] [ 53%] [32mBuilding C object CMakeFiles/correct_msgs__rosidl_typesupport_introspection_c.dir/rosidl_typesupport_introspection_c/correct_msgs/srv/detail/add_two_ints__type_support.c.o[0m
[5.141s] [ 55%] [32mBuilding C object CMakeFiles/correct_msgs__rosidl_typesupport_introspection_c.dir/rosidl_typesupport_introspection_c/correct_msgs/srv/detail/get_transform__type_support.c.o[0m
[5.147s] [ 57%] [32mBuilding CXX object CMakeFiles/correct_msgs__rosidl_typesupport_c.dir/rosidl_typesupport_c/correct_msgs/srv/get_transform__type_support.cpp.o[0m
[5.231s] [35m[1mConsolidate compiler generated dependencies of target correct_msgs__rosidl_typesupport_fastrtps_c[0m
[5.249s] [ 59%] [32m[1mLinking C shared library libcorrect_msgs__rosidl_typesupport_introspection_c.so[0m
[5.264s] [ 61%] [32mBuilding CXX object CMakeFiles/correct_msgs__rosidl_typesupport_fastrtps_c.dir/rosidl_typesupport_fastrtps_c/correct_msgs/action/detail/fibonnaci__type_support_c.cpp.o[0m
[5.293s] [ 63%] [32mBuilding CXX object CMakeFiles/correct_msgs__rosidl_typesupport_fastrtps_c.dir/rosidl_typesupport_fastrtps_c/correct_msgs/srv/detail/add_two_ints__type_support_c.cpp.o[0m
[5.294s] [ 65%] [32mBuilding CXX object CMakeFiles/correct_msgs__rosidl_typesupport_fastrtps_c.dir/rosidl_typesupport_fastrtps_c/correct_msgs/srv/detail/get_transform__type_support_c.cpp.o[0m
[5.428s] [ 68%] [32m[1mLinking CXX shared library libcorrect_msgs__rosidl_typesupport_c.so[0m
[5.577s] [ 68%] Built target correct_msgs__rosidl_typesupport_introspection_c
[5.945s] [ 68%] Built target correct_msgs__rosidl_typesupport_c
[6.350s] [ 70%] [32m[1mLinking CXX shared library libcorrect_msgs__rosidl_typesupport_cpp.so[0m
[6.467s] [ 70%] Built target correct_msgs__rosidl_typesupport_cpp
[6.611s] [ 72%] [32m[1mLinking CXX shared library libcorrect_msgs__rosidl_typesupport_introspection_cpp.so[0m
[6.755s] [ 72%] Built target correct_msgs__rosidl_typesupport_introspection_cpp
[6.815s] [ 74%] [32m[1mLinking CXX shared library libcorrect_msgs__rosidl_typesupport_fastrtps_cpp.so[0m
[6.905s] [ 76%] [32m[1mLinking CXX shared library libcorrect_msgs__rosidl_typesupport_fastrtps_c.so[0m
[6.944s] [ 76%] Built target correct_msgs__rosidl_typesupport_fastrtps_cpp
[7.032s] [ 76%] Built target correct_msgs__rosidl_typesupport_fastrtps_c
[7.060s] [ 76%] Built target correct_msgs
[7.092s] [ 78%] [34m[1mGenerating Python code for ROS interfaces[0m
[8.337s] [ 78%] Built target correct_msgs__py
[8.347s] [35m[1mConsolidate compiler generated dependencies of target correct_msgs__rosidl_generator_py[0m
[8.362s] [ 80%] [32mBuilding C object CMakeFiles/correct_msgs__rosidl_generator_py.dir/rosidl_generator_py/correct_msgs/action/_fibonnaci_s.c.o[0m
[8.363s] [ 82%] [32mBuilding C object CMakeFiles/correct_msgs__rosidl_generator_py.dir/rosidl_generator_py/correct_msgs/srv/_add_two_ints_s.c.o[0m
[8.363s] [ 85%] [32mBuilding C object CMakeFiles/correct_msgs__rosidl_generator_py.dir/rosidl_generator_py/correct_msgs/srv/_get_transform_s.c.o[0m
[8.582s] [ 87%] [32m[1mLinking C shared library rosidl_generator_py/correct_msgs/libcorrect_msgs__rosidl_generator_py.so[0m
[8.637s] [ 87%] Built target correct_msgs__rosidl_generator_py
[8.650s] [35m[1mConsolidate compiler generated dependencies of target correct_msgs__rosidl_typesupport_c__pyext[0m
[8.650s] [35m[1mConsolidate compiler generated dependencies of target correct_msgs__rosidl_typesupport_fastrtps_c__pyext[0m
[8.650s] [35m[1mConsolidate compiler generated dependencies of target correct_msgs__rosidl_typesupport_introspection_c__pyext[0m
[8.666s] [ 91%] [32mBuilding C object CMakeFiles/correct_msgs__rosidl_typesupport_c__pyext.dir/rosidl_generator_py/correct_msgs/_correct_msgs_s.ep.rosidl_typesupport_c.c.o[0m
[8.667s] [ 91%] [32mBuilding C object CMakeFiles/correct_msgs__rosidl_typesupport_introspection_c__pyext.dir/rosidl_generator_py/correct_msgs/_correct_msgs_s.ep.rosidl_typesupport_introspection_c.c.o[0m
[8.667s] [ 93%] [32mBuilding C object CMakeFiles/correct_msgs__rosidl_typesupport_fastrtps_c__pyext.dir/rosidl_generator_py/correct_msgs/_correct_msgs_s.ep.rosidl_typesupport_fastrtps_c.c.o[0m
[9.010s] [ 95%] [32m[1mLinking C shared library rosidl_generator_py/correct_msgs/correct_msgs_s__rosidl_typesupport_c.cpython-310-x86_64-linux-gnu.so[0m
[9.047s] [ 97%] [32m[1mLinking C shared library rosidl_generator_py/correct_msgs/correct_msgs_s__rosidl_typesupport_introspection_c.cpython-310-x86_64-linux-gnu.so[0m
[9.051s] [100%] [32m[1mLinking C shared library rosidl_generator_py/correct_msgs/correct_msgs_s__rosidl_typesupport_fastrtps_c.cpython-310-x86_64-linux-gnu.so[0m
[9.212s] [100%] Built target correct_msgs__rosidl_typesupport_c__pyext
[9.261s] [100%] Built target correct_msgs__rosidl_typesupport_introspection_c__pyext
[9.263s] [100%] Built target correct_msgs__rosidl_typesupport_fastrtps_c__pyext
[9.315s] Invoked command in '/home/louwee/correct_ws/build/correct_msgs' returned '0': CMAKE_PREFIX_PATH=/opt/ros/humble /usr/bin/cmake --build /home/louwee/correct_ws/build/correct_msgs -- -j12 -l12
[9.319s] Invoking command in '/home/louwee/correct_ws/build/correct_msgs': CMAKE_PREFIX_PATH=/opt/ros/humble /usr/bin/cmake --install /home/louwee/correct_ws/build/correct_msgs
[9.335s] -- Install configuration: ""
[9.335s] -- Installing: /home/louwee/correct_ws/install/correct_msgs/share/ament_index/resource_index/rosidl_interfaces/correct_msgs
[9.335s] -- Up-to-date: /home/louwee/correct_ws/install/correct_msgs/include/correct_msgs/correct_msgs
[9.336s] -- Up-to-date: /home/louwee/correct_ws/install/correct_msgs/include/correct_msgs/correct_msgs/srv
[9.336s] -- Installing: /home/louwee/correct_ws/install/correct_msgs/include/correct_msgs/correct_msgs/srv/add_two_ints.h
[9.336s] -- Up-to-date: /home/louwee/correct_ws/install/correct_msgs/include/correct_msgs/correct_msgs/srv/detail
[9.336s] -- Installing: /home/louwee/correct_ws/install/correct_msgs/include/correct_msgs/correct_msgs/srv/detail/add_two_ints__functions.h
[9.336s] -- Installing: /home/louwee/correct_ws/install/correct_msgs/include/correct_msgs/correct_msgs/srv/detail/get_transform__struct.h
[9.336s] -- Installing: /home/louwee/correct_ws/install/correct_msgs/include/correct_msgs/correct_msgs/srv/detail/add_two_ints__struct.h
[9.337s] -- Installing: /home/louwee/correct_ws/install/correct_msgs/include/correct_msgs/correct_msgs/srv/detail/get_transform__functions.h
[9.337s] -- Installing: /home/louwee/correct_ws/install/correct_msgs/include/correct_msgs/correct_msgs/srv/detail/add_two_ints__type_support.h
[9.337s] -- Installing: /home/louwee/correct_ws/install/correct_msgs/include/correct_msgs/correct_msgs/srv/detail/get_transform__functions.c
[9.337s] -- Installing: /home/louwee/correct_ws/install/correct_msgs/include/correct_msgs/correct_msgs/srv/detail/add_two_ints__functions.c
[9.338s] -- Installing: /home/louwee/correct_ws/install/correct_msgs/include/correct_msgs/correct_msgs/srv/detail/get_transform__type_support.h
[9.338s] -- Installing: /home/louwee/correct_ws/install/correct_msgs/include/correct_msgs/correct_msgs/srv/get_transform.h
[9.338s] -- Up-to-date: /home/louwee/correct_ws/install/correct_msgs/include/correct_msgs/correct_msgs/msg
[9.338s] -- Up-to-date: /home/louwee/correct_ws/install/correct_msgs/include/correct_msgs/correct_msgs/msg/rosidl_generator_c__visibility_control.h
[9.338s] -- Installing: /home/louwee/correct_ws/install/correct_msgs/include/correct_msgs/correct_msgs/action
[9.338s] -- Installing: /home/louwee/correct_ws/install/correct_msgs/include/correct_msgs/correct_msgs/action/fibonnaci.h
[9.339s] -- Installing: /home/louwee/correct_ws/install/correct_msgs/include/correct_msgs/correct_msgs/action/detail
[9.339s] -- Installing: /home/louwee/correct_ws/install/correct_msgs/include/correct_msgs/correct_msgs/action/detail/fibonnaci__type_support.h
[9.339s] -- Installing: /home/louwee/correct_ws/install/correct_msgs/include/correct_msgs/correct_msgs/action/detail/fibonnaci__functions.h
[9.339s] -- Installing: /home/louwee/correct_ws/install/correct_msgs/include/correct_msgs/correct_msgs/action/detail/fibonnaci__struct.h
[9.339s] -- Installing: /home/louwee/correct_ws/install/correct_msgs/include/correct_msgs/correct_msgs/action/detail/fibonnaci__functions.c
[9.340s] -- Up-to-date: /home/louwee/correct_ws/install/correct_msgs/share/correct_msgs/environment/library_path.sh
[9.340s] -- Installing: /home/louwee/correct_ws/install/correct_msgs/share/correct_msgs/environment/library_path.dsv
[9.341s] -- Installing: /home/louwee/correct_ws/install/correct_msgs/lib/libcorrect_msgs__rosidl_generator_c.so
[9.341s] -- Set runtime path of "/home/louwee/correct_ws/install/correct_msgs/lib/libcorrect_msgs__rosidl_generator_c.so" to ""
[9.342s] -- Up-to-date: /home/louwee/correct_ws/install/correct_msgs/include/correct_msgs/correct_msgs
[9.342s] -- Up-to-date: /home/louwee/correct_ws/install/correct_msgs/include/correct_msgs/correct_msgs/srv
[9.342s] -- Up-to-date: /home/louwee/correct_ws/install/correct_msgs/include/correct_msgs/correct_msgs/srv/detail
[9.342s] -- Installing: /home/louwee/correct_ws/install/correct_msgs/include/correct_msgs/correct_msgs/srv/detail/get_transform__rosidl_typesupport_fastrtps_c.h
[9.342s] -- Installing: /home/louwee/correct_ws/install/correct_msgs/include/correct_msgs/correct_msgs/srv/detail/add_two_ints__rosidl_typesupport_fastrtps_c.h
[9.343s] -- Up-to-date: /home/louwee/correct_ws/install/correct_msgs/include/correct_msgs/correct_msgs/msg
[9.343s] -- Up-to-date: /home/louwee/correct_ws/install/correct_msgs/include/correct_msgs/correct_msgs/msg/rosidl_typesupport_fastrtps_c__visibility_control.h
[9.343s] -- Up-to-date: /home/louwee/correct_ws/install/correct_msgs/include/correct_msgs/correct_msgs/action
[9.343s] -- Up-to-date: /home/louwee/correct_ws/install/correct_msgs/include/correct_msgs/correct_msgs/action/detail
[9.343s] -- Installing: /home/louwee/correct_ws/install/correct_msgs/include/correct_msgs/correct_msgs/action/detail/fibonnaci__rosidl_typesupport_fastrtps_c.h
[9.343s] -- Installing: /home/louwee/correct_ws/install/correct_msgs/lib/libcorrect_msgs__rosidl_typesupport_fastrtps_c.so
[9.344s] -- Set runtime path of "/home/louwee/correct_ws/install/correct_msgs/lib/libcorrect_msgs__rosidl_typesupport_fastrtps_c.so" to ""
[9.344s] -- Up-to-date: /home/louwee/correct_ws/install/correct_msgs/include/correct_msgs/correct_msgs
[9.344s] -- Up-to-date: /home/louwee/correct_ws/install/correct_msgs/include/correct_msgs/correct_msgs/srv
[9.345s] -- Installing: /home/louwee/correct_ws/install/correct_msgs/include/correct_msgs/correct_msgs/srv/get_transform.hpp
[9.345s] -- Up-to-date: /home/louwee/correct_ws/install/correct_msgs/include/correct_msgs/correct_msgs/srv/detail
[9.345s] -- Installing: /home/louwee/correct_ws/install/correct_msgs/include/correct_msgs/correct_msgs/srv/detail/get_transform__type_support.hpp
[9.345s] -- Installing: /home/louwee/correct_ws/install/correct_msgs/include/correct_msgs/correct_msgs/srv/detail/add_two_ints__builder.hpp
[9.345s] -- Installing: /home/louwee/correct_ws/install/correct_msgs/include/correct_msgs/correct_msgs/srv/detail/add_two_ints__type_support.hpp
[9.346s] -- Installing: /home/louwee/correct_ws/install/correct_msgs/include/correct_msgs/correct_msgs/srv/detail/get_transform__traits.hpp
[9.346s] -- Installing: /home/louwee/correct_ws/install/correct_msgs/include/correct_msgs/correct_msgs/srv/detail/get_transform__builder.hpp
[9.346s] -- Installing: /home/louwee/correct_ws/install/correct_msgs/include/correct_msgs/correct_msgs/srv/detail/add_two_ints__traits.hpp
[9.346s] -- Installing: /home/louwee/correct_ws/install/correct_msgs/include/correct_msgs/correct_msgs/srv/detail/get_transform__struct.hpp
[9.346s] -- Installing: /home/louwee/correct_ws/install/correct_msgs/include/correct_msgs/correct_msgs/srv/detail/add_two_ints__struct.hpp
[9.347s] -- Installing: /home/louwee/correct_ws/install/correct_msgs/include/correct_msgs/correct_msgs/srv/add_two_ints.hpp
[9.347s] -- Up-to-date: /home/louwee/correct_ws/install/correct_msgs/include/correct_msgs/correct_msgs/msg
[9.347s] -- Up-to-date: /home/louwee/correct_ws/install/correct_msgs/include/correct_msgs/correct_msgs/msg/rosidl_generator_cpp__visibility_control.hpp
[9.347s] -- Up-to-date: /home/louwee/correct_ws/install/correct_msgs/include/correct_msgs/correct_msgs/action
[9.348s] -- Up-to-date: /home/louwee/correct_ws/install/correct_msgs/include/correct_msgs/correct_msgs/action/detail
[9.348s] -- Installing: /home/louwee/correct_ws/install/correct_msgs/include/correct_msgs/correct_msgs/action/detail/fibonnaci__struct.hpp
[9.348s] -- Installing: /home/louwee/correct_ws/install/correct_msgs/include/correct_msgs/correct_msgs/action/detail/fibonnaci__type_support.hpp
[9.348s] -- Installing: /home/louwee/correct_ws/install/correct_msgs/include/correct_msgs/correct_msgs/action/detail/fibonnaci__builder.hpp
[9.348s] -- Installing: /home/louwee/correct_ws/install/correct_msgs/include/correct_msgs/correct_msgs/action/detail/fibonnaci__traits.hpp
[9.349s] -- Installing: /home/louwee/correct_ws/install/correct_msgs/include/correct_msgs/correct_msgs/action/fibonnaci.hpp
[9.349s] -- Up-to-date: /home/louwee/correct_ws/install/correct_msgs/include/correct_msgs/correct_msgs
[9.349s] -- Up-to-date: /home/louwee/correct_ws/install/correct_msgs/include/correct_msgs/correct_msgs/srv
[9.349s] -- Up-to-date: /home/louwee/correct_ws/install/correct_msgs/include/correct_msgs/correct_msgs/srv/detail
[9.349s] -- Installing: /home/louwee/correct_ws/install/correct_msgs/include/correct_msgs/correct_msgs/srv/detail/get_transform__rosidl_typesupport_fastrtps_cpp.hpp
[9.350s] -- Up-to-date: /home/louwee/correct_ws/install/correct_msgs/include/correct_msgs/correct_msgs/srv/detail/dds_fastrtps
[9.350s] -- Installing: /home/louwee/correct_ws/install/correct_msgs/include/correct_msgs/correct_msgs/srv/detail/add_two_ints__rosidl_typesupport_fastrtps_cpp.hpp
[9.350s] -- Up-to-date: /home/louwee/correct_ws/install/correct_msgs/include/correct_msgs/correct_msgs/msg
[9.350s] -- Up-to-date: /home/louwee/correct_ws/install/correct_msgs/include/correct_msgs/correct_msgs/msg/rosidl_typesupport_fastrtps_cpp__visibility_control.h
[9.350s] -- Up-to-date: /home/louwee/correct_ws/install/correct_msgs/include/correct_msgs/correct_msgs/action
[9.350s] -- Up-to-date: /home/louwee/correct_ws/install/correct_msgs/include/correct_msgs/correct_msgs/action/detail
[9.351s] -- Installing: /home/louwee/correct_ws/install/correct_msgs/include/correct_msgs/correct_msgs/action/detail/fibonnaci__rosidl_typesupport_fastrtps_cpp.hpp
[9.351s] -- Installing: /home/louwee/correct_ws/install/correct_msgs/include/correct_msgs/correct_msgs/action/detail/dds_fastrtps
[9.351s] -- Installing: /home/louwee/correct_ws/install/correct_msgs/lib/libcorrect_msgs__rosidl_typesupport_fastrtps_cpp.so
[9.352s] -- Set runtime path of "/home/louwee/correct_ws/install/correct_msgs/lib/libcorrect_msgs__rosidl_typesupport_fastrtps_cpp.so" to ""
[9.352s] -- Up-to-date: /home/louwee/correct_ws/install/correct_msgs/include/correct_msgs/correct_msgs
[9.352s] -- Up-to-date: /home/louwee/correct_ws/install/correct_msgs/include/correct_msgs/correct_msgs/srv
[9.352s] -- Up-to-date: /home/louwee/correct_ws/install/correct_msgs/include/correct_msgs/correct_msgs/srv/detail
[9.352s] -- Installing: /home/louwee/correct_ws/install/correct_msgs/include/correct_msgs/correct_msgs/srv/detail/add_two_ints__type_support.c
[9.352s] -- Installing: /home/louwee/correct_ws/install/correct_msgs/include/correct_msgs/correct_msgs/srv/detail/get_transform__type_support.c
[9.353s] -- Installing: /home/louwee/correct_ws/install/correct_msgs/include/correct_msgs/correct_msgs/srv/detail/get_transform__rosidl_typesupport_introspection_c.h
[9.353s] -- Installing: /home/louwee/correct_ws/install/correct_msgs/include/correct_msgs/correct_msgs/srv/detail/add_two_ints__rosidl_typesupport_introspection_c.h
[9.353s] -- Up-to-date: /home/louwee/correct_ws/install/correct_msgs/include/correct_msgs/correct_msgs/msg
[9.353s] -- Up-to-date: /home/louwee/correct_ws/install/correct_msgs/include/correct_msgs/correct_msgs/msg/rosidl_typesupport_introspection_c__visibility_control.h
[9.353s] -- Up-to-date: /home/louwee/correct_ws/install/correct_msgs/include/correct_msgs/correct_msgs/action
[9.353s] -- Up-to-date: /home/louwee/correct_ws/install/correct_msgs/include/correct_msgs/correct_msgs/action/detail
[9.354s] -- Installing: /home/louwee/correct_ws/install/correct_msgs/include/correct_msgs/correct_msgs/action/detail/fibonnaci__type_support.c
[9.354s] -- Installing: /home/louwee/correct_ws/install/correct_msgs/include/correct_msgs/correct_msgs/action/detail/fibonnaci__rosidl_typesupport_introspection_c.h
[9.354s] -- Installing: /home/louwee/correct_ws/install/correct_msgs/lib/libcorrect_msgs__rosidl_typesupport_introspection_c.so
[9.355s] -- Set runtime path of "/home/louwee/correct_ws/install/correct_msgs/lib/libcorrect_msgs__rosidl_typesupport_introspection_c.so" to ""
[9.355s] -- Installing: /home/louwee/correct_ws/install/correct_msgs/lib/libcorrect_msgs__rosidl_typesupport_c.so
[9.356s] -- Set runtime path of "/home/louwee/correct_ws/install/correct_msgs/lib/libcorrect_msgs__rosidl_typesupport_c.so" to ""
[9.356s] -- Up-to-date: /home/louwee/correct_ws/install/correct_msgs/include/correct_msgs/correct_msgs
[9.356s] -- Up-to-date: /home/louwee/correct_ws/install/correct_msgs/include/correct_msgs/correct_msgs/srv
[9.356s] -- Up-to-date: /home/louwee/correct_ws/install/correct_msgs/include/correct_msgs/correct_msgs/srv/detail
[9.356s] -- Installing: /home/louwee/correct_ws/install/correct_msgs/include/correct_msgs/correct_msgs/srv/detail/get_transform__type_support.cpp
[9.357s] -- Installing: /home/louwee/correct_ws/install/correct_msgs/include/correct_msgs/correct_msgs/srv/detail/add_two_ints__type_support.cpp
[9.357s] -- Installing: /home/louwee/correct_ws/install/correct_msgs/include/correct_msgs/correct_msgs/srv/detail/add_two_ints__rosidl_typesupport_introspection_cpp.hpp
[9.357s] -- Installing: /home/louwee/correct_ws/install/correct_msgs/include/correct_msgs/correct_msgs/srv/detail/get_transform__rosidl_typesupport_introspection_cpp.hpp
[9.357s] -- Up-to-date: /home/louwee/correct_ws/install/correct_msgs/include/correct_msgs/correct_msgs/action
[9.357s] -- Up-to-date: /home/louwee/correct_ws/install/correct_msgs/include/correct_msgs/correct_msgs/action/detail
[9.358s] -- Installing: /home/louwee/correct_ws/install/correct_msgs/include/correct_msgs/correct_msgs/action/detail/fibonnaci__type_support.cpp
[9.358s] -- Installing: /home/louwee/correct_ws/install/correct_msgs/include/correct_msgs/correct_msgs/action/detail/fibonnaci__rosidl_typesupport_introspection_cpp.hpp
[9.358s] -- Installing: /home/louwee/correct_ws/install/correct_msgs/lib/libcorrect_msgs__rosidl_typesupport_introspection_cpp.so
[9.359s] -- Set runtime path of "/home/louwee/correct_ws/install/correct_msgs/lib/libcorrect_msgs__rosidl_typesupport_introspection_cpp.so" to ""
[9.359s] -- Installing: /home/louwee/correct_ws/install/correct_msgs/lib/libcorrect_msgs__rosidl_typesupport_cpp.so
[9.360s] -- Set runtime path of "/home/louwee/correct_ws/install/correct_msgs/lib/libcorrect_msgs__rosidl_typesupport_cpp.so" to ""
[9.360s] -- Up-to-date: /home/louwee/correct_ws/install/correct_msgs/share/correct_msgs/environment/pythonpath.sh
[9.360s] -- Installing: /home/louwee/correct_ws/install/correct_msgs/share/correct_msgs/environment/pythonpath.dsv
[9.361s] -- Up-to-date: /home/louwee/correct_ws/install/correct_msgs/local/lib/python3.10/dist-packages/correct_msgs-0.0.0-py3.10.egg-info
[9.361s] -- Installing: /home/louwee/correct_ws/install/correct_msgs/local/lib/python3.10/dist-packages/correct_msgs-0.0.0-py3.10.egg-info/top_level.txt
[9.361s] -- Installing: /home/louwee/correct_ws/install/correct_msgs/local/lib/python3.10/dist-packages/correct_msgs-0.0.0-py3.10.egg-info/PKG-INFO
[9.361s] -- Installing: /home/louwee/correct_ws/install/correct_msgs/local/lib/python3.10/dist-packages/correct_msgs-0.0.0-py3.10.egg-info/dependency_links.txt
[9.361s] -- Installing: /home/louwee/correct_ws/install/correct_msgs/local/lib/python3.10/dist-packages/correct_msgs-0.0.0-py3.10.egg-info/SOURCES.txt
[9.362s] -- Up-to-date: /home/louwee/correct_ws/install/correct_msgs/local/lib/python3.10/dist-packages/correct_msgs
[9.362s] -- Installing: /home/louwee/correct_ws/install/correct_msgs/local/lib/python3.10/dist-packages/correct_msgs/_correct_msgs_s.ep.rosidl_typesupport_c.c
[9.362s] -- Up-to-date: /home/louwee/correct_ws/install/correct_msgs/local/lib/python3.10/dist-packages/correct_msgs/srv
[9.362s] -- Installing: /home/louwee/correct_ws/install/correct_msgs/local/lib/python3.10/dist-packages/correct_msgs/srv/_add_two_ints.py
[9.362s] -- Installing: /home/louwee/correct_ws/install/correct_msgs/local/lib/python3.10/dist-packages/correct_msgs/srv/__init__.py
[9.363s] -- Installing: /home/louwee/correct_ws/install/correct_msgs/local/lib/python3.10/dist-packages/correct_msgs/srv/_get_transform.py
[9.363s] -- Installing: /home/louwee/correct_ws/install/correct_msgs/local/lib/python3.10/dist-packages/correct_msgs/srv/_get_transform_s.c
[9.363s] -- Installing: /home/louwee/correct_ws/install/correct_msgs/local/lib/python3.10/dist-packages/correct_msgs/srv/_add_two_ints_s.c
[9.363s] -- Installing: /home/louwee/correct_ws/install/correct_msgs/local/lib/python3.10/dist-packages/correct_msgs/__init__.py
[9.364s] -- Installing: /home/louwee/correct_ws/install/correct_msgs/local/lib/python3.10/dist-packages/correct_msgs/_correct_msgs_s.ep.rosidl_typesupport_fastrtps_c.c
[9.364s] -- Installing: /home/louwee/correct_ws/install/correct_msgs/local/lib/python3.10/dist-packages/correct_msgs/correct_msgs_s__rosidl_typesupport_c.cpython-310-x86_64-linux-gnu.so
[9.364s] -- Installing: /home/louwee/correct_ws/install/correct_msgs/local/lib/python3.10/dist-packages/correct_msgs/_correct_msgs_s.ep.rosidl_typesupport_introspection_c.c
[9.365s] -- Installing: /home/louwee/correct_ws/install/correct_msgs/local/lib/python3.10/dist-packages/correct_msgs/correct_msgs_s__rosidl_typesupport_fastrtps_c.cpython-310-x86_64-linux-gnu.so
[9.365s] -- Installing: /home/louwee/correct_ws/install/correct_msgs/local/lib/python3.10/dist-packages/correct_msgs/correct_msgs_s__rosidl_typesupport_introspection_c.cpython-310-x86_64-linux-gnu.so
[9.365s] -- Installing: /home/louwee/correct_ws/install/correct_msgs/local/lib/python3.10/dist-packages/correct_msgs/action
[9.365s] -- Installing: /home/louwee/correct_ws/install/correct_msgs/local/lib/python3.10/dist-packages/correct_msgs/action/__init__.py
[9.366s] -- Installing: /home/louwee/correct_ws/install/correct_msgs/local/lib/python3.10/dist-packages/correct_msgs/action/_fibonnaci.py
[9.366s] -- Installing: /home/louwee/correct_ws/install/correct_msgs/local/lib/python3.10/dist-packages/correct_msgs/action/_fibonnaci_s.c
[9.366s] -- Installing: /home/louwee/correct_ws/install/correct_msgs/local/lib/python3.10/dist-packages/correct_msgs/libcorrect_msgs__rosidl_generator_py.so
[9.435s] Listing '/home/louwee/correct_ws/install/correct_msgs/local/lib/python3.10/dist-packages/correct_msgs'...
[9.436s] Compiling '/home/louwee/correct_ws/install/correct_msgs/local/lib/python3.10/dist-packages/correct_msgs/__init__.py'...
[9.436s] Listing '/home/louwee/correct_ws/install/correct_msgs/local/lib/python3.10/dist-packages/correct_msgs/action'...
[9.436s] Compiling '/home/louwee/correct_ws/install/correct_msgs/local/lib/python3.10/dist-packages/correct_msgs/action/__init__.py'...
[9.436s] Compiling '/home/louwee/correct_ws/install/correct_msgs/local/lib/python3.10/dist-packages/correct_msgs/action/_fibonnaci.py'...
[9.436s] Listing '/home/louwee/correct_ws/install/correct_msgs/local/lib/python3.10/dist-packages/correct_msgs/srv'...
[9.436s] Compiling '/home/louwee/correct_ws/install/correct_msgs/local/lib/python3.10/dist-packages/correct_msgs/srv/__init__.py'...
[9.436s] Compiling '/home/louwee/correct_ws/install/correct_msgs/local/lib/python3.10/dist-packages/correct_msgs/srv/_add_two_ints.py'...
[9.436s] Compiling '/home/louwee/correct_ws/install/correct_msgs/local/lib/python3.10/dist-packages/correct_msgs/srv/_get_transform.py'...
[9.445s] -- Installing: /home/louwee/correct_ws/install/correct_msgs/local/lib/python3.10/dist-packages/correct_msgs/correct_msgs_s__rosidl_typesupport_fastrtps_c.cpython-310-x86_64-linux-gnu.so
[9.446s] -- Set runtime path of "/home/louwee/correct_ws/install/correct_msgs/local/lib/python3.10/dist-packages/correct_msgs/correct_msgs_s__rosidl_typesupport_fastrtps_c.cpython-310-x86_64-linux-gnu.so" to ""
[9.446s] -- Installing: /home/louwee/correct_ws/install/correct_msgs/local/lib/python3.10/dist-packages/correct_msgs/correct_msgs_s__rosidl_typesupport_introspection_c.cpython-310-x86_64-linux-gnu.so
[9.447s] -- Set runtime path of "/home/louwee/correct_ws/install/correct_msgs/local/lib/python3.10/dist-packages/correct_msgs/correct_msgs_s__rosidl_typesupport_introspection_c.cpython-310-x86_64-linux-gnu.so" to ""
[9.447s] -- Installing: /home/louwee/correct_ws/install/correct_msgs/local/lib/python3.10/dist-packages/correct_msgs/correct_msgs_s__rosidl_typesupport_c.cpython-310-x86_64-linux-gnu.so
[9.448s] -- Set runtime path of "/home/louwee/correct_ws/install/correct_msgs/local/lib/python3.10/dist-packages/correct_msgs/correct_msgs_s__rosidl_typesupport_c.cpython-310-x86_64-linux-gnu.so" to ""
[9.448s] -- Installing: /home/louwee/correct_ws/install/correct_msgs/lib/libcorrect_msgs__rosidl_generator_py.so
[9.449s] -- Set runtime path of "/home/louwee/correct_ws/install/correct_msgs/lib/libcorrect_msgs__rosidl_generator_py.so" to ""
[9.449s] -- Installing: /home/louwee/correct_ws/install/correct_msgs/share/correct_msgs/action/Fibonnaci.idl
[9.450s] -- Up-to-date: /home/louwee/correct_ws/install/correct_msgs/share/correct_msgs/srv/AddTwoInts.idl
[9.450s] -- Up-to-date: /home/louwee/correct_ws/install/correct_msgs/share/correct_msgs/srv/GetTransform.idl
[9.450s] -- Installing: /home/louwee/correct_ws/install/correct_msgs/share/correct_msgs/action/Fibonnaci.action
[9.450s] -- Up-to-date: /home/louwee/correct_ws/install/correct_msgs/share/correct_msgs/srv/AddTwoInts.srv
[9.451s] -- Up-to-date: /home/louwee/correct_ws/install/correct_msgs/share/correct_msgs/srv/AddTwoInts_Request.msg
[9.451s] -- Up-to-date: /home/louwee/correct_ws/install/correct_msgs/share/correct_msgs/srv/AddTwoInts_Response.msg
[9.451s] -- Up-to-date: /home/louwee/correct_ws/install/correct_msgs/share/correct_msgs/srv/GetTransform.srv
[9.451s] -- Up-to-date: /home/louwee/correct_ws/install/correct_msgs/share/correct_msgs/srv/GetTransform_Request.msg
[9.451s] -- Up-to-date: /home/louwee/correct_ws/install/correct_msgs/share/correct_msgs/srv/GetTransform_Response.msg
[9.452s] -- Up-to-date: /home/louwee/correct_ws/install/correct_msgs/share/ament_index/resource_index/package_run_dependencies/correct_msgs
[9.452s] -- Up-to-date: /home/louwee/correct_ws/install/correct_msgs/share/ament_index/resource_index/parent_prefix_path/correct_msgs
[9.452s] -- Up-to-date: /home/louwee/correct_ws/install/correct_msgs/share/correct_msgs/environment/ament_prefix_path.sh
[9.452s] -- Installing: /home/louwee/correct_ws/install/correct_msgs/share/correct_msgs/environment/ament_prefix_path.dsv
[9.452s] -- Up-to-date: /home/louwee/correct_ws/install/correct_msgs/share/correct_msgs/environment/path.sh
[9.452s] -- Installing: /home/louwee/correct_ws/install/correct_msgs/share/correct_msgs/environment/path.dsv
[9.453s] -- Up-to-date: /home/louwee/correct_ws/install/correct_msgs/share/correct_msgs/local_setup.bash
[9.453s] -- Up-to-date: /home/louwee/correct_ws/install/correct_msgs/share/correct_msgs/local_setup.sh
[9.453s] -- Up-to-date: /home/louwee/correct_ws/install/correct_msgs/share/correct_msgs/local_setup.zsh
[9.453s] -- Installing: /home/louwee/correct_ws/install/correct_msgs/share/correct_msgs/local_setup.dsv
[9.453s] -- Installing: /home/louwee/correct_ws/install/correct_msgs/share/correct_msgs/package.dsv
[9.454s] -- Up-to-date: /home/louwee/correct_ws/install/correct_msgs/share/ament_index/resource_index/packages/correct_msgs
[9.454s] -- Old export file "/home/louwee/correct_ws/install/correct_msgs/share/correct_msgs/cmake/export_correct_msgs__rosidl_generator_cExport.cmake" will be replaced.  Removing files [/home/louwee/correct_ws/install/correct_msgs/share/correct_msgs/cmake/export_correct_msgs__rosidl_generator_cExport-noconfig.cmake].
[9.454s] -- Installing: /home/louwee/correct_ws/install/correct_msgs/share/correct_msgs/cmake/export_correct_msgs__rosidl_generator_cExport.cmake
[9.454s] -- Installing: /home/louwee/correct_ws/install/correct_msgs/share/correct_msgs/cmake/export_correct_msgs__rosidl_generator_cExport-noconfig.cmake
[9.454s] -- Old export file "/home/louwee/correct_ws/install/correct_msgs/share/correct_msgs/cmake/export_correct_msgs__rosidl_typesupport_fastrtps_cExport.cmake" will be replaced.  Removing files [/home/louwee/correct_ws/install/correct_msgs/share/correct_msgs/cmake/export_correct_msgs__rosidl_typesupport_fastrtps_cExport-noconfig.cmake].
[9.455s] -- Installing: /home/louwee/correct_ws/install/correct_msgs/share/correct_msgs/cmake/export_correct_msgs__rosidl_typesupport_fastrtps_cExport.cmake
[9.455s] -- Installing: /home/louwee/correct_ws/install/correct_msgs/share/correct_msgs/cmake/export_correct_msgs__rosidl_typesupport_fastrtps_cExport-noconfig.cmake
[9.455s] -- Installing: /home/louwee/correct_ws/install/correct_msgs/share/correct_msgs/cmake/export_correct_msgs__rosidl_generator_cppExport.cmake
[9.455s] -- Old export file "/home/louwee/correct_ws/install/correct_msgs/share/correct_msgs/cmake/export_correct_msgs__rosidl_typesupport_fastrtps_cppExport.cmake" will be replaced.  Removing files [/home/louwee/correct_ws/install/correct_msgs/share/correct_msgs/cmake/export_correct_msgs__rosidl_typesupport_fastrtps_cppExport-noconfig.cmake].
[9.455s] -- Installing: /home/louwee/correct_ws/install/correct_msgs/share/correct_msgs/cmake/export_correct_msgs__rosidl_typesupport_fastrtps_cppExport.cmake
[9.455s] -- Installing: /home/louwee/correct_ws/install/correct_msgs/share/correct_msgs/cmake/export_correct_msgs__rosidl_typesupport_fastrtps_cppExport-noconfig.cmake
[9.456s] -- Old export file "/home/louwee/correct_ws/install/correct_msgs/share/correct_msgs/cmake/correct_msgs__rosidl_typesupport_introspection_cExport.cmake" will be replaced.  Removing files [/home/louwee/correct_ws/install/correct_msgs/share/correct_msgs/cmake/correct_msgs__rosidl_typesupport_introspection_cExport-noconfig.cmake].
[9.456s] -- Installing: /home/louwee/correct_ws/install/correct_msgs/share/correct_msgs/cmake/correct_msgs__rosidl_typesupport_introspection_cExport.cmake
[9.456s] -- Installing: /home/louwee/correct_ws/install/correct_msgs/share/correct_msgs/cmake/correct_msgs__rosidl_typesupport_introspection_cExport-noconfig.cmake
[9.457s] -- Old export file "/home/louwee/correct_ws/install/correct_msgs/share/correct_msgs/cmake/correct_msgs__rosidl_typesupport_cExport.cmake" will be replaced.  Removing files [/home/louwee/correct_ws/install/correct_msgs/share/correct_msgs/cmake/correct_msgs__rosidl_typesupport_cExport-noconfig.cmake].
[9.457s] -- Installing: /home/louwee/correct_ws/install/correct_msgs/share/correct_msgs/cmake/correct_msgs__rosidl_typesupport_cExport.cmake
[9.457s] -- Installing: /home/louwee/correct_ws/install/correct_msgs/share/correct_msgs/cmake/correct_msgs__rosidl_typesupport_cExport-noconfig.cmake
[9.458s] -- Old export file "/home/louwee/correct_ws/install/correct_msgs/share/correct_msgs/cmake/correct_msgs__rosidl_typesupport_introspection_cppExport.cmake" will be replaced.  Removing files [/home/louwee/correct_ws/install/correct_msgs/share/correct_msgs/cmake/correct_msgs__rosidl_typesupport_introspection_cppExport-noconfig.cmake].
[9.458s] -- Installing: /home/louwee/correct_ws/install/correct_msgs/share/correct_msgs/cmake/correct_msgs__rosidl_typesupport_introspection_cppExport.cmake
[9.458s] -- Installing: /home/louwee/correct_ws/install/correct_msgs/share/correct_msgs/cmake/correct_msgs__rosidl_typesupport_introspection_cppExport-noconfig.cmake
[9.458s] -- Old export file "/home/louwee/correct_ws/install/correct_msgs/share/correct_msgs/cmake/correct_msgs__rosidl_typesupport_cppExport.cmake" will be replaced.  Removing files [/home/louwee/correct_ws/install/correct_msgs/share/correct_msgs/cmake/correct_msgs__rosidl_typesupport_cppExport-noconfig.cmake].
[9.458s] -- Installing: /home/louwee/correct_ws/install/correct_msgs/share/correct_msgs/cmake/correct_msgs__rosidl_typesupport_cppExport.cmake
[9.459s] -- Installing: /home/louwee/correct_ws/install/correct_msgs/share/correct_msgs/cmake/correct_msgs__rosidl_typesupport_cppExport-noconfig.cmake
[9.459s] -- Old export file "/home/louwee/correct_ws/install/correct_msgs/share/correct_msgs/cmake/export_correct_msgs__rosidl_generator_pyExport.cmake" will be replaced.  Removing files [/home/louwee/correct_ws/install/correct_msgs/share/correct_msgs/cmake/export_correct_msgs__rosidl_generator_pyExport-noconfig.cmake].
[9.459s] -- Installing: /home/louwee/correct_ws/install/correct_msgs/share/correct_msgs/cmake/export_correct_msgs__rosidl_generator_pyExport.cmake
[9.459s] -- Installing: /home/louwee/correct_ws/install/correct_msgs/share/correct_msgs/cmake/export_correct_msgs__rosidl_generator_pyExport-noconfig.cmake
[9.459s] -- Installing: /home/louwee/correct_ws/install/correct_msgs/share/correct_msgs/cmake/rosidl_cmake-extras.cmake
[9.460s] -- Installing: /home/louwee/correct_ws/install/correct_msgs/share/correct_msgs/cmake/ament_cmake_export_dependencies-extras.cmake
[9.460s] -- Up-to-date: /home/louwee/correct_ws/install/correct_msgs/share/correct_msgs/cmake/ament_cmake_export_include_directories-extras.cmake
[9.460s] -- Up-to-date: /home/louwee/correct_ws/install/correct_msgs/share/correct_msgs/cmake/ament_cmake_export_libraries-extras.cmake
[9.460s] -- Up-to-date: /home/louwee/correct_ws/install/correct_msgs/share/correct_msgs/cmake/ament_cmake_export_targets-extras.cmake
[9.461s] -- Up-to-date: /home/louwee/correct_ws/install/correct_msgs/share/correct_msgs/cmake/rosidl_cmake_export_typesupport_targets-extras.cmake
[9.461s] -- Up-to-date: /home/louwee/correct_ws/install/correct_msgs/share/correct_msgs/cmake/rosidl_cmake_export_typesupport_libraries-extras.cmake
[9.461s] -- Up-to-date: /home/louwee/correct_ws/install/correct_msgs/share/correct_msgs/cmake/correct_msgsConfig.cmake
[9.461s] -- Up-to-date: /home/louwee/correct_ws/install/correct_msgs/share/correct_msgs/cmake/correct_msgsConfig-version.cmake
[9.461s] -- Up-to-date: /home/louwee/correct_ws/install/correct_msgs/share/correct_msgs/package.xml
[9.465s] Invoked command in '/home/louwee/correct_ws/build/correct_msgs' returned '0': CMAKE_PREFIX_PATH=/opt/ros/humble /usr/bin/cmake --install /home/louwee/correct_ws/build/correct_msgs
