[0.044s] Invoking command in '/home/louwee/correct_ws/build/correct_bringup': CMAKE_PREFIX_PATH=/opt/ros/humble /usr/bin/cmake --build /home/louwee/correct_ws/build/correct_bringup -- -j12 -l12
[0.102s] Invoked command in '/home/louwee/correct_ws/build/correct_bringup' returned '0': CMAKE_PREFIX_PATH=/opt/ros/humble /usr/bin/cmake --build /home/louwee/correct_ws/build/correct_bringup -- -j12 -l12
[0.137s] Invoking command in '/home/louwee/correct_ws/build/correct_bringup': CMAKE_PREFIX_PATH=/opt/ros/humble /usr/bin/cmake --install /home/louwee/correct_ws/build/correct_bringup
[0.269s] -- Install configuration: ""
[0.270s] -- Up-to-date: /home/louwee/correct_ws/install/correct_bringup/share/correct_bringup/launch
[0.271s] -- Up-to-date: /home/louwee/correct_ws/install/correct_bringup/share/correct_bringup/launch/real_robot.launch.py
[0.272s] -- Up-to-date: /home/louwee/correct_ws/install/correct_bringup/share/correct_bringup/launch/simulated_robot.launch.py
[0.273s] -- Up-to-date: /home/louwee/correct_ws/install/correct_bringup/share/ament_index/resource_index/package_run_dependencies/correct_bringup
[0.274s] -- Up-to-date: /home/louwee/correct_ws/install/correct_bringup/share/ament_index/resource_index/parent_prefix_path/correct_bringup
[0.275s] -- Up-to-date: /home/louwee/correct_ws/install/correct_bringup/share/correct_bringup/environment/ament_prefix_path.sh
[0.276s] -- Up-to-date: /home/louwee/correct_ws/install/correct_bringup/share/correct_bringup/environment/ament_prefix_path.dsv
[0.277s] -- Up-to-date: /home/louwee/correct_ws/install/correct_bringup/share/correct_bringup/environment/path.sh
[0.278s] -- Up-to-date: /home/louwee/correct_ws/install/correct_bringup/share/correct_bringup/environment/path.dsv
[0.279s] -- Up-to-date: /home/louwee/correct_ws/install/correct_bringup/share/correct_bringup/local_setup.bash
[0.280s] -- Up-to-date: /home/louwee/correct_ws/install/correct_bringup/share/correct_bringup/local_setup.sh
[0.281s] -- Up-to-date: /home/louwee/correct_ws/install/correct_bringup/share/correct_bringup/local_setup.zsh
[0.282s] -- Up-to-date: /home/louwee/correct_ws/install/correct_bringup/share/correct_bringup/local_setup.dsv
[0.283s] -- Installing: /home/louwee/correct_ws/install/correct_bringup/share/correct_bringup/package.dsv
[0.283s] -- Up-to-date: /home/louwee/correct_ws/install/correct_bringup/share/ament_index/resource_index/packages/correct_bringup
[0.289s] -- Up-to-date: /home/louwee/correct_ws/install/correct_bringup/share/correct_bringup/cmake/correct_bringupConfig.cmake
[0.289s] -- Up-to-date: /home/louwee/correct_ws/install/correct_bringup/share/correct_bringup/cmake/correct_bringupConfig-version.cmake
[0.289s] -- Up-to-date: /home/louwee/correct_ws/install/correct_bringup/share/correct_bringup/package.xml
[0.381s] Invoked command in '/home/louwee/correct_ws/build/correct_bringup' returned '0': CMAKE_PREFIX_PATH=/opt/ros/humble /usr/bin/cmake --install /home/louwee/correct_ws/build/correct_bringup
