[0.101s] DEBUG:colcon:Command line arguments: ['/usr/bin/colcon', 'build']
[0.101s] DEBUG:colcon:Parsed command line arguments: Namespace(log_base=None, log_level=None, verb_name='build', build_base='build', install_base='install', merge_install=False, symlink_install=False, test_result_base=None, continue_on_error=False, executor='parallel', parallel_workers=12, event_handlers=None, ignore_user_meta=False, metas=['./colcon.meta'], base_paths=['.'], packages_ignore=None, packages_ignore_regex=None, paths=None, packages_up_to=None, packages_up_to_regex=None, packages_above=None, packages_above_and_dependencies=None, packages_above_depth=None, packages_select_by_dep=None, packages_skip_by_dep=None, packages_skip_up_to=None, packages_select_build_failed=False, packages_skip_build_finished=False, packages_select_test_failures=False, packages_skip_test_passed=False, packages_select=None, packages_skip=None, packages_select_regex=None, packages_skip_regex=None, packages_start=None, packages_end=None, allow_overriding=[], cmake_args=None, cmake_target=None, cmake_target_skip_unavailable=False, cmake_clean_cache=False, cmake_clean_first=False, cmake_force_configure=False, ament_cmake_args=None, catkin_cmake_args=None, catkin_skip_building_tests=False, verb_parser=<colcon_defaults.argument_parser.defaults.DefaultArgumentsDecorator object at 0x7c355fc3ae60>, verb_extension=<colcon_core.verb.build.BuildVerb object at 0x7c355fdf05e0>, main=<bound method BuildVerb.main of <colcon_core.verb.build.BuildVerb object at 0x7c355fdf05e0>>)
[0.246s] Level 1:colcon.colcon_core.package_discovery:discover_packages(colcon_meta) check parameters
[0.246s] Level 1:colcon.colcon_core.package_discovery:discover_packages(recursive) check parameters
[0.246s] Level 1:colcon.colcon_core.package_discovery:discover_packages(ignore) check parameters
[0.246s] Level 1:colcon.colcon_core.package_discovery:discover_packages(path) check parameters
[0.246s] Level 1:colcon.colcon_core.package_discovery:discover_packages(colcon_meta) discover
[0.246s] Level 1:colcon.colcon_core.package_discovery:discover_packages(recursive) discover
[0.246s] INFO:colcon.colcon_core.package_discovery:Crawling recursively for packages in '/home/louwee/correct_ws'
[0.247s] Level 1:colcon.colcon_core.package_identification:_identify(.) by extensions ['ignore', 'ignore_ament_install']
[0.247s] Level 1:colcon.colcon_core.package_identification:_identify(.) by extension 'ignore'
[0.247s] Level 1:colcon.colcon_core.package_identification:_identify(.) by extension 'ignore_ament_install'
[0.247s] Level 1:colcon.colcon_core.package_identification:_identify(.) by extensions ['colcon_pkg']
[0.247s] Level 1:colcon.colcon_core.package_identification:_identify(.) by extension 'colcon_pkg'
[0.247s] Level 1:colcon.colcon_core.package_identification:_identify(.) by extensions ['colcon_meta']
[0.247s] Level 1:colcon.colcon_core.package_identification:_identify(.) by extension 'colcon_meta'
[0.247s] Level 1:colcon.colcon_core.package_identification:_identify(.) by extensions ['ros']
[0.247s] Level 1:colcon.colcon_core.package_identification:_identify(.) by extension 'ros'
[0.257s] Level 1:colcon.colcon_core.package_identification:_identify(.) by extensions ['cmake', 'python']
[0.258s] Level 1:colcon.colcon_core.package_identification:_identify(.) by extension 'cmake'
[0.258s] Level 1:colcon.colcon_core.package_identification:_identify(.) by extension 'python'
[0.258s] Level 1:colcon.colcon_core.package_identification:_identify(.) by extensions ['python_setup_py']
[0.258s] Level 1:colcon.colcon_core.package_identification:_identify(.) by extension 'python_setup_py'
[0.258s] Level 1:colcon.colcon_core.package_identification:_identify(build) by extensions ['ignore', 'ignore_ament_install']
[0.258s] Level 1:colcon.colcon_core.package_identification:_identify(build) by extension 'ignore'
[0.258s] Level 1:colcon.colcon_core.package_identification:_identify(build) ignored
[0.258s] Level 1:colcon.colcon_core.package_identification:_identify(install) by extensions ['ignore', 'ignore_ament_install']
[0.258s] Level 1:colcon.colcon_core.package_identification:_identify(install) by extension 'ignore'
[0.258s] Level 1:colcon.colcon_core.package_identification:_identify(install) ignored
[0.259s] Level 1:colcon.colcon_core.package_identification:_identify(log) by extensions ['ignore', 'ignore_ament_install']
[0.259s] Level 1:colcon.colcon_core.package_identification:_identify(log) by extension 'ignore'
[0.259s] Level 1:colcon.colcon_core.package_identification:_identify(log) ignored
[0.259s] Level 1:colcon.colcon_core.package_identification:_identify(src) by extensions ['ignore', 'ignore_ament_install']
[0.259s] Level 1:colcon.colcon_core.package_identification:_identify(src) by extension 'ignore'
[0.259s] Level 1:colcon.colcon_core.package_identification:_identify(src) by extension 'ignore_ament_install'
[0.259s] Level 1:colcon.colcon_core.package_identification:_identify(src) by extensions ['colcon_pkg']
[0.259s] Level 1:colcon.colcon_core.package_identification:_identify(src) by extension 'colcon_pkg'
[0.259s] Level 1:colcon.colcon_core.package_identification:_identify(src) by extensions ['colcon_meta']
[0.259s] Level 1:colcon.colcon_core.package_identification:_identify(src) by extension 'colcon_meta'
[0.259s] Level 1:colcon.colcon_core.package_identification:_identify(src) by extensions ['ros']
[0.259s] Level 1:colcon.colcon_core.package_identification:_identify(src) by extension 'ros'
[0.260s] Level 1:colcon.colcon_core.package_identification:_identify(src) by extensions ['cmake', 'python']
[0.260s] Level 1:colcon.colcon_core.package_identification:_identify(src) by extension 'cmake'
[0.260s] Level 1:colcon.colcon_core.package_identification:_identify(src) by extension 'python'
[0.260s] Level 1:colcon.colcon_core.package_identification:_identify(src) by extensions ['python_setup_py']
[0.260s] Level 1:colcon.colcon_core.package_identification:_identify(src) by extension 'python_setup_py'
[0.260s] Level 1:colcon.colcon_core.package_identification:_identify(src/computer_vision) by extensions ['ignore', 'ignore_ament_install']
[0.260s] Level 1:colcon.colcon_core.package_identification:_identify(src/computer_vision) by extension 'ignore'
[0.260s] Level 1:colcon.colcon_core.package_identification:_identify(src/computer_vision) by extension 'ignore_ament_install'
[0.260s] Level 1:colcon.colcon_core.package_identification:_identify(src/computer_vision) by extensions ['colcon_pkg']
[0.260s] Level 1:colcon.colcon_core.package_identification:_identify(src/computer_vision) by extension 'colcon_pkg'
[0.260s] Level 1:colcon.colcon_core.package_identification:_identify(src/computer_vision) by extensions ['colcon_meta']
[0.260s] Level 1:colcon.colcon_core.package_identification:_identify(src/computer_vision) by extension 'colcon_meta'
[0.260s] Level 1:colcon.colcon_core.package_identification:_identify(src/computer_vision) by extensions ['ros']
[0.260s] Level 1:colcon.colcon_core.package_identification:_identify(src/computer_vision) by extension 'ros'
[0.265s] DEBUG:colcon.colcon_core.package_identification:Package 'src/computer_vision' with type 'ros.ament_cmake' and name 'computer_vision'
[0.265s] Level 1:colcon.colcon_core.package_identification:_identify(src/correct_controller) by extensions ['ignore', 'ignore_ament_install']
[0.265s] Level 1:colcon.colcon_core.package_identification:_identify(src/correct_controller) by extension 'ignore'
[0.265s] Level 1:colcon.colcon_core.package_identification:_identify(src/correct_controller) by extension 'ignore_ament_install'
[0.265s] Level 1:colcon.colcon_core.package_identification:_identify(src/correct_controller) by extensions ['colcon_pkg']
[0.265s] Level 1:colcon.colcon_core.package_identification:_identify(src/correct_controller) by extension 'colcon_pkg'
[0.265s] Level 1:colcon.colcon_core.package_identification:_identify(src/correct_controller) by extensions ['colcon_meta']
[0.265s] Level 1:colcon.colcon_core.package_identification:_identify(src/correct_controller) by extension 'colcon_meta'
[0.265s] Level 1:colcon.colcon_core.package_identification:_identify(src/correct_controller) by extensions ['ros']
[0.265s] Level 1:colcon.colcon_core.package_identification:_identify(src/correct_controller) by extension 'ros'
[0.266s] DEBUG:colcon.colcon_core.package_identification:Package 'src/correct_controller' with type 'ros.ament_cmake' and name 'correct_controller'
[0.267s] Level 1:colcon.colcon_core.package_identification:_identify(src/correct_cpp_examples) by extensions ['ignore', 'ignore_ament_install']
[0.267s] Level 1:colcon.colcon_core.package_identification:_identify(src/correct_cpp_examples) by extension 'ignore'
[0.267s] Level 1:colcon.colcon_core.package_identification:_identify(src/correct_cpp_examples) by extension 'ignore_ament_install'
[0.267s] Level 1:colcon.colcon_core.package_identification:_identify(src/correct_cpp_examples) by extensions ['colcon_pkg']
[0.267s] Level 1:colcon.colcon_core.package_identification:_identify(src/correct_cpp_examples) by extension 'colcon_pkg'
[0.267s] Level 1:colcon.colcon_core.package_identification:_identify(src/correct_cpp_examples) by extensions ['colcon_meta']
[0.267s] Level 1:colcon.colcon_core.package_identification:_identify(src/correct_cpp_examples) by extension 'colcon_meta'
[0.267s] Level 1:colcon.colcon_core.package_identification:_identify(src/correct_cpp_examples) by extensions ['ros']
[0.267s] Level 1:colcon.colcon_core.package_identification:_identify(src/correct_cpp_examples) by extension 'ros'
[0.268s] DEBUG:colcon.colcon_core.package_identification:Package 'src/correct_cpp_examples' with type 'ros.ament_cmake' and name 'correct_cpp_examples'
[0.268s] Level 1:colcon.colcon_core.package_identification:_identify(src/correct_localization) by extensions ['ignore', 'ignore_ament_install']
[0.268s] Level 1:colcon.colcon_core.package_identification:_identify(src/correct_localization) by extension 'ignore'
[0.268s] Level 1:colcon.colcon_core.package_identification:_identify(src/correct_localization) by extension 'ignore_ament_install'
[0.268s] Level 1:colcon.colcon_core.package_identification:_identify(src/correct_localization) by extensions ['colcon_pkg']
[0.269s] Level 1:colcon.colcon_core.package_identification:_identify(src/correct_localization) by extension 'colcon_pkg'
[0.269s] Level 1:colcon.colcon_core.package_identification:_identify(src/correct_localization) by extensions ['colcon_meta']
[0.269s] Level 1:colcon.colcon_core.package_identification:_identify(src/correct_localization) by extension 'colcon_meta'
[0.269s] Level 1:colcon.colcon_core.package_identification:_identify(src/correct_localization) by extensions ['ros']
[0.269s] Level 1:colcon.colcon_core.package_identification:_identify(src/correct_localization) by extension 'ros'
[0.270s] DEBUG:colcon.colcon_core.package_identification:Package 'src/correct_localization' with type 'ros.ament_cmake' and name 'correct_localization'
[0.270s] Level 1:colcon.colcon_core.package_identification:_identify(src/correct_msgs) by extensions ['ignore', 'ignore_ament_install']
[0.270s] Level 1:colcon.colcon_core.package_identification:_identify(src/correct_msgs) by extension 'ignore'
[0.270s] Level 1:colcon.colcon_core.package_identification:_identify(src/correct_msgs) by extension 'ignore_ament_install'
[0.270s] Level 1:colcon.colcon_core.package_identification:_identify(src/correct_msgs) by extensions ['colcon_pkg']
[0.270s] Level 1:colcon.colcon_core.package_identification:_identify(src/correct_msgs) by extension 'colcon_pkg'
[0.270s] Level 1:colcon.colcon_core.package_identification:_identify(src/correct_msgs) by extensions ['colcon_meta']
[0.270s] Level 1:colcon.colcon_core.package_identification:_identify(src/correct_msgs) by extension 'colcon_meta'
[0.270s] Level 1:colcon.colcon_core.package_identification:_identify(src/correct_msgs) by extensions ['ros']
[0.270s] Level 1:colcon.colcon_core.package_identification:_identify(src/correct_msgs) by extension 'ros'
[0.271s] DEBUG:colcon.colcon_core.package_identification:Package 'src/correct_msgs' with type 'ros.ament_cmake' and name 'correct_msgs'
[0.271s] Level 1:colcon.colcon_core.package_identification:_identify(src/correct_pkg) by extensions ['ignore', 'ignore_ament_install']
[0.271s] Level 1:colcon.colcon_core.package_identification:_identify(src/correct_pkg) by extension 'ignore'
[0.271s] Level 1:colcon.colcon_core.package_identification:_identify(src/correct_pkg) by extension 'ignore_ament_install'
[0.271s] Level 1:colcon.colcon_core.package_identification:_identify(src/correct_pkg) by extensions ['colcon_pkg']
[0.271s] Level 1:colcon.colcon_core.package_identification:_identify(src/correct_pkg) by extension 'colcon_pkg'
[0.271s] Level 1:colcon.colcon_core.package_identification:_identify(src/correct_pkg) by extensions ['colcon_meta']
[0.271s] Level 1:colcon.colcon_core.package_identification:_identify(src/correct_pkg) by extension 'colcon_meta'
[0.271s] Level 1:colcon.colcon_core.package_identification:_identify(src/correct_pkg) by extensions ['ros']
[0.271s] Level 1:colcon.colcon_core.package_identification:_identify(src/correct_pkg) by extension 'ros'
[0.274s] DEBUG:colcon.colcon_core.package_identification:Package 'src/correct_pkg' with type 'ros.ament_cmake' and name 'correct_pkg'
[0.274s] Level 1:colcon.colcon_core.package_identification:_identify(src/correct_py_examples) by extensions ['ignore', 'ignore_ament_install']
[0.274s] Level 1:colcon.colcon_core.package_identification:_identify(src/correct_py_examples) by extension 'ignore'
[0.274s] Level 1:colcon.colcon_core.package_identification:_identify(src/correct_py_examples) by extension 'ignore_ament_install'
[0.274s] Level 1:colcon.colcon_core.package_identification:_identify(src/correct_py_examples) by extensions ['colcon_pkg']
[0.274s] Level 1:colcon.colcon_core.package_identification:_identify(src/correct_py_examples) by extension 'colcon_pkg'
[0.274s] Level 1:colcon.colcon_core.package_identification:_identify(src/correct_py_examples) by extensions ['colcon_meta']
[0.274s] Level 1:colcon.colcon_core.package_identification:_identify(src/correct_py_examples) by extension 'colcon_meta'
[0.274s] Level 1:colcon.colcon_core.package_identification:_identify(src/correct_py_examples) by extensions ['ros']
[0.274s] Level 1:colcon.colcon_core.package_identification:_identify(src/correct_py_examples) by extension 'ros'
[0.275s] DEBUG:colcon.colcon_core.package_identification:Package 'src/correct_py_examples' with type 'ros.ament_python' and name 'correct_py_examples'
[0.275s] Level 1:colcon.colcon_core.package_identification:_identify(train) by extensions ['ignore', 'ignore_ament_install']
[0.276s] Level 1:colcon.colcon_core.package_identification:_identify(train) by extension 'ignore'
[0.276s] Level 1:colcon.colcon_core.package_identification:_identify(train) by extension 'ignore_ament_install'
[0.276s] Level 1:colcon.colcon_core.package_identification:_identify(train) by extensions ['colcon_pkg']
[0.276s] Level 1:colcon.colcon_core.package_identification:_identify(train) by extension 'colcon_pkg'
[0.276s] Level 1:colcon.colcon_core.package_identification:_identify(train) by extensions ['colcon_meta']
[0.276s] Level 1:colcon.colcon_core.package_identification:_identify(train) by extension 'colcon_meta'
[0.276s] Level 1:colcon.colcon_core.package_identification:_identify(train) by extensions ['ros']
[0.276s] Level 1:colcon.colcon_core.package_identification:_identify(train) by extension 'ros'
[0.276s] Level 1:colcon.colcon_core.package_identification:_identify(train) by extensions ['cmake', 'python']
[0.276s] Level 1:colcon.colcon_core.package_identification:_identify(train) by extension 'cmake'
[0.276s] Level 1:colcon.colcon_core.package_identification:_identify(train) by extension 'python'
[0.276s] Level 1:colcon.colcon_core.package_identification:_identify(train) by extensions ['python_setup_py']
[0.276s] Level 1:colcon.colcon_core.package_identification:_identify(train) by extension 'python_setup_py'
[0.276s] Level 1:colcon.colcon_core.package_identification:_identify(train/image_aug) by extensions ['ignore', 'ignore_ament_install']
[0.277s] Level 1:colcon.colcon_core.package_identification:_identify(train/image_aug) by extension 'ignore'
[0.277s] Level 1:colcon.colcon_core.package_identification:_identify(train/image_aug) by extension 'ignore_ament_install'
[0.277s] Level 1:colcon.colcon_core.package_identification:_identify(train/image_aug) by extensions ['colcon_pkg']
[0.277s] Level 1:colcon.colcon_core.package_identification:_identify(train/image_aug) by extension 'colcon_pkg'
[0.277s] Level 1:colcon.colcon_core.package_identification:_identify(train/image_aug) by extensions ['colcon_meta']
[0.277s] Level 1:colcon.colcon_core.package_identification:_identify(train/image_aug) by extension 'colcon_meta'
[0.277s] Level 1:colcon.colcon_core.package_identification:_identify(train/image_aug) by extensions ['ros']
[0.277s] Level 1:colcon.colcon_core.package_identification:_identify(train/image_aug) by extension 'ros'
[0.277s] Level 1:colcon.colcon_core.package_identification:_identify(train/image_aug) by extensions ['cmake', 'python']
[0.277s] Level 1:colcon.colcon_core.package_identification:_identify(train/image_aug) by extension 'cmake'
[0.277s] Level 1:colcon.colcon_core.package_identification:_identify(train/image_aug) by extension 'python'
[0.277s] Level 1:colcon.colcon_core.package_identification:_identify(train/image_aug) by extensions ['python_setup_py']
[0.277s] Level 1:colcon.colcon_core.package_identification:_identify(train/image_aug) by extension 'python_setup_py'
[0.277s] Level 1:colcon.colcon_core.package_identification:_identify(train/labels_aug) by extensions ['ignore', 'ignore_ament_install']
[0.277s] Level 1:colcon.colcon_core.package_identification:_identify(train/labels_aug) by extension 'ignore'
[0.278s] Level 1:colcon.colcon_core.package_identification:_identify(train/labels_aug) by extension 'ignore_ament_install'
[0.278s] Level 1:colcon.colcon_core.package_identification:_identify(train/labels_aug) by extensions ['colcon_pkg']
[0.278s] Level 1:colcon.colcon_core.package_identification:_identify(train/labels_aug) by extension 'colcon_pkg'
[0.278s] Level 1:colcon.colcon_core.package_identification:_identify(train/labels_aug) by extensions ['colcon_meta']
[0.278s] Level 1:colcon.colcon_core.package_identification:_identify(train/labels_aug) by extension 'colcon_meta'
[0.278s] Level 1:colcon.colcon_core.package_identification:_identify(train/labels_aug) by extensions ['ros']
[0.278s] Level 1:colcon.colcon_core.package_identification:_identify(train/labels_aug) by extension 'ros'
[0.278s] Level 1:colcon.colcon_core.package_identification:_identify(train/labels_aug) by extensions ['cmake', 'python']
[0.278s] Level 1:colcon.colcon_core.package_identification:_identify(train/labels_aug) by extension 'cmake'
[0.278s] Level 1:colcon.colcon_core.package_identification:_identify(train/labels_aug) by extension 'python'
[0.278s] Level 1:colcon.colcon_core.package_identification:_identify(train/labels_aug) by extensions ['python_setup_py']
[0.278s] Level 1:colcon.colcon_core.package_identification:_identify(train/labels_aug) by extension 'python_setup_py'
[0.278s] Level 1:colcon.colcon_core.package_discovery:discover_packages(recursive) using defaults
[0.278s] Level 1:colcon.colcon_core.package_discovery:discover_packages(ignore) discover
[0.278s] Level 1:colcon.colcon_core.package_discovery:discover_packages(ignore) using defaults
[0.278s] Level 1:colcon.colcon_core.package_discovery:discover_packages(path) discover
[0.278s] Level 1:colcon.colcon_core.package_discovery:discover_packages(path) using defaults
[0.306s] Level 1:colcon.colcon_core.package_discovery:discover_packages(prefix_path) check parameters
[0.306s] Level 1:colcon.colcon_core.package_discovery:discover_packages(prefix_path) discover
[0.310s] DEBUG:colcon.colcon_installed_package_information.package_discovery:Found 339 installed packages in /opt/ros/humble
[0.311s] Level 1:colcon.colcon_core.package_discovery:discover_packages(prefix_path) using defaults
[0.347s] Level 5:colcon.colcon_core.verb:set package 'computer_vision' build argument 'cmake_args' from command line to 'None'
[0.347s] Level 5:colcon.colcon_core.verb:set package 'computer_vision' build argument 'cmake_target' from command line to 'None'
[0.347s] Level 5:colcon.colcon_core.verb:set package 'computer_vision' build argument 'cmake_target_skip_unavailable' from command line to 'False'
[0.347s] Level 5:colcon.colcon_core.verb:set package 'computer_vision' build argument 'cmake_clean_cache' from command line to 'False'
[0.348s] Level 5:colcon.colcon_core.verb:set package 'computer_vision' build argument 'cmake_clean_first' from command line to 'False'
[0.348s] Level 5:colcon.colcon_core.verb:set package 'computer_vision' build argument 'cmake_force_configure' from command line to 'False'
[0.348s] Level 5:colcon.colcon_core.verb:set package 'computer_vision' build argument 'ament_cmake_args' from command line to 'None'
[0.348s] Level 5:colcon.colcon_core.verb:set package 'computer_vision' build argument 'catkin_cmake_args' from command line to 'None'
[0.348s] Level 5:colcon.colcon_core.verb:set package 'computer_vision' build argument 'catkin_skip_building_tests' from command line to 'False'
[0.348s] DEBUG:colcon.colcon_core.verb:Building package 'computer_vision' with the following arguments: {'ament_cmake_args': None, 'build_base': '/home/louwee/correct_ws/build/computer_vision', 'catkin_cmake_args': None, 'catkin_skip_building_tests': False, 'cmake_args': None, 'cmake_clean_cache': False, 'cmake_clean_first': False, 'cmake_force_configure': False, 'cmake_target': None, 'cmake_target_skip_unavailable': False, 'install_base': '/home/louwee/correct_ws/install/computer_vision', 'merge_install': False, 'path': '/home/louwee/correct_ws/src/computer_vision', 'symlink_install': False, 'test_result_base': None}
[0.348s] Level 5:colcon.colcon_core.verb:set package 'correct_controller' build argument 'cmake_args' from command line to 'None'
[0.348s] Level 5:colcon.colcon_core.verb:set package 'correct_controller' build argument 'cmake_target' from command line to 'None'
[0.348s] Level 5:colcon.colcon_core.verb:set package 'correct_controller' build argument 'cmake_target_skip_unavailable' from command line to 'False'
[0.348s] Level 5:colcon.colcon_core.verb:set package 'correct_controller' build argument 'cmake_clean_cache' from command line to 'False'
[0.348s] Level 5:colcon.colcon_core.verb:set package 'correct_controller' build argument 'cmake_clean_first' from command line to 'False'
[0.348s] Level 5:colcon.colcon_core.verb:set package 'correct_controller' build argument 'cmake_force_configure' from command line to 'False'
[0.348s] Level 5:colcon.colcon_core.verb:set package 'correct_controller' build argument 'ament_cmake_args' from command line to 'None'
[0.348s] Level 5:colcon.colcon_core.verb:set package 'correct_controller' build argument 'catkin_cmake_args' from command line to 'None'
[0.348s] Level 5:colcon.colcon_core.verb:set package 'correct_controller' build argument 'catkin_skip_building_tests' from command line to 'False'
[0.348s] DEBUG:colcon.colcon_core.verb:Building package 'correct_controller' with the following arguments: {'ament_cmake_args': None, 'build_base': '/home/louwee/correct_ws/build/correct_controller', 'catkin_cmake_args': None, 'catkin_skip_building_tests': False, 'cmake_args': None, 'cmake_clean_cache': False, 'cmake_clean_first': False, 'cmake_force_configure': False, 'cmake_target': None, 'cmake_target_skip_unavailable': False, 'install_base': '/home/louwee/correct_ws/install/correct_controller', 'merge_install': False, 'path': '/home/louwee/correct_ws/src/correct_controller', 'symlink_install': False, 'test_result_base': None}
[0.349s] Level 5:colcon.colcon_core.verb:set package 'correct_localization' build argument 'cmake_args' from command line to 'None'
[0.349s] Level 5:colcon.colcon_core.verb:set package 'correct_localization' build argument 'cmake_target' from command line to 'None'
[0.349s] Level 5:colcon.colcon_core.verb:set package 'correct_localization' build argument 'cmake_target_skip_unavailable' from command line to 'False'
[0.349s] Level 5:colcon.colcon_core.verb:set package 'correct_localization' build argument 'cmake_clean_cache' from command line to 'False'
[0.349s] Level 5:colcon.colcon_core.verb:set package 'correct_localization' build argument 'cmake_clean_first' from command line to 'False'
[0.349s] Level 5:colcon.colcon_core.verb:set package 'correct_localization' build argument 'cmake_force_configure' from command line to 'False'
[0.349s] Level 5:colcon.colcon_core.verb:set package 'correct_localization' build argument 'ament_cmake_args' from command line to 'None'
[0.349s] Level 5:colcon.colcon_core.verb:set package 'correct_localization' build argument 'catkin_cmake_args' from command line to 'None'
[0.349s] Level 5:colcon.colcon_core.verb:set package 'correct_localization' build argument 'catkin_skip_building_tests' from command line to 'False'
[0.349s] DEBUG:colcon.colcon_core.verb:Building package 'correct_localization' with the following arguments: {'ament_cmake_args': None, 'build_base': '/home/louwee/correct_ws/build/correct_localization', 'catkin_cmake_args': None, 'catkin_skip_building_tests': False, 'cmake_args': None, 'cmake_clean_cache': False, 'cmake_clean_first': False, 'cmake_force_configure': False, 'cmake_target': None, 'cmake_target_skip_unavailable': False, 'install_base': '/home/louwee/correct_ws/install/correct_localization', 'merge_install': False, 'path': '/home/louwee/correct_ws/src/correct_localization', 'symlink_install': False, 'test_result_base': None}
[0.350s] Level 5:colcon.colcon_core.verb:set package 'correct_msgs' build argument 'cmake_args' from command line to 'None'
[0.350s] Level 5:colcon.colcon_core.verb:set package 'correct_msgs' build argument 'cmake_target' from command line to 'None'
[0.350s] Level 5:colcon.colcon_core.verb:set package 'correct_msgs' build argument 'cmake_target_skip_unavailable' from command line to 'False'
[0.350s] Level 5:colcon.colcon_core.verb:set package 'correct_msgs' build argument 'cmake_clean_cache' from command line to 'False'
[0.350s] Level 5:colcon.colcon_core.verb:set package 'correct_msgs' build argument 'cmake_clean_first' from command line to 'False'
[0.350s] Level 5:colcon.colcon_core.verb:set package 'correct_msgs' build argument 'cmake_force_configure' from command line to 'False'
[0.350s] Level 5:colcon.colcon_core.verb:set package 'correct_msgs' build argument 'ament_cmake_args' from command line to 'None'
[0.350s] Level 5:colcon.colcon_core.verb:set package 'correct_msgs' build argument 'catkin_cmake_args' from command line to 'None'
[0.350s] Level 5:colcon.colcon_core.verb:set package 'correct_msgs' build argument 'catkin_skip_building_tests' from command line to 'False'
[0.350s] DEBUG:colcon.colcon_core.verb:Building package 'correct_msgs' with the following arguments: {'ament_cmake_args': None, 'build_base': '/home/louwee/correct_ws/build/correct_msgs', 'catkin_cmake_args': None, 'catkin_skip_building_tests': False, 'cmake_args': None, 'cmake_clean_cache': False, 'cmake_clean_first': False, 'cmake_force_configure': False, 'cmake_target': None, 'cmake_target_skip_unavailable': False, 'install_base': '/home/louwee/correct_ws/install/correct_msgs', 'merge_install': False, 'path': '/home/louwee/correct_ws/src/correct_msgs', 'symlink_install': False, 'test_result_base': None}
[0.350s] Level 5:colcon.colcon_core.verb:set package 'correct_pkg' build argument 'cmake_args' from command line to 'None'
[0.350s] Level 5:colcon.colcon_core.verb:set package 'correct_pkg' build argument 'cmake_target' from command line to 'None'
[0.350s] Level 5:colcon.colcon_core.verb:set package 'correct_pkg' build argument 'cmake_target_skip_unavailable' from command line to 'False'
[0.350s] Level 5:colcon.colcon_core.verb:set package 'correct_pkg' build argument 'cmake_clean_cache' from command line to 'False'
[0.350s] Level 5:colcon.colcon_core.verb:set package 'correct_pkg' build argument 'cmake_clean_first' from command line to 'False'
[0.350s] Level 5:colcon.colcon_core.verb:set package 'correct_pkg' build argument 'cmake_force_configure' from command line to 'False'
[0.350s] Level 5:colcon.colcon_core.verb:set package 'correct_pkg' build argument 'ament_cmake_args' from command line to 'None'
[0.350s] Level 5:colcon.colcon_core.verb:set package 'correct_pkg' build argument 'catkin_cmake_args' from command line to 'None'
[0.350s] Level 5:colcon.colcon_core.verb:set package 'correct_pkg' build argument 'catkin_skip_building_tests' from command line to 'False'
[0.351s] DEBUG:colcon.colcon_core.verb:Building package 'correct_pkg' with the following arguments: {'ament_cmake_args': None, 'build_base': '/home/louwee/correct_ws/build/correct_pkg', 'catkin_cmake_args': None, 'catkin_skip_building_tests': False, 'cmake_args': None, 'cmake_clean_cache': False, 'cmake_clean_first': False, 'cmake_force_configure': False, 'cmake_target': None, 'cmake_target_skip_unavailable': False, 'install_base': '/home/louwee/correct_ws/install/correct_pkg', 'merge_install': False, 'path': '/home/louwee/correct_ws/src/correct_pkg', 'symlink_install': False, 'test_result_base': None}
[0.351s] Level 5:colcon.colcon_core.verb:set package 'correct_py_examples' build argument 'cmake_args' from command line to 'None'
[0.351s] Level 5:colcon.colcon_core.verb:set package 'correct_py_examples' build argument 'cmake_target' from command line to 'None'
[0.351s] Level 5:colcon.colcon_core.verb:set package 'correct_py_examples' build argument 'cmake_target_skip_unavailable' from command line to 'False'
[0.351s] Level 5:colcon.colcon_core.verb:set package 'correct_py_examples' build argument 'cmake_clean_cache' from command line to 'False'
[0.351s] Level 5:colcon.colcon_core.verb:set package 'correct_py_examples' build argument 'cmake_clean_first' from command line to 'False'
[0.351s] Level 5:colcon.colcon_core.verb:set package 'correct_py_examples' build argument 'cmake_force_configure' from command line to 'False'
[0.351s] Level 5:colcon.colcon_core.verb:set package 'correct_py_examples' build argument 'ament_cmake_args' from command line to 'None'
[0.351s] Level 5:colcon.colcon_core.verb:set package 'correct_py_examples' build argument 'catkin_cmake_args' from command line to 'None'
[0.351s] Level 5:colcon.colcon_core.verb:set package 'correct_py_examples' build argument 'catkin_skip_building_tests' from command line to 'False'
[0.351s] DEBUG:colcon.colcon_core.verb:Building package 'correct_py_examples' with the following arguments: {'ament_cmake_args': None, 'build_base': '/home/louwee/correct_ws/build/correct_py_examples', 'catkin_cmake_args': None, 'catkin_skip_building_tests': False, 'cmake_args': None, 'cmake_clean_cache': False, 'cmake_clean_first': False, 'cmake_force_configure': False, 'cmake_target': None, 'cmake_target_skip_unavailable': False, 'install_base': '/home/louwee/correct_ws/install/correct_py_examples', 'merge_install': False, 'path': '/home/louwee/correct_ws/src/correct_py_examples', 'symlink_install': False, 'test_result_base': None}
[0.352s] Level 5:colcon.colcon_core.verb:set package 'correct_cpp_examples' build argument 'cmake_args' from command line to 'None'
[0.352s] Level 5:colcon.colcon_core.verb:set package 'correct_cpp_examples' build argument 'cmake_target' from command line to 'None'
[0.352s] Level 5:colcon.colcon_core.verb:set package 'correct_cpp_examples' build argument 'cmake_target_skip_unavailable' from command line to 'False'
[0.352s] Level 5:colcon.colcon_core.verb:set package 'correct_cpp_examples' build argument 'cmake_clean_cache' from command line to 'False'
[0.352s] Level 5:colcon.colcon_core.verb:set package 'correct_cpp_examples' build argument 'cmake_clean_first' from command line to 'False'
[0.352s] Level 5:colcon.colcon_core.verb:set package 'correct_cpp_examples' build argument 'cmake_force_configure' from command line to 'False'
[0.352s] Level 5:colcon.colcon_core.verb:set package 'correct_cpp_examples' build argument 'ament_cmake_args' from command line to 'None'
[0.352s] Level 5:colcon.colcon_core.verb:set package 'correct_cpp_examples' build argument 'catkin_cmake_args' from command line to 'None'
[0.352s] Level 5:colcon.colcon_core.verb:set package 'correct_cpp_examples' build argument 'catkin_skip_building_tests' from command line to 'False'
[0.352s] DEBUG:colcon.colcon_core.verb:Building package 'correct_cpp_examples' with the following arguments: {'ament_cmake_args': None, 'build_base': '/home/louwee/correct_ws/build/correct_cpp_examples', 'catkin_cmake_args': None, 'catkin_skip_building_tests': False, 'cmake_args': None, 'cmake_clean_cache': False, 'cmake_clean_first': False, 'cmake_force_configure': False, 'cmake_target': None, 'cmake_target_skip_unavailable': False, 'install_base': '/home/louwee/correct_ws/install/correct_cpp_examples', 'merge_install': False, 'path': '/home/louwee/correct_ws/src/correct_cpp_examples', 'symlink_install': False, 'test_result_base': None}
[0.352s] INFO:colcon.colcon_core.executor:Executing jobs using 'parallel' executor
[0.353s] DEBUG:colcon.colcon_parallel_executor.executor.parallel:run_until_complete
[0.353s] INFO:colcon.colcon_ros.task.ament_cmake.build:Building ROS package in '/home/louwee/correct_ws/src/correct_msgs' with build type 'ament_cmake'
[0.354s] INFO:colcon.colcon_cmake.task.cmake.build:Building CMake package in '/home/louwee/correct_ws/src/correct_msgs'
[0.357s] INFO:colcon.colcon_core.plugin_system:Skipping extension 'colcon_core.shell.bat': Not used on non-Windows systems
[0.357s] INFO:colcon.colcon_core.shell:Skip shell extension 'powershell' for command environment: Not usable outside of PowerShell
[0.357s] DEBUG:colcon.colcon_core.shell:Skip shell extension 'dsv' for command environment
[0.360s] INFO:colcon.colcon_ros.task.ament_cmake.build:Building ROS package in '/home/louwee/correct_ws/src/computer_vision' with build type 'ament_cmake'
[0.360s] INFO:colcon.colcon_cmake.task.cmake.build:Building CMake package in '/home/louwee/correct_ws/src/computer_vision'
[0.360s] INFO:colcon.colcon_core.shell:Skip shell extension 'powershell' for command environment: Not usable outside of PowerShell
[0.360s] DEBUG:colcon.colcon_core.shell:Skip shell extension 'dsv' for command environment
[0.363s] INFO:colcon.colcon_ros.task.ament_cmake.build:Building ROS package in '/home/louwee/correct_ws/src/correct_controller' with build type 'ament_cmake'
[0.363s] INFO:colcon.colcon_cmake.task.cmake.build:Building CMake package in '/home/louwee/correct_ws/src/correct_controller'
[0.363s] INFO:colcon.colcon_core.shell:Skip shell extension 'powershell' for command environment: Not usable outside of PowerShell
[0.363s] DEBUG:colcon.colcon_core.shell:Skip shell extension 'dsv' for command environment
[0.366s] INFO:colcon.colcon_ros.task.ament_cmake.build:Building ROS package in '/home/louwee/correct_ws/src/correct_localization' with build type 'ament_cmake'
[0.366s] INFO:colcon.colcon_cmake.task.cmake.build:Building CMake package in '/home/louwee/correct_ws/src/correct_localization'
[0.366s] INFO:colcon.colcon_core.shell:Skip shell extension 'powershell' for command environment: Not usable outside of PowerShell
[0.367s] DEBUG:colcon.colcon_core.shell:Skip shell extension 'dsv' for command environment
[0.369s] INFO:colcon.colcon_ros.task.ament_cmake.build:Building ROS package in '/home/louwee/correct_ws/src/correct_pkg' with build type 'ament_cmake'
[0.369s] INFO:colcon.colcon_cmake.task.cmake.build:Building CMake package in '/home/louwee/correct_ws/src/correct_pkg'
[0.369s] INFO:colcon.colcon_core.shell:Skip shell extension 'powershell' for command environment: Not usable outside of PowerShell
[0.370s] DEBUG:colcon.colcon_core.shell:Skip shell extension 'dsv' for command environment
[0.372s] INFO:colcon.colcon_ros.task.ament_python.build:Building ROS package in '/home/louwee/correct_ws/src/correct_py_examples' with build type 'ament_python'
[0.372s] Level 1:colcon.colcon_core.shell:create_environment_hook('correct_py_examples', 'ament_prefix_path')
[0.372s] INFO:colcon.colcon_core.shell:Creating environment hook '/home/louwee/correct_ws/install/correct_py_examples/share/correct_py_examples/hook/ament_prefix_path.ps1'
[0.373s] INFO:colcon.colcon_core.shell:Creating environment descriptor '/home/louwee/correct_ws/install/correct_py_examples/share/correct_py_examples/hook/ament_prefix_path.dsv'
[0.374s] INFO:colcon.colcon_core.shell:Creating environment hook '/home/louwee/correct_ws/install/correct_py_examples/share/correct_py_examples/hook/ament_prefix_path.sh'
[0.375s] INFO:colcon.colcon_core.shell:Skip shell extension 'powershell' for command environment: Not usable outside of PowerShell
[0.375s] DEBUG:colcon.colcon_core.shell:Skip shell extension 'dsv' for command environment
[0.382s] DEBUG:colcon.colcon_core.event_handler.log_command:Invoking command in '/home/louwee/correct_ws/build/correct_msgs': CMAKE_PREFIX_PATH=/opt/ros/humble /usr/bin/cmake --build /home/louwee/correct_ws/build/correct_msgs -- -j12 -l12
[0.387s] DEBUG:colcon.colcon_core.event_handler.log_command:Invoking command in '/home/louwee/correct_ws/build/computer_vision': CMAKE_PREFIX_PATH=/opt/ros/humble /usr/bin/cmake --build /home/louwee/correct_ws/build/computer_vision -- -j12 -l12
[0.390s] DEBUG:colcon.colcon_core.event_handler.log_command:Invoking command in '/home/louwee/correct_ws/build/correct_controller': CMAKE_PREFIX_PATH=/opt/ros/humble /usr/bin/cmake --build /home/louwee/correct_ws/build/correct_controller -- -j12 -l12
[0.394s] DEBUG:colcon.colcon_core.event_handler.log_command:Invoking command in '/home/louwee/correct_ws/build/correct_localization': CMAKE_PREFIX_PATH=/opt/ros/humble /usr/bin/cmake --build /home/louwee/correct_ws/build/correct_localization -- -j12 -l12
[0.398s] DEBUG:colcon.colcon_core.event_handler.log_command:Invoking command in '/home/louwee/correct_ws/build/correct_pkg': CMAKE_PREFIX_PATH=/opt/ros/humble /usr/bin/cmake --build /home/louwee/correct_ws/build/correct_pkg -- -j12 -l12
[0.747s] INFO:colcon.colcon_core.task.python.build:Building Python package in '/home/louwee/correct_ws/src/correct_py_examples'
[0.748s] INFO:colcon.colcon_core.shell:Skip shell extension 'powershell' for command environment: Not usable outside of PowerShell
[0.748s] DEBUG:colcon.colcon_core.shell:Skip shell extension 'dsv' for command environment
[0.752s] DEBUG:colcon.colcon_core.event_handler.log_command:Invoked command in '/home/louwee/correct_ws/build/correct_pkg' returned '0': CMAKE_PREFIX_PATH=/opt/ros/humble /usr/bin/cmake --build /home/louwee/correct_ws/build/correct_pkg -- -j12 -l12
[0.763s] DEBUG:colcon.colcon_core.event_handler.log_command:Invoking command in '/home/louwee/correct_ws/build/correct_pkg': CMAKE_PREFIX_PATH=/opt/ros/humble /usr/bin/cmake --install /home/louwee/correct_ws/build/correct_pkg
[0.806s] Level 1:colcon.colcon_core.environment:create_environment_scripts_only(correct_pkg)
[0.823s] Level 1:colcon.colcon_core.environment:checking '/home/louwee/correct_ws/install/correct_pkg' for CMake module files
[0.828s] Level 1:colcon.colcon_core.environment:checking '/home/louwee/correct_ws/install/correct_pkg' for CMake config files
[0.834s] Level 1:colcon.colcon_core.shell:create_environment_hook('correct_pkg', 'cmake_prefix_path')
[0.834s] INFO:colcon.colcon_core.shell:Creating environment hook '/home/louwee/correct_ws/install/correct_pkg/share/correct_pkg/hook/cmake_prefix_path.ps1'
[0.837s] INFO:colcon.colcon_core.shell:Creating environment descriptor '/home/louwee/correct_ws/install/correct_pkg/share/correct_pkg/hook/cmake_prefix_path.dsv'
[0.840s] INFO:colcon.colcon_core.shell:Creating environment hook '/home/louwee/correct_ws/install/correct_pkg/share/correct_pkg/hook/cmake_prefix_path.sh'
[0.842s] Level 1:colcon.colcon_core.environment:checking '/home/louwee/correct_ws/install/correct_pkg/bin'
[0.842s] Level 1:colcon.colcon_core.environment:checking '/home/louwee/correct_ws/install/correct_pkg/lib/pkgconfig/correct_pkg.pc'
[0.842s] Level 1:colcon.colcon_core.environment:checking '/home/louwee/correct_ws/install/correct_pkg/lib/python3.10/site-packages'
[0.843s] Level 1:colcon.colcon_core.environment:checking '/home/louwee/correct_ws/install/correct_pkg/bin'
[0.843s] INFO:colcon.colcon_core.shell:Creating package script '/home/louwee/correct_ws/install/correct_pkg/share/correct_pkg/package.ps1'
[0.845s] INFO:colcon.colcon_core.shell:Creating package descriptor '/home/louwee/correct_ws/install/correct_pkg/share/correct_pkg/package.dsv'
[0.846s] INFO:colcon.colcon_core.shell:Creating package script '/home/louwee/correct_ws/install/correct_pkg/share/correct_pkg/package.sh'
[0.847s] INFO:colcon.colcon_core.shell:Creating package script '/home/louwee/correct_ws/install/correct_pkg/share/correct_pkg/package.bash'
[0.849s] INFO:colcon.colcon_core.shell:Creating package script '/home/louwee/correct_ws/install/correct_pkg/share/correct_pkg/package.zsh'
[0.851s] Level 1:colcon.colcon_core.environment:create_file_with_runtime_dependencies(/home/louwee/correct_ws/install/correct_pkg/share/colcon-core/packages/correct_pkg)
[0.855s] Level 1:colcon.colcon_core.environment:create_environment_scripts_only(correct_pkg)
[0.856s] Level 1:colcon.colcon_core.environment:checking '/home/louwee/correct_ws/install/correct_pkg' for CMake module files
[0.862s] Level 1:colcon.colcon_core.environment:checking '/home/louwee/correct_ws/install/correct_pkg' for CMake config files
[0.864s] Level 1:colcon.colcon_core.shell:create_environment_hook('correct_pkg', 'cmake_prefix_path')
[0.864s] INFO:colcon.colcon_core.shell:Creating environment hook '/home/louwee/correct_ws/install/correct_pkg/share/correct_pkg/hook/cmake_prefix_path.ps1'
[0.865s] INFO:colcon.colcon_core.shell:Creating environment descriptor '/home/louwee/correct_ws/install/correct_pkg/share/correct_pkg/hook/cmake_prefix_path.dsv'
[0.866s] INFO:colcon.colcon_core.shell:Creating environment hook '/home/louwee/correct_ws/install/correct_pkg/share/correct_pkg/hook/cmake_prefix_path.sh'
[0.867s] Level 1:colcon.colcon_core.environment:checking '/home/louwee/correct_ws/install/correct_pkg/bin'
[0.867s] Level 1:colcon.colcon_core.environment:checking '/home/louwee/correct_ws/install/correct_pkg/lib/pkgconfig/correct_pkg.pc'
[0.868s] Level 1:colcon.colcon_core.environment:checking '/home/louwee/correct_ws/install/correct_pkg/lib/python3.10/site-packages'
[0.868s] Level 1:colcon.colcon_core.environment:checking '/home/louwee/correct_ws/install/correct_pkg/bin'
[0.868s] INFO:colcon.colcon_core.shell:Creating package script '/home/louwee/correct_ws/install/correct_pkg/share/correct_pkg/package.ps1'
[0.869s] INFO:colcon.colcon_core.shell:Creating package descriptor '/home/louwee/correct_ws/install/correct_pkg/share/correct_pkg/package.dsv'
[0.870s] INFO:colcon.colcon_core.shell:Creating package script '/home/louwee/correct_ws/install/correct_pkg/share/correct_pkg/package.sh'
[0.871s] INFO:colcon.colcon_core.shell:Creating package script '/home/louwee/correct_ws/install/correct_pkg/share/correct_pkg/package.bash'
[0.872s] INFO:colcon.colcon_core.shell:Creating package script '/home/louwee/correct_ws/install/correct_pkg/share/correct_pkg/package.zsh'
[0.873s] Level 1:colcon.colcon_core.environment:create_file_with_runtime_dependencies(/home/louwee/correct_ws/install/correct_pkg/share/colcon-core/packages/correct_pkg)
[0.877s] DEBUG:colcon.colcon_core.event_handler.log_command:Invoked command in '/home/louwee/correct_ws/build/correct_controller' returned '0': CMAKE_PREFIX_PATH=/opt/ros/humble /usr/bin/cmake --build /home/louwee/correct_ws/build/correct_controller -- -j12 -l12
[0.880s] Level 1:colcon.colcon_core.environment:create_environment_scripts_only(correct_controller)
[0.881s] Level 1:colcon.colcon_core.environment:checking '/home/louwee/correct_ws/install/correct_controller' for CMake module files
[0.886s] Level 1:colcon.colcon_core.environment:checking '/home/louwee/correct_ws/install/correct_controller' for CMake config files
[0.890s] DEBUG:colcon.colcon_core.event_handler.log_command:Invoking command in '/home/louwee/correct_ws/build/correct_controller': CMAKE_PREFIX_PATH=/opt/ros/humble /usr/bin/cmake --install /home/louwee/correct_ws/build/correct_controller
[0.893s] Level 1:colcon.colcon_core.shell:create_environment_hook('correct_controller', 'cmake_prefix_path')
[0.893s] INFO:colcon.colcon_core.shell:Creating environment hook '/home/louwee/correct_ws/install/correct_controller/share/correct_controller/hook/cmake_prefix_path.ps1'
[0.895s] INFO:colcon.colcon_core.shell:Creating environment descriptor '/home/louwee/correct_ws/install/correct_controller/share/correct_controller/hook/cmake_prefix_path.dsv'
[0.899s] INFO:colcon.colcon_core.shell:Creating environment hook '/home/louwee/correct_ws/install/correct_controller/share/correct_controller/hook/cmake_prefix_path.sh'
[0.901s] Level 1:colcon.colcon_core.environment:checking '/home/louwee/correct_ws/install/correct_controller/lib'
[0.902s] Level 1:colcon.colcon_core.environment:checking '/home/louwee/correct_ws/install/correct_controller/bin'
[0.902s] Level 1:colcon.colcon_core.environment:checking '/home/louwee/correct_ws/install/correct_controller/lib/pkgconfig/correct_controller.pc'
[0.903s] Level 1:colcon.colcon_core.environment:checking '/home/louwee/correct_ws/install/correct_controller/lib/python3.10/site-packages'
[0.904s] Level 1:colcon.colcon_core.environment:checking '/home/louwee/correct_ws/install/correct_controller/bin'
[0.904s] INFO:colcon.colcon_core.shell:Creating package script '/home/louwee/correct_ws/install/correct_controller/share/correct_controller/package.ps1'
[0.906s] INFO:colcon.colcon_core.shell:Creating package descriptor '/home/louwee/correct_ws/install/correct_controller/share/correct_controller/package.dsv'
[0.907s] INFO:colcon.colcon_core.shell:Creating package script '/home/louwee/correct_ws/install/correct_controller/share/correct_controller/package.sh'
[0.911s] INFO:colcon.colcon_core.shell:Creating package script '/home/louwee/correct_ws/install/correct_controller/share/correct_controller/package.bash'
[0.915s] INFO:colcon.colcon_core.shell:Creating package script '/home/louwee/correct_ws/install/correct_controller/share/correct_controller/package.zsh'
[0.917s] Level 1:colcon.colcon_core.environment:create_file_with_runtime_dependencies(/home/louwee/correct_ws/install/correct_controller/share/colcon-core/packages/correct_controller)
[0.921s] Level 1:colcon.colcon_core.environment:create_environment_scripts_only(correct_controller)
[0.922s] Level 1:colcon.colcon_core.environment:checking '/home/louwee/correct_ws/install/correct_controller' for CMake module files
[0.924s] Level 1:colcon.colcon_core.environment:checking '/home/louwee/correct_ws/install/correct_controller' for CMake config files
[0.931s] Level 1:colcon.colcon_core.shell:create_environment_hook('correct_controller', 'cmake_prefix_path')
[0.932s] INFO:colcon.colcon_core.shell:Creating environment hook '/home/louwee/correct_ws/install/correct_controller/share/correct_controller/hook/cmake_prefix_path.ps1'
[0.934s] INFO:colcon.colcon_core.shell:Creating environment descriptor '/home/louwee/correct_ws/install/correct_controller/share/correct_controller/hook/cmake_prefix_path.dsv'
[0.935s] INFO:colcon.colcon_core.shell:Creating environment hook '/home/louwee/correct_ws/install/correct_controller/share/correct_controller/hook/cmake_prefix_path.sh'
[0.938s] Level 1:colcon.colcon_core.environment:checking '/home/louwee/correct_ws/install/correct_controller/lib'
[0.939s] Level 1:colcon.colcon_core.environment:checking '/home/louwee/correct_ws/install/correct_controller/bin'
[0.939s] Level 1:colcon.colcon_core.environment:checking '/home/louwee/correct_ws/install/correct_controller/lib/pkgconfig/correct_controller.pc'
[0.939s] Level 1:colcon.colcon_core.environment:checking '/home/louwee/correct_ws/install/correct_controller/lib/python3.10/site-packages'
[0.940s] Level 1:colcon.colcon_core.environment:checking '/home/louwee/correct_ws/install/correct_controller/bin'
[0.940s] INFO:colcon.colcon_core.shell:Creating package script '/home/louwee/correct_ws/install/correct_controller/share/correct_controller/package.ps1'
[0.942s] INFO:colcon.colcon_core.shell:Creating package descriptor '/home/louwee/correct_ws/install/correct_controller/share/correct_controller/package.dsv'
[0.945s] INFO:colcon.colcon_core.shell:Creating package script '/home/louwee/correct_ws/install/correct_controller/share/correct_controller/package.sh'
[0.946s] INFO:colcon.colcon_core.shell:Creating package script '/home/louwee/correct_ws/install/correct_controller/share/correct_controller/package.bash'
[0.948s] INFO:colcon.colcon_core.shell:Creating package script '/home/louwee/correct_ws/install/correct_controller/share/correct_controller/package.zsh'
[0.950s] Level 1:colcon.colcon_core.environment:create_file_with_runtime_dependencies(/home/louwee/correct_ws/install/correct_controller/share/colcon-core/packages/correct_controller)
[0.953s] DEBUG:colcon.colcon_core.event_handler.log_command:Invoked command in '/home/louwee/correct_ws/build/correct_pkg' returned '0': CMAKE_PREFIX_PATH=/opt/ros/humble /usr/bin/cmake --install /home/louwee/correct_ws/build/correct_pkg
[0.960s] DEBUG:colcon.colcon_core.event_handler.log_command:Invoked command in '/home/louwee/correct_ws/build/correct_msgs' returned '0': CMAKE_PREFIX_PATH=/opt/ros/humble /usr/bin/cmake --build /home/louwee/correct_ws/build/correct_msgs -- -j12 -l12
[0.961s] DEBUG:colcon.colcon_core.event_handler.log_command:Invoking command in '/home/louwee/correct_ws/build/correct_msgs': CMAKE_PREFIX_PATH=/opt/ros/humble /usr/bin/cmake --install /home/louwee/correct_ws/build/correct_msgs
[0.961s] DEBUG:colcon.colcon_core.event_handler.log_command:Invoked command in '/home/louwee/correct_ws/build/correct_controller' returned '0': CMAKE_PREFIX_PATH=/opt/ros/humble /usr/bin/cmake --install /home/louwee/correct_ws/build/correct_controller
[0.970s] Level 1:colcon.colcon_core.environment:create_environment_scripts_only(correct_msgs)
[0.971s] Level 1:colcon.colcon_core.environment:checking '/home/louwee/correct_ws/install/correct_msgs' for CMake module files
[0.973s] Level 1:colcon.colcon_core.environment:checking '/home/louwee/correct_ws/install/correct_msgs' for CMake config files
[0.974s] DEBUG:colcon.colcon_core.event_handler.log_command:Invoked command in '/home/louwee/correct_ws/build/computer_vision' returned '0': CMAKE_PREFIX_PATH=/opt/ros/humble /usr/bin/cmake --build /home/louwee/correct_ws/build/computer_vision -- -j12 -l12
[0.975s] DEBUG:colcon.colcon_core.event_handler.log_command:Invoking command in '/home/louwee/correct_ws/build/computer_vision': CMAKE_PREFIX_PATH=/opt/ros/humble /usr/bin/cmake --install /home/louwee/correct_ws/build/computer_vision
[0.988s] Level 1:colcon.colcon_core.shell:create_environment_hook('correct_msgs', 'cmake_prefix_path')
[0.988s] INFO:colcon.colcon_core.shell:Creating environment hook '/home/louwee/correct_ws/install/correct_msgs/share/correct_msgs/hook/cmake_prefix_path.ps1'
[0.990s] INFO:colcon.colcon_core.shell:Creating environment descriptor '/home/louwee/correct_ws/install/correct_msgs/share/correct_msgs/hook/cmake_prefix_path.dsv'
[0.992s] INFO:colcon.colcon_core.shell:Creating environment hook '/home/louwee/correct_ws/install/correct_msgs/share/correct_msgs/hook/cmake_prefix_path.sh'
[0.995s] DEBUG:colcon.colcon_core.event_handler.log_command:Invoked command in '/home/louwee/correct_ws/build/correct_msgs' returned '0': CMAKE_PREFIX_PATH=/opt/ros/humble /usr/bin/cmake --install /home/louwee/correct_ws/build/correct_msgs
[0.995s] Level 1:colcon.colcon_core.environment:checking '/home/louwee/correct_ws/install/correct_msgs/lib'
[0.996s] Level 1:colcon.colcon_core.shell:create_environment_hook('correct_msgs', 'ld_library_path_lib')
[0.996s] INFO:colcon.colcon_core.shell:Creating environment hook '/home/louwee/correct_ws/install/correct_msgs/share/correct_msgs/hook/ld_library_path_lib.ps1'
[0.998s] INFO:colcon.colcon_core.shell:Creating environment descriptor '/home/louwee/correct_ws/install/correct_msgs/share/correct_msgs/hook/ld_library_path_lib.dsv'
[1.000s] INFO:colcon.colcon_core.shell:Creating environment hook '/home/louwee/correct_ws/install/correct_msgs/share/correct_msgs/hook/ld_library_path_lib.sh'
[1.002s] Level 1:colcon.colcon_core.environment:checking '/home/louwee/correct_ws/install/correct_msgs/bin'
[1.002s] Level 1:colcon.colcon_core.environment:checking '/home/louwee/correct_ws/install/correct_msgs/lib/pkgconfig/correct_msgs.pc'
[1.002s] Level 1:colcon.colcon_core.environment:checking '/home/louwee/correct_ws/install/correct_msgs/lib/python3.10/site-packages'
[1.003s] Level 1:colcon.colcon_core.environment:checking '/home/louwee/correct_ws/install/correct_msgs/bin'
[1.004s] INFO:colcon.colcon_core.shell:Creating package script '/home/louwee/correct_ws/install/correct_msgs/share/correct_msgs/package.ps1'
[1.005s] INFO:colcon.colcon_core.shell:Creating package descriptor '/home/louwee/correct_ws/install/correct_msgs/share/correct_msgs/package.dsv'
[1.008s] INFO:colcon.colcon_core.shell:Creating package script '/home/louwee/correct_ws/install/correct_msgs/share/correct_msgs/package.sh'
[1.009s] INFO:colcon.colcon_core.shell:Creating package script '/home/louwee/correct_ws/install/correct_msgs/share/correct_msgs/package.bash'
[1.009s] INFO:colcon.colcon_core.shell:Creating package script '/home/louwee/correct_ws/install/correct_msgs/share/correct_msgs/package.zsh'
[1.010s] Level 1:colcon.colcon_core.environment:create_file_with_runtime_dependencies(/home/louwee/correct_ws/install/correct_msgs/share/colcon-core/packages/correct_msgs)
[1.010s] Level 1:colcon.colcon_core.environment:create_environment_scripts_only(correct_msgs)
[1.010s] Level 1:colcon.colcon_core.environment:checking '/home/louwee/correct_ws/install/correct_msgs' for CMake module files
[1.011s] Level 1:colcon.colcon_core.environment:checking '/home/louwee/correct_ws/install/correct_msgs' for CMake config files
[1.014s] Level 1:colcon.colcon_core.shell:create_environment_hook('correct_msgs', 'cmake_prefix_path')
[1.015s] INFO:colcon.colcon_core.shell:Creating environment hook '/home/louwee/correct_ws/install/correct_msgs/share/correct_msgs/hook/cmake_prefix_path.ps1'
[1.015s] INFO:colcon.colcon_core.shell:Creating environment descriptor '/home/louwee/correct_ws/install/correct_msgs/share/correct_msgs/hook/cmake_prefix_path.dsv'
[1.016s] INFO:colcon.colcon_core.shell:Creating environment hook '/home/louwee/correct_ws/install/correct_msgs/share/correct_msgs/hook/cmake_prefix_path.sh'
[1.016s] Level 1:colcon.colcon_core.environment:checking '/home/louwee/correct_ws/install/correct_msgs/lib'
[1.016s] Level 1:colcon.colcon_core.shell:create_environment_hook('correct_msgs', 'ld_library_path_lib')
[1.016s] INFO:colcon.colcon_core.shell:Creating environment hook '/home/louwee/correct_ws/install/correct_msgs/share/correct_msgs/hook/ld_library_path_lib.ps1'
[1.017s] INFO:colcon.colcon_core.shell:Creating environment descriptor '/home/louwee/correct_ws/install/correct_msgs/share/correct_msgs/hook/ld_library_path_lib.dsv'
[1.017s] INFO:colcon.colcon_core.shell:Creating environment hook '/home/louwee/correct_ws/install/correct_msgs/share/correct_msgs/hook/ld_library_path_lib.sh'
[1.017s] Level 1:colcon.colcon_core.environment:checking '/home/louwee/correct_ws/install/correct_msgs/bin'
[1.018s] Level 1:colcon.colcon_core.environment:checking '/home/louwee/correct_ws/install/correct_msgs/lib/pkgconfig/correct_msgs.pc'
[1.018s] Level 1:colcon.colcon_core.environment:checking '/home/louwee/correct_ws/install/correct_msgs/lib/python3.10/site-packages'
[1.018s] Level 1:colcon.colcon_core.environment:checking '/home/louwee/correct_ws/install/correct_msgs/bin'
[1.018s] INFO:colcon.colcon_core.shell:Creating package script '/home/louwee/correct_ws/install/correct_msgs/share/correct_msgs/package.ps1'
[1.019s] INFO:colcon.colcon_core.shell:Creating package descriptor '/home/louwee/correct_ws/install/correct_msgs/share/correct_msgs/package.dsv'
[1.019s] INFO:colcon.colcon_core.shell:Creating package script '/home/louwee/correct_ws/install/correct_msgs/share/correct_msgs/package.sh'
[1.020s] INFO:colcon.colcon_core.shell:Creating package script '/home/louwee/correct_ws/install/correct_msgs/share/correct_msgs/package.bash'
[1.020s] INFO:colcon.colcon_core.shell:Creating package script '/home/louwee/correct_ws/install/correct_msgs/share/correct_msgs/package.zsh'
[1.020s] Level 1:colcon.colcon_core.environment:create_file_with_runtime_dependencies(/home/louwee/correct_ws/install/correct_msgs/share/colcon-core/packages/correct_msgs)
[1.021s] INFO:colcon.colcon_ros.task.ament_cmake.build:Building ROS package in '/home/louwee/correct_ws/src/correct_cpp_examples' with build type 'ament_cmake'
[1.021s] INFO:colcon.colcon_cmake.task.cmake.build:Building CMake package in '/home/louwee/correct_ws/src/correct_cpp_examples'
[1.022s] INFO:colcon.colcon_core.shell:Skip shell extension 'powershell' for command environment: Not usable outside of PowerShell
[1.022s] DEBUG:colcon.colcon_core.shell:Skip shell extension 'dsv' for command environment
[1.026s] Level 1:colcon.colcon_core.environment:create_environment_scripts_only(computer_vision)
[1.026s] Level 1:colcon.colcon_core.environment:checking '/home/louwee/correct_ws/install/computer_vision' for CMake module files
[1.027s] DEBUG:colcon.colcon_core.event_handler.log_command:Invoked command in '/home/louwee/correct_ws/build/computer_vision' returned '0': CMAKE_PREFIX_PATH=/opt/ros/humble /usr/bin/cmake --install /home/louwee/correct_ws/build/computer_vision
[1.027s] Level 1:colcon.colcon_core.environment:checking '/home/louwee/correct_ws/install/computer_vision' for CMake config files
[1.028s] Level 1:colcon.colcon_core.shell:create_environment_hook('computer_vision', 'cmake_prefix_path')
[1.028s] INFO:colcon.colcon_core.shell:Creating environment hook '/home/louwee/correct_ws/install/computer_vision/share/computer_vision/hook/cmake_prefix_path.ps1'
[1.029s] INFO:colcon.colcon_core.shell:Creating environment descriptor '/home/louwee/correct_ws/install/computer_vision/share/computer_vision/hook/cmake_prefix_path.dsv'
[1.029s] INFO:colcon.colcon_core.shell:Creating environment hook '/home/louwee/correct_ws/install/computer_vision/share/computer_vision/hook/cmake_prefix_path.sh'
[1.030s] Level 1:colcon.colcon_core.environment:checking '/home/louwee/correct_ws/install/computer_vision/lib'
[1.030s] Level 1:colcon.colcon_core.environment:checking '/home/louwee/correct_ws/install/computer_vision/bin'
[1.030s] Level 1:colcon.colcon_core.environment:checking '/home/louwee/correct_ws/install/computer_vision/lib/pkgconfig/computer_vision.pc'
[1.030s] Level 1:colcon.colcon_core.environment:checking '/home/louwee/correct_ws/install/computer_vision/lib/python3.10/site-packages'
[1.030s] Level 1:colcon.colcon_core.environment:checking '/home/louwee/correct_ws/install/computer_vision/bin'
[1.031s] INFO:colcon.colcon_core.shell:Creating package script '/home/louwee/correct_ws/install/computer_vision/share/computer_vision/package.ps1'
[1.031s] INFO:colcon.colcon_core.shell:Creating package descriptor '/home/louwee/correct_ws/install/computer_vision/share/computer_vision/package.dsv'
[1.031s] INFO:colcon.colcon_core.shell:Creating package script '/home/louwee/correct_ws/install/computer_vision/share/computer_vision/package.sh'
[1.032s] INFO:colcon.colcon_core.shell:Creating package script '/home/louwee/correct_ws/install/computer_vision/share/computer_vision/package.bash'
[1.032s] INFO:colcon.colcon_core.shell:Creating package script '/home/louwee/correct_ws/install/computer_vision/share/computer_vision/package.zsh'
[1.032s] Level 1:colcon.colcon_core.environment:create_file_with_runtime_dependencies(/home/louwee/correct_ws/install/computer_vision/share/colcon-core/packages/computer_vision)
[1.033s] Level 1:colcon.colcon_core.environment:create_environment_scripts_only(computer_vision)
[1.033s] Level 1:colcon.colcon_core.environment:checking '/home/louwee/correct_ws/install/computer_vision' for CMake module files
[1.034s] Level 1:colcon.colcon_core.environment:checking '/home/louwee/correct_ws/install/computer_vision' for CMake config files
[1.034s] Level 1:colcon.colcon_core.shell:create_environment_hook('computer_vision', 'cmake_prefix_path')
[1.034s] INFO:colcon.colcon_core.shell:Creating environment hook '/home/louwee/correct_ws/install/computer_vision/share/computer_vision/hook/cmake_prefix_path.ps1'
[1.035s] INFO:colcon.colcon_core.shell:Creating environment descriptor '/home/louwee/correct_ws/install/computer_vision/share/computer_vision/hook/cmake_prefix_path.dsv'
[1.035s] INFO:colcon.colcon_core.shell:Creating environment hook '/home/louwee/correct_ws/install/computer_vision/share/computer_vision/hook/cmake_prefix_path.sh'
[1.036s] Level 1:colcon.colcon_core.environment:checking '/home/louwee/correct_ws/install/computer_vision/lib'
[1.036s] Level 1:colcon.colcon_core.environment:checking '/home/louwee/correct_ws/install/computer_vision/bin'
[1.036s] Level 1:colcon.colcon_core.environment:checking '/home/louwee/correct_ws/install/computer_vision/lib/pkgconfig/computer_vision.pc'
[1.036s] Level 1:colcon.colcon_core.environment:checking '/home/louwee/correct_ws/install/computer_vision/lib/python3.10/site-packages'
[1.036s] Level 1:colcon.colcon_core.environment:checking '/home/louwee/correct_ws/install/computer_vision/bin'
[1.036s] INFO:colcon.colcon_core.shell:Creating package script '/home/louwee/correct_ws/install/computer_vision/share/computer_vision/package.ps1'
[1.037s] INFO:colcon.colcon_core.shell:Creating package descriptor '/home/louwee/correct_ws/install/computer_vision/share/computer_vision/package.dsv'
[1.037s] INFO:colcon.colcon_core.shell:Creating package script '/home/louwee/correct_ws/install/computer_vision/share/computer_vision/package.sh'
[1.038s] INFO:colcon.colcon_core.shell:Creating package script '/home/louwee/correct_ws/install/computer_vision/share/computer_vision/package.bash'
[1.038s] INFO:colcon.colcon_core.shell:Creating package script '/home/louwee/correct_ws/install/computer_vision/share/computer_vision/package.zsh'
[1.038s] Level 1:colcon.colcon_core.environment:create_file_with_runtime_dependencies(/home/louwee/correct_ws/install/computer_vision/share/colcon-core/packages/computer_vision)
[1.043s] DEBUG:colcon.colcon_core.event_handler.log_command:Invoking command in '/home/louwee/correct_ws/build/correct_cpp_examples': AMENT_PREFIX_PATH=/home/louwee/correct_ws/install/correct_msgs:${AMENT_PREFIX_PATH} CMAKE_PREFIX_PATH=/home/louwee/correct_ws/install/correct_msgs:/opt/ros/humble LD_LIBRARY_PATH=/home/louwee/correct_ws/install/correct_msgs/lib:${LD_LIBRARY_PATH} PYTHONPATH=/home/louwee/correct_ws/install/correct_msgs/local/lib/python3.10/dist-packages:${PYTHONPATH} /usr/bin/cmake --build /home/louwee/correct_ws/build/correct_cpp_examples -- -j12 -l12
[1.127s] DEBUG:colcon.colcon_core.event_handler.log_command:Invoked command in '/home/louwee/correct_ws/build/correct_cpp_examples' returned '0': AMENT_PREFIX_PATH=/home/louwee/correct_ws/install/correct_msgs:${AMENT_PREFIX_PATH} CMAKE_PREFIX_PATH=/home/louwee/correct_ws/install/correct_msgs:/opt/ros/humble LD_LIBRARY_PATH=/home/louwee/correct_ws/install/correct_msgs/lib:${LD_LIBRARY_PATH} PYTHONPATH=/home/louwee/correct_ws/install/correct_msgs/local/lib/python3.10/dist-packages:${PYTHONPATH} /usr/bin/cmake --build /home/louwee/correct_ws/build/correct_cpp_examples -- -j12 -l12
[1.129s] DEBUG:colcon.colcon_core.event_handler.log_command:Invoking command in '/home/louwee/correct_ws/build/correct_cpp_examples': AMENT_PREFIX_PATH=/home/louwee/correct_ws/install/correct_msgs:${AMENT_PREFIX_PATH} CMAKE_PREFIX_PATH=/home/louwee/correct_ws/install/correct_msgs:/opt/ros/humble LD_LIBRARY_PATH=/home/louwee/correct_ws/install/correct_msgs/lib:${LD_LIBRARY_PATH} PYTHONPATH=/home/louwee/correct_ws/install/correct_msgs/local/lib/python3.10/dist-packages:${PYTHONPATH} /usr/bin/cmake --install /home/louwee/correct_ws/build/correct_cpp_examples
[1.145s] Level 1:colcon.colcon_core.environment:create_environment_scripts_only(correct_cpp_examples)
[1.146s] DEBUG:colcon.colcon_core.event_handler.log_command:Invoked command in '/home/louwee/correct_ws/build/correct_cpp_examples' returned '0': AMENT_PREFIX_PATH=/home/louwee/correct_ws/install/correct_msgs:${AMENT_PREFIX_PATH} CMAKE_PREFIX_PATH=/home/louwee/correct_ws/install/correct_msgs:/opt/ros/humble LD_LIBRARY_PATH=/home/louwee/correct_ws/install/correct_msgs/lib:${LD_LIBRARY_PATH} PYTHONPATH=/home/louwee/correct_ws/install/correct_msgs/local/lib/python3.10/dist-packages:${PYTHONPATH} /usr/bin/cmake --install /home/louwee/correct_ws/build/correct_cpp_examples
[1.146s] Level 1:colcon.colcon_core.environment:checking '/home/louwee/correct_ws/install/correct_cpp_examples' for CMake module files
[1.147s] Level 1:colcon.colcon_core.environment:checking '/home/louwee/correct_ws/install/correct_cpp_examples' for CMake config files
[1.147s] Level 1:colcon.colcon_core.shell:create_environment_hook('correct_cpp_examples', 'cmake_prefix_path')
[1.147s] INFO:colcon.colcon_core.shell:Creating environment hook '/home/louwee/correct_ws/install/correct_cpp_examples/share/correct_cpp_examples/hook/cmake_prefix_path.ps1'
[1.147s] INFO:colcon.colcon_core.shell:Creating environment descriptor '/home/louwee/correct_ws/install/correct_cpp_examples/share/correct_cpp_examples/hook/cmake_prefix_path.dsv'
[1.148s] INFO:colcon.colcon_core.shell:Creating environment hook '/home/louwee/correct_ws/install/correct_cpp_examples/share/correct_cpp_examples/hook/cmake_prefix_path.sh'
[1.148s] Level 1:colcon.colcon_core.environment:checking '/home/louwee/correct_ws/install/correct_cpp_examples/lib'
[1.148s] Level 1:colcon.colcon_core.environment:checking '/home/louwee/correct_ws/install/correct_cpp_examples/bin'
[1.148s] Level 1:colcon.colcon_core.environment:checking '/home/louwee/correct_ws/install/correct_cpp_examples/lib/pkgconfig/correct_cpp_examples.pc'
[1.149s] Level 1:colcon.colcon_core.environment:checking '/home/louwee/correct_ws/install/correct_cpp_examples/lib/python3.10/site-packages'
[1.149s] Level 1:colcon.colcon_core.environment:checking '/home/louwee/correct_ws/install/correct_cpp_examples/bin'
[1.149s] INFO:colcon.colcon_core.shell:Creating package script '/home/louwee/correct_ws/install/correct_cpp_examples/share/correct_cpp_examples/package.ps1'
[1.150s] INFO:colcon.colcon_core.shell:Creating package descriptor '/home/louwee/correct_ws/install/correct_cpp_examples/share/correct_cpp_examples/package.dsv'
[1.150s] INFO:colcon.colcon_core.shell:Creating package script '/home/louwee/correct_ws/install/correct_cpp_examples/share/correct_cpp_examples/package.sh'
[1.150s] INFO:colcon.colcon_core.shell:Creating package script '/home/louwee/correct_ws/install/correct_cpp_examples/share/correct_cpp_examples/package.bash'
[1.151s] INFO:colcon.colcon_core.shell:Creating package script '/home/louwee/correct_ws/install/correct_cpp_examples/share/correct_cpp_examples/package.zsh'
[1.151s] Level 1:colcon.colcon_core.environment:create_file_with_runtime_dependencies(/home/louwee/correct_ws/install/correct_cpp_examples/share/colcon-core/packages/correct_cpp_examples)
[1.152s] Level 1:colcon.colcon_core.environment:create_environment_scripts_only(correct_cpp_examples)
[1.152s] Level 1:colcon.colcon_core.environment:checking '/home/louwee/correct_ws/install/correct_cpp_examples' for CMake module files
[1.152s] Level 1:colcon.colcon_core.environment:checking '/home/louwee/correct_ws/install/correct_cpp_examples' for CMake config files
[1.152s] Level 1:colcon.colcon_core.shell:create_environment_hook('correct_cpp_examples', 'cmake_prefix_path')
[1.153s] INFO:colcon.colcon_core.shell:Creating environment hook '/home/louwee/correct_ws/install/correct_cpp_examples/share/correct_cpp_examples/hook/cmake_prefix_path.ps1'
[1.153s] INFO:colcon.colcon_core.shell:Creating environment descriptor '/home/louwee/correct_ws/install/correct_cpp_examples/share/correct_cpp_examples/hook/cmake_prefix_path.dsv'
[1.153s] INFO:colcon.colcon_core.shell:Creating environment hook '/home/louwee/correct_ws/install/correct_cpp_examples/share/correct_cpp_examples/hook/cmake_prefix_path.sh'
[1.154s] Level 1:colcon.colcon_core.environment:checking '/home/louwee/correct_ws/install/correct_cpp_examples/lib'
[1.154s] Level 1:colcon.colcon_core.environment:checking '/home/louwee/correct_ws/install/correct_cpp_examples/bin'
[1.154s] Level 1:colcon.colcon_core.environment:checking '/home/louwee/correct_ws/install/correct_cpp_examples/lib/pkgconfig/correct_cpp_examples.pc'
[1.154s] Level 1:colcon.colcon_core.environment:checking '/home/louwee/correct_ws/install/correct_cpp_examples/lib/python3.10/site-packages'
[1.154s] Level 1:colcon.colcon_core.environment:checking '/home/louwee/correct_ws/install/correct_cpp_examples/bin'
[1.155s] INFO:colcon.colcon_core.shell:Creating package script '/home/louwee/correct_ws/install/correct_cpp_examples/share/correct_cpp_examples/package.ps1'
[1.156s] INFO:colcon.colcon_core.shell:Creating package descriptor '/home/louwee/correct_ws/install/correct_cpp_examples/share/correct_cpp_examples/package.dsv'
[1.156s] INFO:colcon.colcon_core.shell:Creating package script '/home/louwee/correct_ws/install/correct_cpp_examples/share/correct_cpp_examples/package.sh'
[1.157s] INFO:colcon.colcon_core.shell:Creating package script '/home/louwee/correct_ws/install/correct_cpp_examples/share/correct_cpp_examples/package.bash'
[1.157s] INFO:colcon.colcon_core.shell:Creating package script '/home/louwee/correct_ws/install/correct_cpp_examples/share/correct_cpp_examples/package.zsh'
[1.157s] Level 1:colcon.colcon_core.environment:create_file_with_runtime_dependencies(/home/louwee/correct_ws/install/correct_cpp_examples/share/colcon-core/packages/correct_cpp_examples)
[1.263s] DEBUG:colcon.colcon_core.event_handler.log_command:Invoking command in '/home/louwee/correct_ws/src/correct_py_examples': PYTHONPATH=/home/louwee/correct_ws/build/correct_py_examples/prefix_override:/usr/lib/python3/dist-packages/colcon_core/task/python/colcon_distutils_commands:/home/louwee/correct_ws/install/correct_py_examples/lib/python3.10/site-packages:${PYTHONPATH} /usr/bin/python3 -W ignore:setup.py install is deprecated -W ignore:easy_install command is deprecated setup.py egg_info --egg-base ../../build/correct_py_examples build --build-base /home/louwee/correct_ws/build/correct_py_examples/build install --record /home/louwee/correct_ws/build/correct_py_examples/install.log --single-version-externally-managed install_data
[1.601s] Level 1:colcon.colcon_core.environment:checking '/home/louwee/correct_ws/install/correct_py_examples' for CMake module files
[1.601s] DEBUG:colcon.colcon_core.event_handler.log_command:Invoked command in '/home/louwee/correct_ws/src/correct_py_examples' returned '0': PYTHONPATH=/home/louwee/correct_ws/build/correct_py_examples/prefix_override:/usr/lib/python3/dist-packages/colcon_core/task/python/colcon_distutils_commands:/home/louwee/correct_ws/install/correct_py_examples/lib/python3.10/site-packages:${PYTHONPATH} /usr/bin/python3 -W ignore:setup.py install is deprecated -W ignore:easy_install command is deprecated setup.py egg_info --egg-base ../../build/correct_py_examples build --build-base /home/louwee/correct_ws/build/correct_py_examples/build install --record /home/louwee/correct_ws/build/correct_py_examples/install.log --single-version-externally-managed install_data
[1.602s] Level 1:colcon.colcon_core.environment:checking '/home/louwee/correct_ws/install/correct_py_examples' for CMake config files
[1.602s] Level 1:colcon.colcon_core.environment:checking '/home/louwee/correct_ws/install/correct_py_examples/lib'
[1.602s] Level 1:colcon.colcon_core.environment:checking '/home/louwee/correct_ws/install/correct_py_examples/bin'
[1.602s] Level 1:colcon.colcon_core.environment:checking '/home/louwee/correct_ws/install/correct_py_examples/lib/pkgconfig/correct_py_examples.pc'
[1.603s] Level 1:colcon.colcon_core.environment:checking '/home/louwee/correct_ws/install/correct_py_examples/lib/python3.10/site-packages'
[1.603s] Level 1:colcon.colcon_core.shell:create_environment_hook('correct_py_examples', 'pythonpath')
[1.603s] INFO:colcon.colcon_core.shell:Creating environment hook '/home/louwee/correct_ws/install/correct_py_examples/share/correct_py_examples/hook/pythonpath.ps1'
[1.603s] INFO:colcon.colcon_core.shell:Creating environment descriptor '/home/louwee/correct_ws/install/correct_py_examples/share/correct_py_examples/hook/pythonpath.dsv'
[1.604s] INFO:colcon.colcon_core.shell:Creating environment hook '/home/louwee/correct_ws/install/correct_py_examples/share/correct_py_examples/hook/pythonpath.sh'
[1.605s] Level 1:colcon.colcon_core.environment:checking '/home/louwee/correct_ws/install/correct_py_examples/bin'
[1.605s] Level 1:colcon.colcon_core.environment:create_environment_scripts_only(correct_py_examples)
[1.605s] INFO:colcon.colcon_core.shell:Creating package script '/home/louwee/correct_ws/install/correct_py_examples/share/correct_py_examples/package.ps1'
[1.606s] INFO:colcon.colcon_core.shell:Creating package descriptor '/home/louwee/correct_ws/install/correct_py_examples/share/correct_py_examples/package.dsv'
[1.606s] INFO:colcon.colcon_core.shell:Creating package script '/home/louwee/correct_ws/install/correct_py_examples/share/correct_py_examples/package.sh'
[1.607s] INFO:colcon.colcon_core.shell:Creating package script '/home/louwee/correct_ws/install/correct_py_examples/share/correct_py_examples/package.bash'
[1.607s] INFO:colcon.colcon_core.shell:Creating package script '/home/louwee/correct_ws/install/correct_py_examples/share/correct_py_examples/package.zsh'
[1.608s] Level 1:colcon.colcon_core.environment:create_file_with_runtime_dependencies(/home/louwee/correct_ws/install/correct_py_examples/share/colcon-core/packages/correct_py_examples)
[9.496s] DEBUG:colcon.colcon_core.event_handler.log_command:Invoked command in '/home/louwee/correct_ws/build/correct_localization' returned '0': CMAKE_PREFIX_PATH=/opt/ros/humble /usr/bin/cmake --build /home/louwee/correct_ws/build/correct_localization -- -j12 -l12
[9.498s] DEBUG:colcon.colcon_core.event_handler.log_command:Invoking command in '/home/louwee/correct_ws/build/correct_localization': CMAKE_PREFIX_PATH=/opt/ros/humble /usr/bin/cmake --install /home/louwee/correct_ws/build/correct_localization
[9.550s] Level 1:colcon.colcon_core.environment:create_environment_scripts_only(correct_localization)
[9.551s] Level 1:colcon.colcon_core.environment:checking '/home/louwee/correct_ws/install/correct_localization' for CMake module files
[9.551s] DEBUG:colcon.colcon_core.event_handler.log_command:Invoked command in '/home/louwee/correct_ws/build/correct_localization' returned '0': CMAKE_PREFIX_PATH=/opt/ros/humble /usr/bin/cmake --install /home/louwee/correct_ws/build/correct_localization
[9.551s] Level 1:colcon.colcon_core.environment:checking '/home/louwee/correct_ws/install/correct_localization' for CMake config files
[9.552s] Level 1:colcon.colcon_core.shell:create_environment_hook('correct_localization', 'cmake_prefix_path')
[9.552s] INFO:colcon.colcon_core.shell:Creating environment hook '/home/louwee/correct_ws/install/correct_localization/share/correct_localization/hook/cmake_prefix_path.ps1'
[9.552s] INFO:colcon.colcon_core.shell:Creating environment descriptor '/home/louwee/correct_ws/install/correct_localization/share/correct_localization/hook/cmake_prefix_path.dsv'
[9.553s] INFO:colcon.colcon_core.shell:Creating environment hook '/home/louwee/correct_ws/install/correct_localization/share/correct_localization/hook/cmake_prefix_path.sh'
[9.553s] Level 1:colcon.colcon_core.environment:checking '/home/louwee/correct_ws/install/correct_localization/lib'
[9.553s] Level 1:colcon.colcon_core.environment:checking '/home/louwee/correct_ws/install/correct_localization/bin'
[9.553s] Level 1:colcon.colcon_core.environment:checking '/home/louwee/correct_ws/install/correct_localization/lib/pkgconfig/correct_localization.pc'
[9.554s] Level 1:colcon.colcon_core.environment:checking '/home/louwee/correct_ws/install/correct_localization/lib/python3.10/site-packages'
[9.554s] Level 1:colcon.colcon_core.environment:checking '/home/louwee/correct_ws/install/correct_localization/bin'
[9.554s] INFO:colcon.colcon_core.shell:Creating package script '/home/louwee/correct_ws/install/correct_localization/share/correct_localization/package.ps1'
[9.554s] INFO:colcon.colcon_core.shell:Creating package descriptor '/home/louwee/correct_ws/install/correct_localization/share/correct_localization/package.dsv'
[9.555s] INFO:colcon.colcon_core.shell:Creating package script '/home/louwee/correct_ws/install/correct_localization/share/correct_localization/package.sh'
[9.555s] INFO:colcon.colcon_core.shell:Creating package script '/home/louwee/correct_ws/install/correct_localization/share/correct_localization/package.bash'
[9.555s] INFO:colcon.colcon_core.shell:Creating package script '/home/louwee/correct_ws/install/correct_localization/share/correct_localization/package.zsh'
[9.556s] Level 1:colcon.colcon_core.environment:create_file_with_runtime_dependencies(/home/louwee/correct_ws/install/correct_localization/share/colcon-core/packages/correct_localization)
[9.556s] Level 1:colcon.colcon_core.environment:create_environment_scripts_only(correct_localization)
[9.556s] Level 1:colcon.colcon_core.environment:checking '/home/louwee/correct_ws/install/correct_localization' for CMake module files
[9.557s] Level 1:colcon.colcon_core.environment:checking '/home/louwee/correct_ws/install/correct_localization' for CMake config files
[9.557s] Level 1:colcon.colcon_core.shell:create_environment_hook('correct_localization', 'cmake_prefix_path')
[9.557s] INFO:colcon.colcon_core.shell:Creating environment hook '/home/louwee/correct_ws/install/correct_localization/share/correct_localization/hook/cmake_prefix_path.ps1'
[9.558s] INFO:colcon.colcon_core.shell:Creating environment descriptor '/home/louwee/correct_ws/install/correct_localization/share/correct_localization/hook/cmake_prefix_path.dsv'
[9.558s] INFO:colcon.colcon_core.shell:Creating environment hook '/home/louwee/correct_ws/install/correct_localization/share/correct_localization/hook/cmake_prefix_path.sh'
[9.558s] Level 1:colcon.colcon_core.environment:checking '/home/louwee/correct_ws/install/correct_localization/lib'
[9.559s] Level 1:colcon.colcon_core.environment:checking '/home/louwee/correct_ws/install/correct_localization/bin'
[9.559s] Level 1:colcon.colcon_core.environment:checking '/home/louwee/correct_ws/install/correct_localization/lib/pkgconfig/correct_localization.pc'
[9.559s] Level 1:colcon.colcon_core.environment:checking '/home/louwee/correct_ws/install/correct_localization/lib/python3.10/site-packages'
[9.559s] Level 1:colcon.colcon_core.environment:checking '/home/louwee/correct_ws/install/correct_localization/bin'
[9.559s] INFO:colcon.colcon_core.shell:Creating package script '/home/louwee/correct_ws/install/correct_localization/share/correct_localization/package.ps1'
[9.560s] INFO:colcon.colcon_core.shell:Creating package descriptor '/home/louwee/correct_ws/install/correct_localization/share/correct_localization/package.dsv'
[9.560s] INFO:colcon.colcon_core.shell:Creating package script '/home/louwee/correct_ws/install/correct_localization/share/correct_localization/package.sh'
[9.560s] INFO:colcon.colcon_core.shell:Creating package script '/home/louwee/correct_ws/install/correct_localization/share/correct_localization/package.bash'
[9.561s] INFO:colcon.colcon_core.shell:Creating package script '/home/louwee/correct_ws/install/correct_localization/share/correct_localization/package.zsh'
[9.561s] Level 1:colcon.colcon_core.environment:create_file_with_runtime_dependencies(/home/louwee/correct_ws/install/correct_localization/share/colcon-core/packages/correct_localization)
[9.561s] DEBUG:colcon.colcon_parallel_executor.executor.parallel:closing loop
[9.561s] DEBUG:colcon.colcon_parallel_executor.executor.parallel:loop closed
[9.561s] DEBUG:colcon.colcon_parallel_executor.executor.parallel:run_until_complete finished with '0'
[9.562s] DEBUG:colcon.colcon_core.event_reactor:joining thread
[9.567s] INFO:colcon.colcon_core.plugin_system:Skipping extension 'colcon_notification.desktop_notification.terminal_notifier': Not used on non-Darwin systems
[9.567s] INFO:colcon.colcon_core.plugin_system:Skipping extension 'colcon_notification.desktop_notification.win32': Not used on non-Windows systems
[9.567s] INFO:colcon.colcon_notification.desktop_notification:Sending desktop notification using 'notify2'
[9.578s] DEBUG:colcon.colcon_core.event_reactor:joined thread
[9.578s] INFO:colcon.colcon_core.shell:Creating prefix script '/home/louwee/correct_ws/install/local_setup.ps1'
[9.580s] INFO:colcon.colcon_core.shell:Creating prefix util module '/home/louwee/correct_ws/install/_local_setup_util_ps1.py'
[9.581s] INFO:colcon.colcon_core.shell:Creating prefix chain script '/home/louwee/correct_ws/install/setup.ps1'
[9.582s] INFO:colcon.colcon_core.shell:Creating prefix script '/home/louwee/correct_ws/install/local_setup.sh'
[9.582s] INFO:colcon.colcon_core.shell:Creating prefix util module '/home/louwee/correct_ws/install/_local_setup_util_sh.py'
[9.583s] INFO:colcon.colcon_core.shell:Creating prefix chain script '/home/louwee/correct_ws/install/setup.sh'
[9.584s] INFO:colcon.colcon_core.shell:Creating prefix script '/home/louwee/correct_ws/install/local_setup.bash'
[9.584s] INFO:colcon.colcon_core.shell:Creating prefix chain script '/home/louwee/correct_ws/install/setup.bash'
[9.585s] INFO:colcon.colcon_core.shell:Creating prefix script '/home/louwee/correct_ws/install/local_setup.zsh'
[9.586s] INFO:colcon.colcon_core.shell:Creating prefix chain script '/home/louwee/correct_ws/install/setup.zsh'
