[0.032s] Invoking command in '/home/louwee/correct_ws/build/correct_firmware': CMAKE_PREFIX_PATH=${CMAKE_PREFIX_PATH}:/home/louwee/correct_ws/install/correct_py_examples:/opt/ros/humble /usr/bin/cmake --build /home/louwee/correct_ws/build/correct_firmware -- -j12 -l12
[0.142s] [ 33%] Built target correct_firmware
[0.142s] [ 33%] Built target ament_cmake_python_copy_correct_firmware
[0.219s] [ 66%] Built target simple_serial_receiver
[0.249s] [100%] Built target simple_serial_transmitter
[0.504s] running egg_info
[0.505s] writing correct_firmware.egg-info/PKG-INFO
[0.506s] writing dependency_links to correct_firmware.egg-info/dependency_links.txt
[0.506s] writing top-level names to correct_firmware.egg-info/top_level.txt
[0.509s] reading manifest file 'correct_firmware.egg-info/SOURCES.txt'
[0.509s] writing manifest file 'correct_firmware.egg-info/SOURCES.txt'
[0.545s] [100%] Built target ament_cmake_python_build_correct_firmware_egg
[0.571s] Invoked command in '/home/louwee/correct_ws/build/correct_firmware' returned '0': CMAKE_PREFIX_PATH=${CMAKE_PREFIX_PATH}:/home/louwee/correct_ws/install/correct_py_examples:/opt/ros/humble /usr/bin/cmake --build /home/louwee/correct_ws/build/correct_firmware -- -j12 -l12
[0.576s] Invoking command in '/home/louwee/correct_ws/build/correct_firmware': CMAKE_PREFIX_PATH=${CMAKE_PREFIX_PATH}:/home/louwee/correct_ws/install/correct_py_examples:/opt/ros/humble /usr/bin/cmake --install /home/louwee/correct_ws/build/correct_firmware
[0.577s] -- Install configuration: ""
[0.578s] -- Up-to-date: /home/louwee/correct_ws/install/correct_firmware/share/correct_firmware/environment/pythonpath.sh
[0.578s] -- Up-to-date: /home/louwee/correct_ws/install/correct_firmware/share/correct_firmware/environment/pythonpath.dsv
[0.578s] -- Up-to-date: /home/louwee/correct_ws/install/correct_firmware/local/lib/python3.10/dist-packages/correct_firmware-0.0.0-py3.10.egg-info
[0.578s] -- Installing: /home/louwee/correct_ws/install/correct_firmware/local/lib/python3.10/dist-packages/correct_firmware-0.0.0-py3.10.egg-info/top_level.txt
[0.578s] -- Installing: /home/louwee/correct_ws/install/correct_firmware/local/lib/python3.10/dist-packages/correct_firmware-0.0.0-py3.10.egg-info/PKG-INFO
[0.578s] -- Installing: /home/louwee/correct_ws/install/correct_firmware/local/lib/python3.10/dist-packages/correct_firmware-0.0.0-py3.10.egg-info/dependency_links.txt
[0.579s] -- Installing: /home/louwee/correct_ws/install/correct_firmware/local/lib/python3.10/dist-packages/correct_firmware-0.0.0-py3.10.egg-info/SOURCES.txt
[0.579s] -- Up-to-date: /home/louwee/correct_ws/install/correct_firmware/local/lib/python3.10/dist-packages/correct_firmware
[0.579s] -- Up-to-date: /home/louwee/correct_ws/install/correct_firmware/local/lib/python3.10/dist-packages/correct_firmware/simple_serial_transmitter.py
[0.579s] -- Up-to-date: /home/louwee/correct_ws/install/correct_firmware/local/lib/python3.10/dist-packages/correct_firmware/mpu6050_driver.py
[0.579s] -- Up-to-date: /home/louwee/correct_ws/install/correct_firmware/local/lib/python3.10/dist-packages/correct_firmware/__init__.py
[0.579s] -- Up-to-date: /home/louwee/correct_ws/install/correct_firmware/local/lib/python3.10/dist-packages/correct_firmware/simple_serial_receiver.py
[0.626s] Listing '/home/louwee/correct_ws/install/correct_firmware/local/lib/python3.10/dist-packages/correct_firmware'...
[0.631s] -- Up-to-date: /home/louwee/correct_ws/install/correct_firmware/share/correct_firmware/correct_interface.xml
[0.631s] -- Up-to-date: /home/louwee/correct_ws/install/correct_firmware/lib/libcorrect_firmware.so
[0.631s] -- Up-to-date: /home/louwee/correct_ws/install/correct_firmware/include/include
[0.632s] -- Up-to-date: /home/louwee/correct_ws/install/correct_firmware/include/include/correct_firmware
[0.632s] -- Up-to-date: /home/louwee/correct_ws/install/correct_firmware/include/include/correct_firmware/correct_interface.hpp
[0.632s] -- Up-to-date: /home/louwee/correct_ws/install/correct_firmware/share/correct_firmware/launch
[0.632s] -- Up-to-date: /home/louwee/correct_ws/install/correct_firmware/share/correct_firmware/launch/hardware_interface.launch.py
[0.633s] -- Up-to-date: /home/louwee/correct_ws/install/correct_firmware/lib/correct_firmware/simple_serial_transmitter.py
[0.633s] -- Up-to-date: /home/louwee/correct_ws/install/correct_firmware/lib/correct_firmware/simple_serial_receiver.py
[0.633s] -- Up-to-date: /home/louwee/correct_ws/install/correct_firmware/lib/correct_firmware/mpu6050_driver.py
[0.635s] -- Up-to-date: /home/louwee/correct_ws/install/correct_firmware/lib/correct_firmware/simple_serial_receiver
[0.635s] -- Up-to-date: /home/louwee/correct_ws/install/correct_firmware/lib/correct_firmware/simple_serial_transmitter
[0.635s] -- Up-to-date: /home/louwee/correct_ws/install/correct_firmware/share/correct_firmware/environment/library_path.sh
[0.635s] -- Up-to-date: /home/louwee/correct_ws/install/correct_firmware/share/correct_firmware/environment/library_path.dsv
[0.635s] -- Up-to-date: /home/louwee/correct_ws/install/correct_firmware/share/ament_index/resource_index/package_run_dependencies/correct_firmware
[0.635s] -- Up-to-date: /home/louwee/correct_ws/install/correct_firmware/share/ament_index/resource_index/parent_prefix_path/correct_firmware
[0.635s] -- Up-to-date: /home/louwee/correct_ws/install/correct_firmware/share/correct_firmware/environment/ament_prefix_path.sh
[0.635s] -- Up-to-date: /home/louwee/correct_ws/install/correct_firmware/share/correct_firmware/environment/ament_prefix_path.dsv
[0.636s] -- Up-to-date: /home/louwee/correct_ws/install/correct_firmware/share/correct_firmware/environment/path.sh
[0.636s] -- Up-to-date: /home/louwee/correct_ws/install/correct_firmware/share/correct_firmware/environment/path.dsv
[0.636s] -- Up-to-date: /home/louwee/correct_ws/install/correct_firmware/share/correct_firmware/local_setup.bash
[0.636s] -- Up-to-date: /home/louwee/correct_ws/install/correct_firmware/share/correct_firmware/local_setup.sh
[0.637s] -- Up-to-date: /home/louwee/correct_ws/install/correct_firmware/share/correct_firmware/local_setup.zsh
[0.637s] -- Up-to-date: /home/louwee/correct_ws/install/correct_firmware/share/correct_firmware/local_setup.dsv
[0.637s] -- Installing: /home/louwee/correct_ws/install/correct_firmware/share/correct_firmware/package.dsv
[0.637s] -- Up-to-date: /home/louwee/correct_ws/install/correct_firmware/share/ament_index/resource_index/packages/correct_firmware
[0.637s] -- Up-to-date: /home/louwee/correct_ws/install/correct_firmware/share/ament_index/resource_index/hardware_interface__pluginlib__plugin/correct_firmware
[0.637s] -- Up-to-date: /home/louwee/correct_ws/install/correct_firmware/share/correct_firmware/cmake/ament_cmake_export_include_directories-extras.cmake
[0.637s] -- Up-to-date: /home/louwee/correct_ws/install/correct_firmware/share/correct_firmware/cmake/ament_cmake_export_libraries-extras.cmake
[0.638s] -- Up-to-date: /home/louwee/correct_ws/install/correct_firmware/share/correct_firmware/cmake/ament_cmake_export_dependencies-extras.cmake
[0.638s] -- Up-to-date: /home/louwee/correct_ws/install/correct_firmware/share/correct_firmware/cmake/correct_firmwareConfig.cmake
[0.638s] -- Up-to-date: /home/louwee/correct_ws/install/correct_firmware/share/correct_firmware/cmake/correct_firmwareConfig-version.cmake
[0.638s] -- Up-to-date: /home/louwee/correct_ws/install/correct_firmware/share/correct_firmware/package.xml
