[0.047s] Invoking command in '/home/louwee/correct_ws/build/correct_cpp_examples': CMAKE_PREFIX_PATH=/home/louwee/correct_ws/install/correct_msgs:/home/louwee/correct_ws/install/correct_utils:/home/louwee/correct_ws/install/correct_pkg:/home/louwee/correct_ws/install/correct_cpp_examples:/home/louwee/correct_ws/install/correct_localization:/home/louwee/correct_ws/install/correct_firmware:/home/louwee/correct_ws/install/correct_controller:/home/louwee/correct_ws/install/correct_bringup:/home/louwee/correct_ws/install/computer_vision:/home/louwee/correct_ws/install/correct_py_examples:/opt/ros/humble LD_LIBRARY_PATH=/home/louwee/correct_ws/install/correct_msgs/lib:/home/louwee/correct_ws/install/correct_cpp_examples/lib:/home/louwee/correct_ws/install/correct_firmware/lib:/usr/local/cuda-12.6/lib64:/usr/local/cuda/lib64:/usr/lib/x86_64-linux-gnu/gazebo-11/plugins:/opt/ros/humble/opt/rviz_ogre_vendor/lib:/opt/ros/humble/lib/x86_64-linux-gnu:/opt/ros/humble/lib /usr/bin/cmake --build /home/louwee/correct_ws/build/correct_cpp_examples -- -j12 -l12
[0.148s] [  7%] Built target simple_publisher
[0.161s] [ 15%] Built target simple_service_server
[0.163s] [ 23%] Built target simple_action_server
[0.163s] [ 30%] Built target simple_service_client
[0.164s] [ 38%] Built target simple_tf_kinematics
[0.164s] [ 46%] Built target simple_parameter
[0.165s] [ 53%] Built target simple_turtlesim_kinematics
[0.175s] [ 61%] Built target simple_lifecycle_node
[0.175s] [ 69%] Built target simple_action_client
[0.176s] [ 76%] Built target executor_examples
[0.177s] [ 92%] Built target simple_action_server_node
[0.177s] [ 92%] Built target simple_subscriber
[0.200s] [100%] Built target simple_action_client_node
[0.468s] Invoked command in '/home/louwee/correct_ws/build/correct_cpp_examples' returned '0': CMAKE_PREFIX_PATH=/home/louwee/correct_ws/install/correct_msgs:/home/louwee/correct_ws/install/correct_utils:/home/louwee/correct_ws/install/correct_pkg:/home/louwee/correct_ws/install/correct_cpp_examples:/home/louwee/correct_ws/install/correct_localization:/home/louwee/correct_ws/install/correct_firmware:/home/louwee/correct_ws/install/correct_controller:/home/louwee/correct_ws/install/correct_bringup:/home/louwee/correct_ws/install/computer_vision:/home/louwee/correct_ws/install/correct_py_examples:/opt/ros/humble LD_LIBRARY_PATH=/home/louwee/correct_ws/install/correct_msgs/lib:/home/louwee/correct_ws/install/correct_cpp_examples/lib:/home/louwee/correct_ws/install/correct_firmware/lib:/usr/local/cuda-12.6/lib64:/usr/local/cuda/lib64:/usr/lib/x86_64-linux-gnu/gazebo-11/plugins:/opt/ros/humble/opt/rviz_ogre_vendor/lib:/opt/ros/humble/lib/x86_64-linux-gnu:/opt/ros/humble/lib /usr/bin/cmake --build /home/louwee/correct_ws/build/correct_cpp_examples -- -j12 -l12
[0.471s] Invoking command in '/home/louwee/correct_ws/build/correct_cpp_examples': CMAKE_PREFIX_PATH=/home/louwee/correct_ws/install/correct_msgs:/home/louwee/correct_ws/install/correct_utils:/home/louwee/correct_ws/install/correct_pkg:/home/louwee/correct_ws/install/correct_cpp_examples:/home/louwee/correct_ws/install/correct_localization:/home/louwee/correct_ws/install/correct_firmware:/home/louwee/correct_ws/install/correct_controller:/home/louwee/correct_ws/install/correct_bringup:/home/louwee/correct_ws/install/computer_vision:/home/louwee/correct_ws/install/correct_py_examples:/opt/ros/humble LD_LIBRARY_PATH=/home/louwee/correct_ws/install/correct_msgs/lib:/home/louwee/correct_ws/install/correct_cpp_examples/lib:/home/louwee/correct_ws/install/correct_firmware/lib:/usr/local/cuda-12.6/lib64:/usr/local/cuda/lib64:/usr/lib/x86_64-linux-gnu/gazebo-11/plugins:/opt/ros/humble/opt/rviz_ogre_vendor/lib:/opt/ros/humble/lib/x86_64-linux-gnu:/opt/ros/humble/lib /usr/bin/cmake --install /home/louwee/correct_ws/build/correct_cpp_examples
[0.481s] -- Install configuration: ""
[0.481s] -- Up-to-date: /home/louwee/correct_ws/install/correct_cpp_examples/lib/correct_cpp_examples/simple_action_server_node
[0.482s] -- Up-to-date: /home/louwee/correct_ws/install/correct_cpp_examples/lib/correct_cpp_examples/simple_action_client_node
[0.484s] -- Up-to-date: /home/louwee/correct_ws/install/correct_cpp_examples/include/include
[0.484s] -- Up-to-date: /home/louwee/correct_ws/install/correct_cpp_examples/include/include/correct_cpp_examples
[0.485s] -- Up-to-date: /home/louwee/correct_ws/install/correct_cpp_examples/include/include/correct_cpp_examples/simple_turtlesim_kinematics.hpp
[0.486s] -- Up-to-date: /home/louwee/correct_ws/install/correct_cpp_examples/include/include/correct_cpp_examples/simple_tf_kinematics.hpp
[0.487s] -- Up-to-date: /home/louwee/correct_ws/install/correct_cpp_examples/lib/correct_cpp_examples/simple_publisher
[0.489s] -- Up-to-date: /home/louwee/correct_ws/install/correct_cpp_examples/lib/correct_cpp_examples/simple_subscriber
[0.491s] -- Up-to-date: /home/louwee/correct_ws/install/correct_cpp_examples/lib/correct_cpp_examples/simple_parameter
[0.493s] -- Up-to-date: /home/louwee/correct_ws/install/correct_cpp_examples/lib/correct_cpp_examples/simple_turtlesim_kinematics
[0.495s] -- Up-to-date: /home/louwee/correct_ws/install/correct_cpp_examples/lib/correct_cpp_examples/simple_service_server
[0.498s] -- Up-to-date: /home/louwee/correct_ws/install/correct_cpp_examples/lib/correct_cpp_examples/simple_service_client
[0.501s] -- Up-to-date: /home/louwee/correct_ws/install/correct_cpp_examples/lib/correct_cpp_examples/simple_tf_kinematics
[0.502s] -- Up-to-date: /home/louwee/correct_ws/install/correct_cpp_examples/lib/correct_cpp_examples/simple_lifecycle_node
[0.505s] -- Up-to-date: /home/louwee/correct_ws/install/correct_cpp_examples/lib/correct_cpp_examples/executor_examples
[0.508s] -- Up-to-date: /home/louwee/correct_ws/install/correct_cpp_examples/lib/libsimple_action_server.so
[0.511s] -- Up-to-date: /home/louwee/correct_ws/install/correct_cpp_examples/lib/libsimple_action_client.so
[0.513s] -- Up-to-date: /home/louwee/correct_ws/install/correct_cpp_examples/share/ament_index/resource_index/package_run_dependencies/correct_cpp_examples
[0.515s] -- Up-to-date: /home/louwee/correct_ws/install/correct_cpp_examples/share/ament_index/resource_index/parent_prefix_path/correct_cpp_examples
[0.516s] -- Up-to-date: /home/louwee/correct_ws/install/correct_cpp_examples/share/correct_cpp_examples/environment/ament_prefix_path.sh
[0.516s] -- Up-to-date: /home/louwee/correct_ws/install/correct_cpp_examples/share/correct_cpp_examples/environment/ament_prefix_path.dsv
[0.517s] -- Up-to-date: /home/louwee/correct_ws/install/correct_cpp_examples/share/correct_cpp_examples/environment/path.sh
[0.518s] -- Up-to-date: /home/louwee/correct_ws/install/correct_cpp_examples/share/correct_cpp_examples/environment/path.dsv
[0.518s] -- Up-to-date: /home/louwee/correct_ws/install/correct_cpp_examples/share/correct_cpp_examples/local_setup.bash
[0.519s] -- Up-to-date: /home/louwee/correct_ws/install/correct_cpp_examples/share/correct_cpp_examples/local_setup.sh
[0.519s] -- Up-to-date: /home/louwee/correct_ws/install/correct_cpp_examples/share/correct_cpp_examples/local_setup.zsh
[0.520s] -- Up-to-date: /home/louwee/correct_ws/install/correct_cpp_examples/share/correct_cpp_examples/local_setup.dsv
[0.521s] -- Installing: /home/louwee/correct_ws/install/correct_cpp_examples/share/correct_cpp_examples/package.dsv
[0.521s] -- Up-to-date: /home/louwee/correct_ws/install/correct_cpp_examples/share/ament_index/resource_index/packages/correct_cpp_examples
[0.522s] -- Up-to-date: /home/louwee/correct_ws/install/correct_cpp_examples/share/ament_index/resource_index/rclcpp_components/correct_cpp_examples
[0.522s] -- Up-to-date: /home/louwee/correct_ws/install/correct_cpp_examples/share/correct_cpp_examples/cmake/correct_cpp_examplesConfig.cmake
[0.523s] -- Up-to-date: /home/louwee/correct_ws/install/correct_cpp_examples/share/correct_cpp_examples/cmake/correct_cpp_examplesConfig-version.cmake
[0.524s] -- Up-to-date: /home/louwee/correct_ws/install/correct_cpp_examples/share/correct_cpp_examples/package.xml
[0.529s] Invoked command in '/home/louwee/correct_ws/build/correct_cpp_examples' returned '0': CMAKE_PREFIX_PATH=/home/louwee/correct_ws/install/correct_msgs:/home/louwee/correct_ws/install/correct_utils:/home/louwee/correct_ws/install/correct_pkg:/home/louwee/correct_ws/install/correct_cpp_examples:/home/louwee/correct_ws/install/correct_localization:/home/louwee/correct_ws/install/correct_firmware:/home/louwee/correct_ws/install/correct_controller:/home/louwee/correct_ws/install/correct_bringup:/home/louwee/correct_ws/install/computer_vision:/home/louwee/correct_ws/install/correct_py_examples:/opt/ros/humble LD_LIBRARY_PATH=/home/louwee/correct_ws/install/correct_msgs/lib:/home/louwee/correct_ws/install/correct_cpp_examples/lib:/home/louwee/correct_ws/install/correct_firmware/lib:/usr/local/cuda-12.6/lib64:/usr/local/cuda/lib64:/usr/lib/x86_64-linux-gnu/gazebo-11/plugins:/opt/ros/humble/opt/rviz_ogre_vendor/lib:/opt/ros/humble/lib/x86_64-linux-gnu:/opt/ros/humble/lib /usr/bin/cmake --install /home/louwee/correct_ws/build/correct_cpp_examples
