[0.050s] Invoking command in '/home/louwee/correct_ws/build/correct_msgs': CMAKE_PREFIX_PATH=${CMAKE_PREFIX_PATH}:/home/louwee/correct_ws/install/correct_py_examples:/opt/ros/humble /usr/bin/cmake --build /home/louwee/correct_ws/build/correct_msgs -- -j12 -l12
[0.118s] [  2%] Built target correct_msgs__cpp
[0.122s] [ 12%] Built target correct_msgs__rosidl_generator_c
[0.135s] [ 12%] Built target ament_cmake_python_copy_correct_msgs
[0.190s] [ 23%] Built target correct_msgs__rosidl_typesupport_fastrtps_cpp
[0.266s] [ 33%] Built target correct_msgs__rosidl_typesupport_cpp
[0.347s] [ 43%] Built target correct_msgs__rosidl_typesupport_c
[0.366s] [ 53%] Built target correct_msgs__rosidl_typesupport_fastrtps_c
[0.372s] [ 64%] Built target correct_msgs__rosidl_typesupport_introspection_c
[0.372s] [ 74%] Built target correct_msgs__rosidl_typesupport_introspection_cpp
[0.375s] [ 74%] Built target correct_msgs
[0.375s] [ 76%] Built target correct_msgs__py
[0.379s] [ 84%] Built target correct_msgs__rosidl_generator_py
[0.389s] [ 89%] Built target correct_msgs__rosidl_typesupport_introspection_c__pyext
[0.391s] [ 94%] Built target correct_msgs__rosidl_typesupport_fastrtps_c__pyext
[0.427s] [100%] Built target correct_msgs__rosidl_typesupport_c__pyext
[0.657s] running egg_info
[0.659s] writing correct_msgs.egg-info/PKG-INFO
[0.659s] writing dependency_links to correct_msgs.egg-info/dependency_links.txt
[0.659s] writing top-level names to correct_msgs.egg-info/top_level.txt
[0.663s] reading manifest file 'correct_msgs.egg-info/SOURCES.txt'
[0.664s] writing manifest file 'correct_msgs.egg-info/SOURCES.txt'
[0.710s] [100%] Built target ament_cmake_python_build_correct_msgs_egg
[0.729s] Invoked command in '/home/louwee/correct_ws/build/correct_msgs' returned '0': CMAKE_PREFIX_PATH=${CMAKE_PREFIX_PATH}:/home/louwee/correct_ws/install/correct_py_examples:/opt/ros/humble /usr/bin/cmake --build /home/louwee/correct_ws/build/correct_msgs -- -j12 -l12
[0.730s] Invoking command in '/home/louwee/correct_ws/build/correct_msgs': CMAKE_PREFIX_PATH=${CMAKE_PREFIX_PATH}:/home/louwee/correct_ws/install/correct_py_examples:/opt/ros/humble /usr/bin/cmake --install /home/louwee/correct_ws/build/correct_msgs
[0.741s] -- Install configuration: ""
[0.741s] -- Up-to-date: /home/louwee/correct_ws/install/correct_msgs/share/ament_index/resource_index/rosidl_interfaces/correct_msgs
[0.741s] -- Up-to-date: /home/louwee/correct_ws/install/correct_msgs/include/correct_msgs/correct_msgs
[0.741s] -- Up-to-date: /home/louwee/correct_ws/install/correct_msgs/include/correct_msgs/correct_msgs/srv
[0.741s] -- Up-to-date: /home/louwee/correct_ws/install/correct_msgs/include/correct_msgs/correct_msgs/srv/add_two_ints.h
[0.741s] -- Up-to-date: /home/louwee/correct_ws/install/correct_msgs/include/correct_msgs/correct_msgs/srv/detail
[0.742s] -- Up-to-date: /home/louwee/correct_ws/install/correct_msgs/include/correct_msgs/correct_msgs/srv/detail/add_two_ints__functions.h
[0.742s] -- Up-to-date: /home/louwee/correct_ws/install/correct_msgs/include/correct_msgs/correct_msgs/srv/detail/get_transform__struct.h
[0.742s] -- Up-to-date: /home/louwee/correct_ws/install/correct_msgs/include/correct_msgs/correct_msgs/srv/detail/add_two_ints__struct.h
[0.742s] -- Up-to-date: /home/louwee/correct_ws/install/correct_msgs/include/correct_msgs/correct_msgs/srv/detail/get_transform__functions.h
[0.742s] -- Up-to-date: /home/louwee/correct_ws/install/correct_msgs/include/correct_msgs/correct_msgs/srv/detail/add_two_ints__type_support.h
[0.742s] -- Up-to-date: /home/louwee/correct_ws/install/correct_msgs/include/correct_msgs/correct_msgs/srv/detail/get_transform__functions.c
[0.743s] -- Up-to-date: /home/louwee/correct_ws/install/correct_msgs/include/correct_msgs/correct_msgs/srv/detail/add_two_ints__functions.c
[0.743s] -- Up-to-date: /home/louwee/correct_ws/install/correct_msgs/include/correct_msgs/correct_msgs/srv/detail/get_transform__type_support.h
[0.743s] -- Up-to-date: /home/louwee/correct_ws/install/correct_msgs/include/correct_msgs/correct_msgs/srv/get_transform.h
[0.743s] -- Up-to-date: /home/louwee/correct_ws/install/correct_msgs/include/correct_msgs/correct_msgs/msg
[0.743s] -- Up-to-date: /home/louwee/correct_ws/install/correct_msgs/include/correct_msgs/correct_msgs/msg/rosidl_generator_c__visibility_control.h
[0.743s] -- Up-to-date: /home/louwee/correct_ws/install/correct_msgs/share/correct_msgs/environment/library_path.sh
[0.743s] -- Up-to-date: /home/louwee/correct_ws/install/correct_msgs/share/correct_msgs/environment/library_path.dsv
[0.743s] -- Up-to-date: /home/louwee/correct_ws/install/correct_msgs/lib/libcorrect_msgs__rosidl_generator_c.so
[0.746s] -- Up-to-date: /home/louwee/correct_ws/install/correct_msgs/include/correct_msgs/correct_msgs
[0.751s] -- Up-to-date: /home/louwee/correct_ws/install/correct_msgs/include/correct_msgs/correct_msgs/srv
[0.751s] -- Up-to-date: /home/louwee/correct_ws/install/correct_msgs/include/correct_msgs/correct_msgs/srv/detail
[0.751s] -- Up-to-date: /home/louwee/correct_ws/install/correct_msgs/include/correct_msgs/correct_msgs/srv/detail/get_transform__rosidl_typesupport_fastrtps_c.h
[0.751s] -- Up-to-date: /home/louwee/correct_ws/install/correct_msgs/include/correct_msgs/correct_msgs/srv/detail/add_two_ints__rosidl_typesupport_fastrtps_c.h
[0.751s] -- Up-to-date: /home/louwee/correct_ws/install/correct_msgs/include/correct_msgs/correct_msgs/msg
[0.751s] -- Up-to-date: /home/louwee/correct_ws/install/correct_msgs/include/correct_msgs/correct_msgs/msg/rosidl_typesupport_fastrtps_c__visibility_control.h
[0.751s] -- Up-to-date: /home/louwee/correct_ws/install/correct_msgs/lib/libcorrect_msgs__rosidl_typesupport_fastrtps_c.so
[0.751s] -- Up-to-date: /home/louwee/correct_ws/install/correct_msgs/include/correct_msgs/correct_msgs
[0.752s] -- Up-to-date: /home/louwee/correct_ws/install/correct_msgs/include/correct_msgs/correct_msgs/srv
[0.752s] -- Up-to-date: /home/louwee/correct_ws/install/correct_msgs/include/correct_msgs/correct_msgs/srv/get_transform.hpp
[0.752s] -- Up-to-date: /home/louwee/correct_ws/install/correct_msgs/include/correct_msgs/correct_msgs/srv/detail
[0.752s] -- Up-to-date: /home/louwee/correct_ws/install/correct_msgs/include/correct_msgs/correct_msgs/srv/detail/get_transform__type_support.hpp
[0.752s] -- Up-to-date: /home/louwee/correct_ws/install/correct_msgs/include/correct_msgs/correct_msgs/srv/detail/add_two_ints__builder.hpp
[0.752s] -- Up-to-date: /home/louwee/correct_ws/install/correct_msgs/include/correct_msgs/correct_msgs/srv/detail/add_two_ints__type_support.hpp
[0.752s] -- Up-to-date: /home/louwee/correct_ws/install/correct_msgs/include/correct_msgs/correct_msgs/srv/detail/get_transform__traits.hpp
[0.752s] -- Up-to-date: /home/louwee/correct_ws/install/correct_msgs/include/correct_msgs/correct_msgs/srv/detail/get_transform__builder.hpp
[0.753s] -- Up-to-date: /home/louwee/correct_ws/install/correct_msgs/include/correct_msgs/correct_msgs/srv/detail/add_two_ints__traits.hpp
[0.753s] -- Up-to-date: /home/louwee/correct_ws/install/correct_msgs/include/correct_msgs/correct_msgs/srv/detail/get_transform__struct.hpp
[0.753s] -- Up-to-date: /home/louwee/correct_ws/install/correct_msgs/include/correct_msgs/correct_msgs/srv/detail/add_two_ints__struct.hpp
[0.753s] -- Up-to-date: /home/louwee/correct_ws/install/correct_msgs/include/correct_msgs/correct_msgs/srv/add_two_ints.hpp
[0.753s] -- Up-to-date: /home/louwee/correct_ws/install/correct_msgs/include/correct_msgs/correct_msgs/msg
[0.753s] -- Up-to-date: /home/louwee/correct_ws/install/correct_msgs/include/correct_msgs/correct_msgs/msg/rosidl_generator_cpp__visibility_control.hpp
[0.753s] -- Up-to-date: /home/louwee/correct_ws/install/correct_msgs/include/correct_msgs/correct_msgs
[0.753s] -- Up-to-date: /home/louwee/correct_ws/install/correct_msgs/include/correct_msgs/correct_msgs/srv
[0.753s] -- Up-to-date: /home/louwee/correct_ws/install/correct_msgs/include/correct_msgs/correct_msgs/srv/detail
[0.754s] -- Up-to-date: /home/louwee/correct_ws/install/correct_msgs/include/correct_msgs/correct_msgs/srv/detail/get_transform__rosidl_typesupport_fastrtps_cpp.hpp
[0.754s] -- Up-to-date: /home/louwee/correct_ws/install/correct_msgs/include/correct_msgs/correct_msgs/srv/detail/dds_fastrtps
[0.754s] -- Up-to-date: /home/louwee/correct_ws/install/correct_msgs/include/correct_msgs/correct_msgs/srv/detail/add_two_ints__rosidl_typesupport_fastrtps_cpp.hpp
[0.754s] -- Up-to-date: /home/louwee/correct_ws/install/correct_msgs/include/correct_msgs/correct_msgs/msg
[0.754s] -- Up-to-date: /home/louwee/correct_ws/install/correct_msgs/include/correct_msgs/correct_msgs/msg/rosidl_typesupport_fastrtps_cpp__visibility_control.h
[0.754s] -- Up-to-date: /home/louwee/correct_ws/install/correct_msgs/lib/libcorrect_msgs__rosidl_typesupport_fastrtps_cpp.so
[0.754s] -- Up-to-date: /home/louwee/correct_ws/install/correct_msgs/include/correct_msgs/correct_msgs
[0.754s] -- Up-to-date: /home/louwee/correct_ws/install/correct_msgs/include/correct_msgs/correct_msgs/srv
[0.754s] -- Up-to-date: /home/louwee/correct_ws/install/correct_msgs/include/correct_msgs/correct_msgs/srv/detail
[0.754s] -- Up-to-date: /home/louwee/correct_ws/install/correct_msgs/include/correct_msgs/correct_msgs/srv/detail/add_two_ints__type_support.c
[0.755s] -- Up-to-date: /home/louwee/correct_ws/install/correct_msgs/include/correct_msgs/correct_msgs/srv/detail/get_transform__type_support.c
[0.755s] -- Up-to-date: /home/louwee/correct_ws/install/correct_msgs/include/correct_msgs/correct_msgs/srv/detail/get_transform__rosidl_typesupport_introspection_c.h
[0.755s] -- Up-to-date: /home/louwee/correct_ws/install/correct_msgs/include/correct_msgs/correct_msgs/srv/detail/add_two_ints__rosidl_typesupport_introspection_c.h
[0.755s] -- Up-to-date: /home/louwee/correct_ws/install/correct_msgs/include/correct_msgs/correct_msgs/msg
[0.755s] -- Up-to-date: /home/louwee/correct_ws/install/correct_msgs/include/correct_msgs/correct_msgs/msg/rosidl_typesupport_introspection_c__visibility_control.h
[0.755s] -- Up-to-date: /home/louwee/correct_ws/install/correct_msgs/lib/libcorrect_msgs__rosidl_typesupport_introspection_c.so
[0.755s] -- Up-to-date: /home/louwee/correct_ws/install/correct_msgs/lib/libcorrect_msgs__rosidl_typesupport_c.so
[0.755s] -- Up-to-date: /home/louwee/correct_ws/install/correct_msgs/include/correct_msgs/correct_msgs
[0.755s] -- Up-to-date: /home/louwee/correct_ws/install/correct_msgs/include/correct_msgs/correct_msgs/srv
[0.756s] -- Up-to-date: /home/louwee/correct_ws/install/correct_msgs/include/correct_msgs/correct_msgs/srv/detail
[0.756s] -- Up-to-date: /home/louwee/correct_ws/install/correct_msgs/include/correct_msgs/correct_msgs/srv/detail/get_transform__type_support.cpp
[0.756s] -- Up-to-date: /home/louwee/correct_ws/install/correct_msgs/include/correct_msgs/correct_msgs/srv/detail/add_two_ints__type_support.cpp
[0.756s] -- Up-to-date: /home/louwee/correct_ws/install/correct_msgs/include/correct_msgs/correct_msgs/srv/detail/add_two_ints__rosidl_typesupport_introspection_cpp.hpp
[0.756s] -- Up-to-date: /home/louwee/correct_ws/install/correct_msgs/include/correct_msgs/correct_msgs/srv/detail/get_transform__rosidl_typesupport_introspection_cpp.hpp
[0.757s] -- Up-to-date: /home/louwee/correct_ws/install/correct_msgs/lib/libcorrect_msgs__rosidl_typesupport_introspection_cpp.so
[0.757s] -- Up-to-date: /home/louwee/correct_ws/install/correct_msgs/lib/libcorrect_msgs__rosidl_typesupport_cpp.so
[0.757s] -- Up-to-date: /home/louwee/correct_ws/install/correct_msgs/share/correct_msgs/environment/pythonpath.sh
[0.758s] -- Up-to-date: /home/louwee/correct_ws/install/correct_msgs/share/correct_msgs/environment/pythonpath.dsv
[0.758s] -- Up-to-date: /home/louwee/correct_ws/install/correct_msgs/local/lib/python3.10/dist-packages/correct_msgs-0.0.0-py3.10.egg-info
[0.758s] -- Installing: /home/louwee/correct_ws/install/correct_msgs/local/lib/python3.10/dist-packages/correct_msgs-0.0.0-py3.10.egg-info/top_level.txt
[0.758s] -- Installing: /home/louwee/correct_ws/install/correct_msgs/local/lib/python3.10/dist-packages/correct_msgs-0.0.0-py3.10.egg-info/PKG-INFO
[0.758s] -- Installing: /home/louwee/correct_ws/install/correct_msgs/local/lib/python3.10/dist-packages/correct_msgs-0.0.0-py3.10.egg-info/dependency_links.txt
[0.759s] -- Installing: /home/louwee/correct_ws/install/correct_msgs/local/lib/python3.10/dist-packages/correct_msgs-0.0.0-py3.10.egg-info/SOURCES.txt
[0.759s] -- Up-to-date: /home/louwee/correct_ws/install/correct_msgs/local/lib/python3.10/dist-packages/correct_msgs
[0.759s] -- Up-to-date: /home/louwee/correct_ws/install/correct_msgs/local/lib/python3.10/dist-packages/correct_msgs/_correct_msgs_s.ep.rosidl_typesupport_c.c
[0.759s] -- Up-to-date: /home/louwee/correct_ws/install/correct_msgs/local/lib/python3.10/dist-packages/correct_msgs/srv
[0.759s] -- Up-to-date: /home/louwee/correct_ws/install/correct_msgs/local/lib/python3.10/dist-packages/correct_msgs/srv/_add_two_ints.py
[0.759s] -- Up-to-date: /home/louwee/correct_ws/install/correct_msgs/local/lib/python3.10/dist-packages/correct_msgs/srv/__init__.py
[0.760s] -- Up-to-date: /home/louwee/correct_ws/install/correct_msgs/local/lib/python3.10/dist-packages/correct_msgs/srv/_get_transform.py
[0.760s] -- Up-to-date: /home/louwee/correct_ws/install/correct_msgs/local/lib/python3.10/dist-packages/correct_msgs/srv/_get_transform_s.c
[0.760s] -- Up-to-date: /home/louwee/correct_ws/install/correct_msgs/local/lib/python3.10/dist-packages/correct_msgs/srv/_add_two_ints_s.c
[0.760s] -- Up-to-date: /home/louwee/correct_ws/install/correct_msgs/local/lib/python3.10/dist-packages/correct_msgs/__init__.py
[0.760s] -- Up-to-date: /home/louwee/correct_ws/install/correct_msgs/local/lib/python3.10/dist-packages/correct_msgs/_correct_msgs_s.ep.rosidl_typesupport_fastrtps_c.c
[0.760s] -- Up-to-date: /home/louwee/correct_ws/install/correct_msgs/local/lib/python3.10/dist-packages/correct_msgs/correct_msgs_s__rosidl_typesupport_c.cpython-310-x86_64-linux-gnu.so
[0.762s] -- Up-to-date: /home/louwee/correct_ws/install/correct_msgs/local/lib/python3.10/dist-packages/correct_msgs/_correct_msgs_s.ep.rosidl_typesupport_introspection_c.c
[0.763s] -- Up-to-date: /home/louwee/correct_ws/install/correct_msgs/local/lib/python3.10/dist-packages/correct_msgs/correct_msgs_s__rosidl_typesupport_fastrtps_c.cpython-310-x86_64-linux-gnu.so
[0.763s] -- Up-to-date: /home/louwee/correct_ws/install/correct_msgs/local/lib/python3.10/dist-packages/correct_msgs/correct_msgs_s__rosidl_typesupport_introspection_c.cpython-310-x86_64-linux-gnu.so
[0.763s] -- Up-to-date: /home/louwee/correct_ws/install/correct_msgs/local/lib/python3.10/dist-packages/correct_msgs/libcorrect_msgs__rosidl_generator_py.so
[0.807s] Listing '/home/louwee/correct_ws/install/correct_msgs/local/lib/python3.10/dist-packages/correct_msgs'...
[0.807s] Listing '/home/louwee/correct_ws/install/correct_msgs/local/lib/python3.10/dist-packages/correct_msgs/srv'...
[0.815s] -- Up-to-date: /home/louwee/correct_ws/install/correct_msgs/local/lib/python3.10/dist-packages/correct_msgs/correct_msgs_s__rosidl_typesupport_fastrtps_c.cpython-310-x86_64-linux-gnu.so
[0.816s] -- Up-to-date: /home/louwee/correct_ws/install/correct_msgs/local/lib/python3.10/dist-packages/correct_msgs/correct_msgs_s__rosidl_typesupport_introspection_c.cpython-310-x86_64-linux-gnu.so
[0.818s] -- Up-to-date: /home/louwee/correct_ws/install/correct_msgs/local/lib/python3.10/dist-packages/correct_msgs/correct_msgs_s__rosidl_typesupport_c.cpython-310-x86_64-linux-gnu.so
[0.819s] -- Up-to-date: /home/louwee/correct_ws/install/correct_msgs/lib/libcorrect_msgs__rosidl_generator_py.so
[0.820s] -- Up-to-date: /home/louwee/correct_ws/install/correct_msgs/share/correct_msgs/srv/AddTwoInts.idl
[0.821s] -- Up-to-date: /home/louwee/correct_ws/install/correct_msgs/share/correct_msgs/srv/GetTransform.idl
[0.821s] -- Up-to-date: /home/louwee/correct_ws/install/correct_msgs/share/correct_msgs/srv/AddTwoInts.srv
[0.821s] -- Up-to-date: /home/louwee/correct_ws/install/correct_msgs/share/correct_msgs/srv/AddTwoInts_Request.msg
[0.821s] -- Up-to-date: /home/louwee/correct_ws/install/correct_msgs/share/correct_msgs/srv/AddTwoInts_Response.msg
[0.821s] -- Up-to-date: /home/louwee/correct_ws/install/correct_msgs/share/correct_msgs/srv/GetTransform.srv
[0.821s] -- Up-to-date: /home/louwee/correct_ws/install/correct_msgs/share/correct_msgs/srv/GetTransform_Request.msg
[0.821s] -- Up-to-date: /home/louwee/correct_ws/install/correct_msgs/share/correct_msgs/srv/GetTransform_Response.msg
[0.821s] -- Up-to-date: /home/louwee/correct_ws/install/correct_msgs/share/ament_index/resource_index/package_run_dependencies/correct_msgs
[0.822s] -- Up-to-date: /home/louwee/correct_ws/install/correct_msgs/share/ament_index/resource_index/parent_prefix_path/correct_msgs
[0.822s] -- Up-to-date: /home/louwee/correct_ws/install/correct_msgs/share/correct_msgs/environment/ament_prefix_path.sh
[0.822s] -- Up-to-date: /home/louwee/correct_ws/install/correct_msgs/share/correct_msgs/environment/ament_prefix_path.dsv
[0.822s] -- Up-to-date: /home/louwee/correct_ws/install/correct_msgs/share/correct_msgs/environment/path.sh
[0.822s] -- Up-to-date: /home/louwee/correct_ws/install/correct_msgs/share/correct_msgs/environment/path.dsv
[0.822s] -- Up-to-date: /home/louwee/correct_ws/install/correct_msgs/share/correct_msgs/local_setup.bash
[0.822s] -- Up-to-date: /home/louwee/correct_ws/install/correct_msgs/share/correct_msgs/local_setup.sh
[0.822s] -- Up-to-date: /home/louwee/correct_ws/install/correct_msgs/share/correct_msgs/local_setup.zsh
[0.822s] -- Up-to-date: /home/louwee/correct_ws/install/correct_msgs/share/correct_msgs/local_setup.dsv
[0.823s] -- Installing: /home/louwee/correct_ws/install/correct_msgs/share/correct_msgs/package.dsv
[0.823s] -- Up-to-date: /home/louwee/correct_ws/install/correct_msgs/share/ament_index/resource_index/packages/correct_msgs
[0.823s] -- Up-to-date: /home/louwee/correct_ws/install/correct_msgs/share/correct_msgs/cmake/export_correct_msgs__rosidl_generator_cExport.cmake
[0.823s] -- Up-to-date: /home/louwee/correct_ws/install/correct_msgs/share/correct_msgs/cmake/export_correct_msgs__rosidl_generator_cExport-noconfig.cmake
[0.823s] -- Up-to-date: /home/louwee/correct_ws/install/correct_msgs/share/correct_msgs/cmake/export_correct_msgs__rosidl_typesupport_fastrtps_cExport.cmake
[0.823s] -- Up-to-date: /home/louwee/correct_ws/install/correct_msgs/share/correct_msgs/cmake/export_correct_msgs__rosidl_typesupport_fastrtps_cExport-noconfig.cmake
[0.823s] -- Up-to-date: /home/louwee/correct_ws/install/correct_msgs/share/correct_msgs/cmake/export_correct_msgs__rosidl_generator_cppExport.cmake
[0.823s] -- Up-to-date: /home/louwee/correct_ws/install/correct_msgs/share/correct_msgs/cmake/export_correct_msgs__rosidl_typesupport_fastrtps_cppExport.cmake
[0.823s] -- Up-to-date: /home/louwee/correct_ws/install/correct_msgs/share/correct_msgs/cmake/export_correct_msgs__rosidl_typesupport_fastrtps_cppExport-noconfig.cmake
[0.824s] -- Up-to-date: /home/louwee/correct_ws/install/correct_msgs/share/correct_msgs/cmake/correct_msgs__rosidl_typesupport_introspection_cExport.cmake
[0.824s] -- Up-to-date: /home/louwee/correct_ws/install/correct_msgs/share/correct_msgs/cmake/correct_msgs__rosidl_typesupport_introspection_cExport-noconfig.cmake
[0.824s] -- Up-to-date: /home/louwee/correct_ws/install/correct_msgs/share/correct_msgs/cmake/correct_msgs__rosidl_typesupport_cExport.cmake
[0.824s] -- Up-to-date: /home/louwee/correct_ws/install/correct_msgs/share/correct_msgs/cmake/correct_msgs__rosidl_typesupport_cExport-noconfig.cmake
[0.824s] -- Up-to-date: /home/louwee/correct_ws/install/correct_msgs/share/correct_msgs/cmake/correct_msgs__rosidl_typesupport_introspection_cppExport.cmake
[0.824s] -- Up-to-date: /home/louwee/correct_ws/install/correct_msgs/share/correct_msgs/cmake/correct_msgs__rosidl_typesupport_introspection_cppExport-noconfig.cmake
[0.824s] -- Up-to-date: /home/louwee/correct_ws/install/correct_msgs/share/correct_msgs/cmake/correct_msgs__rosidl_typesupport_cppExport.cmake
[0.824s] -- Up-to-date: /home/louwee/correct_ws/install/correct_msgs/share/correct_msgs/cmake/correct_msgs__rosidl_typesupport_cppExport-noconfig.cmake
[0.825s] -- Up-to-date: /home/louwee/correct_ws/install/correct_msgs/share/correct_msgs/cmake/export_correct_msgs__rosidl_generator_pyExport.cmake
[0.825s] -- Up-to-date: /home/louwee/correct_ws/install/correct_msgs/share/correct_msgs/cmake/export_correct_msgs__rosidl_generator_pyExport-noconfig.cmake
[0.825s] -- Up-to-date: /home/louwee/correct_ws/install/correct_msgs/share/correct_msgs/cmake/rosidl_cmake-extras.cmake
[0.825s] -- Up-to-date: /home/louwee/correct_ws/install/correct_msgs/share/correct_msgs/cmake/ament_cmake_export_dependencies-extras.cmake
[0.825s] -- Up-to-date: /home/louwee/correct_ws/install/correct_msgs/share/correct_msgs/cmake/ament_cmake_export_include_directories-extras.cmake
[0.825s] -- Up-to-date: /home/louwee/correct_ws/install/correct_msgs/share/correct_msgs/cmake/ament_cmake_export_libraries-extras.cmake
[0.825s] -- Up-to-date: /home/louwee/correct_ws/install/correct_msgs/share/correct_msgs/cmake/ament_cmake_export_targets-extras.cmake
[0.826s] -- Up-to-date: /home/louwee/correct_ws/install/correct_msgs/share/correct_msgs/cmake/rosidl_cmake_export_typesupport_targets-extras.cmake
[0.826s] -- Up-to-date: /home/louwee/correct_ws/install/correct_msgs/share/correct_msgs/cmake/rosidl_cmake_export_typesupport_libraries-extras.cmake
[0.826s] -- Up-to-date: /home/louwee/correct_ws/install/correct_msgs/share/correct_msgs/cmake/correct_msgsConfig.cmake
[0.826s] -- Up-to-date: /home/louwee/correct_ws/install/correct_msgs/share/correct_msgs/cmake/correct_msgsConfig-version.cmake
[0.826s] -- Up-to-date: /home/louwee/correct_ws/install/correct_msgs/share/correct_msgs/package.xml
[0.856s] Invoked command in '/home/louwee/correct_ws/build/correct_msgs' returned '0': CMAKE_PREFIX_PATH=${CMAKE_PREFIX_PATH}:/home/louwee/correct_ws/install/correct_py_examples:/opt/ros/humble /usr/bin/cmake --install /home/louwee/correct_ws/build/correct_msgs
