[0.025s] Invoking command in '/home/louwee/correct_ws/build/correct_cpp_examples': CMAKE_PREFIX_PATH=/opt/ros/humble /usr/bin/cmake /home/louwee/correct_ws/src/correct_cpp_examples -DCMAKE_INSTALL_PREFIX=/home/louwee/correct_ws/install/correct_cpp_examples
[0.090s] -- The C compiler identification is GNU 11.4.0
[0.158s] -- The CXX compiler identification is GNU 11.4.0
[0.166s] -- Detecting C compiler ABI info
[0.245s] -- Detecting C compiler ABI info - done
[0.255s] -- Check for working C compiler: /usr/bin/cc - skipped
[0.256s] -- Detecting C compile features
[0.256s] -- Detecting C compile features - done
[0.260s] -- Detecting CXX compiler ABI info
[0.356s] -- Detecting CXX compiler ABI info - done
[0.374s] -- Check for working CXX compiler: /usr/bin/c++ - skipped
[0.374s] -- Detecting CXX compile features
[0.375s] -- Detecting CXX compile features - done
[0.379s] -- Found ament_cmake: 1.3.11 (/opt/ros/humble/share/ament_cmake/cmake)
[0.689s] -- Found Python3: /usr/bin/python3 (found version "3.10.12") found components: Interpreter 
[1.182s] -- Found rclcpp: 16.0.11 (/opt/ros/humble/share/rclcpp/cmake)
[1.369s] -- Found rosidl_generator_c: 3.1.6 (/opt/ros/humble/share/rosidl_generator_c/cmake)
[1.392s] -- Found rosidl_adapter: 3.1.6 (/opt/ros/humble/share/rosidl_adapter/cmake)
[1.431s] -- Found rosidl_generator_cpp: 3.1.6 (/opt/ros/humble/share/rosidl_generator_cpp/cmake)
[1.485s] -- Using all available rosidl_typesupport_c: rosidl_typesupport_fastrtps_c;rosidl_typesupport_introspection_c
[1.557s] -- Using all available rosidl_typesupport_cpp: rosidl_typesupport_fastrtps_cpp;rosidl_typesupport_introspection_cpp
[1.627s] -- Found rmw_implementation_cmake: 6.1.2 (/opt/ros/humble/share/rmw_implementation_cmake/cmake)
[1.633s] -- Found rmw_fastrtps_cpp: 6.2.7 (/opt/ros/humble/share/rmw_fastrtps_cpp/cmake)
[1.771s] -- Found OpenSSL: /usr/lib/x86_64-linux-gnu/libcrypto.so (found version "3.0.2")  
[1.820s] -- Found FastRTPS: /opt/ros/humble/include  
[1.880s] -- Using RMW implementation 'rmw_fastrtps_cpp' as default
[1.892s] -- Looking for pthread.h
[1.994s] -- Looking for pthread.h - found
[1.995s] -- Performing Test CMAKE_HAVE_LIBC_PTHREAD
[2.117s] -- Performing Test CMAKE_HAVE_LIBC_PTHREAD - Success
[2.117s] -- Found Threads: TRUE  
[2.228s] -- Found turtlesim: 1.4.2 (/opt/ros/humble/share/turtlesim/cmake)
[2.302s] [31mCMake Error at CMakeLists.txt:13 (find_package):
[2.302s]   By not providing "Findcorrect_msgs.cmake" in CMAKE_MODULE_PATH this project
[2.302s]   has asked CMake to find a package configuration file provided by
[2.303s]   "correct_msgs", but CMake did not find one.
[2.303s] 
[2.303s]   Could not find a package configuration file provided by "correct_msgs" with
[2.303s]   any of the following names:
[2.303s] 
[2.303s]     correct_msgsConfig.cmake
[2.304s]     correct_msgs-config.cmake
[2.304s] 
[2.304s]   Add the installation prefix of "correct_msgs" to CMAKE_PREFIX_PATH or set
[2.304s]   "correct_msgs_DIR" to a directory containing one of the above files.  If
[2.304s]   "correct_msgs" provides a separate development package or SDK, be sure it
[2.304s]   has been installed.
[2.305s] 
[2.305s] [0m
[2.305s] -- Configuring incomplete, errors occurred!
[2.305s] See also "/home/louwee/correct_ws/build/correct_cpp_examples/CMakeFiles/CMakeOutput.log".
[2.317s] Invoked command in '/home/louwee/correct_ws/build/correct_cpp_examples' returned '1': CMAKE_PREFIX_PATH=/opt/ros/humble /usr/bin/cmake /home/louwee/correct_ws/src/correct_cpp_examples -DCMAKE_INSTALL_PREFIX=/home/louwee/correct_ws/install/correct_cpp_examples
