[0.023s] Invoking command in '/home/louwee/correct_ws/build/correct_cpp_examples': AMENT_PREFIX_PATH=/home/louwee/correct_ws/install/correct_msgs:${AMENT_PREFIX_PATH} CMAKE_PREFIX_PATH=/home/louwee/correct_ws/install/correct_msgs:/opt/ros/humble LD_LIBRARY_PATH=/home/louwee/correct_ws/install/correct_msgs/lib:${LD_LIBRARY_PATH} PYTHONPATH=/home/louwee/correct_ws/install/correct_msgs/local/lib/python3.10/dist-packages:${PYTHONPATH} /usr/bin/cmake --build /home/louwee/correct_ws/build/correct_cpp_examples -- -j12 -l12
[0.044s] -- Found ament_cmake: 1.3.11 (/opt/ros/humble/share/ament_cmake/cmake)
[0.165s] -- Found rclcpp: 16.0.11 (/opt/ros/humble/share/rclcpp/cmake)
[0.192s] -- Found rosidl_generator_c: 3.1.6 (/opt/ros/humble/share/rosidl_generator_c/cmake)
[0.195s] -- Found rosidl_adapter: 3.1.6 (/opt/ros/humble/share/rosidl_adapter/cmake)
[0.200s] -- Found rosidl_generator_cpp: 3.1.6 (/opt/ros/humble/share/rosidl_generator_cpp/cmake)
[0.210s] -- Using all available rosidl_typesupport_c: rosidl_typesupport_fastrtps_c;rosidl_typesupport_introspection_c
[0.222s] -- Using all available rosidl_typesupport_cpp: rosidl_typesupport_fastrtps_cpp;rosidl_typesupport_introspection_cpp
[0.254s] -- Found rmw_implementation_cmake: 6.1.2 (/opt/ros/humble/share/rmw_implementation_cmake/cmake)
[0.255s] -- Found rmw_fastrtps_cpp: 6.2.7 (/opt/ros/humble/share/rmw_fastrtps_cpp/cmake)
[0.358s] -- Using RMW implementation 'rmw_fastrtps_cpp' as default
[0.407s] -- Found rclcpp_action: 16.0.11 (/opt/ros/humble/share/rclcpp_action/cmake)
[0.437s] -- Found rclcpp_components: 16.0.11 (/opt/ros/humble/share/rclcpp_components/cmake)
[0.455s] -- Found turtlesim: 1.4.2 (/opt/ros/humble/share/turtlesim/cmake)
[0.469s] -- Found correct_msgs: 0.0.0 (/home/louwee/correct_ws/install/correct_msgs/share/correct_msgs/cmake)
[0.499s] -- Found tf2: 0.25.12 (/opt/ros/humble/share/tf2/cmake)
[0.502s] -- Found tf2_ros: 0.25.12 (/opt/ros/humble/share/tf2_ros/cmake)
[0.529s] -- Found rclcpp_lifecycle: 16.0.11 (/opt/ros/humble/share/rclcpp_lifecycle/cmake)
[0.544s] -- Found nav_msgs: 4.2.4 (/opt/ros/humble/share/nav_msgs/cmake)
[0.628s] -- Configuring done
[0.671s] -- Generating done
[0.688s] -- Build files have been written to: /home/louwee/correct_ws/build/correct_cpp_examples
[0.721s] [35m[1mConsolidate compiler generated dependencies of target simple_publisher[0m
[0.721s] [35m[1mConsolidate compiler generated dependencies of target simple_turtlesim_kinematics[0m
[0.721s] [35m[1mConsolidate compiler generated dependencies of target simple_service_server[0m
[0.721s] [35m[1mConsolidate compiler generated dependencies of target simple_service_client[0m
[0.722s] [35m[1mConsolidate compiler generated dependencies of target simple_tf_kinematics[0m
[0.722s] [35m[1mConsolidate compiler generated dependencies of target simple_lifecycle_node[0m
[0.723s] [35m[1mConsolidate compiler generated dependencies of target simple_parameter[0m
[0.727s] [35m[1mConsolidate compiler generated dependencies of target simple_subscriber[0m
[0.732s] [35m[1mConsolidate compiler generated dependencies of target executor_examples[0m
[0.739s] [  4%] [32mBuilding CXX object CMakeFiles/simple_action_server.dir/src/simple_action_server.cpp.o[0m
[0.748s] [  9%] [32mBuilding CXX object CMakeFiles/simple_action_server_node.dir/rclcpp_components/node_main_simple_action_server_node.cpp.o[0m
[0.751s] [ 27%] Built target simple_turtlesim_kinematics
[0.751s] [ 27%] Built target simple_service_server
[0.752s] [ 36%] Built target simple_service_client
[0.752s] [ 45%] Built target simple_parameter
[0.754s] [ 54%] Built target simple_publisher
[0.755s] [ 63%] Built target simple_tf_kinematics
[0.757s] [ 72%] Built target simple_lifecycle_node
[0.758s] [ 81%] Built target executor_examples
[0.760s] [ 90%] Built target simple_subscriber
[3.267s] [01m[K/home/louwee/correct_ws/src/correct_cpp_examples/src/simple_action_server.cpp:[m[K In member function ‘[01m[Kvoid correct_cpp_examples::SimpleActionServer::execute(std::shared_ptr<rclcpp_action::ServerGoalHandle<correct_msgs::action::Fibonacci> >)[m[K’:
[3.268s] [01m[K/home/louwee/correct_ws/src/correct_cpp_examples/src/simple_action_server.cpp:61:14:[m[K [01;31m[Kerror: [m[Krequest for member ‘[01m[Kpush_back[m[K’ in ‘[01m[Ksequence[m[K’, which is of non-class type ‘[01m[Kint[m[K’
[3.268s]    61 |     sequence.[01;31m[Kpush_back[m[K(0);
[3.268s]       |              [01;31m[K^~~~~~~~~[m[K
[3.268s] [01m[K/home/louwee/correct_ws/src/correct_cpp_examples/src/simple_action_server.cpp:62:14:[m[K [01;31m[Kerror: [m[Krequest for member ‘[01m[Kpush_back[m[K’ in ‘[01m[Ksequence[m[K’, which is of non-class type ‘[01m[Kint[m[K’
[3.268s]    62 |     sequence.[01;31m[Kpush_back[m[K(1);
[3.268s]       |              [01;31m[K^~~~~~~~~[m[K
[3.270s] [01m[K/home/louwee/correct_ws/src/correct_cpp_examples/src/simple_action_server.cpp:70:28:[m[K [01;31m[Kerror: [m[Kno match for ‘[01m[Koperator=[m[K’ (operand types are ‘[01m[Kcorrect_msgs::action::Fibonacci_Result_<std::allocator<void> >::_sequence_type[m[K’ {aka ‘[01m[Kstd::vector<int>[m[K’} and ‘[01m[Kint[m[K’)
[3.270s]    70 |         result->sequence = [01;31m[Ksequence[m[K;
[3.270s]       |                            [01;31m[K^~~~~~~~[m[K
[3.270s] In file included from [01m[K/usr/include/c++/11/vector:72[m[K,
[3.270s]                  from [01m[K/usr/include/c++/11/functional:62[m[K,
[3.270s]                  from [01m[K/usr/include/c++/11/pstl/glue_algorithm_defs.h:13[m[K,
[3.270s]                  from [01m[K/usr/include/c++/11/algorithm:74[m[K,
[3.270s]                  from [01m[K/opt/ros/humble/include/rclcpp/rclcpp/executor.hpp:18[m[K,
[3.270s]                  from [01m[K/opt/ros/humble/include/rclcpp/rclcpp/executors/multi_threaded_executor.hpp:25[m[K,
[3.270s]                  from [01m[K/opt/ros/humble/include/rclcpp/rclcpp/executors.hpp:21[m[K,
[3.270s]                  from [01m[K/opt/ros/humble/include/rclcpp/rclcpp/rclcpp.hpp:155[m[K,
[3.270s]                  from [01m[K/home/louwee/correct_ws/src/correct_cpp_examples/src/simple_action_server.cpp:1[m[K:
[3.270s] [01m[K/usr/include/c++/11/bits/vector.tcc:198:5:[m[K [01;36m[Knote: [m[Kcandidate: ‘[01m[Kstd::vector<_Tp, _Alloc>& std::vector<_Tp, _Alloc>::operator=(const std::vector<_Tp, _Alloc>&) [with _Tp = int; _Alloc = std::allocator<int>][m[K’
[3.270s]   198 |     [01;36m[Kvector<_Tp, _Alloc>[m[K::
[3.270s]       |     [01;36m[K^~~~~~~~~~~~~~~~~~~[m[K
[3.270s] [01m[K/usr/include/c++/11/bits/vector.tcc:199:42:[m[K [01;36m[Knote: [m[K  no known conversion for argument 1 from ‘[01m[Kint[m[K’ to ‘[01m[Kconst std::vector<int>&[m[K’
[3.270s]   199 |     operator=([01;36m[Kconst vector<_Tp, _Alloc>& __x[m[K)
[3.270s]       |               [01;36m[K~~~~~~~~~~~~~~~~~~~~~~~~~~~^~~[m[K
[3.270s] In file included from [01m[K/usr/include/c++/11/vector:67[m[K,
[3.270s]                  from [01m[K/usr/include/c++/11/functional:62[m[K,
[3.271s]                  from [01m[K/usr/include/c++/11/pstl/glue_algorithm_defs.h:13[m[K,
[3.271s]                  from [01m[K/usr/include/c++/11/algorithm:74[m[K,
[3.271s]                  from [01m[K/opt/ros/humble/include/rclcpp/rclcpp/executor.hpp:18[m[K,
[3.271s]                  from [01m[K/opt/ros/humble/include/rclcpp/rclcpp/executors/multi_threaded_executor.hpp:25[m[K,
[3.271s]                  from [01m[K/opt/ros/humble/include/rclcpp/rclcpp/executors.hpp:21[m[K,
[3.271s]                  from [01m[K/opt/ros/humble/include/rclcpp/rclcpp/rclcpp.hpp:155[m[K,
[3.271s]                  from [01m[K/home/louwee/correct_ws/src/correct_cpp_examples/src/simple_action_server.cpp:1[m[K:
[3.271s] [01m[K/usr/include/c++/11/bits/stl_vector.h:709:7:[m[K [01;36m[Knote: [m[Kcandidate: ‘[01m[Kstd::vector<_Tp, _Alloc>& std::vector<_Tp, _Alloc>::operator=(std::vector<_Tp, _Alloc>&&) [with _Tp = int; _Alloc = std::allocator<int>][m[K’
[3.271s]   709 |       [01;36m[Koperator[m[K=(vector&& __x) noexcept(_Alloc_traits::_S_nothrow_move())
[3.271s]       |       [01;36m[K^~~~~~~~[m[K
[3.271s] [01m[K/usr/include/c++/11/bits/stl_vector.h:709:26:[m[K [01;36m[Knote: [m[K  no known conversion for argument 1 from ‘[01m[Kint[m[K’ to ‘[01m[Kstd::vector<int>&&[m[K’
[3.271s]   709 |       operator=([01;36m[Kvector&& __x[m[K) noexcept(_Alloc_traits::_S_nothrow_move())
[3.271s]       |                 [01;36m[K~~~~~~~~~^~~[m[K
[3.271s] [01m[K/usr/include/c++/11/bits/stl_vector.h:730:7:[m[K [01;36m[Knote: [m[Kcandidate: ‘[01m[Kstd::vector<_Tp, _Alloc>& std::vector<_Tp, _Alloc>::operator=(std::initializer_list<_Tp>) [with _Tp = int; _Alloc = std::allocator<int>][m[K’
[3.271s]   730 |       [01;36m[Koperator[m[K=(initializer_list<value_type> __l)
[3.271s]       |       [01;36m[K^~~~~~~~[m[K
[3.271s] [01m[K/usr/include/c++/11/bits/stl_vector.h:730:46:[m[K [01;36m[Knote: [m[K  no known conversion for argument 1 from ‘[01m[Kint[m[K’ to ‘[01m[Kstd::initializer_list<int>[m[K’
[3.271s]   730 |       operator=([01;36m[Kinitializer_list<value_type> __l[m[K)
[3.272s]       |                 [01;36m[K~~~~~~~~~~~~~~~~~~~~~~~~~~~~~^~~[m[K
[3.272s] [01m[K/home/louwee/correct_ws/src/correct_cpp_examples/src/simple_action_server.cpp:76:16:[m[K [01;31m[Kerror: [m[Krequest for member ‘[01m[Kpush_back[m[K’ in ‘[01m[Ksequence[m[K’, which is of non-class type ‘[01m[Kint[m[K’
[3.272s]    76 |       sequence.[01;31m[Kpush_back[m[K(sequence[i] + sequence[i - 1]);
[3.272s]       |                [01;31m[K^~~~~~~~~[m[K
[3.272s] [01m[K/home/louwee/correct_ws/src/correct_cpp_examples/src/simple_action_server.cpp:76:34:[m[K [01;31m[Kerror: [m[Kinvalid types ‘[01m[Kint[int][m[K’ for array subscript
[3.272s]    76 |       sequence.push_back(sequence[01;31m[K[[m[Ki] + sequence[i - 1]);
[3.272s]       |                                  [01;31m[K^[m[K
[3.272s] [01m[K/home/louwee/correct_ws/src/correct_cpp_examples/src/simple_action_server.cpp:76:48:[m[K [01;31m[Kerror: [m[Kinvalid types ‘[01m[Kint[int][m[K’ for array subscript
[3.272s]    76 |       sequence.push_back(sequence[i] + sequence[01;31m[K[[m[Ki - 1]);
[3.272s]       |                                                [01;31m[K^[m[K
[3.272s] [01m[K/home/louwee/correct_ws/src/correct_cpp_examples/src/simple_action_server.cpp:87:26:[m[K [01;31m[Kerror: [m[Kno match for ‘[01m[Koperator=[m[K’ (operand types are ‘[01m[Kcorrect_msgs::action::Fibonacci_Result_<std::allocator<void> >::_sequence_type[m[K’ {aka ‘[01m[Kstd::vector<int>[m[K’} and ‘[01m[Kint[m[K’)
[3.272s]    87 |       result->sequence = [01;31m[Ksequence[m[K;
[3.272s]       |                          [01;31m[K^~~~~~~~[m[K
[3.272s] In file included from [01m[K/usr/include/c++/11/vector:72[m[K,
[3.273s]                  from [01m[K/usr/include/c++/11/functional:62[m[K,
[3.273s]                  from [01m[K/usr/include/c++/11/pstl/glue_algorithm_defs.h:13[m[K,
[3.273s]                  from [01m[K/usr/include/c++/11/algorithm:74[m[K,
[3.273s]                  from [01m[K/opt/ros/humble/include/rclcpp/rclcpp/executor.hpp:18[m[K,
[3.273s]                  from [01m[K/opt/ros/humble/include/rclcpp/rclcpp/executors/multi_threaded_executor.hpp:25[m[K,
[3.273s]                  from [01m[K/opt/ros/humble/include/rclcpp/rclcpp/executors.hpp:21[m[K,
[3.273s]                  from [01m[K/opt/ros/humble/include/rclcpp/rclcpp/rclcpp.hpp:155[m[K,
[3.273s]                  from [01m[K/home/louwee/correct_ws/src/correct_cpp_examples/src/simple_action_server.cpp:1[m[K:
[3.273s] [01m[K/usr/include/c++/11/bits/vector.tcc:198:5:[m[K [01;36m[Knote: [m[Kcandidate: ‘[01m[Kstd::vector<_Tp, _Alloc>& std::vector<_Tp, _Alloc>::operator=(const std::vector<_Tp, _Alloc>&) [with _Tp = int; _Alloc = std::allocator<int>][m[K’
[3.273s]   198 |     [01;36m[Kvector<_Tp, _Alloc>[m[K::
[3.273s]       |     [01;36m[K^~~~~~~~~~~~~~~~~~~[m[K
[3.273s] [01m[K/usr/include/c++/11/bits/vector.tcc:199:42:[m[K [01;36m[Knote: [m[K  no known conversion for argument 1 from ‘[01m[Kint[m[K’ to ‘[01m[Kconst std::vector<int>&[m[K’
[3.273s]   199 |     operator=([01;36m[Kconst vector<_Tp, _Alloc>& __x[m[K)
[3.273s]       |               [01;36m[K~~~~~~~~~~~~~~~~~~~~~~~~~~~^~~[m[K
[3.273s] In file included from [01m[K/usr/include/c++/11/vector:67[m[K,
[3.273s]                  from [01m[K/usr/include/c++/11/functional:62[m[K,
[3.273s]                  from [01m[K/usr/include/c++/11/pstl/glue_algorithm_defs.h:13[m[K,
[3.273s]                  from [01m[K/usr/include/c++/11/algorithm:74[m[K,
[3.273s]                  from [01m[K/opt/ros/humble/include/rclcpp/rclcpp/executor.hpp:18[m[K,
[3.273s]                  from [01m[K/opt/ros/humble/include/rclcpp/rclcpp/executors/multi_threaded_executor.hpp:25[m[K,
[3.273s]                  from [01m[K/opt/ros/humble/include/rclcpp/rclcpp/executors.hpp:21[m[K,
[3.274s]                  from [01m[K/opt/ros/humble/include/rclcpp/rclcpp/rclcpp.hpp:155[m[K,
[3.274s]                  from [01m[K/home/louwee/correct_ws/src/correct_cpp_examples/src/simple_action_server.cpp:1[m[K:
[3.274s] [01m[K/usr/include/c++/11/bits/stl_vector.h:709:7:[m[K [01;36m[Knote: [m[Kcandidate: ‘[01m[Kstd::vector<_Tp, _Alloc>& std::vector<_Tp, _Alloc>::operator=(std::vector<_Tp, _Alloc>&&) [with _Tp = int; _Alloc = std::allocator<int>][m[K’
[3.274s]   709 |       [01;36m[Koperator[m[K=(vector&& __x) noexcept(_Alloc_traits::_S_nothrow_move())
[3.274s]       |       [01;36m[K^~~~~~~~[m[K
[3.274s] [01m[K/usr/include/c++/11/bits/stl_vector.h:709:26:[m[K [01;36m[Knote: [m[K  no known conversion for argument 1 from ‘[01m[Kint[m[K’ to ‘[01m[Kstd::vector<int>&&[m[K’
[3.274s]   709 |       operator=([01;36m[Kvector&& __x[m[K) noexcept(_Alloc_traits::_S_nothrow_move())
[3.274s]       |                 [01;36m[K~~~~~~~~~^~~[m[K
[3.274s] [01m[K/usr/include/c++/11/bits/stl_vector.h:730:7:[m[K [01;36m[Knote: [m[Kcandidate: ‘[01m[Kstd::vector<_Tp, _Alloc>& std::vector<_Tp, _Alloc>::operator=(std::initializer_list<_Tp>) [with _Tp = int; _Alloc = std::allocator<int>][m[K’
[3.274s]   730 |       [01;36m[Koperator[m[K=(initializer_list<value_type> __l)
[3.274s]       |       [01;36m[K^~~~~~~~[m[K
[3.274s] [01m[K/usr/include/c++/11/bits/stl_vector.h:730:46:[m[K [01;36m[Knote: [m[K  no known conversion for argument 1 from ‘[01m[Kint[m[K’ to ‘[01m[Kstd::initializer_list<int>[m[K’
[3.274s]   730 |       operator=([01;36m[Kinitializer_list<value_type> __l[m[K)
[3.274s]       |                 [01;36m[K~~~~~~~~~~~~~~~~~~~~~~~~~~~~~^~~[m[K
[3.760s] [ 95%] [32m[1mLinking CXX executable simple_action_server_node[0m
[3.876s] [ 95%] Built target simple_action_server_node
[3.928s] gmake[2]: *** [CMakeFiles/simple_action_server.dir/build.make:76: CMakeFiles/simple_action_server.dir/src/simple_action_server.cpp.o] Error 1
[3.928s] gmake[1]: *** [CMakeFiles/Makefile2:391: CMakeFiles/simple_action_server.dir/all] Error 2
[3.928s] gmake: *** [Makefile:146: all] Error 2
[3.930s] Invoked command in '/home/louwee/correct_ws/build/correct_cpp_examples' returned '2': AMENT_PREFIX_PATH=/home/louwee/correct_ws/install/correct_msgs:${AMENT_PREFIX_PATH} CMAKE_PREFIX_PATH=/home/louwee/correct_ws/install/correct_msgs:/opt/ros/humble LD_LIBRARY_PATH=/home/louwee/correct_ws/install/correct_msgs/lib:${LD_LIBRARY_PATH} PYTHONPATH=/home/louwee/correct_ws/install/correct_msgs/local/lib/python3.10/dist-packages:${PYTHONPATH} /usr/bin/cmake --build /home/louwee/correct_ws/build/correct_cpp_examples -- -j12 -l12
