[0.091s] DEBUG:colcon:Command line arguments: ['/usr/bin/colcon', 'build']
[0.091s] DEBUG:colcon:Parsed command line arguments: Namespace(log_base=None, log_level=None, verb_name='build', build_base='build', install_base='install', merge_install=False, symlink_install=False, test_result_base=None, continue_on_error=False, executor='parallel', parallel_workers=12, event_handlers=None, ignore_user_meta=False, metas=['./colcon.meta'], base_paths=['.'], packages_ignore=None, packages_ignore_regex=None, paths=None, packages_up_to=None, packages_up_to_regex=None, packages_above=None, packages_above_and_dependencies=None, packages_above_depth=None, packages_select_by_dep=None, packages_skip_by_dep=None, packages_skip_up_to=None, packages_select_build_failed=False, packages_skip_build_finished=False, packages_select_test_failures=False, packages_skip_test_passed=False, packages_select=None, packages_skip=None, packages_select_regex=None, packages_skip_regex=None, packages_start=None, packages_end=None, allow_overriding=[], cmake_args=None, cmake_target=None, cmake_target_skip_unavailable=False, cmake_clean_cache=False, cmake_clean_first=False, cmake_force_configure=False, ament_cmake_args=None, catkin_cmake_args=None, catkin_skip_building_tests=False, verb_parser=<colcon_defaults.argument_parser.defaults.DefaultArgumentsDecorator object at 0x764a53342f20>, verb_extension=<colcon_core.verb.build.BuildVerb object at 0x764a534f86a0>, main=<bound method BuildVerb.main of <colcon_core.verb.build.BuildVerb object at 0x764a534f86a0>>)
[0.243s] Level 1:colcon.colcon_core.package_discovery:discover_packages(colcon_meta) check parameters
[0.243s] Level 1:colcon.colcon_core.package_discovery:discover_packages(recursive) check parameters
[0.243s] Level 1:colcon.colcon_core.package_discovery:discover_packages(ignore) check parameters
[0.243s] Level 1:colcon.colcon_core.package_discovery:discover_packages(path) check parameters
[0.243s] Level 1:colcon.colcon_core.package_discovery:discover_packages(colcon_meta) discover
[0.243s] Level 1:colcon.colcon_core.package_discovery:discover_packages(recursive) discover
[0.243s] INFO:colcon.colcon_core.package_discovery:Crawling recursively for packages in '/home/louwee/correct_ws'
[0.243s] Level 1:colcon.colcon_core.package_identification:_identify(.) by extensions ['ignore', 'ignore_ament_install']
[0.243s] Level 1:colcon.colcon_core.package_identification:_identify(.) by extension 'ignore'
[0.243s] Level 1:colcon.colcon_core.package_identification:_identify(.) by extension 'ignore_ament_install'
[0.243s] Level 1:colcon.colcon_core.package_identification:_identify(.) by extensions ['colcon_pkg']
[0.243s] Level 1:colcon.colcon_core.package_identification:_identify(.) by extension 'colcon_pkg'
[0.243s] Level 1:colcon.colcon_core.package_identification:_identify(.) by extensions ['colcon_meta']
[0.243s] Level 1:colcon.colcon_core.package_identification:_identify(.) by extension 'colcon_meta'
[0.244s] Level 1:colcon.colcon_core.package_identification:_identify(.) by extensions ['ros']
[0.244s] Level 1:colcon.colcon_core.package_identification:_identify(.) by extension 'ros'
[0.254s] Level 1:colcon.colcon_core.package_identification:_identify(.) by extensions ['cmake', 'python']
[0.254s] Level 1:colcon.colcon_core.package_identification:_identify(.) by extension 'cmake'
[0.254s] Level 1:colcon.colcon_core.package_identification:_identify(.) by extension 'python'
[0.254s] Level 1:colcon.colcon_core.package_identification:_identify(.) by extensions ['python_setup_py']
[0.254s] Level 1:colcon.colcon_core.package_identification:_identify(.) by extension 'python_setup_py'
[0.254s] Level 1:colcon.colcon_core.package_identification:_identify(build) by extensions ['ignore', 'ignore_ament_install']
[0.254s] Level 1:colcon.colcon_core.package_identification:_identify(build) by extension 'ignore'
[0.254s] Level 1:colcon.colcon_core.package_identification:_identify(build) ignored
[0.254s] Level 1:colcon.colcon_core.package_identification:_identify(install) by extensions ['ignore', 'ignore_ament_install']
[0.254s] Level 1:colcon.colcon_core.package_identification:_identify(install) by extension 'ignore'
[0.254s] Level 1:colcon.colcon_core.package_identification:_identify(install) ignored
[0.255s] Level 1:colcon.colcon_core.package_identification:_identify(log) by extensions ['ignore', 'ignore_ament_install']
[0.255s] Level 1:colcon.colcon_core.package_identification:_identify(log) by extension 'ignore'
[0.255s] Level 1:colcon.colcon_core.package_identification:_identify(log) ignored
[0.255s] Level 1:colcon.colcon_core.package_identification:_identify(src) by extensions ['ignore', 'ignore_ament_install']
[0.255s] Level 1:colcon.colcon_core.package_identification:_identify(src) by extension 'ignore'
[0.255s] Level 1:colcon.colcon_core.package_identification:_identify(src) by extension 'ignore_ament_install'
[0.255s] Level 1:colcon.colcon_core.package_identification:_identify(src) by extensions ['colcon_pkg']
[0.255s] Level 1:colcon.colcon_core.package_identification:_identify(src) by extension 'colcon_pkg'
[0.255s] Level 1:colcon.colcon_core.package_identification:_identify(src) by extensions ['colcon_meta']
[0.255s] Level 1:colcon.colcon_core.package_identification:_identify(src) by extension 'colcon_meta'
[0.255s] Level 1:colcon.colcon_core.package_identification:_identify(src) by extensions ['ros']
[0.255s] Level 1:colcon.colcon_core.package_identification:_identify(src) by extension 'ros'
[0.255s] Level 1:colcon.colcon_core.package_identification:_identify(src) by extensions ['cmake', 'python']
[0.255s] Level 1:colcon.colcon_core.package_identification:_identify(src) by extension 'cmake'
[0.255s] Level 1:colcon.colcon_core.package_identification:_identify(src) by extension 'python'
[0.255s] Level 1:colcon.colcon_core.package_identification:_identify(src) by extensions ['python_setup_py']
[0.255s] Level 1:colcon.colcon_core.package_identification:_identify(src) by extension 'python_setup_py'
[0.255s] Level 1:colcon.colcon_core.package_identification:_identify(src/computer_vision) by extensions ['ignore', 'ignore_ament_install']
[0.255s] Level 1:colcon.colcon_core.package_identification:_identify(src/computer_vision) by extension 'ignore'
[0.255s] Level 1:colcon.colcon_core.package_identification:_identify(src/computer_vision) by extension 'ignore_ament_install'
[0.256s] Level 1:colcon.colcon_core.package_identification:_identify(src/computer_vision) by extensions ['colcon_pkg']
[0.256s] Level 1:colcon.colcon_core.package_identification:_identify(src/computer_vision) by extension 'colcon_pkg'
[0.256s] Level 1:colcon.colcon_core.package_identification:_identify(src/computer_vision) by extensions ['colcon_meta']
[0.256s] Level 1:colcon.colcon_core.package_identification:_identify(src/computer_vision) by extension 'colcon_meta'
[0.256s] Level 1:colcon.colcon_core.package_identification:_identify(src/computer_vision) by extensions ['ros']
[0.256s] Level 1:colcon.colcon_core.package_identification:_identify(src/computer_vision) by extension 'ros'
[0.258s] DEBUG:colcon.colcon_core.package_identification:Package 'src/computer_vision' with type 'ros.ament_cmake' and name 'computer_vision'
[0.258s] Level 1:colcon.colcon_core.package_identification:_identify(src/correct_controller) by extensions ['ignore', 'ignore_ament_install']
[0.259s] Level 1:colcon.colcon_core.package_identification:_identify(src/correct_controller) by extension 'ignore'
[0.259s] Level 1:colcon.colcon_core.package_identification:_identify(src/correct_controller) by extension 'ignore_ament_install'
[0.259s] Level 1:colcon.colcon_core.package_identification:_identify(src/correct_controller) by extensions ['colcon_pkg']
[0.259s] Level 1:colcon.colcon_core.package_identification:_identify(src/correct_controller) by extension 'colcon_pkg'
[0.259s] Level 1:colcon.colcon_core.package_identification:_identify(src/correct_controller) by extensions ['colcon_meta']
[0.259s] Level 1:colcon.colcon_core.package_identification:_identify(src/correct_controller) by extension 'colcon_meta'
[0.259s] Level 1:colcon.colcon_core.package_identification:_identify(src/correct_controller) by extensions ['ros']
[0.259s] Level 1:colcon.colcon_core.package_identification:_identify(src/correct_controller) by extension 'ros'
[0.260s] DEBUG:colcon.colcon_core.package_identification:Package 'src/correct_controller' with type 'ros.ament_cmake' and name 'correct_controller'
[0.260s] Level 1:colcon.colcon_core.package_identification:_identify(src/correct_cpp_examples) by extensions ['ignore', 'ignore_ament_install']
[0.260s] Level 1:colcon.colcon_core.package_identification:_identify(src/correct_cpp_examples) by extension 'ignore'
[0.260s] Level 1:colcon.colcon_core.package_identification:_identify(src/correct_cpp_examples) by extension 'ignore_ament_install'
[0.260s] Level 1:colcon.colcon_core.package_identification:_identify(src/correct_cpp_examples) by extensions ['colcon_pkg']
[0.260s] Level 1:colcon.colcon_core.package_identification:_identify(src/correct_cpp_examples) by extension 'colcon_pkg'
[0.260s] Level 1:colcon.colcon_core.package_identification:_identify(src/correct_cpp_examples) by extensions ['colcon_meta']
[0.260s] Level 1:colcon.colcon_core.package_identification:_identify(src/correct_cpp_examples) by extension 'colcon_meta'
[0.261s] Level 1:colcon.colcon_core.package_identification:_identify(src/correct_cpp_examples) by extensions ['ros']
[0.261s] Level 1:colcon.colcon_core.package_identification:_identify(src/correct_cpp_examples) by extension 'ros'
[0.262s] DEBUG:colcon.colcon_core.package_identification:Package 'src/correct_cpp_examples' with type 'ros.ament_cmake' and name 'correct_cpp_examples'
[0.262s] Level 1:colcon.colcon_core.package_identification:_identify(src/correct_firmware) by extensions ['ignore', 'ignore_ament_install']
[0.262s] Level 1:colcon.colcon_core.package_identification:_identify(src/correct_firmware) by extension 'ignore'
[0.262s] Level 1:colcon.colcon_core.package_identification:_identify(src/correct_firmware) by extension 'ignore_ament_install'
[0.262s] Level 1:colcon.colcon_core.package_identification:_identify(src/correct_firmware) by extensions ['colcon_pkg']
[0.262s] Level 1:colcon.colcon_core.package_identification:_identify(src/correct_firmware) by extension 'colcon_pkg'
[0.262s] Level 1:colcon.colcon_core.package_identification:_identify(src/correct_firmware) by extensions ['colcon_meta']
[0.262s] Level 1:colcon.colcon_core.package_identification:_identify(src/correct_firmware) by extension 'colcon_meta'
[0.262s] Level 1:colcon.colcon_core.package_identification:_identify(src/correct_firmware) by extensions ['ros']
[0.262s] Level 1:colcon.colcon_core.package_identification:_identify(src/correct_firmware) by extension 'ros'
[0.263s] DEBUG:colcon.colcon_core.package_identification:Package 'src/correct_firmware' with type 'ros.ament_cmake' and name 'correct_firmware'
[0.263s] Level 1:colcon.colcon_core.package_identification:_identify(src/correct_localization) by extensions ['ignore', 'ignore_ament_install']
[0.263s] Level 1:colcon.colcon_core.package_identification:_identify(src/correct_localization) by extension 'ignore'
[0.263s] Level 1:colcon.colcon_core.package_identification:_identify(src/correct_localization) by extension 'ignore_ament_install'
[0.263s] Level 1:colcon.colcon_core.package_identification:_identify(src/correct_localization) by extensions ['colcon_pkg']
[0.263s] Level 1:colcon.colcon_core.package_identification:_identify(src/correct_localization) by extension 'colcon_pkg'
[0.263s] Level 1:colcon.colcon_core.package_identification:_identify(src/correct_localization) by extensions ['colcon_meta']
[0.263s] Level 1:colcon.colcon_core.package_identification:_identify(src/correct_localization) by extension 'colcon_meta'
[0.263s] Level 1:colcon.colcon_core.package_identification:_identify(src/correct_localization) by extensions ['ros']
[0.263s] Level 1:colcon.colcon_core.package_identification:_identify(src/correct_localization) by extension 'ros'
[0.264s] DEBUG:colcon.colcon_core.package_identification:Package 'src/correct_localization' with type 'ros.ament_cmake' and name 'correct_localization'
[0.264s] Level 1:colcon.colcon_core.package_identification:_identify(src/correct_msgs) by extensions ['ignore', 'ignore_ament_install']
[0.264s] Level 1:colcon.colcon_core.package_identification:_identify(src/correct_msgs) by extension 'ignore'
[0.264s] Level 1:colcon.colcon_core.package_identification:_identify(src/correct_msgs) by extension 'ignore_ament_install'
[0.264s] Level 1:colcon.colcon_core.package_identification:_identify(src/correct_msgs) by extensions ['colcon_pkg']
[0.264s] Level 1:colcon.colcon_core.package_identification:_identify(src/correct_msgs) by extension 'colcon_pkg'
[0.264s] Level 1:colcon.colcon_core.package_identification:_identify(src/correct_msgs) by extensions ['colcon_meta']
[0.264s] Level 1:colcon.colcon_core.package_identification:_identify(src/correct_msgs) by extension 'colcon_meta'
[0.264s] Level 1:colcon.colcon_core.package_identification:_identify(src/correct_msgs) by extensions ['ros']
[0.264s] Level 1:colcon.colcon_core.package_identification:_identify(src/correct_msgs) by extension 'ros'
[0.265s] DEBUG:colcon.colcon_core.package_identification:Package 'src/correct_msgs' with type 'ros.ament_cmake' and name 'correct_msgs'
[0.265s] Level 1:colcon.colcon_core.package_identification:_identify(src/correct_pkg) by extensions ['ignore', 'ignore_ament_install']
[0.265s] Level 1:colcon.colcon_core.package_identification:_identify(src/correct_pkg) by extension 'ignore'
[0.265s] Level 1:colcon.colcon_core.package_identification:_identify(src/correct_pkg) by extension 'ignore_ament_install'
[0.265s] Level 1:colcon.colcon_core.package_identification:_identify(src/correct_pkg) by extensions ['colcon_pkg']
[0.265s] Level 1:colcon.colcon_core.package_identification:_identify(src/correct_pkg) by extension 'colcon_pkg'
[0.265s] Level 1:colcon.colcon_core.package_identification:_identify(src/correct_pkg) by extensions ['colcon_meta']
[0.265s] Level 1:colcon.colcon_core.package_identification:_identify(src/correct_pkg) by extension 'colcon_meta'
[0.265s] Level 1:colcon.colcon_core.package_identification:_identify(src/correct_pkg) by extensions ['ros']
[0.265s] Level 1:colcon.colcon_core.package_identification:_identify(src/correct_pkg) by extension 'ros'
[0.268s] DEBUG:colcon.colcon_core.package_identification:Package 'src/correct_pkg' with type 'ros.ament_cmake' and name 'correct_pkg'
[0.268s] Level 1:colcon.colcon_core.package_identification:_identify(src/correct_py_examples) by extensions ['ignore', 'ignore_ament_install']
[0.268s] Level 1:colcon.colcon_core.package_identification:_identify(src/correct_py_examples) by extension 'ignore'
[0.268s] Level 1:colcon.colcon_core.package_identification:_identify(src/correct_py_examples) by extension 'ignore_ament_install'
[0.268s] Level 1:colcon.colcon_core.package_identification:_identify(src/correct_py_examples) by extensions ['colcon_pkg']
[0.268s] Level 1:colcon.colcon_core.package_identification:_identify(src/correct_py_examples) by extension 'colcon_pkg'
[0.268s] Level 1:colcon.colcon_core.package_identification:_identify(src/correct_py_examples) by extensions ['colcon_meta']
[0.268s] Level 1:colcon.colcon_core.package_identification:_identify(src/correct_py_examples) by extension 'colcon_meta'
[0.268s] Level 1:colcon.colcon_core.package_identification:_identify(src/correct_py_examples) by extensions ['ros']
[0.268s] Level 1:colcon.colcon_core.package_identification:_identify(src/correct_py_examples) by extension 'ros'
[0.269s] DEBUG:colcon.colcon_core.package_identification:Package 'src/correct_py_examples' with type 'ros.ament_python' and name 'correct_py_examples'
[0.269s] Level 1:colcon.colcon_core.package_identification:_identify(train) by extensions ['ignore', 'ignore_ament_install']
[0.269s] Level 1:colcon.colcon_core.package_identification:_identify(train) by extension 'ignore'
[0.269s] Level 1:colcon.colcon_core.package_identification:_identify(train) by extension 'ignore_ament_install'
[0.269s] Level 1:colcon.colcon_core.package_identification:_identify(train) by extensions ['colcon_pkg']
[0.269s] Level 1:colcon.colcon_core.package_identification:_identify(train) by extension 'colcon_pkg'
[0.269s] Level 1:colcon.colcon_core.package_identification:_identify(train) by extensions ['colcon_meta']
[0.269s] Level 1:colcon.colcon_core.package_identification:_identify(train) by extension 'colcon_meta'
[0.269s] Level 1:colcon.colcon_core.package_identification:_identify(train) by extensions ['ros']
[0.270s] Level 1:colcon.colcon_core.package_identification:_identify(train) by extension 'ros'
[0.270s] Level 1:colcon.colcon_core.package_identification:_identify(train) by extensions ['cmake', 'python']
[0.270s] Level 1:colcon.colcon_core.package_identification:_identify(train) by extension 'cmake'
[0.270s] Level 1:colcon.colcon_core.package_identification:_identify(train) by extension 'python'
[0.270s] Level 1:colcon.colcon_core.package_identification:_identify(train) by extensions ['python_setup_py']
[0.270s] Level 1:colcon.colcon_core.package_identification:_identify(train) by extension 'python_setup_py'
[0.270s] Level 1:colcon.colcon_core.package_identification:_identify(train/image_aug) by extensions ['ignore', 'ignore_ament_install']
[0.270s] Level 1:colcon.colcon_core.package_identification:_identify(train/image_aug) by extension 'ignore'
[0.270s] Level 1:colcon.colcon_core.package_identification:_identify(train/image_aug) by extension 'ignore_ament_install'
[0.270s] Level 1:colcon.colcon_core.package_identification:_identify(train/image_aug) by extensions ['colcon_pkg']
[0.270s] Level 1:colcon.colcon_core.package_identification:_identify(train/image_aug) by extension 'colcon_pkg'
[0.270s] Level 1:colcon.colcon_core.package_identification:_identify(train/image_aug) by extensions ['colcon_meta']
[0.270s] Level 1:colcon.colcon_core.package_identification:_identify(train/image_aug) by extension 'colcon_meta'
[0.270s] Level 1:colcon.colcon_core.package_identification:_identify(train/image_aug) by extensions ['ros']
[0.270s] Level 1:colcon.colcon_core.package_identification:_identify(train/image_aug) by extension 'ros'
[0.270s] Level 1:colcon.colcon_core.package_identification:_identify(train/image_aug) by extensions ['cmake', 'python']
[0.270s] Level 1:colcon.colcon_core.package_identification:_identify(train/image_aug) by extension 'cmake'
[0.270s] Level 1:colcon.colcon_core.package_identification:_identify(train/image_aug) by extension 'python'
[0.270s] Level 1:colcon.colcon_core.package_identification:_identify(train/image_aug) by extensions ['python_setup_py']
[0.270s] Level 1:colcon.colcon_core.package_identification:_identify(train/image_aug) by extension 'python_setup_py'
[0.270s] Level 1:colcon.colcon_core.package_identification:_identify(train/labels_aug) by extensions ['ignore', 'ignore_ament_install']
[0.271s] Level 1:colcon.colcon_core.package_identification:_identify(train/labels_aug) by extension 'ignore'
[0.271s] Level 1:colcon.colcon_core.package_identification:_identify(train/labels_aug) by extension 'ignore_ament_install'
[0.271s] Level 1:colcon.colcon_core.package_identification:_identify(train/labels_aug) by extensions ['colcon_pkg']
[0.271s] Level 1:colcon.colcon_core.package_identification:_identify(train/labels_aug) by extension 'colcon_pkg'
[0.271s] Level 1:colcon.colcon_core.package_identification:_identify(train/labels_aug) by extensions ['colcon_meta']
[0.271s] Level 1:colcon.colcon_core.package_identification:_identify(train/labels_aug) by extension 'colcon_meta'
[0.271s] Level 1:colcon.colcon_core.package_identification:_identify(train/labels_aug) by extensions ['ros']
[0.271s] Level 1:colcon.colcon_core.package_identification:_identify(train/labels_aug) by extension 'ros'
[0.271s] Level 1:colcon.colcon_core.package_identification:_identify(train/labels_aug) by extensions ['cmake', 'python']
[0.271s] Level 1:colcon.colcon_core.package_identification:_identify(train/labels_aug) by extension 'cmake'
[0.271s] Level 1:colcon.colcon_core.package_identification:_identify(train/labels_aug) by extension 'python'
[0.271s] Level 1:colcon.colcon_core.package_identification:_identify(train/labels_aug) by extensions ['python_setup_py']
[0.271s] Level 1:colcon.colcon_core.package_identification:_identify(train/labels_aug) by extension 'python_setup_py'
[0.271s] Level 1:colcon.colcon_core.package_discovery:discover_packages(recursive) using defaults
[0.271s] Level 1:colcon.colcon_core.package_discovery:discover_packages(ignore) discover
[0.271s] Level 1:colcon.colcon_core.package_discovery:discover_packages(ignore) using defaults
[0.271s] Level 1:colcon.colcon_core.package_discovery:discover_packages(path) discover
[0.271s] Level 1:colcon.colcon_core.package_discovery:discover_packages(path) using defaults
[0.298s] Level 1:colcon.colcon_core.package_discovery:discover_packages(prefix_path) check parameters
[0.298s] Level 1:colcon.colcon_core.package_discovery:discover_packages(prefix_path) discover
[0.301s] DEBUG:colcon.colcon_installed_package_information.package_discovery:Found 339 installed packages in /opt/ros/humble
[0.302s] Level 1:colcon.colcon_core.package_discovery:discover_packages(prefix_path) using defaults
[0.339s] Level 5:colcon.colcon_core.verb:set package 'computer_vision' build argument 'cmake_args' from command line to 'None'
[0.339s] Level 5:colcon.colcon_core.verb:set package 'computer_vision' build argument 'cmake_target' from command line to 'None'
[0.339s] Level 5:colcon.colcon_core.verb:set package 'computer_vision' build argument 'cmake_target_skip_unavailable' from command line to 'False'
[0.339s] Level 5:colcon.colcon_core.verb:set package 'computer_vision' build argument 'cmake_clean_cache' from command line to 'False'
[0.339s] Level 5:colcon.colcon_core.verb:set package 'computer_vision' build argument 'cmake_clean_first' from command line to 'False'
[0.339s] Level 5:colcon.colcon_core.verb:set package 'computer_vision' build argument 'cmake_force_configure' from command line to 'False'
[0.339s] Level 5:colcon.colcon_core.verb:set package 'computer_vision' build argument 'ament_cmake_args' from command line to 'None'
[0.339s] Level 5:colcon.colcon_core.verb:set package 'computer_vision' build argument 'catkin_cmake_args' from command line to 'None'
[0.339s] Level 5:colcon.colcon_core.verb:set package 'computer_vision' build argument 'catkin_skip_building_tests' from command line to 'False'
[0.339s] DEBUG:colcon.colcon_core.verb:Building package 'computer_vision' with the following arguments: {'ament_cmake_args': None, 'build_base': '/home/louwee/correct_ws/build/computer_vision', 'catkin_cmake_args': None, 'catkin_skip_building_tests': False, 'cmake_args': None, 'cmake_clean_cache': False, 'cmake_clean_first': False, 'cmake_force_configure': False, 'cmake_target': None, 'cmake_target_skip_unavailable': False, 'install_base': '/home/louwee/correct_ws/install/computer_vision', 'merge_install': False, 'path': '/home/louwee/correct_ws/src/computer_vision', 'symlink_install': False, 'test_result_base': None}
[0.340s] Level 5:colcon.colcon_core.verb:set package 'correct_controller' build argument 'cmake_args' from command line to 'None'
[0.340s] Level 5:colcon.colcon_core.verb:set package 'correct_controller' build argument 'cmake_target' from command line to 'None'
[0.340s] Level 5:colcon.colcon_core.verb:set package 'correct_controller' build argument 'cmake_target_skip_unavailable' from command line to 'False'
[0.340s] Level 5:colcon.colcon_core.verb:set package 'correct_controller' build argument 'cmake_clean_cache' from command line to 'False'
[0.340s] Level 5:colcon.colcon_core.verb:set package 'correct_controller' build argument 'cmake_clean_first' from command line to 'False'
[0.340s] Level 5:colcon.colcon_core.verb:set package 'correct_controller' build argument 'cmake_force_configure' from command line to 'False'
[0.340s] Level 5:colcon.colcon_core.verb:set package 'correct_controller' build argument 'ament_cmake_args' from command line to 'None'
[0.340s] Level 5:colcon.colcon_core.verb:set package 'correct_controller' build argument 'catkin_cmake_args' from command line to 'None'
[0.340s] Level 5:colcon.colcon_core.verb:set package 'correct_controller' build argument 'catkin_skip_building_tests' from command line to 'False'
[0.340s] DEBUG:colcon.colcon_core.verb:Building package 'correct_controller' with the following arguments: {'ament_cmake_args': None, 'build_base': '/home/louwee/correct_ws/build/correct_controller', 'catkin_cmake_args': None, 'catkin_skip_building_tests': False, 'cmake_args': None, 'cmake_clean_cache': False, 'cmake_clean_first': False, 'cmake_force_configure': False, 'cmake_target': None, 'cmake_target_skip_unavailable': False, 'install_base': '/home/louwee/correct_ws/install/correct_controller', 'merge_install': False, 'path': '/home/louwee/correct_ws/src/correct_controller', 'symlink_install': False, 'test_result_base': None}
[0.340s] Level 5:colcon.colcon_core.verb:set package 'correct_firmware' build argument 'cmake_args' from command line to 'None'
[0.340s] Level 5:colcon.colcon_core.verb:set package 'correct_firmware' build argument 'cmake_target' from command line to 'None'
[0.340s] Level 5:colcon.colcon_core.verb:set package 'correct_firmware' build argument 'cmake_target_skip_unavailable' from command line to 'False'
[0.340s] Level 5:colcon.colcon_core.verb:set package 'correct_firmware' build argument 'cmake_clean_cache' from command line to 'False'
[0.340s] Level 5:colcon.colcon_core.verb:set package 'correct_firmware' build argument 'cmake_clean_first' from command line to 'False'
[0.340s] Level 5:colcon.colcon_core.verb:set package 'correct_firmware' build argument 'cmake_force_configure' from command line to 'False'
[0.340s] Level 5:colcon.colcon_core.verb:set package 'correct_firmware' build argument 'ament_cmake_args' from command line to 'None'
[0.340s] Level 5:colcon.colcon_core.verb:set package 'correct_firmware' build argument 'catkin_cmake_args' from command line to 'None'
[0.340s] Level 5:colcon.colcon_core.verb:set package 'correct_firmware' build argument 'catkin_skip_building_tests' from command line to 'False'
[0.341s] DEBUG:colcon.colcon_core.verb:Building package 'correct_firmware' with the following arguments: {'ament_cmake_args': None, 'build_base': '/home/louwee/correct_ws/build/correct_firmware', 'catkin_cmake_args': None, 'catkin_skip_building_tests': False, 'cmake_args': None, 'cmake_clean_cache': False, 'cmake_clean_first': False, 'cmake_force_configure': False, 'cmake_target': None, 'cmake_target_skip_unavailable': False, 'install_base': '/home/louwee/correct_ws/install/correct_firmware', 'merge_install': False, 'path': '/home/louwee/correct_ws/src/correct_firmware', 'symlink_install': False, 'test_result_base': None}
[0.341s] Level 5:colcon.colcon_core.verb:set package 'correct_localization' build argument 'cmake_args' from command line to 'None'
[0.341s] Level 5:colcon.colcon_core.verb:set package 'correct_localization' build argument 'cmake_target' from command line to 'None'
[0.341s] Level 5:colcon.colcon_core.verb:set package 'correct_localization' build argument 'cmake_target_skip_unavailable' from command line to 'False'
[0.341s] Level 5:colcon.colcon_core.verb:set package 'correct_localization' build argument 'cmake_clean_cache' from command line to 'False'
[0.341s] Level 5:colcon.colcon_core.verb:set package 'correct_localization' build argument 'cmake_clean_first' from command line to 'False'
[0.341s] Level 5:colcon.colcon_core.verb:set package 'correct_localization' build argument 'cmake_force_configure' from command line to 'False'
[0.341s] Level 5:colcon.colcon_core.verb:set package 'correct_localization' build argument 'ament_cmake_args' from command line to 'None'
[0.341s] Level 5:colcon.colcon_core.verb:set package 'correct_localization' build argument 'catkin_cmake_args' from command line to 'None'
[0.341s] Level 5:colcon.colcon_core.verb:set package 'correct_localization' build argument 'catkin_skip_building_tests' from command line to 'False'
[0.341s] DEBUG:colcon.colcon_core.verb:Building package 'correct_localization' with the following arguments: {'ament_cmake_args': None, 'build_base': '/home/louwee/correct_ws/build/correct_localization', 'catkin_cmake_args': None, 'catkin_skip_building_tests': False, 'cmake_args': None, 'cmake_clean_cache': False, 'cmake_clean_first': False, 'cmake_force_configure': False, 'cmake_target': None, 'cmake_target_skip_unavailable': False, 'install_base': '/home/louwee/correct_ws/install/correct_localization', 'merge_install': False, 'path': '/home/louwee/correct_ws/src/correct_localization', 'symlink_install': False, 'test_result_base': None}
[0.341s] Level 5:colcon.colcon_core.verb:set package 'correct_msgs' build argument 'cmake_args' from command line to 'None'
[0.341s] Level 5:colcon.colcon_core.verb:set package 'correct_msgs' build argument 'cmake_target' from command line to 'None'
[0.342s] Level 5:colcon.colcon_core.verb:set package 'correct_msgs' build argument 'cmake_target_skip_unavailable' from command line to 'False'
[0.342s] Level 5:colcon.colcon_core.verb:set package 'correct_msgs' build argument 'cmake_clean_cache' from command line to 'False'
[0.342s] Level 5:colcon.colcon_core.verb:set package 'correct_msgs' build argument 'cmake_clean_first' from command line to 'False'
[0.342s] Level 5:colcon.colcon_core.verb:set package 'correct_msgs' build argument 'cmake_force_configure' from command line to 'False'
[0.342s] Level 5:colcon.colcon_core.verb:set package 'correct_msgs' build argument 'ament_cmake_args' from command line to 'None'
[0.342s] Level 5:colcon.colcon_core.verb:set package 'correct_msgs' build argument 'catkin_cmake_args' from command line to 'None'
[0.342s] Level 5:colcon.colcon_core.verb:set package 'correct_msgs' build argument 'catkin_skip_building_tests' from command line to 'False'
[0.342s] DEBUG:colcon.colcon_core.verb:Building package 'correct_msgs' with the following arguments: {'ament_cmake_args': None, 'build_base': '/home/louwee/correct_ws/build/correct_msgs', 'catkin_cmake_args': None, 'catkin_skip_building_tests': False, 'cmake_args': None, 'cmake_clean_cache': False, 'cmake_clean_first': False, 'cmake_force_configure': False, 'cmake_target': None, 'cmake_target_skip_unavailable': False, 'install_base': '/home/louwee/correct_ws/install/correct_msgs', 'merge_install': False, 'path': '/home/louwee/correct_ws/src/correct_msgs', 'symlink_install': False, 'test_result_base': None}
[0.342s] Level 5:colcon.colcon_core.verb:set package 'correct_pkg' build argument 'cmake_args' from command line to 'None'
[0.342s] Level 5:colcon.colcon_core.verb:set package 'correct_pkg' build argument 'cmake_target' from command line to 'None'
[0.342s] Level 5:colcon.colcon_core.verb:set package 'correct_pkg' build argument 'cmake_target_skip_unavailable' from command line to 'False'
[0.342s] Level 5:colcon.colcon_core.verb:set package 'correct_pkg' build argument 'cmake_clean_cache' from command line to 'False'
[0.342s] Level 5:colcon.colcon_core.verb:set package 'correct_pkg' build argument 'cmake_clean_first' from command line to 'False'
[0.342s] Level 5:colcon.colcon_core.verb:set package 'correct_pkg' build argument 'cmake_force_configure' from command line to 'False'
[0.342s] Level 5:colcon.colcon_core.verb:set package 'correct_pkg' build argument 'ament_cmake_args' from command line to 'None'
[0.342s] Level 5:colcon.colcon_core.verb:set package 'correct_pkg' build argument 'catkin_cmake_args' from command line to 'None'
[0.342s] Level 5:colcon.colcon_core.verb:set package 'correct_pkg' build argument 'catkin_skip_building_tests' from command line to 'False'
[0.342s] DEBUG:colcon.colcon_core.verb:Building package 'correct_pkg' with the following arguments: {'ament_cmake_args': None, 'build_base': '/home/louwee/correct_ws/build/correct_pkg', 'catkin_cmake_args': None, 'catkin_skip_building_tests': False, 'cmake_args': None, 'cmake_clean_cache': False, 'cmake_clean_first': False, 'cmake_force_configure': False, 'cmake_target': None, 'cmake_target_skip_unavailable': False, 'install_base': '/home/louwee/correct_ws/install/correct_pkg', 'merge_install': False, 'path': '/home/louwee/correct_ws/src/correct_pkg', 'symlink_install': False, 'test_result_base': None}
[0.343s] Level 5:colcon.colcon_core.verb:set package 'correct_cpp_examples' build argument 'cmake_args' from command line to 'None'
[0.343s] Level 5:colcon.colcon_core.verb:set package 'correct_cpp_examples' build argument 'cmake_target' from command line to 'None'
[0.343s] Level 5:colcon.colcon_core.verb:set package 'correct_cpp_examples' build argument 'cmake_target_skip_unavailable' from command line to 'False'
[0.343s] Level 5:colcon.colcon_core.verb:set package 'correct_cpp_examples' build argument 'cmake_clean_cache' from command line to 'False'
[0.343s] Level 5:colcon.colcon_core.verb:set package 'correct_cpp_examples' build argument 'cmake_clean_first' from command line to 'False'
[0.343s] Level 5:colcon.colcon_core.verb:set package 'correct_cpp_examples' build argument 'cmake_force_configure' from command line to 'False'
[0.343s] Level 5:colcon.colcon_core.verb:set package 'correct_cpp_examples' build argument 'ament_cmake_args' from command line to 'None'
[0.343s] Level 5:colcon.colcon_core.verb:set package 'correct_cpp_examples' build argument 'catkin_cmake_args' from command line to 'None'
[0.343s] Level 5:colcon.colcon_core.verb:set package 'correct_cpp_examples' build argument 'catkin_skip_building_tests' from command line to 'False'
[0.343s] DEBUG:colcon.colcon_core.verb:Building package 'correct_cpp_examples' with the following arguments: {'ament_cmake_args': None, 'build_base': '/home/louwee/correct_ws/build/correct_cpp_examples', 'catkin_cmake_args': None, 'catkin_skip_building_tests': False, 'cmake_args': None, 'cmake_clean_cache': False, 'cmake_clean_first': False, 'cmake_force_configure': False, 'cmake_target': None, 'cmake_target_skip_unavailable': False, 'install_base': '/home/louwee/correct_ws/install/correct_cpp_examples', 'merge_install': False, 'path': '/home/louwee/correct_ws/src/correct_cpp_examples', 'symlink_install': False, 'test_result_base': None}
[0.344s] Level 5:colcon.colcon_core.verb:set package 'correct_py_examples' build argument 'cmake_args' from command line to 'None'
[0.344s] Level 5:colcon.colcon_core.verb:set package 'correct_py_examples' build argument 'cmake_target' from command line to 'None'
[0.344s] Level 5:colcon.colcon_core.verb:set package 'correct_py_examples' build argument 'cmake_target_skip_unavailable' from command line to 'False'
[0.344s] Level 5:colcon.colcon_core.verb:set package 'correct_py_examples' build argument 'cmake_clean_cache' from command line to 'False'
[0.344s] Level 5:colcon.colcon_core.verb:set package 'correct_py_examples' build argument 'cmake_clean_first' from command line to 'False'
[0.344s] Level 5:colcon.colcon_core.verb:set package 'correct_py_examples' build argument 'cmake_force_configure' from command line to 'False'
[0.344s] Level 5:colcon.colcon_core.verb:set package 'correct_py_examples' build argument 'ament_cmake_args' from command line to 'None'
[0.344s] Level 5:colcon.colcon_core.verb:set package 'correct_py_examples' build argument 'catkin_cmake_args' from command line to 'None'
[0.344s] Level 5:colcon.colcon_core.verb:set package 'correct_py_examples' build argument 'catkin_skip_building_tests' from command line to 'False'
[0.344s] DEBUG:colcon.colcon_core.verb:Building package 'correct_py_examples' with the following arguments: {'ament_cmake_args': None, 'build_base': '/home/louwee/correct_ws/build/correct_py_examples', 'catkin_cmake_args': None, 'catkin_skip_building_tests': False, 'cmake_args': None, 'cmake_clean_cache': False, 'cmake_clean_first': False, 'cmake_force_configure': False, 'cmake_target': None, 'cmake_target_skip_unavailable': False, 'install_base': '/home/louwee/correct_ws/install/correct_py_examples', 'merge_install': False, 'path': '/home/louwee/correct_ws/src/correct_py_examples', 'symlink_install': False, 'test_result_base': None}
[0.344s] INFO:colcon.colcon_core.executor:Executing jobs using 'parallel' executor
[0.345s] DEBUG:colcon.colcon_parallel_executor.executor.parallel:run_until_complete
[0.345s] INFO:colcon.colcon_ros.task.ament_cmake.build:Building ROS package in '/home/louwee/correct_ws/src/correct_msgs' with build type 'ament_cmake'
[0.345s] INFO:colcon.colcon_cmake.task.cmake.build:Building CMake package in '/home/louwee/correct_ws/src/correct_msgs'
[0.347s] INFO:colcon.colcon_core.plugin_system:Skipping extension 'colcon_core.shell.bat': Not used on non-Windows systems
[0.347s] INFO:colcon.colcon_core.shell:Skip shell extension 'powershell' for command environment: Not usable outside of PowerShell
[0.347s] DEBUG:colcon.colcon_core.shell:Skip shell extension 'dsv' for command environment
[0.350s] INFO:colcon.colcon_ros.task.ament_cmake.build:Building ROS package in '/home/louwee/correct_ws/src/computer_vision' with build type 'ament_cmake'
[0.350s] INFO:colcon.colcon_cmake.task.cmake.build:Building CMake package in '/home/louwee/correct_ws/src/computer_vision'
[0.350s] INFO:colcon.colcon_core.shell:Skip shell extension 'powershell' for command environment: Not usable outside of PowerShell
[0.350s] DEBUG:colcon.colcon_core.shell:Skip shell extension 'dsv' for command environment
[0.353s] INFO:colcon.colcon_ros.task.ament_cmake.build:Building ROS package in '/home/louwee/correct_ws/src/correct_controller' with build type 'ament_cmake'
[0.353s] INFO:colcon.colcon_cmake.task.cmake.build:Building CMake package in '/home/louwee/correct_ws/src/correct_controller'
[0.353s] INFO:colcon.colcon_core.shell:Skip shell extension 'powershell' for command environment: Not usable outside of PowerShell
[0.353s] DEBUG:colcon.colcon_core.shell:Skip shell extension 'dsv' for command environment
[0.356s] INFO:colcon.colcon_ros.task.ament_cmake.build:Building ROS package in '/home/louwee/correct_ws/src/correct_firmware' with build type 'ament_cmake'
[0.356s] INFO:colcon.colcon_cmake.task.cmake.build:Building CMake package in '/home/louwee/correct_ws/src/correct_firmware'
[0.356s] INFO:colcon.colcon_core.shell:Skip shell extension 'powershell' for command environment: Not usable outside of PowerShell
[0.356s] DEBUG:colcon.colcon_core.shell:Skip shell extension 'dsv' for command environment
[0.359s] INFO:colcon.colcon_ros.task.ament_cmake.build:Building ROS package in '/home/louwee/correct_ws/src/correct_localization' with build type 'ament_cmake'
[0.359s] INFO:colcon.colcon_cmake.task.cmake.build:Building CMake package in '/home/louwee/correct_ws/src/correct_localization'
[0.359s] INFO:colcon.colcon_core.shell:Skip shell extension 'powershell' for command environment: Not usable outside of PowerShell
[0.359s] DEBUG:colcon.colcon_core.shell:Skip shell extension 'dsv' for command environment
[0.361s] INFO:colcon.colcon_ros.task.ament_cmake.build:Building ROS package in '/home/louwee/correct_ws/src/correct_pkg' with build type 'ament_cmake'
[0.362s] INFO:colcon.colcon_cmake.task.cmake.build:Building CMake package in '/home/louwee/correct_ws/src/correct_pkg'
[0.362s] INFO:colcon.colcon_core.shell:Skip shell extension 'powershell' for command environment: Not usable outside of PowerShell
[0.362s] DEBUG:colcon.colcon_core.shell:Skip shell extension 'dsv' for command environment
[0.370s] DEBUG:colcon.colcon_core.event_handler.log_command:Invoking command in '/home/louwee/correct_ws/build/correct_msgs': CMAKE_PREFIX_PATH=/opt/ros/humble /usr/bin/cmake --build /home/louwee/correct_ws/build/correct_msgs -- -j12 -l12
[0.372s] DEBUG:colcon.colcon_core.event_handler.log_command:Invoking command in '/home/louwee/correct_ws/build/computer_vision': CMAKE_PREFIX_PATH=/opt/ros/humble /usr/bin/cmake --build /home/louwee/correct_ws/build/computer_vision -- -j12 -l12
[0.375s] DEBUG:colcon.colcon_core.event_handler.log_command:Invoking command in '/home/louwee/correct_ws/build/correct_controller': CMAKE_PREFIX_PATH=/opt/ros/humble /usr/bin/cmake --build /home/louwee/correct_ws/build/correct_controller -- -j12 -l12
[0.378s] DEBUG:colcon.colcon_core.event_handler.log_command:Invoking command in '/home/louwee/correct_ws/build/correct_firmware': CMAKE_PREFIX_PATH=/opt/ros/humble /usr/bin/cmake /home/louwee/correct_ws/src/correct_firmware -DCMAKE_INSTALL_PREFIX=/home/louwee/correct_ws/install/correct_firmware
[0.382s] DEBUG:colcon.colcon_core.event_handler.log_command:Invoking command in '/home/louwee/correct_ws/build/correct_localization': CMAKE_PREFIX_PATH=/opt/ros/humble /usr/bin/cmake --build /home/louwee/correct_ws/build/correct_localization -- -j12 -l12
[0.388s] DEBUG:colcon.colcon_core.event_handler.log_command:Invoking command in '/home/louwee/correct_ws/build/correct_pkg': CMAKE_PREFIX_PATH=/opt/ros/humble /usr/bin/cmake --build /home/louwee/correct_ws/build/correct_pkg -- -j12 -l12
[0.439s] DEBUG:colcon.colcon_core.event_handler.log_command:Invoked command in '/home/louwee/correct_ws/build/correct_pkg' returned '0': CMAKE_PREFIX_PATH=/opt/ros/humble /usr/bin/cmake --build /home/louwee/correct_ws/build/correct_pkg -- -j12 -l12
[0.473s] DEBUG:colcon.colcon_core.event_handler.log_command:Invoking command in '/home/louwee/correct_ws/build/correct_pkg': CMAKE_PREFIX_PATH=/opt/ros/humble /usr/bin/cmake --install /home/louwee/correct_ws/build/correct_pkg
[0.518s] Level 1:colcon.colcon_core.environment:create_environment_scripts_only(correct_pkg)
[0.543s] Level 1:colcon.colcon_core.environment:checking '/home/louwee/correct_ws/install/correct_pkg' for CMake module files
[0.544s] Level 1:colcon.colcon_core.environment:checking '/home/louwee/correct_ws/install/correct_pkg' for CMake config files
[0.552s] Level 1:colcon.colcon_core.shell:create_environment_hook('correct_pkg', 'cmake_prefix_path')
[0.553s] INFO:colcon.colcon_core.shell:Creating environment hook '/home/louwee/correct_ws/install/correct_pkg/share/correct_pkg/hook/cmake_prefix_path.ps1'
[0.554s] INFO:colcon.colcon_core.shell:Creating environment descriptor '/home/louwee/correct_ws/install/correct_pkg/share/correct_pkg/hook/cmake_prefix_path.dsv'
[0.556s] INFO:colcon.colcon_core.shell:Creating environment hook '/home/louwee/correct_ws/install/correct_pkg/share/correct_pkg/hook/cmake_prefix_path.sh'
[0.559s] Level 1:colcon.colcon_core.environment:checking '/home/louwee/correct_ws/install/correct_pkg/bin'
[0.560s] Level 1:colcon.colcon_core.environment:checking '/home/louwee/correct_ws/install/correct_pkg/lib/pkgconfig/correct_pkg.pc'
[0.560s] Level 1:colcon.colcon_core.environment:checking '/home/louwee/correct_ws/install/correct_pkg/lib/python3.10/site-packages'
[0.560s] Level 1:colcon.colcon_core.environment:checking '/home/louwee/correct_ws/install/correct_pkg/bin'
[0.561s] INFO:colcon.colcon_core.shell:Creating package script '/home/louwee/correct_ws/install/correct_pkg/share/correct_pkg/package.ps1'
[0.563s] INFO:colcon.colcon_core.shell:Creating package descriptor '/home/louwee/correct_ws/install/correct_pkg/share/correct_pkg/package.dsv'
[0.567s] INFO:colcon.colcon_core.shell:Creating package script '/home/louwee/correct_ws/install/correct_pkg/share/correct_pkg/package.sh'
[0.569s] INFO:colcon.colcon_core.shell:Creating package script '/home/louwee/correct_ws/install/correct_pkg/share/correct_pkg/package.bash'
[0.571s] INFO:colcon.colcon_core.shell:Creating package script '/home/louwee/correct_ws/install/correct_pkg/share/correct_pkg/package.zsh'
[0.583s] Level 1:colcon.colcon_core.environment:create_file_with_runtime_dependencies(/home/louwee/correct_ws/install/correct_pkg/share/colcon-core/packages/correct_pkg)
[0.587s] Level 1:colcon.colcon_core.environment:create_environment_scripts_only(correct_pkg)
[0.588s] Level 1:colcon.colcon_core.environment:checking '/home/louwee/correct_ws/install/correct_pkg' for CMake module files
[0.589s] Level 1:colcon.colcon_core.environment:checking '/home/louwee/correct_ws/install/correct_pkg' for CMake config files
[0.589s] Level 1:colcon.colcon_core.shell:create_environment_hook('correct_pkg', 'cmake_prefix_path')
[0.589s] INFO:colcon.colcon_core.shell:Creating environment hook '/home/louwee/correct_ws/install/correct_pkg/share/correct_pkg/hook/cmake_prefix_path.ps1'
[0.590s] INFO:colcon.colcon_core.shell:Creating environment descriptor '/home/louwee/correct_ws/install/correct_pkg/share/correct_pkg/hook/cmake_prefix_path.dsv'
[0.592s] INFO:colcon.colcon_core.shell:Creating environment hook '/home/louwee/correct_ws/install/correct_pkg/share/correct_pkg/hook/cmake_prefix_path.sh'
[0.593s] Level 1:colcon.colcon_core.environment:checking '/home/louwee/correct_ws/install/correct_pkg/bin'
[0.593s] Level 1:colcon.colcon_core.environment:checking '/home/louwee/correct_ws/install/correct_pkg/lib/pkgconfig/correct_pkg.pc'
[0.594s] Level 1:colcon.colcon_core.environment:checking '/home/louwee/correct_ws/install/correct_pkg/lib/python3.10/site-packages'
[0.594s] Level 1:colcon.colcon_core.environment:checking '/home/louwee/correct_ws/install/correct_pkg/bin'
[0.595s] INFO:colcon.colcon_core.shell:Creating package script '/home/louwee/correct_ws/install/correct_pkg/share/correct_pkg/package.ps1'
[0.599s] INFO:colcon.colcon_core.shell:Creating package descriptor '/home/louwee/correct_ws/install/correct_pkg/share/correct_pkg/package.dsv'
[0.601s] INFO:colcon.colcon_core.shell:Creating package script '/home/louwee/correct_ws/install/correct_pkg/share/correct_pkg/package.sh'
[0.603s] INFO:colcon.colcon_core.shell:Creating package script '/home/louwee/correct_ws/install/correct_pkg/share/correct_pkg/package.bash'
[0.605s] INFO:colcon.colcon_core.shell:Creating package script '/home/louwee/correct_ws/install/correct_pkg/share/correct_pkg/package.zsh'
[0.607s] Level 1:colcon.colcon_core.environment:create_file_with_runtime_dependencies(/home/louwee/correct_ws/install/correct_pkg/share/colcon-core/packages/correct_pkg)
[0.615s] DEBUG:colcon.colcon_core.event_handler.log_command:Invoked command in '/home/louwee/correct_ws/build/correct_pkg' returned '0': CMAKE_PREFIX_PATH=/opt/ros/humble /usr/bin/cmake --install /home/louwee/correct_ws/build/correct_pkg
[0.831s] DEBUG:colcon.colcon_core.event_handler.log_command:Invoked command in '/home/louwee/correct_ws/build/correct_localization' returned '0': CMAKE_PREFIX_PATH=/opt/ros/humble /usr/bin/cmake --build /home/louwee/correct_ws/build/correct_localization -- -j12 -l12
[0.833s] DEBUG:colcon.colcon_core.event_handler.log_command:Invoking command in '/home/louwee/correct_ws/build/correct_localization': CMAKE_PREFIX_PATH=/opt/ros/humble /usr/bin/cmake --install /home/louwee/correct_ws/build/correct_localization
[0.843s] DEBUG:colcon.colcon_core.event_handler.log_command:Invoked command in '/home/louwee/correct_ws/build/computer_vision' returned '0': CMAKE_PREFIX_PATH=/opt/ros/humble /usr/bin/cmake --build /home/louwee/correct_ws/build/computer_vision -- -j12 -l12
[0.848s] DEBUG:colcon.colcon_core.event_handler.log_command:Invoking command in '/home/louwee/correct_ws/build/computer_vision': CMAKE_PREFIX_PATH=/opt/ros/humble /usr/bin/cmake --install /home/louwee/correct_ws/build/computer_vision
[0.876s] DEBUG:colcon.colcon_core.event_handler.log_command:Invoked command in '/home/louwee/correct_ws/build/correct_msgs' returned '0': CMAKE_PREFIX_PATH=/opt/ros/humble /usr/bin/cmake --build /home/louwee/correct_ws/build/correct_msgs -- -j12 -l12
[0.877s] DEBUG:colcon.colcon_core.event_handler.log_command:Invoking command in '/home/louwee/correct_ws/build/correct_msgs': CMAKE_PREFIX_PATH=/opt/ros/humble /usr/bin/cmake --install /home/louwee/correct_ws/build/correct_msgs
[0.901s] Level 1:colcon.colcon_core.environment:create_environment_scripts_only(correct_localization)
[0.902s] Level 1:colcon.colcon_core.environment:checking '/home/louwee/correct_ws/install/correct_localization' for CMake module files
[0.902s] DEBUG:colcon.colcon_core.event_handler.log_command:Invoked command in '/home/louwee/correct_ws/build/correct_localization' returned '0': CMAKE_PREFIX_PATH=/opt/ros/humble /usr/bin/cmake --install /home/louwee/correct_ws/build/correct_localization
[0.903s] Level 1:colcon.colcon_core.environment:checking '/home/louwee/correct_ws/install/correct_localization' for CMake config files
[0.904s] Level 1:colcon.colcon_core.shell:create_environment_hook('correct_localization', 'cmake_prefix_path')
[0.904s] INFO:colcon.colcon_core.shell:Creating environment hook '/home/louwee/correct_ws/install/correct_localization/share/correct_localization/hook/cmake_prefix_path.ps1'
[0.905s] INFO:colcon.colcon_core.shell:Creating environment descriptor '/home/louwee/correct_ws/install/correct_localization/share/correct_localization/hook/cmake_prefix_path.dsv'
[0.905s] INFO:colcon.colcon_core.shell:Creating environment hook '/home/louwee/correct_ws/install/correct_localization/share/correct_localization/hook/cmake_prefix_path.sh'
[0.906s] Level 1:colcon.colcon_core.environment:checking '/home/louwee/correct_ws/install/correct_localization/lib'
[0.907s] Level 1:colcon.colcon_core.environment:checking '/home/louwee/correct_ws/install/correct_localization/bin'
[0.907s] Level 1:colcon.colcon_core.environment:checking '/home/louwee/correct_ws/install/correct_localization/lib/pkgconfig/correct_localization.pc'
[0.907s] Level 1:colcon.colcon_core.environment:checking '/home/louwee/correct_ws/install/correct_localization/lib/python3.10/site-packages'
[0.908s] Level 1:colcon.colcon_core.environment:checking '/home/louwee/correct_ws/install/correct_localization/bin'
[0.908s] INFO:colcon.colcon_core.shell:Creating package script '/home/louwee/correct_ws/install/correct_localization/share/correct_localization/package.ps1'
[0.909s] INFO:colcon.colcon_core.shell:Creating package descriptor '/home/louwee/correct_ws/install/correct_localization/share/correct_localization/package.dsv'
[0.910s] INFO:colcon.colcon_core.shell:Creating package script '/home/louwee/correct_ws/install/correct_localization/share/correct_localization/package.sh'
[0.910s] INFO:colcon.colcon_core.shell:Creating package script '/home/louwee/correct_ws/install/correct_localization/share/correct_localization/package.bash'
[0.911s] INFO:colcon.colcon_core.shell:Creating package script '/home/louwee/correct_ws/install/correct_localization/share/correct_localization/package.zsh'
[0.912s] Level 1:colcon.colcon_core.environment:create_file_with_runtime_dependencies(/home/louwee/correct_ws/install/correct_localization/share/colcon-core/packages/correct_localization)
[0.913s] Level 1:colcon.colcon_core.environment:create_environment_scripts_only(correct_localization)
[0.913s] Level 1:colcon.colcon_core.environment:checking '/home/louwee/correct_ws/install/correct_localization' for CMake module files
[0.914s] Level 1:colcon.colcon_core.environment:checking '/home/louwee/correct_ws/install/correct_localization' for CMake config files
[0.914s] Level 1:colcon.colcon_core.shell:create_environment_hook('correct_localization', 'cmake_prefix_path')
[0.914s] INFO:colcon.colcon_core.shell:Creating environment hook '/home/louwee/correct_ws/install/correct_localization/share/correct_localization/hook/cmake_prefix_path.ps1'
[0.915s] INFO:colcon.colcon_core.shell:Creating environment descriptor '/home/louwee/correct_ws/install/correct_localization/share/correct_localization/hook/cmake_prefix_path.dsv'
[0.915s] INFO:colcon.colcon_core.shell:Creating environment hook '/home/louwee/correct_ws/install/correct_localization/share/correct_localization/hook/cmake_prefix_path.sh'
[0.916s] Level 1:colcon.colcon_core.environment:checking '/home/louwee/correct_ws/install/correct_localization/lib'
[0.916s] Level 1:colcon.colcon_core.environment:checking '/home/louwee/correct_ws/install/correct_localization/bin'
[0.916s] Level 1:colcon.colcon_core.environment:checking '/home/louwee/correct_ws/install/correct_localization/lib/pkgconfig/correct_localization.pc'
[0.916s] Level 1:colcon.colcon_core.environment:checking '/home/louwee/correct_ws/install/correct_localization/lib/python3.10/site-packages'
[0.916s] Level 1:colcon.colcon_core.environment:checking '/home/louwee/correct_ws/install/correct_localization/bin'
[0.917s] INFO:colcon.colcon_core.shell:Creating package script '/home/louwee/correct_ws/install/correct_localization/share/correct_localization/package.ps1'
[0.917s] INFO:colcon.colcon_core.shell:Creating package descriptor '/home/louwee/correct_ws/install/correct_localization/share/correct_localization/package.dsv'
[0.918s] INFO:colcon.colcon_core.shell:Creating package script '/home/louwee/correct_ws/install/correct_localization/share/correct_localization/package.sh'
[0.918s] INFO:colcon.colcon_core.shell:Creating package script '/home/louwee/correct_ws/install/correct_localization/share/correct_localization/package.bash'
[0.919s] INFO:colcon.colcon_core.shell:Creating package script '/home/louwee/correct_ws/install/correct_localization/share/correct_localization/package.zsh'
[0.920s] Level 1:colcon.colcon_core.environment:create_file_with_runtime_dependencies(/home/louwee/correct_ws/install/correct_localization/share/colcon-core/packages/correct_localization)
[0.923s] Level 1:colcon.colcon_core.environment:create_environment_scripts_only(computer_vision)
[0.924s] Level 1:colcon.colcon_core.environment:checking '/home/louwee/correct_ws/install/computer_vision' for CMake module files
[0.925s] DEBUG:colcon.colcon_core.event_handler.log_command:Invoked command in '/home/louwee/correct_ws/build/computer_vision' returned '0': CMAKE_PREFIX_PATH=/opt/ros/humble /usr/bin/cmake --install /home/louwee/correct_ws/build/computer_vision
[0.925s] Level 1:colcon.colcon_core.environment:checking '/home/louwee/correct_ws/install/computer_vision' for CMake config files
[0.926s] Level 1:colcon.colcon_core.shell:create_environment_hook('computer_vision', 'cmake_prefix_path')
[0.927s] INFO:colcon.colcon_core.shell:Creating environment hook '/home/louwee/correct_ws/install/computer_vision/share/computer_vision/hook/cmake_prefix_path.ps1'
[0.927s] INFO:colcon.colcon_core.shell:Creating environment descriptor '/home/louwee/correct_ws/install/computer_vision/share/computer_vision/hook/cmake_prefix_path.dsv'
[0.928s] INFO:colcon.colcon_core.shell:Creating environment hook '/home/louwee/correct_ws/install/computer_vision/share/computer_vision/hook/cmake_prefix_path.sh'
[0.929s] Level 1:colcon.colcon_core.environment:checking '/home/louwee/correct_ws/install/computer_vision/lib'
[0.929s] Level 1:colcon.colcon_core.environment:checking '/home/louwee/correct_ws/install/computer_vision/bin'
[0.929s] Level 1:colcon.colcon_core.environment:checking '/home/louwee/correct_ws/install/computer_vision/lib/pkgconfig/computer_vision.pc'
[0.929s] Level 1:colcon.colcon_core.environment:checking '/home/louwee/correct_ws/install/computer_vision/lib/python3.10/site-packages'
[0.930s] Level 1:colcon.colcon_core.environment:checking '/home/louwee/correct_ws/install/computer_vision/bin'
[0.930s] INFO:colcon.colcon_core.shell:Creating package script '/home/louwee/correct_ws/install/computer_vision/share/computer_vision/package.ps1'
[0.931s] INFO:colcon.colcon_core.shell:Creating package descriptor '/home/louwee/correct_ws/install/computer_vision/share/computer_vision/package.dsv'
[0.932s] INFO:colcon.colcon_core.shell:Creating package script '/home/louwee/correct_ws/install/computer_vision/share/computer_vision/package.sh'
[0.933s] INFO:colcon.colcon_core.shell:Creating package script '/home/louwee/correct_ws/install/computer_vision/share/computer_vision/package.bash'
[0.933s] INFO:colcon.colcon_core.shell:Creating package script '/home/louwee/correct_ws/install/computer_vision/share/computer_vision/package.zsh'
[0.934s] Level 1:colcon.colcon_core.environment:create_file_with_runtime_dependencies(/home/louwee/correct_ws/install/computer_vision/share/colcon-core/packages/computer_vision)
[0.935s] Level 1:colcon.colcon_core.environment:create_environment_scripts_only(computer_vision)
[0.935s] Level 1:colcon.colcon_core.environment:checking '/home/louwee/correct_ws/install/computer_vision' for CMake module files
[0.936s] Level 1:colcon.colcon_core.environment:checking '/home/louwee/correct_ws/install/computer_vision' for CMake config files
[0.937s] Level 1:colcon.colcon_core.shell:create_environment_hook('computer_vision', 'cmake_prefix_path')
[0.937s] INFO:colcon.colcon_core.shell:Creating environment hook '/home/louwee/correct_ws/install/computer_vision/share/computer_vision/hook/cmake_prefix_path.ps1'
[0.938s] INFO:colcon.colcon_core.shell:Creating environment descriptor '/home/louwee/correct_ws/install/computer_vision/share/computer_vision/hook/cmake_prefix_path.dsv'
[0.939s] INFO:colcon.colcon_core.shell:Creating environment hook '/home/louwee/correct_ws/install/computer_vision/share/computer_vision/hook/cmake_prefix_path.sh'
[0.940s] Level 1:colcon.colcon_core.environment:checking '/home/louwee/correct_ws/install/computer_vision/lib'
[0.940s] Level 1:colcon.colcon_core.environment:checking '/home/louwee/correct_ws/install/computer_vision/bin'
[0.940s] Level 1:colcon.colcon_core.environment:checking '/home/louwee/correct_ws/install/computer_vision/lib/pkgconfig/computer_vision.pc'
[0.940s] Level 1:colcon.colcon_core.environment:checking '/home/louwee/correct_ws/install/computer_vision/lib/python3.10/site-packages'
[0.941s] Level 1:colcon.colcon_core.environment:checking '/home/louwee/correct_ws/install/computer_vision/bin'
[0.941s] INFO:colcon.colcon_core.shell:Creating package script '/home/louwee/correct_ws/install/computer_vision/share/computer_vision/package.ps1'
[0.942s] INFO:colcon.colcon_core.shell:Creating package descriptor '/home/louwee/correct_ws/install/computer_vision/share/computer_vision/package.dsv'
[0.943s] INFO:colcon.colcon_core.shell:Creating package script '/home/louwee/correct_ws/install/computer_vision/share/computer_vision/package.sh'
[0.944s] INFO:colcon.colcon_core.shell:Creating package script '/home/louwee/correct_ws/install/computer_vision/share/computer_vision/package.bash'
[0.945s] INFO:colcon.colcon_core.shell:Creating package script '/home/louwee/correct_ws/install/computer_vision/share/computer_vision/package.zsh'
[0.945s] Level 1:colcon.colcon_core.environment:create_file_with_runtime_dependencies(/home/louwee/correct_ws/install/computer_vision/share/colcon-core/packages/computer_vision)
[0.947s] DEBUG:colcon.colcon_core.event_handler.log_command:Invoked command in '/home/louwee/correct_ws/build/correct_controller' returned '0': CMAKE_PREFIX_PATH=/opt/ros/humble /usr/bin/cmake --build /home/louwee/correct_ws/build/correct_controller -- -j12 -l12
[0.950s] DEBUG:colcon.colcon_core.event_handler.log_command:Invoking command in '/home/louwee/correct_ws/build/correct_controller': CMAKE_PREFIX_PATH=/opt/ros/humble /usr/bin/cmake --install /home/louwee/correct_ws/build/correct_controller
[0.957s] Level 1:colcon.colcon_core.environment:create_environment_scripts_only(correct_msgs)
[0.957s] DEBUG:colcon.colcon_core.event_handler.log_command:Invoked command in '/home/louwee/correct_ws/build/correct_msgs' returned '0': CMAKE_PREFIX_PATH=/opt/ros/humble /usr/bin/cmake --install /home/louwee/correct_ws/build/correct_msgs
[0.958s] Level 1:colcon.colcon_core.environment:checking '/home/louwee/correct_ws/install/correct_msgs' for CMake module files
[0.960s] Level 1:colcon.colcon_core.environment:checking '/home/louwee/correct_ws/install/correct_msgs' for CMake config files
[0.961s] Level 1:colcon.colcon_core.shell:create_environment_hook('correct_msgs', 'cmake_prefix_path')
[0.961s] INFO:colcon.colcon_core.shell:Creating environment hook '/home/louwee/correct_ws/install/correct_msgs/share/correct_msgs/hook/cmake_prefix_path.ps1'
[0.962s] INFO:colcon.colcon_core.shell:Creating environment descriptor '/home/louwee/correct_ws/install/correct_msgs/share/correct_msgs/hook/cmake_prefix_path.dsv'
[0.962s] INFO:colcon.colcon_core.shell:Creating environment hook '/home/louwee/correct_ws/install/correct_msgs/share/correct_msgs/hook/cmake_prefix_path.sh'
[0.963s] Level 1:colcon.colcon_core.environment:checking '/home/louwee/correct_ws/install/correct_msgs/lib'
[0.963s] Level 1:colcon.colcon_core.shell:create_environment_hook('correct_msgs', 'ld_library_path_lib')
[0.964s] INFO:colcon.colcon_core.shell:Creating environment hook '/home/louwee/correct_ws/install/correct_msgs/share/correct_msgs/hook/ld_library_path_lib.ps1'
[0.964s] INFO:colcon.colcon_core.shell:Creating environment descriptor '/home/louwee/correct_ws/install/correct_msgs/share/correct_msgs/hook/ld_library_path_lib.dsv'
[0.965s] INFO:colcon.colcon_core.shell:Creating environment hook '/home/louwee/correct_ws/install/correct_msgs/share/correct_msgs/hook/ld_library_path_lib.sh'
[0.965s] Level 1:colcon.colcon_core.environment:checking '/home/louwee/correct_ws/install/correct_msgs/bin'
[0.965s] Level 1:colcon.colcon_core.environment:checking '/home/louwee/correct_ws/install/correct_msgs/lib/pkgconfig/correct_msgs.pc'
[0.966s] Level 1:colcon.colcon_core.environment:checking '/home/louwee/correct_ws/install/correct_msgs/lib/python3.10/site-packages'
[0.966s] Level 1:colcon.colcon_core.environment:checking '/home/louwee/correct_ws/install/correct_msgs/bin'
[0.966s] INFO:colcon.colcon_core.shell:Creating package script '/home/louwee/correct_ws/install/correct_msgs/share/correct_msgs/package.ps1'
[0.967s] INFO:colcon.colcon_core.shell:Creating package descriptor '/home/louwee/correct_ws/install/correct_msgs/share/correct_msgs/package.dsv'
[0.968s] INFO:colcon.colcon_core.shell:Creating package script '/home/louwee/correct_ws/install/correct_msgs/share/correct_msgs/package.sh'
[0.968s] INFO:colcon.colcon_core.shell:Creating package script '/home/louwee/correct_ws/install/correct_msgs/share/correct_msgs/package.bash'
[0.969s] INFO:colcon.colcon_core.shell:Creating package script '/home/louwee/correct_ws/install/correct_msgs/share/correct_msgs/package.zsh'
[0.969s] Level 1:colcon.colcon_core.environment:create_file_with_runtime_dependencies(/home/louwee/correct_ws/install/correct_msgs/share/colcon-core/packages/correct_msgs)
[0.970s] Level 1:colcon.colcon_core.environment:create_environment_scripts_only(correct_msgs)
[0.970s] Level 1:colcon.colcon_core.environment:checking '/home/louwee/correct_ws/install/correct_msgs' for CMake module files
[0.971s] Level 1:colcon.colcon_core.environment:checking '/home/louwee/correct_ws/install/correct_msgs' for CMake config files
[0.972s] Level 1:colcon.colcon_core.shell:create_environment_hook('correct_msgs', 'cmake_prefix_path')
[0.972s] INFO:colcon.colcon_core.shell:Creating environment hook '/home/louwee/correct_ws/install/correct_msgs/share/correct_msgs/hook/cmake_prefix_path.ps1'
[0.973s] INFO:colcon.colcon_core.shell:Creating environment descriptor '/home/louwee/correct_ws/install/correct_msgs/share/correct_msgs/hook/cmake_prefix_path.dsv'
[0.974s] INFO:colcon.colcon_core.shell:Creating environment hook '/home/louwee/correct_ws/install/correct_msgs/share/correct_msgs/hook/cmake_prefix_path.sh'
[0.975s] Level 1:colcon.colcon_core.environment:checking '/home/louwee/correct_ws/install/correct_msgs/lib'
[0.975s] Level 1:colcon.colcon_core.shell:create_environment_hook('correct_msgs', 'ld_library_path_lib')
[0.975s] INFO:colcon.colcon_core.shell:Creating environment hook '/home/louwee/correct_ws/install/correct_msgs/share/correct_msgs/hook/ld_library_path_lib.ps1'
[0.976s] INFO:colcon.colcon_core.shell:Creating environment descriptor '/home/louwee/correct_ws/install/correct_msgs/share/correct_msgs/hook/ld_library_path_lib.dsv'
[0.976s] INFO:colcon.colcon_core.shell:Creating environment hook '/home/louwee/correct_ws/install/correct_msgs/share/correct_msgs/hook/ld_library_path_lib.sh'
[0.977s] Level 1:colcon.colcon_core.environment:checking '/home/louwee/correct_ws/install/correct_msgs/bin'
[0.977s] Level 1:colcon.colcon_core.environment:checking '/home/louwee/correct_ws/install/correct_msgs/lib/pkgconfig/correct_msgs.pc'
[0.977s] Level 1:colcon.colcon_core.environment:checking '/home/louwee/correct_ws/install/correct_msgs/lib/python3.10/site-packages'
[0.977s] Level 1:colcon.colcon_core.environment:checking '/home/louwee/correct_ws/install/correct_msgs/bin'
[0.978s] INFO:colcon.colcon_core.shell:Creating package script '/home/louwee/correct_ws/install/correct_msgs/share/correct_msgs/package.ps1'
[0.979s] INFO:colcon.colcon_core.shell:Creating package descriptor '/home/louwee/correct_ws/install/correct_msgs/share/correct_msgs/package.dsv'
[0.980s] INFO:colcon.colcon_core.shell:Creating package script '/home/louwee/correct_ws/install/correct_msgs/share/correct_msgs/package.sh'
[0.980s] INFO:colcon.colcon_core.shell:Creating package script '/home/louwee/correct_ws/install/correct_msgs/share/correct_msgs/package.bash'
[0.981s] INFO:colcon.colcon_core.shell:Creating package script '/home/louwee/correct_ws/install/correct_msgs/share/correct_msgs/package.zsh'
[0.981s] Level 1:colcon.colcon_core.environment:create_file_with_runtime_dependencies(/home/louwee/correct_ws/install/correct_msgs/share/colcon-core/packages/correct_msgs)
[0.982s] INFO:colcon.colcon_ros.task.ament_cmake.build:Building ROS package in '/home/louwee/correct_ws/src/correct_cpp_examples' with build type 'ament_cmake'
[0.982s] INFO:colcon.colcon_cmake.task.cmake.build:Building CMake package in '/home/louwee/correct_ws/src/correct_cpp_examples'
[0.982s] INFO:colcon.colcon_core.shell:Skip shell extension 'powershell' for command environment: Not usable outside of PowerShell
[0.982s] DEBUG:colcon.colcon_core.shell:Skip shell extension 'dsv' for command environment
[0.987s] INFO:colcon.colcon_ros.task.ament_python.build:Building ROS package in '/home/louwee/correct_ws/src/correct_py_examples' with build type 'ament_python'
[0.987s] Level 1:colcon.colcon_core.shell:create_environment_hook('correct_py_examples', 'ament_prefix_path')
[0.987s] INFO:colcon.colcon_core.shell:Creating environment hook '/home/louwee/correct_ws/install/correct_py_examples/share/correct_py_examples/hook/ament_prefix_path.ps1'
[0.988s] INFO:colcon.colcon_core.shell:Creating environment descriptor '/home/louwee/correct_ws/install/correct_py_examples/share/correct_py_examples/hook/ament_prefix_path.dsv'
[0.989s] INFO:colcon.colcon_core.shell:Creating environment hook '/home/louwee/correct_ws/install/correct_py_examples/share/correct_py_examples/hook/ament_prefix_path.sh'
[0.989s] INFO:colcon.colcon_core.shell:Skip shell extension 'powershell' for command environment: Not usable outside of PowerShell
[0.989s] DEBUG:colcon.colcon_core.shell:Skip shell extension 'dsv' for command environment
[1.003s] DEBUG:colcon.colcon_core.event_handler.log_command:Invoking command in '/home/louwee/correct_ws/build/correct_cpp_examples': AMENT_PREFIX_PATH=/home/louwee/correct_ws/install/correct_msgs:${AMENT_PREFIX_PATH} CMAKE_PREFIX_PATH=/home/louwee/correct_ws/install/correct_msgs:/opt/ros/humble LD_LIBRARY_PATH=/home/louwee/correct_ws/install/correct_msgs/lib:${LD_LIBRARY_PATH} PYTHONPATH=/home/louwee/correct_ws/install/correct_msgs/local/lib/python3.10/dist-packages:${PYTHONPATH} /usr/bin/cmake --build /home/louwee/correct_ws/build/correct_cpp_examples -- -j12 -l12
[1.285s] INFO:colcon.colcon_core.task.python.build:Building Python package in '/home/louwee/correct_ws/src/correct_py_examples'
[1.285s] INFO:colcon.colcon_core.shell:Skip shell extension 'powershell' for command environment: Not usable outside of PowerShell
[1.285s] DEBUG:colcon.colcon_core.shell:Skip shell extension 'dsv' for command environment
[1.288s] Level 1:colcon.colcon_core.environment:create_environment_scripts_only(correct_controller)
[1.289s] DEBUG:colcon.colcon_core.event_handler.log_command:Invoked command in '/home/louwee/correct_ws/build/correct_controller' returned '0': CMAKE_PREFIX_PATH=/opt/ros/humble /usr/bin/cmake --install /home/louwee/correct_ws/build/correct_controller
[1.289s] Level 1:colcon.colcon_core.environment:checking '/home/louwee/correct_ws/install/correct_controller' for CMake module files
[1.289s] Level 1:colcon.colcon_core.environment:checking '/home/louwee/correct_ws/install/correct_controller' for CMake config files
[1.290s] Level 1:colcon.colcon_core.shell:create_environment_hook('correct_controller', 'cmake_prefix_path')
[1.290s] INFO:colcon.colcon_core.shell:Creating environment hook '/home/louwee/correct_ws/install/correct_controller/share/correct_controller/hook/cmake_prefix_path.ps1'
[1.290s] INFO:colcon.colcon_core.shell:Creating environment descriptor '/home/louwee/correct_ws/install/correct_controller/share/correct_controller/hook/cmake_prefix_path.dsv'
[1.291s] INFO:colcon.colcon_core.shell:Creating environment hook '/home/louwee/correct_ws/install/correct_controller/share/correct_controller/hook/cmake_prefix_path.sh'
[1.291s] Level 1:colcon.colcon_core.environment:checking '/home/louwee/correct_ws/install/correct_controller/lib'
[1.291s] Level 1:colcon.colcon_core.environment:checking '/home/louwee/correct_ws/install/correct_controller/bin'
[1.291s] Level 1:colcon.colcon_core.environment:checking '/home/louwee/correct_ws/install/correct_controller/lib/pkgconfig/correct_controller.pc'
[1.292s] Level 1:colcon.colcon_core.environment:checking '/home/louwee/correct_ws/install/correct_controller/lib/python3.10/site-packages'
[1.292s] Level 1:colcon.colcon_core.environment:checking '/home/louwee/correct_ws/install/correct_controller/bin'
[1.292s] INFO:colcon.colcon_core.shell:Creating package script '/home/louwee/correct_ws/install/correct_controller/share/correct_controller/package.ps1'
[1.293s] INFO:colcon.colcon_core.shell:Creating package descriptor '/home/louwee/correct_ws/install/correct_controller/share/correct_controller/package.dsv'
[1.293s] INFO:colcon.colcon_core.shell:Creating package script '/home/louwee/correct_ws/install/correct_controller/share/correct_controller/package.sh'
[1.293s] INFO:colcon.colcon_core.shell:Creating package script '/home/louwee/correct_ws/install/correct_controller/share/correct_controller/package.bash'
[1.294s] INFO:colcon.colcon_core.shell:Creating package script '/home/louwee/correct_ws/install/correct_controller/share/correct_controller/package.zsh'
[1.294s] Level 1:colcon.colcon_core.environment:create_file_with_runtime_dependencies(/home/louwee/correct_ws/install/correct_controller/share/colcon-core/packages/correct_controller)
[1.294s] Level 1:colcon.colcon_core.environment:create_environment_scripts_only(correct_controller)
[1.295s] Level 1:colcon.colcon_core.environment:checking '/home/louwee/correct_ws/install/correct_controller' for CMake module files
[1.295s] Level 1:colcon.colcon_core.environment:checking '/home/louwee/correct_ws/install/correct_controller' for CMake config files
[1.295s] Level 1:colcon.colcon_core.shell:create_environment_hook('correct_controller', 'cmake_prefix_path')
[1.296s] INFO:colcon.colcon_core.shell:Creating environment hook '/home/louwee/correct_ws/install/correct_controller/share/correct_controller/hook/cmake_prefix_path.ps1'
[1.296s] INFO:colcon.colcon_core.shell:Creating environment descriptor '/home/louwee/correct_ws/install/correct_controller/share/correct_controller/hook/cmake_prefix_path.dsv'
[1.296s] INFO:colcon.colcon_core.shell:Creating environment hook '/home/louwee/correct_ws/install/correct_controller/share/correct_controller/hook/cmake_prefix_path.sh'
[1.297s] Level 1:colcon.colcon_core.environment:checking '/home/louwee/correct_ws/install/correct_controller/lib'
[1.297s] Level 1:colcon.colcon_core.environment:checking '/home/louwee/correct_ws/install/correct_controller/bin'
[1.297s] Level 1:colcon.colcon_core.environment:checking '/home/louwee/correct_ws/install/correct_controller/lib/pkgconfig/correct_controller.pc'
[1.297s] Level 1:colcon.colcon_core.environment:checking '/home/louwee/correct_ws/install/correct_controller/lib/python3.10/site-packages'
[1.297s] Level 1:colcon.colcon_core.environment:checking '/home/louwee/correct_ws/install/correct_controller/bin'
[1.298s] INFO:colcon.colcon_core.shell:Creating package script '/home/louwee/correct_ws/install/correct_controller/share/correct_controller/package.ps1'
[1.298s] INFO:colcon.colcon_core.shell:Creating package descriptor '/home/louwee/correct_ws/install/correct_controller/share/correct_controller/package.dsv'
[1.298s] INFO:colcon.colcon_core.shell:Creating package script '/home/louwee/correct_ws/install/correct_controller/share/correct_controller/package.sh'
[1.299s] INFO:colcon.colcon_core.shell:Creating package script '/home/louwee/correct_ws/install/correct_controller/share/correct_controller/package.bash'
[1.299s] INFO:colcon.colcon_core.shell:Creating package script '/home/louwee/correct_ws/install/correct_controller/share/correct_controller/package.zsh'
[1.300s] Level 1:colcon.colcon_core.environment:create_file_with_runtime_dependencies(/home/louwee/correct_ws/install/correct_controller/share/colcon-core/packages/correct_controller)
[1.302s] DEBUG:colcon.colcon_core.event_handler.log_command:Invoked command in '/home/louwee/correct_ws/build/correct_cpp_examples' returned '0': AMENT_PREFIX_PATH=/home/louwee/correct_ws/install/correct_msgs:${AMENT_PREFIX_PATH} CMAKE_PREFIX_PATH=/home/louwee/correct_ws/install/correct_msgs:/opt/ros/humble LD_LIBRARY_PATH=/home/louwee/correct_ws/install/correct_msgs/lib:${LD_LIBRARY_PATH} PYTHONPATH=/home/louwee/correct_ws/install/correct_msgs/local/lib/python3.10/dist-packages:${PYTHONPATH} /usr/bin/cmake --build /home/louwee/correct_ws/build/correct_cpp_examples -- -j12 -l12
[1.303s] DEBUG:colcon.colcon_core.event_handler.log_command:Invoking command in '/home/louwee/correct_ws/build/correct_cpp_examples': AMENT_PREFIX_PATH=/home/louwee/correct_ws/install/correct_msgs:${AMENT_PREFIX_PATH} CMAKE_PREFIX_PATH=/home/louwee/correct_ws/install/correct_msgs:/opt/ros/humble LD_LIBRARY_PATH=/home/louwee/correct_ws/install/correct_msgs/lib:${LD_LIBRARY_PATH} PYTHONPATH=/home/louwee/correct_ws/install/correct_msgs/local/lib/python3.10/dist-packages:${PYTHONPATH} /usr/bin/cmake --install /home/louwee/correct_ws/build/correct_cpp_examples
[1.318s] Level 1:colcon.colcon_core.environment:create_environment_scripts_only(correct_cpp_examples)
[1.318s] Level 1:colcon.colcon_core.environment:checking '/home/louwee/correct_ws/install/correct_cpp_examples' for CMake module files
[1.319s] DEBUG:colcon.colcon_core.event_handler.log_command:Invoked command in '/home/louwee/correct_ws/build/correct_cpp_examples' returned '0': AMENT_PREFIX_PATH=/home/louwee/correct_ws/install/correct_msgs:${AMENT_PREFIX_PATH} CMAKE_PREFIX_PATH=/home/louwee/correct_ws/install/correct_msgs:/opt/ros/humble LD_LIBRARY_PATH=/home/louwee/correct_ws/install/correct_msgs/lib:${LD_LIBRARY_PATH} PYTHONPATH=/home/louwee/correct_ws/install/correct_msgs/local/lib/python3.10/dist-packages:${PYTHONPATH} /usr/bin/cmake --install /home/louwee/correct_ws/build/correct_cpp_examples
[1.319s] Level 1:colcon.colcon_core.environment:checking '/home/louwee/correct_ws/install/correct_cpp_examples' for CMake config files
[1.320s] Level 1:colcon.colcon_core.shell:create_environment_hook('correct_cpp_examples', 'cmake_prefix_path')
[1.320s] INFO:colcon.colcon_core.shell:Creating environment hook '/home/louwee/correct_ws/install/correct_cpp_examples/share/correct_cpp_examples/hook/cmake_prefix_path.ps1'
[1.320s] INFO:colcon.colcon_core.shell:Creating environment descriptor '/home/louwee/correct_ws/install/correct_cpp_examples/share/correct_cpp_examples/hook/cmake_prefix_path.dsv'
[1.321s] INFO:colcon.colcon_core.shell:Creating environment hook '/home/louwee/correct_ws/install/correct_cpp_examples/share/correct_cpp_examples/hook/cmake_prefix_path.sh'
[1.321s] Level 1:colcon.colcon_core.environment:checking '/home/louwee/correct_ws/install/correct_cpp_examples/lib'
[1.321s] Level 1:colcon.colcon_core.environment:checking '/home/louwee/correct_ws/install/correct_cpp_examples/bin'
[1.321s] Level 1:colcon.colcon_core.environment:checking '/home/louwee/correct_ws/install/correct_cpp_examples/lib/pkgconfig/correct_cpp_examples.pc'
[1.322s] Level 1:colcon.colcon_core.environment:checking '/home/louwee/correct_ws/install/correct_cpp_examples/lib/python3.10/site-packages'
[1.322s] Level 1:colcon.colcon_core.environment:checking '/home/louwee/correct_ws/install/correct_cpp_examples/bin'
[1.322s] INFO:colcon.colcon_core.shell:Creating package script '/home/louwee/correct_ws/install/correct_cpp_examples/share/correct_cpp_examples/package.ps1'
[1.323s] INFO:colcon.colcon_core.shell:Creating package descriptor '/home/louwee/correct_ws/install/correct_cpp_examples/share/correct_cpp_examples/package.dsv'
[1.323s] INFO:colcon.colcon_core.shell:Creating package script '/home/louwee/correct_ws/install/correct_cpp_examples/share/correct_cpp_examples/package.sh'
[1.323s] INFO:colcon.colcon_core.shell:Creating package script '/home/louwee/correct_ws/install/correct_cpp_examples/share/correct_cpp_examples/package.bash'
[1.324s] INFO:colcon.colcon_core.shell:Creating package script '/home/louwee/correct_ws/install/correct_cpp_examples/share/correct_cpp_examples/package.zsh'
[1.324s] Level 1:colcon.colcon_core.environment:create_file_with_runtime_dependencies(/home/louwee/correct_ws/install/correct_cpp_examples/share/colcon-core/packages/correct_cpp_examples)
[1.324s] Level 1:colcon.colcon_core.environment:create_environment_scripts_only(correct_cpp_examples)
[1.325s] Level 1:colcon.colcon_core.environment:checking '/home/louwee/correct_ws/install/correct_cpp_examples' for CMake module files
[1.326s] Level 1:colcon.colcon_core.environment:checking '/home/louwee/correct_ws/install/correct_cpp_examples' for CMake config files
[1.326s] Level 1:colcon.colcon_core.shell:create_environment_hook('correct_cpp_examples', 'cmake_prefix_path')
[1.326s] INFO:colcon.colcon_core.shell:Creating environment hook '/home/louwee/correct_ws/install/correct_cpp_examples/share/correct_cpp_examples/hook/cmake_prefix_path.ps1'
[1.326s] INFO:colcon.colcon_core.shell:Creating environment descriptor '/home/louwee/correct_ws/install/correct_cpp_examples/share/correct_cpp_examples/hook/cmake_prefix_path.dsv'
[1.327s] INFO:colcon.colcon_core.shell:Creating environment hook '/home/louwee/correct_ws/install/correct_cpp_examples/share/correct_cpp_examples/hook/cmake_prefix_path.sh'
[1.327s] Level 1:colcon.colcon_core.environment:checking '/home/louwee/correct_ws/install/correct_cpp_examples/lib'
[1.327s] Level 1:colcon.colcon_core.environment:checking '/home/louwee/correct_ws/install/correct_cpp_examples/bin'
[1.327s] Level 1:colcon.colcon_core.environment:checking '/home/louwee/correct_ws/install/correct_cpp_examples/lib/pkgconfig/correct_cpp_examples.pc'
[1.327s] Level 1:colcon.colcon_core.environment:checking '/home/louwee/correct_ws/install/correct_cpp_examples/lib/python3.10/site-packages'
[1.328s] Level 1:colcon.colcon_core.environment:checking '/home/louwee/correct_ws/install/correct_cpp_examples/bin'
[1.328s] INFO:colcon.colcon_core.shell:Creating package script '/home/louwee/correct_ws/install/correct_cpp_examples/share/correct_cpp_examples/package.ps1'
[1.328s] INFO:colcon.colcon_core.shell:Creating package descriptor '/home/louwee/correct_ws/install/correct_cpp_examples/share/correct_cpp_examples/package.dsv'
[1.329s] INFO:colcon.colcon_core.shell:Creating package script '/home/louwee/correct_ws/install/correct_cpp_examples/share/correct_cpp_examples/package.sh'
[1.329s] INFO:colcon.colcon_core.shell:Creating package script '/home/louwee/correct_ws/install/correct_cpp_examples/share/correct_cpp_examples/package.bash'
[1.330s] INFO:colcon.colcon_core.shell:Creating package script '/home/louwee/correct_ws/install/correct_cpp_examples/share/correct_cpp_examples/package.zsh'
[1.330s] Level 1:colcon.colcon_core.environment:create_file_with_runtime_dependencies(/home/louwee/correct_ws/install/correct_cpp_examples/share/colcon-core/packages/correct_cpp_examples)
[1.438s] DEBUG:colcon.colcon_core.event_handler.log_command:Invoked command in '/home/louwee/correct_ws/build/correct_firmware' returned '0': CMAKE_PREFIX_PATH=/opt/ros/humble /usr/bin/cmake /home/louwee/correct_ws/src/correct_firmware -DCMAKE_INSTALL_PREFIX=/home/louwee/correct_ws/install/correct_firmware
[1.439s] DEBUG:colcon.colcon_core.event_handler.log_command:Invoking command in '/home/louwee/correct_ws/build/correct_firmware': CMAKE_PREFIX_PATH=/opt/ros/humble /usr/bin/cmake --build /home/louwee/correct_ws/build/correct_firmware -- -j12 -l12
[1.693s] DEBUG:colcon.colcon_core.event_handler.log_command:Invoking command in '/home/louwee/correct_ws/src/correct_py_examples': AMENT_PREFIX_PATH=/home/louwee/correct_ws/install/correct_msgs:${AMENT_PREFIX_PATH} CMAKE_PREFIX_PATH=/home/louwee/correct_ws/install/correct_msgs LD_LIBRARY_PATH=/home/louwee/correct_ws/install/correct_msgs/lib:${LD_LIBRARY_PATH} PYTHONPATH=/home/louwee/correct_ws/build/correct_py_examples/prefix_override:/usr/lib/python3/dist-packages/colcon_core/task/python/colcon_distutils_commands:/home/louwee/correct_ws/install/correct_py_examples/lib/python3.10/site-packages:/home/louwee/correct_ws/install/correct_msgs/local/lib/python3.10/dist-packages:${PYTHONPATH} /usr/bin/python3 -W ignore:setup.py install is deprecated -W ignore:easy_install command is deprecated setup.py egg_info --egg-base ../../build/correct_py_examples build --build-base /home/louwee/correct_ws/build/correct_py_examples/build install --record /home/louwee/correct_ws/build/correct_py_examples/install.log --single-version-externally-managed install_data
[2.011s] Level 1:colcon.colcon_core.environment:checking '/home/louwee/correct_ws/install/correct_py_examples' for CMake module files
[2.012s] DEBUG:colcon.colcon_core.event_handler.log_command:Invoked command in '/home/louwee/correct_ws/src/correct_py_examples' returned '0': AMENT_PREFIX_PATH=/home/louwee/correct_ws/install/correct_msgs:${AMENT_PREFIX_PATH} CMAKE_PREFIX_PATH=/home/louwee/correct_ws/install/correct_msgs LD_LIBRARY_PATH=/home/louwee/correct_ws/install/correct_msgs/lib:${LD_LIBRARY_PATH} PYTHONPATH=/home/louwee/correct_ws/build/correct_py_examples/prefix_override:/usr/lib/python3/dist-packages/colcon_core/task/python/colcon_distutils_commands:/home/louwee/correct_ws/install/correct_py_examples/lib/python3.10/site-packages:/home/louwee/correct_ws/install/correct_msgs/local/lib/python3.10/dist-packages:${PYTHONPATH} /usr/bin/python3 -W ignore:setup.py install is deprecated -W ignore:easy_install command is deprecated setup.py egg_info --egg-base ../../build/correct_py_examples build --build-base /home/louwee/correct_ws/build/correct_py_examples/build install --record /home/louwee/correct_ws/build/correct_py_examples/install.log --single-version-externally-managed install_data
[2.012s] Level 1:colcon.colcon_core.environment:checking '/home/louwee/correct_ws/install/correct_py_examples' for CMake config files
[2.013s] Level 1:colcon.colcon_core.environment:checking '/home/louwee/correct_ws/install/correct_py_examples/lib'
[2.013s] Level 1:colcon.colcon_core.environment:checking '/home/louwee/correct_ws/install/correct_py_examples/bin'
[2.013s] Level 1:colcon.colcon_core.environment:checking '/home/louwee/correct_ws/install/correct_py_examples/lib/pkgconfig/correct_py_examples.pc'
[2.014s] Level 1:colcon.colcon_core.environment:checking '/home/louwee/correct_ws/install/correct_py_examples/lib/python3.10/site-packages'
[2.014s] Level 1:colcon.colcon_core.shell:create_environment_hook('correct_py_examples', 'pythonpath')
[2.014s] INFO:colcon.colcon_core.shell:Creating environment hook '/home/louwee/correct_ws/install/correct_py_examples/share/correct_py_examples/hook/pythonpath.ps1'
[2.015s] INFO:colcon.colcon_core.shell:Creating environment descriptor '/home/louwee/correct_ws/install/correct_py_examples/share/correct_py_examples/hook/pythonpath.dsv'
[2.016s] INFO:colcon.colcon_core.shell:Creating environment hook '/home/louwee/correct_ws/install/correct_py_examples/share/correct_py_examples/hook/pythonpath.sh'
[2.017s] Level 1:colcon.colcon_core.environment:checking '/home/louwee/correct_ws/install/correct_py_examples/bin'
[2.017s] Level 1:colcon.colcon_core.environment:create_environment_scripts_only(correct_py_examples)
[2.017s] INFO:colcon.colcon_core.shell:Creating package script '/home/louwee/correct_ws/install/correct_py_examples/share/correct_py_examples/package.ps1'
[2.018s] INFO:colcon.colcon_core.shell:Creating package descriptor '/home/louwee/correct_ws/install/correct_py_examples/share/correct_py_examples/package.dsv'
[2.019s] INFO:colcon.colcon_core.shell:Creating package script '/home/louwee/correct_ws/install/correct_py_examples/share/correct_py_examples/package.sh'
[2.019s] INFO:colcon.colcon_core.shell:Creating package script '/home/louwee/correct_ws/install/correct_py_examples/share/correct_py_examples/package.bash'
[2.020s] INFO:colcon.colcon_core.shell:Creating package script '/home/louwee/correct_ws/install/correct_py_examples/share/correct_py_examples/package.zsh'
[2.021s] Level 1:colcon.colcon_core.environment:create_file_with_runtime_dependencies(/home/louwee/correct_ws/install/correct_py_examples/share/colcon-core/packages/correct_py_examples)
[9.140s] Level 1:colcon.colcon_core.environment:create_environment_scripts_only(correct_firmware)
[9.141s] Level 1:colcon.colcon_core.environment:checking '/home/louwee/correct_ws/install/correct_firmware' for CMake module files
[9.141s] DEBUG:colcon.colcon_core.event_handler.log_command:Invoked command in '/home/louwee/correct_ws/build/correct_firmware' returned '2': CMAKE_PREFIX_PATH=/opt/ros/humble /usr/bin/cmake --build /home/louwee/correct_ws/build/correct_firmware -- -j12 -l12
[9.141s] Level 1:colcon.colcon_core.environment:checking '/home/louwee/correct_ws/install/correct_firmware' for CMake config files
[9.141s] Level 1:colcon.colcon_core.environment:checking '/home/louwee/correct_ws/install/correct_firmware/bin'
[9.142s] Level 1:colcon.colcon_core.environment:checking '/home/louwee/correct_ws/install/correct_firmware/lib/pkgconfig/correct_firmware.pc'
[9.142s] Level 1:colcon.colcon_core.environment:checking '/home/louwee/correct_ws/install/correct_firmware/lib/python3.10/site-packages'
[9.142s] Level 1:colcon.colcon_core.environment:checking '/home/louwee/correct_ws/install/correct_firmware/bin'
[9.142s] INFO:colcon.colcon_core.shell:Creating package script '/home/louwee/correct_ws/install/correct_firmware/share/correct_firmware/package.ps1'
[9.142s] INFO:colcon.colcon_core.shell:Creating package descriptor '/home/louwee/correct_ws/install/correct_firmware/share/correct_firmware/package.dsv'
[9.143s] INFO:colcon.colcon_core.shell:Creating package script '/home/louwee/correct_ws/install/correct_firmware/share/correct_firmware/package.sh'
[9.143s] INFO:colcon.colcon_core.shell:Creating package script '/home/louwee/correct_ws/install/correct_firmware/share/correct_firmware/package.bash'
[9.144s] INFO:colcon.colcon_core.shell:Creating package script '/home/louwee/correct_ws/install/correct_firmware/share/correct_firmware/package.zsh'
[9.144s] Level 1:colcon.colcon_core.environment:create_file_with_runtime_dependencies(/home/louwee/correct_ws/install/correct_firmware/share/colcon-core/packages/correct_firmware)
[9.154s] DEBUG:colcon.colcon_parallel_executor.executor.parallel:closing loop
[9.155s] DEBUG:colcon.colcon_parallel_executor.executor.parallel:loop closed
[9.155s] DEBUG:colcon.colcon_parallel_executor.executor.parallel:run_until_complete finished with '2'
[9.155s] DEBUG:colcon.colcon_core.event_reactor:joining thread
[9.159s] INFO:colcon.colcon_core.plugin_system:Skipping extension 'colcon_notification.desktop_notification.terminal_notifier': Not used on non-Darwin systems
[9.159s] INFO:colcon.colcon_core.plugin_system:Skipping extension 'colcon_notification.desktop_notification.win32': Not used on non-Windows systems
[9.159s] INFO:colcon.colcon_notification.desktop_notification:Sending desktop notification using 'notify2'
[9.169s] DEBUG:colcon.colcon_core.event_reactor:joined thread
[9.169s] INFO:colcon.colcon_core.shell:Creating prefix script '/home/louwee/correct_ws/install/local_setup.ps1'
[9.170s] INFO:colcon.colcon_core.shell:Creating prefix util module '/home/louwee/correct_ws/install/_local_setup_util_ps1.py'
[9.171s] INFO:colcon.colcon_core.shell:Creating prefix chain script '/home/louwee/correct_ws/install/setup.ps1'
[9.172s] INFO:colcon.colcon_core.shell:Creating prefix script '/home/louwee/correct_ws/install/local_setup.sh'
[9.172s] INFO:colcon.colcon_core.shell:Creating prefix util module '/home/louwee/correct_ws/install/_local_setup_util_sh.py'
[9.173s] INFO:colcon.colcon_core.shell:Creating prefix chain script '/home/louwee/correct_ws/install/setup.sh'
[9.174s] INFO:colcon.colcon_core.shell:Creating prefix script '/home/louwee/correct_ws/install/local_setup.bash'
[9.174s] INFO:colcon.colcon_core.shell:Creating prefix chain script '/home/louwee/correct_ws/install/setup.bash'
[9.175s] INFO:colcon.colcon_core.shell:Creating prefix script '/home/louwee/correct_ws/install/local_setup.zsh'
[9.175s] INFO:colcon.colcon_core.shell:Creating prefix chain script '/home/louwee/correct_ws/install/setup.zsh'
