[  2%] Built target correct_msgs__cpp
[ 12%] Built target correct_msgs__rosidl_generator_c
[ 12%] Built target ament_cmake_python_copy_correct_msgs
[ 23%] Built target correct_msgs__rosidl_typesupport_fastrtps_cpp
[ 33%] Built target correct_msgs__rosidl_typesupport_introspection_cpp
[ 43%] Built target correct_msgs__rosidl_typesupport_introspection_c
[ 53%] Built target correct_msgs__rosidl_typesupport_fastrtps_c
[ 64%] Built target correct_msgs__rosidl_typesupport_cpp
[ 74%] Built target correct_msgs__rosidl_typesupport_c
[ 74%] Built target correct_msgs
[ 76%] Built target correct_msgs__py
[ 84%] Built target correct_msgs__rosidl_generator_py
[ 89%] Built target correct_msgs__rosidl_typesupport_fastrtps_c__pyext
[ 94%] Built target correct_msgs__rosidl_typesupport_introspection_c__pyext
[100%] Built target correct_msgs__rosidl_typesupport_c__pyext
running egg_info
writing correct_msgs.egg-info/PKG-INFO
writing dependency_links to correct_msgs.egg-info/dependency_links.txt
writing top-level names to correct_msgs.egg-info/top_level.txt
reading manifest file 'correct_msgs.egg-info/SOURCES.txt'
writing manifest file 'correct_msgs.egg-info/SOURCES.txt'
[100%] Built target ament_cmake_python_build_correct_msgs_egg
