[0.036s] Invoking command in '/home/louwee/correct_ws/build/correct_localization': CMAKE_PREFIX_PATH=/opt/ros/humble /usr/bin/cmake --build /home/louwee/correct_ws/build/correct_localization -- -j12 -l12
[0.153s] [  0%] Built target ament_cmake_python_copy_correct_localization
[0.153s] [ 33%] Built target kalman_filter
[0.153s] [ 66%] Built target odometry_motion_model
[0.155s] [100%] Built target imu_republisher
[0.643s] running egg_info
[0.643s] writing correct_localization.egg-info/PKG-INFO
[0.643s] writing dependency_links to correct_localization.egg-info/dependency_links.txt
[0.643s] writing top-level names to correct_localization.egg-info/top_level.txt
[0.643s] reading manifest file 'correct_localization.egg-info/SOURCES.txt'
[0.644s] writing manifest file 'correct_localization.egg-info/SOURCES.txt'
[0.686s] [100%] Built target ament_cmake_python_build_correct_localization_egg
[0.739s] Invoked command in '/home/louwee/correct_ws/build/correct_localization' returned '0': CMAKE_PREFIX_PATH=/opt/ros/humble /usr/bin/cmake --build /home/louwee/correct_ws/build/correct_localization -- -j12 -l12
[0.741s] Invoking command in '/home/louwee/correct_ws/build/correct_localization': CMAKE_PREFIX_PATH=/opt/ros/humble /usr/bin/cmake --install /home/louwee/correct_ws/build/correct_localization
[0.753s] -- Install configuration: ""
[0.754s] -- Up-to-date: /home/louwee/correct_ws/install/correct_localization/share/correct_localization/environment/pythonpath.sh
[0.754s] -- Up-to-date: /home/louwee/correct_ws/install/correct_localization/share/correct_localization/environment/pythonpath.dsv
[0.755s] -- Up-to-date: /home/louwee/correct_ws/install/correct_localization/local/lib/python3.10/dist-packages/correct_localization-0.0.0-py3.10.egg-info
[0.755s] -- Installing: /home/louwee/correct_ws/install/correct_localization/local/lib/python3.10/dist-packages/correct_localization-0.0.0-py3.10.egg-info/top_level.txt
[0.755s] -- Installing: /home/louwee/correct_ws/install/correct_localization/local/lib/python3.10/dist-packages/correct_localization-0.0.0-py3.10.egg-info/PKG-INFO
[0.756s] -- Installing: /home/louwee/correct_ws/install/correct_localization/local/lib/python3.10/dist-packages/correct_localization-0.0.0-py3.10.egg-info/dependency_links.txt
[0.756s] -- Installing: /home/louwee/correct_ws/install/correct_localization/local/lib/python3.10/dist-packages/correct_localization-0.0.0-py3.10.egg-info/SOURCES.txt
[0.756s] -- Up-to-date: /home/louwee/correct_ws/install/correct_localization/local/lib/python3.10/dist-packages/correct_localization
[0.756s] -- Up-to-date: /home/louwee/correct_ws/install/correct_localization/local/lib/python3.10/dist-packages/correct_localization/odometry_motion_model.py
[0.756s] -- Up-to-date: /home/louwee/correct_ws/install/correct_localization/local/lib/python3.10/dist-packages/correct_localization/__init__.py
[0.757s] -- Up-to-date: /home/louwee/correct_ws/install/correct_localization/local/lib/python3.10/dist-packages/correct_localization/imu_republisher.py
[0.757s] -- Up-to-date: /home/louwee/correct_ws/install/correct_localization/local/lib/python3.10/dist-packages/correct_localization/kalman_filter.py
[0.788s] Listing '/home/louwee/correct_ws/install/correct_localization/local/lib/python3.10/dist-packages/correct_localization'...
[0.798s] -- Up-to-date: /home/louwee/correct_ws/install/correct_localization/lib/correct_localization/kalman_filter.py
[0.798s] -- Up-to-date: /home/louwee/correct_ws/install/correct_localization/lib/correct_localization/imu_republisher.py
[0.798s] -- Up-to-date: /home/louwee/correct_ws/install/correct_localization/lib/correct_localization/odometry_motion_model.py
[0.798s] -- Up-to-date: /home/louwee/correct_ws/install/correct_localization/include/include
[0.798s] -- Up-to-date: /home/louwee/correct_ws/install/correct_localization/include/include/correct_localization
[0.798s] -- Up-to-date: /home/louwee/correct_ws/install/correct_localization/include/include/correct_localization/odometry_motion_model.hpp
[0.798s] -- Up-to-date: /home/louwee/correct_ws/install/correct_localization/include/include/correct_localization/kalman_filter.hpp
[0.799s] -- Up-to-date: /home/louwee/correct_ws/install/correct_localization/lib/correct_localization/imu_republisher
[0.799s] -- Up-to-date: /home/louwee/correct_ws/install/correct_localization/lib/correct_localization/kalman_filter
[0.799s] -- Up-to-date: /home/louwee/correct_ws/install/correct_localization/lib/correct_localization/odometry_motion_model
[0.799s] -- Up-to-date: /home/louwee/correct_ws/install/correct_localization/share/correct_localization/launch
[0.799s] -- Up-to-date: /home/louwee/correct_ws/install/correct_localization/share/correct_localization/launch/global_localization.launch.py
[0.799s] -- Up-to-date: /home/louwee/correct_ws/install/correct_localization/share/correct_localization/launch/local_localization.launch.py
[0.799s] -- Up-to-date: /home/louwee/correct_ws/install/correct_localization/share/correct_localization/config
[0.800s] -- Up-to-date: /home/louwee/correct_ws/install/correct_localization/share/correct_localization/config/amcl.yaml
[0.800s] -- Up-to-date: /home/louwee/correct_ws/install/correct_localization/share/correct_localization/config/ekf.yaml
[0.800s] -- Up-to-date: /home/louwee/correct_ws/install/correct_localization/share/ament_index/resource_index/package_run_dependencies/correct_localization
[0.800s] -- Up-to-date: /home/louwee/correct_ws/install/correct_localization/share/ament_index/resource_index/parent_prefix_path/correct_localization
[0.800s] -- Up-to-date: /home/louwee/correct_ws/install/correct_localization/share/correct_localization/environment/ament_prefix_path.sh
[0.802s] -- Up-to-date: /home/louwee/correct_ws/install/correct_localization/share/correct_localization/environment/ament_prefix_path.dsv
[0.802s] -- Up-to-date: /home/louwee/correct_ws/install/correct_localization/share/correct_localization/environment/path.sh
[0.802s] -- Up-to-date: /home/louwee/correct_ws/install/correct_localization/share/correct_localization/environment/path.dsv
[0.802s] -- Up-to-date: /home/louwee/correct_ws/install/correct_localization/share/correct_localization/local_setup.bash
[0.802s] -- Up-to-date: /home/louwee/correct_ws/install/correct_localization/share/correct_localization/local_setup.sh
[0.802s] -- Up-to-date: /home/louwee/correct_ws/install/correct_localization/share/correct_localization/local_setup.zsh
[0.802s] -- Up-to-date: /home/louwee/correct_ws/install/correct_localization/share/correct_localization/local_setup.dsv
[0.803s] -- Installing: /home/louwee/correct_ws/install/correct_localization/share/correct_localization/package.dsv
[0.803s] -- Up-to-date: /home/louwee/correct_ws/install/correct_localization/share/ament_index/resource_index/packages/correct_localization
[0.803s] -- Up-to-date: /home/louwee/correct_ws/install/correct_localization/share/correct_localization/cmake/correct_localizationConfig.cmake
[0.803s] -- Up-to-date: /home/louwee/correct_ws/install/correct_localization/share/correct_localization/cmake/correct_localizationConfig-version.cmake
[0.803s] -- Up-to-date: /home/louwee/correct_ws/install/correct_localization/share/correct_localization/package.xml
[1.115s] Invoked command in '/home/louwee/correct_ws/build/correct_localization' returned '0': CMAKE_PREFIX_PATH=/opt/ros/humble /usr/bin/cmake --install /home/louwee/correct_ws/build/correct_localization
