[0.050s] Invoking command in '/home/louwee/correct_ws/build/correct_mapping': CMAKE_PREFIX_PATH=/opt/ros/humble /usr/bin/cmake --build /home/louwee/correct_ws/build/correct_mapping -- -j12 -l12
[0.185s] [100%] Built target mapping_with_known_poses
[0.191s] [100%] Built target ament_cmake_python_copy_correct_mapping
[0.702s] running egg_info
[0.706s] writing correct_mapping.egg-info/PKG-INFO
[0.706s] writing dependency_links to correct_mapping.egg-info/dependency_links.txt
[0.706s] writing top-level names to correct_mapping.egg-info/top_level.txt
[0.708s] reading manifest file 'correct_mapping.egg-info/SOURCES.txt'
[0.708s] writing manifest file 'correct_mapping.egg-info/SOURCES.txt'
[0.750s] [100%] Built target ament_cmake_python_build_correct_mapping_egg
[0.767s] Invoked command in '/home/louwee/correct_ws/build/correct_mapping' returned '0': CMAKE_PREFIX_PATH=/opt/ros/humble /usr/bin/cmake --build /home/louwee/correct_ws/build/correct_mapping -- -j12 -l12
[0.770s] Invoking command in '/home/louwee/correct_ws/build/correct_mapping': CMAKE_PREFIX_PATH=/opt/ros/humble /usr/bin/cmake --install /home/louwee/correct_ws/build/correct_mapping
[0.799s] -- Install configuration: ""
[0.800s] -- Up-to-date: /home/louwee/correct_ws/install/correct_mapping/share/correct_mapping/environment/pythonpath.sh
[0.800s] -- Up-to-date: /home/louwee/correct_ws/install/correct_mapping/share/correct_mapping/environment/pythonpath.dsv
[0.800s] -- Up-to-date: /home/louwee/correct_ws/install/correct_mapping/local/lib/python3.10/dist-packages/correct_mapping-0.0.0-py3.10.egg-info
[0.800s] -- Installing: /home/louwee/correct_ws/install/correct_mapping/local/lib/python3.10/dist-packages/correct_mapping-0.0.0-py3.10.egg-info/top_level.txt
[0.811s] -- Installing: /home/louwee/correct_ws/install/correct_mapping/local/lib/python3.10/dist-packages/correct_mapping-0.0.0-py3.10.egg-info/PKG-INFO
[0.811s] -- Installing: /home/louwee/correct_ws/install/correct_mapping/local/lib/python3.10/dist-packages/correct_mapping-0.0.0-py3.10.egg-info/dependency_links.txt
[0.812s] -- Installing: /home/louwee/correct_ws/install/correct_mapping/local/lib/python3.10/dist-packages/correct_mapping-0.0.0-py3.10.egg-info/SOURCES.txt
[0.813s] -- Up-to-date: /home/louwee/correct_ws/install/correct_mapping/local/lib/python3.10/dist-packages/correct_mapping
[0.813s] -- Up-to-date: /home/louwee/correct_ws/install/correct_mapping/local/lib/python3.10/dist-packages/correct_mapping/__init__.py
[0.813s] -- Up-to-date: /home/louwee/correct_ws/install/correct_mapping/local/lib/python3.10/dist-packages/correct_mapping/mapping_with_known_poses.py
[0.817s] -- Up-to-date: /home/louwee/correct_ws/install/correct_mapping/local/lib/python3.10/dist-packages/correct_mapping/launch
[0.817s] -- Up-to-date: /home/louwee/correct_ws/install/correct_mapping/local/lib/python3.10/dist-packages/correct_mapping/launch/slam.launch.py
[1.008s] Listing '/home/louwee/correct_ws/install/correct_mapping/local/lib/python3.10/dist-packages/correct_mapping'...
[1.009s] Listing '/home/louwee/correct_ws/install/correct_mapping/local/lib/python3.10/dist-packages/correct_mapping/launch'...
[1.012s] -- Up-to-date: /home/louwee/correct_ws/install/correct_mapping/include/include
[1.012s] -- Up-to-date: /home/louwee/correct_ws/install/correct_mapping/include/include/correct_mapping
[1.012s] -- Up-to-date: /home/louwee/correct_ws/install/correct_mapping/include/include/correct_mapping/mapping_with_known_poses.hpp
[1.015s] -- Up-to-date: /home/louwee/correct_ws/install/correct_mapping/lib/correct_mapping/mapping_with_known_poses
[1.015s] -- Up-to-date: /home/louwee/correct_ws/install/correct_mapping/lib/correct_mapping/mapping_with_known_poses.py
[1.017s] -- Up-to-date: /home/louwee/correct_ws/install/correct_mapping/share/correct_mapping/maps
[1.018s] -- Up-to-date: /home/louwee/correct_ws/install/correct_mapping/share/correct_mapping/maps/small_house
[1.018s] -- Up-to-date: /home/louwee/correct_ws/install/correct_mapping/share/correct_mapping/maps/small_house/map.yaml
[1.019s] -- Up-to-date: /home/louwee/correct_ws/install/correct_mapping/share/correct_mapping/maps/small_house/map.pgm
[1.020s] -- Up-to-date: /home/louwee/correct_ws/install/correct_mapping/share/correct_mapping/launch
[1.021s] -- Up-to-date: /home/louwee/correct_ws/install/correct_mapping/share/correct_mapping/launch/slam.launch.py
[1.021s] -- Up-to-date: /home/louwee/correct_ws/install/correct_mapping/share/correct_mapping/config
[1.022s] -- Up-to-date: /home/louwee/correct_ws/install/correct_mapping/share/correct_mapping/config/slam_toolbox.yaml
[1.022s] -- Up-to-date: /home/louwee/correct_ws/install/correct_mapping/share/ament_index/resource_index/package_run_dependencies/correct_mapping
[1.022s] -- Up-to-date: /home/louwee/correct_ws/install/correct_mapping/share/ament_index/resource_index/parent_prefix_path/correct_mapping
[1.023s] -- Up-to-date: /home/louwee/correct_ws/install/correct_mapping/share/correct_mapping/environment/ament_prefix_path.sh
[1.023s] -- Up-to-date: /home/louwee/correct_ws/install/correct_mapping/share/correct_mapping/environment/ament_prefix_path.dsv
[1.024s] -- Up-to-date: /home/louwee/correct_ws/install/correct_mapping/share/correct_mapping/environment/path.sh
[1.030s] -- Up-to-date: /home/louwee/correct_ws/install/correct_mapping/share/correct_mapping/environment/path.dsv
[1.030s] -- Up-to-date: /home/louwee/correct_ws/install/correct_mapping/share/correct_mapping/local_setup.bash
[1.031s] -- Up-to-date: /home/louwee/correct_ws/install/correct_mapping/share/correct_mapping/local_setup.sh
[1.031s] -- Up-to-date: /home/louwee/correct_ws/install/correct_mapping/share/correct_mapping/local_setup.zsh
[1.031s] -- Up-to-date: /home/louwee/correct_ws/install/correct_mapping/share/correct_mapping/local_setup.dsv
[1.032s] -- Installing: /home/louwee/correct_ws/install/correct_mapping/share/correct_mapping/package.dsv
[1.034s] -- Up-to-date: /home/louwee/correct_ws/install/correct_mapping/share/ament_index/resource_index/packages/correct_mapping
[1.034s] -- Up-to-date: /home/louwee/correct_ws/install/correct_mapping/share/correct_mapping/cmake/correct_mappingConfig.cmake
[1.034s] -- Up-to-date: /home/louwee/correct_ws/install/correct_mapping/share/correct_mapping/cmake/correct_mappingConfig-version.cmake
[1.035s] -- Up-to-date: /home/louwee/correct_ws/install/correct_mapping/share/correct_mapping/package.xml
[1.105s] Invoked command in '/home/louwee/correct_ws/build/correct_mapping' returned '0': CMAKE_PREFIX_PATH=/opt/ros/humble /usr/bin/cmake --install /home/louwee/correct_ws/build/correct_mapping
