[0.044s] Invoking command in '/home/louwee/correct_ws/build/correct_motion': CMAKE_PREFIX_PATH=/opt/ros/humble /usr/bin/cmake --build /home/louwee/correct_ws/build/correct_motion -- -j12 -l12
[0.094s] -- Found ament_cmake: 1.3.11 (/opt/ros/humble/share/ament_cmake/cmake)
[0.399s] -- Found rclcpp: 16.0.11 (/opt/ros/humble/share/rclcpp/cmake)
[0.516s] -- Found rosidl_generator_c: 3.1.6 (/opt/ros/humble/share/rosidl_generator_c/cmake)
[0.530s] -- Found rosidl_adapter: 3.1.6 (/opt/ros/humble/share/rosidl_adapter/cmake)
[0.553s] -- Found rosidl_generator_cpp: 3.1.6 (/opt/ros/humble/share/rosidl_generator_cpp/cmake)
[0.591s] -- Using all available rosidl_typesupport_c: rosidl_typesupport_fastrtps_c;rosidl_typesupport_introspection_c
[0.630s] -- Using all available rosidl_typesupport_cpp: rosidl_typesupport_fastrtps_cpp;rosidl_typesupport_introspection_cpp
[0.739s] -- Found rmw_implementation_cmake: 6.1.2 (/opt/ros/humble/share/rmw_implementation_cmake/cmake)
[0.744s] -- Found rmw_fastrtps_cpp: 6.2.7 (/opt/ros/humble/share/rmw_fastrtps_cpp/cmake)
[1.020s] -- Found OpenSSL: /usr/lib/x86_64-linux-gnu/libcrypto.so (found version "3.0.2")  
[1.042s] -- Found FastRTPS: /opt/ros/humble/include  
[1.044s] -- Using RMW implementation 'rmw_fastrtps_cpp' as default
[1.050s] -- Looking for pthread.h
[1.224s] -- Looking for pthread.h - found
[1.224s] -- Performing Test CMAKE_HAVE_LIBC_PTHREAD
[1.297s] -- Performing Test CMAKE_HAVE_LIBC_PTHREAD - Success
[1.298s] -- Found Threads: TRUE  
[1.430s] -- Found rclpy: 3.3.15 (/opt/ros/humble/share/rclpy/cmake)
[1.434s] -- Found nav_msgs: 4.2.4 (/opt/ros/humble/share/nav_msgs/cmake)
[1.524s] -- Found tf2: 0.25.12 (/opt/ros/humble/share/tf2/cmake)
[1.544s] -- Found tf2_ros: 0.25.12 (/opt/ros/humble/share/tf2_ros/cmake)
[1.722s] -- Found tf2_geometry_msgs: 0.25.12 (/opt/ros/humble/share/tf2_geometry_msgs/cmake)
[1.748s] -- Found eigen3_cmake_module: 0.1.1 (/opt/ros/humble/share/eigen3_cmake_module/cmake)
[1.751s] -- Found Eigen3: TRUE (found version "3.4.0") 
[1.751s] -- Ensuring Eigen3 include directory is part of orocos-kdl CMake target
[1.866s] [31mCMake Error at CMakeLists.txt:38 (install):
[1.866s]   install TARGETS given target "pd_motion_planner" which does not exist.
[1.866s] 
[1.867s] [0m
[1.867s] -- Found ament_lint_auto: 0.12.11 (/opt/ros/humble/share/ament_lint_auto/cmake)
[1.968s] -- Added test 'cppcheck' to perform static code analysis on C / C++ code
[1.968s] -- Configured cppcheck include dirs: /home/louwee/correct_ws/src/correct_motion/include
[1.968s] -- Configured cppcheck exclude dirs and/or files: 
[1.969s] -- Added test 'flake8' to check Python code syntax and style conventions
[1.970s] -- Added test 'lint_cmake' to check CMake code style
[1.970s] -- Added test 'pep257' to check Python code against some of the docstring style conventions in PEP 257
[1.971s] -- Added test 'uncrustify' to check C / C++ code style
[1.972s] -- Configured uncrustify additional arguments: 
[1.972s] -- Added test 'xmllint' to check XML markup files
[1.975s] -- Configuring incomplete, errors occurred!
[1.975s] See also "/home/louwee/correct_ws/build/correct_motion/CMakeFiles/CMakeOutput.log".
[1.991s] gmake: *** [Makefile:226: cmake_check_build_system] Error 1
[1.994s] Invoked command in '/home/louwee/correct_ws/build/correct_motion' returned '2': CMAKE_PREFIX_PATH=/opt/ros/humble /usr/bin/cmake --build /home/louwee/correct_ws/build/correct_motion -- -j12 -l12
