[0.061s] Invoking command in '/home/louwee/correct_ws/build/correct_firmware': CMAKE_PREFIX_PATH=/opt/ros/humble /usr/bin/cmake --build /home/louwee/correct_ws/build/correct_firmware -- -j12 -l12
[0.272s] [  0%] Built target ament_cmake_python_copy_correct_firmware
[0.275s] [ 33%] Built target correct_firmware
[0.286s] [ 66%] Built target simple_serial_receiver
[0.336s] [100%] Built target simple_serial_transmitter
[1.311s] running egg_info
[1.316s] writing correct_firmware.egg-info/PKG-INFO
[1.316s] writing dependency_links to correct_firmware.egg-info/dependency_links.txt
[1.317s] writing top-level names to correct_firmware.egg-info/top_level.txt
[1.317s] reading manifest file 'correct_firmware.egg-info/SOURCES.txt'
[1.317s] writing manifest file 'correct_firmware.egg-info/SOURCES.txt'
[1.348s] [100%] Built target ament_cmake_python_build_correct_firmware_egg
[1.417s] Invoked command in '/home/louwee/correct_ws/build/correct_firmware' returned '0': CMAKE_PREFIX_PATH=/opt/ros/humble /usr/bin/cmake --build /home/louwee/correct_ws/build/correct_firmware -- -j12 -l12
[1.417s] Invoking command in '/home/louwee/correct_ws/build/correct_firmware': CMAKE_PREFIX_PATH=/opt/ros/humble /usr/bin/cmake --install /home/louwee/correct_ws/build/correct_firmware
[1.435s] -- Install configuration: ""
[1.437s] -- Up-to-date: /home/louwee/correct_ws/install/correct_firmware/share/correct_firmware/environment/pythonpath.sh
[1.437s] -- Up-to-date: /home/louwee/correct_ws/install/correct_firmware/share/correct_firmware/environment/pythonpath.dsv
[1.441s] -- Up-to-date: /home/louwee/correct_ws/install/correct_firmware/local/lib/python3.10/dist-packages/correct_firmware-0.0.0-py3.10.egg-info
[1.442s] -- Installing: /home/louwee/correct_ws/install/correct_firmware/local/lib/python3.10/dist-packages/correct_firmware-0.0.0-py3.10.egg-info/top_level.txt
[1.442s] -- Installing: /home/louwee/correct_ws/install/correct_firmware/local/lib/python3.10/dist-packages/correct_firmware-0.0.0-py3.10.egg-info/PKG-INFO
[1.442s] -- Installing: /home/louwee/correct_ws/install/correct_firmware/local/lib/python3.10/dist-packages/correct_firmware-0.0.0-py3.10.egg-info/dependency_links.txt
[1.442s] -- Installing: /home/louwee/correct_ws/install/correct_firmware/local/lib/python3.10/dist-packages/correct_firmware-0.0.0-py3.10.egg-info/SOURCES.txt
[1.442s] -- Up-to-date: /home/louwee/correct_ws/install/correct_firmware/local/lib/python3.10/dist-packages/correct_firmware
[1.443s] -- Up-to-date: /home/louwee/correct_ws/install/correct_firmware/local/lib/python3.10/dist-packages/correct_firmware/simple_serial_transmitter.py
[1.443s] -- Up-to-date: /home/louwee/correct_ws/install/correct_firmware/local/lib/python3.10/dist-packages/correct_firmware/__init__.py
[1.443s] -- Up-to-date: /home/louwee/correct_ws/install/correct_firmware/local/lib/python3.10/dist-packages/correct_firmware/simple_serial_receiver.py
[1.537s] Listing '/home/louwee/correct_ws/install/correct_firmware/local/lib/python3.10/dist-packages/correct_firmware'...
[1.547s] -- Up-to-date: /home/louwee/correct_ws/install/correct_firmware/share/correct_firmware/correct_interface.xml
[1.547s] -- Up-to-date: /home/louwee/correct_ws/install/correct_firmware/lib/libcorrect_firmware.so
[1.548s] -- Up-to-date: /home/louwee/correct_ws/install/correct_firmware/include/include
[1.548s] -- Up-to-date: /home/louwee/correct_ws/install/correct_firmware/include/include/correct_firmware
[1.548s] -- Up-to-date: /home/louwee/correct_ws/install/correct_firmware/include/include/correct_firmware/correct_interface.hpp
[1.548s] -- Up-to-date: /home/louwee/correct_ws/install/correct_firmware/share/correct_firmware/launch
[1.548s] -- Up-to-date: /home/louwee/correct_ws/install/correct_firmware/share/correct_firmware/launch/hardware_interface.launch.py
[1.549s] -- Up-to-date: /home/louwee/correct_ws/install/correct_firmware/lib/correct_firmware/simple_serial_transmitter.py
[1.550s] -- Up-to-date: /home/louwee/correct_ws/install/correct_firmware/lib/correct_firmware/simple_serial_receiver.py
[1.555s] -- Up-to-date: /home/louwee/correct_ws/install/correct_firmware/lib/correct_firmware/simple_serial_receiver
[1.555s] -- Up-to-date: /home/louwee/correct_ws/install/correct_firmware/lib/correct_firmware/simple_serial_transmitter
[1.555s] -- Up-to-date: /home/louwee/correct_ws/install/correct_firmware/share/correct_firmware/environment/library_path.sh
[1.555s] -- Up-to-date: /home/louwee/correct_ws/install/correct_firmware/share/correct_firmware/environment/library_path.dsv
[1.555s] -- Up-to-date: /home/louwee/correct_ws/install/correct_firmware/share/ament_index/resource_index/package_run_dependencies/correct_firmware
[1.555s] -- Up-to-date: /home/louwee/correct_ws/install/correct_firmware/share/ament_index/resource_index/parent_prefix_path/correct_firmware
[1.555s] -- Up-to-date: /home/louwee/correct_ws/install/correct_firmware/share/correct_firmware/environment/ament_prefix_path.sh
[1.556s] -- Up-to-date: /home/louwee/correct_ws/install/correct_firmware/share/correct_firmware/environment/ament_prefix_path.dsv
[1.556s] -- Up-to-date: /home/louwee/correct_ws/install/correct_firmware/share/correct_firmware/environment/path.sh
[1.556s] -- Up-to-date: /home/louwee/correct_ws/install/correct_firmware/share/correct_firmware/environment/path.dsv
[1.556s] -- Up-to-date: /home/louwee/correct_ws/install/correct_firmware/share/correct_firmware/local_setup.bash
[1.556s] -- Up-to-date: /home/louwee/correct_ws/install/correct_firmware/share/correct_firmware/local_setup.sh
[1.556s] -- Up-to-date: /home/louwee/correct_ws/install/correct_firmware/share/correct_firmware/local_setup.zsh
[1.556s] -- Up-to-date: /home/louwee/correct_ws/install/correct_firmware/share/correct_firmware/local_setup.dsv
[1.557s] -- Installing: /home/louwee/correct_ws/install/correct_firmware/share/correct_firmware/package.dsv
[1.557s] -- Up-to-date: /home/louwee/correct_ws/install/correct_firmware/share/ament_index/resource_index/packages/correct_firmware
[1.557s] -- Up-to-date: /home/louwee/correct_ws/install/correct_firmware/share/ament_index/resource_index/hardware_interface__pluginlib__plugin/correct_firmware
[1.557s] -- Up-to-date: /home/louwee/correct_ws/install/correct_firmware/share/correct_firmware/cmake/ament_cmake_export_include_directories-extras.cmake
[1.557s] -- Up-to-date: /home/louwee/correct_ws/install/correct_firmware/share/correct_firmware/cmake/ament_cmake_export_libraries-extras.cmake
[1.557s] -- Up-to-date: /home/louwee/correct_ws/install/correct_firmware/share/correct_firmware/cmake/ament_cmake_export_dependencies-extras.cmake
[1.557s] -- Up-to-date: /home/louwee/correct_ws/install/correct_firmware/share/correct_firmware/cmake/correct_firmwareConfig.cmake
[1.557s] -- Up-to-date: /home/louwee/correct_ws/install/correct_firmware/share/correct_firmware/cmake/correct_firmwareConfig-version.cmake
[1.557s] -- Up-to-date: /home/louwee/correct_ws/install/correct_firmware/share/correct_firmware/package.xml
[2.164s] Invoked command in '/home/louwee/correct_ws/build/correct_firmware' returned '0': CMAKE_PREFIX_PATH=/opt/ros/humble /usr/bin/cmake --install /home/louwee/correct_ws/build/correct_firmware
