[0.014s] Invoking command in '/home/louwee/correct_ws/build/correct_cpp_examples': CMAKE_PREFIX_PATH=/home/louwee/correct_ws/install/correct_msgs:/home/louwee/correct_ws/install/correct_utils:/home/louwee/correct_ws/install/correct_pkg:/home/louwee/correct_ws/install/correct_cpp_examples:/home/louwee/correct_ws/install/correct_mapping:/home/louwee/correct_ws/install/correct_localization:/home/louwee/correct_ws/install/correct_firmware:/home/louwee/correct_ws/install/correct_controller:/home/louwee/correct_ws/install/correct_bringup:/home/louwee/correct_ws/install/computer_vision:/home/louwee/correct_ws/install/correct_py_examples:/opt/ros/humble LD_LIBRARY_PATH=/home/louwee/correct_ws/install/correct_msgs/lib:/home/louwee/correct_ws/install/correct_cpp_examples/lib:/home/louwee/correct_ws/install/correct_firmware/lib:/usr/local/cuda-12.6/lib64:/usr/local/cuda/lib64:/usr/lib/x86_64-linux-gnu/gazebo-11/plugins:/opt/ros/humble/opt/rviz_ogre_vendor/lib:/opt/ros/humble/lib/x86_64-linux-gnu:/opt/ros/humble/lib /usr/bin/cmake --build /home/louwee/correct_ws/build/correct_cpp_examples -- -j12 -l12
[0.097s] [  6%] Built target simple_parameter
[0.097s] [ 13%] Built target simple_turtlesim_kinematics
[0.097s] [ 20%] Built target simple_subscriber
[0.098s] [ 26%] Built target executor_examples
[0.100s] [ 33%] Built target simple_lifecycle_node
[0.101s] [ 40%] Built target simple_action_server_node
[0.103s] [ 53%] Built target simple_tf_kinematics
[0.103s] [ 53%] Built target simple_publisher
[0.106s] [ 60%] Built target simple_service_client
[0.106s] [ 66%] Built target simple_action_server
[0.107s] [ 80%] Built target simple_service_server
[0.108s] [ 80%] Built target simple_action_client
[0.128s] [ 93%] Built target simple_qos_publisher
[0.129s] [ 93%] Built target simple_action_client_node
[0.131s] [100%] Built target simple_qos_subscriber
[0.319s] Invoked command in '/home/louwee/correct_ws/build/correct_cpp_examples' returned '0': CMAKE_PREFIX_PATH=/home/louwee/correct_ws/install/correct_msgs:/home/louwee/correct_ws/install/correct_utils:/home/louwee/correct_ws/install/correct_pkg:/home/louwee/correct_ws/install/correct_cpp_examples:/home/louwee/correct_ws/install/correct_mapping:/home/louwee/correct_ws/install/correct_localization:/home/louwee/correct_ws/install/correct_firmware:/home/louwee/correct_ws/install/correct_controller:/home/louwee/correct_ws/install/correct_bringup:/home/louwee/correct_ws/install/computer_vision:/home/louwee/correct_ws/install/correct_py_examples:/opt/ros/humble LD_LIBRARY_PATH=/home/louwee/correct_ws/install/correct_msgs/lib:/home/louwee/correct_ws/install/correct_cpp_examples/lib:/home/louwee/correct_ws/install/correct_firmware/lib:/usr/local/cuda-12.6/lib64:/usr/local/cuda/lib64:/usr/lib/x86_64-linux-gnu/gazebo-11/plugins:/opt/ros/humble/opt/rviz_ogre_vendor/lib:/opt/ros/humble/lib/x86_64-linux-gnu:/opt/ros/humble/lib /usr/bin/cmake --build /home/louwee/correct_ws/build/correct_cpp_examples -- -j12 -l12
[0.321s] Invoking command in '/home/louwee/correct_ws/build/correct_cpp_examples': CMAKE_PREFIX_PATH=/home/louwee/correct_ws/install/correct_msgs:/home/louwee/correct_ws/install/correct_utils:/home/louwee/correct_ws/install/correct_pkg:/home/louwee/correct_ws/install/correct_cpp_examples:/home/louwee/correct_ws/install/correct_mapping:/home/louwee/correct_ws/install/correct_localization:/home/louwee/correct_ws/install/correct_firmware:/home/louwee/correct_ws/install/correct_controller:/home/louwee/correct_ws/install/correct_bringup:/home/louwee/correct_ws/install/computer_vision:/home/louwee/correct_ws/install/correct_py_examples:/opt/ros/humble LD_LIBRARY_PATH=/home/louwee/correct_ws/install/correct_msgs/lib:/home/louwee/correct_ws/install/correct_cpp_examples/lib:/home/louwee/correct_ws/install/correct_firmware/lib:/usr/local/cuda-12.6/lib64:/usr/local/cuda/lib64:/usr/lib/x86_64-linux-gnu/gazebo-11/plugins:/opt/ros/humble/opt/rviz_ogre_vendor/lib:/opt/ros/humble/lib/x86_64-linux-gnu:/opt/ros/humble/lib /usr/bin/cmake --install /home/louwee/correct_ws/build/correct_cpp_examples
[0.329s] -- Install configuration: ""
[0.330s] -- Up-to-date: /home/louwee/correct_ws/install/correct_cpp_examples/lib/correct_cpp_examples/simple_action_server_node
[0.330s] -- Up-to-date: /home/louwee/correct_ws/install/correct_cpp_examples/lib/correct_cpp_examples/simple_action_client_node
[0.331s] -- Up-to-date: /home/louwee/correct_ws/install/correct_cpp_examples/include/include
[0.331s] -- Up-to-date: /home/louwee/correct_ws/install/correct_cpp_examples/include/include/correct_cpp_examples
[0.331s] -- Up-to-date: /home/louwee/correct_ws/install/correct_cpp_examples/include/include/correct_cpp_examples/simple_turtlesim_kinematics.hpp
[0.331s] -- Up-to-date: /home/louwee/correct_ws/install/correct_cpp_examples/include/include/correct_cpp_examples/simple_tf_kinematics.hpp
[0.331s] -- Up-to-date: /home/louwee/correct_ws/install/correct_cpp_examples/lib/correct_cpp_examples/simple_publisher
[0.332s] -- Up-to-date: /home/louwee/correct_ws/install/correct_cpp_examples/lib/correct_cpp_examples/simple_subscriber
[0.333s] -- Up-to-date: /home/louwee/correct_ws/install/correct_cpp_examples/lib/correct_cpp_examples/simple_qos_publisher
[0.334s] -- Up-to-date: /home/louwee/correct_ws/install/correct_cpp_examples/lib/correct_cpp_examples/simple_qos_subscriber
[0.335s] -- Up-to-date: /home/louwee/correct_ws/install/correct_cpp_examples/lib/correct_cpp_examples/simple_parameter
[0.336s] -- Up-to-date: /home/louwee/correct_ws/install/correct_cpp_examples/lib/correct_cpp_examples/simple_turtlesim_kinematics
[0.336s] -- Up-to-date: /home/louwee/correct_ws/install/correct_cpp_examples/lib/correct_cpp_examples/simple_service_server
[0.337s] -- Up-to-date: /home/louwee/correct_ws/install/correct_cpp_examples/lib/correct_cpp_examples/simple_service_client
[0.338s] -- Up-to-date: /home/louwee/correct_ws/install/correct_cpp_examples/lib/correct_cpp_examples/simple_tf_kinematics
[0.339s] -- Up-to-date: /home/louwee/correct_ws/install/correct_cpp_examples/lib/correct_cpp_examples/simple_lifecycle_node
[0.340s] -- Up-to-date: /home/louwee/correct_ws/install/correct_cpp_examples/lib/correct_cpp_examples/executor_examples
[0.341s] -- Up-to-date: /home/louwee/correct_ws/install/correct_cpp_examples/lib/libsimple_action_server.so
[0.342s] -- Up-to-date: /home/louwee/correct_ws/install/correct_cpp_examples/lib/libsimple_action_client.so
[0.343s] -- Up-to-date: /home/louwee/correct_ws/install/correct_cpp_examples/share/ament_index/resource_index/package_run_dependencies/correct_cpp_examples
[0.343s] -- Up-to-date: /home/louwee/correct_ws/install/correct_cpp_examples/share/ament_index/resource_index/parent_prefix_path/correct_cpp_examples
[0.343s] -- Up-to-date: /home/louwee/correct_ws/install/correct_cpp_examples/share/correct_cpp_examples/environment/ament_prefix_path.sh
[0.343s] -- Up-to-date: /home/louwee/correct_ws/install/correct_cpp_examples/share/correct_cpp_examples/environment/ament_prefix_path.dsv
[0.343s] -- Up-to-date: /home/louwee/correct_ws/install/correct_cpp_examples/share/correct_cpp_examples/environment/path.sh
[0.344s] -- Up-to-date: /home/louwee/correct_ws/install/correct_cpp_examples/share/correct_cpp_examples/environment/path.dsv
[0.344s] -- Up-to-date: /home/louwee/correct_ws/install/correct_cpp_examples/share/correct_cpp_examples/local_setup.bash
[0.344s] -- Up-to-date: /home/louwee/correct_ws/install/correct_cpp_examples/share/correct_cpp_examples/local_setup.sh
[0.344s] -- Up-to-date: /home/louwee/correct_ws/install/correct_cpp_examples/share/correct_cpp_examples/local_setup.zsh
[0.344s] -- Up-to-date: /home/louwee/correct_ws/install/correct_cpp_examples/share/correct_cpp_examples/local_setup.dsv
[0.344s] -- Installing: /home/louwee/correct_ws/install/correct_cpp_examples/share/correct_cpp_examples/package.dsv
[0.344s] -- Up-to-date: /home/louwee/correct_ws/install/correct_cpp_examples/share/ament_index/resource_index/packages/correct_cpp_examples
[0.344s] -- Up-to-date: /home/louwee/correct_ws/install/correct_cpp_examples/share/ament_index/resource_index/rclcpp_components/correct_cpp_examples
[0.344s] -- Up-to-date: /home/louwee/correct_ws/install/correct_cpp_examples/share/correct_cpp_examples/cmake/correct_cpp_examplesConfig.cmake
[0.344s] -- Up-to-date: /home/louwee/correct_ws/install/correct_cpp_examples/share/correct_cpp_examples/cmake/correct_cpp_examplesConfig-version.cmake
[0.345s] -- Up-to-date: /home/louwee/correct_ws/install/correct_cpp_examples/share/correct_cpp_examples/package.xml
[0.346s] Invoked command in '/home/louwee/correct_ws/build/correct_cpp_examples' returned '0': CMAKE_PREFIX_PATH=/home/louwee/correct_ws/install/correct_msgs:/home/louwee/correct_ws/install/correct_utils:/home/louwee/correct_ws/install/correct_pkg:/home/louwee/correct_ws/install/correct_cpp_examples:/home/louwee/correct_ws/install/correct_mapping:/home/louwee/correct_ws/install/correct_localization:/home/louwee/correct_ws/install/correct_firmware:/home/louwee/correct_ws/install/correct_controller:/home/louwee/correct_ws/install/correct_bringup:/home/louwee/correct_ws/install/computer_vision:/home/louwee/correct_ws/install/correct_py_examples:/opt/ros/humble LD_LIBRARY_PATH=/home/louwee/correct_ws/install/correct_msgs/lib:/home/louwee/correct_ws/install/correct_cpp_examples/lib:/home/louwee/correct_ws/install/correct_firmware/lib:/usr/local/cuda-12.6/lib64:/usr/local/cuda/lib64:/usr/lib/x86_64-linux-gnu/gazebo-11/plugins:/opt/ros/humble/opt/rviz_ogre_vendor/lib:/opt/ros/humble/lib/x86_64-linux-gnu:/opt/ros/humble/lib /usr/bin/cmake --install /home/louwee/correct_ws/build/correct_cpp_examples
