[0.039s] Invoking command in '/home/louwee/correct_ws/build/correct_utils': CMAKE_PREFIX_PATH=/opt/ros/humble /usr/bin/cmake --build /home/louwee/correct_ws/build/correct_utils -- -j12 -l12
[0.162s] [  0%] Built target ament_cmake_python_copy_correct_utils
[0.171s] [100%] Built target safety_stop
[0.533s] running egg_info
[0.534s] writing correct_utils.egg-info/PKG-INFO
[0.534s] writing dependency_links to correct_utils.egg-info/dependency_links.txt
[0.535s] writing top-level names to correct_utils.egg-info/top_level.txt
[0.537s] reading manifest file 'correct_utils.egg-info/SOURCES.txt'
[0.538s] writing manifest file 'correct_utils.egg-info/SOURCES.txt'
[0.574s] [100%] Built target ament_cmake_python_build_correct_utils_egg
[0.585s] Invoked command in '/home/louwee/correct_ws/build/correct_utils' returned '0': CMAKE_PREFIX_PATH=/opt/ros/humble /usr/bin/cmake --build /home/louwee/correct_ws/build/correct_utils -- -j12 -l12
[0.587s] Invoking command in '/home/louwee/correct_ws/build/correct_utils': CMAKE_PREFIX_PATH=/opt/ros/humble /usr/bin/cmake --install /home/louwee/correct_ws/build/correct_utils
[0.596s] -- Install configuration: ""
[0.596s] -- Up-to-date: /home/louwee/correct_ws/install/correct_utils/share/correct_utils/environment/pythonpath.sh
[0.598s] -- Up-to-date: /home/louwee/correct_ws/install/correct_utils/share/correct_utils/environment/pythonpath.dsv
[0.599s] -- Up-to-date: /home/louwee/correct_ws/install/correct_utils/local/lib/python3.10/dist-packages/correct_utils-0.0.0-py3.10.egg-info
[0.599s] -- Installing: /home/louwee/correct_ws/install/correct_utils/local/lib/python3.10/dist-packages/correct_utils-0.0.0-py3.10.egg-info/top_level.txt
[0.599s] -- Installing: /home/louwee/correct_ws/install/correct_utils/local/lib/python3.10/dist-packages/correct_utils-0.0.0-py3.10.egg-info/PKG-INFO
[0.599s] -- Installing: /home/louwee/correct_ws/install/correct_utils/local/lib/python3.10/dist-packages/correct_utils-0.0.0-py3.10.egg-info/dependency_links.txt
[0.599s] -- Installing: /home/louwee/correct_ws/install/correct_utils/local/lib/python3.10/dist-packages/correct_utils-0.0.0-py3.10.egg-info/SOURCES.txt
[0.600s] -- Up-to-date: /home/louwee/correct_ws/install/correct_utils/local/lib/python3.10/dist-packages/correct_utils
[0.600s] -- Up-to-date: /home/louwee/correct_ws/install/correct_utils/local/lib/python3.10/dist-packages/correct_utils/__init__.py
[0.600s] -- Up-to-date: /home/louwee/correct_ws/install/correct_utils/local/lib/python3.10/dist-packages/correct_utils/safety_stop.py
[0.636s] Listing '/home/louwee/correct_ws/install/correct_utils/local/lib/python3.10/dist-packages/correct_utils'...
[0.643s] -- Up-to-date: /home/louwee/correct_ws/install/correct_utils/lib/correct_utils/safety_stop
[0.643s] -- Up-to-date: /home/louwee/correct_ws/install/correct_utils/lib/correct_utils/safety_stop.py
[0.643s] -- Up-to-date: /home/louwee/correct_ws/install/correct_utils/share/ament_index/resource_index/package_run_dependencies/correct_utils
[0.644s] -- Up-to-date: /home/louwee/correct_ws/install/correct_utils/share/ament_index/resource_index/parent_prefix_path/correct_utils
[0.644s] -- Up-to-date: /home/louwee/correct_ws/install/correct_utils/share/correct_utils/environment/ament_prefix_path.sh
[0.644s] -- Up-to-date: /home/louwee/correct_ws/install/correct_utils/share/correct_utils/environment/ament_prefix_path.dsv
[0.644s] -- Up-to-date: /home/louwee/correct_ws/install/correct_utils/share/correct_utils/environment/path.sh
[0.644s] -- Up-to-date: /home/louwee/correct_ws/install/correct_utils/share/correct_utils/environment/path.dsv
[0.644s] -- Up-to-date: /home/louwee/correct_ws/install/correct_utils/share/correct_utils/local_setup.bash
[0.645s] -- Up-to-date: /home/louwee/correct_ws/install/correct_utils/share/correct_utils/local_setup.sh
[0.645s] -- Up-to-date: /home/louwee/correct_ws/install/correct_utils/share/correct_utils/local_setup.zsh
[0.645s] -- Up-to-date: /home/louwee/correct_ws/install/correct_utils/share/correct_utils/local_setup.dsv
[0.645s] -- Installing: /home/louwee/correct_ws/install/correct_utils/share/correct_utils/package.dsv
[0.645s] -- Up-to-date: /home/louwee/correct_ws/install/correct_utils/share/ament_index/resource_index/packages/correct_utils
[0.646s] -- Up-to-date: /home/louwee/correct_ws/install/correct_utils/share/correct_utils/cmake/correct_utilsConfig.cmake
[0.646s] -- Up-to-date: /home/louwee/correct_ws/install/correct_utils/share/correct_utils/cmake/correct_utilsConfig-version.cmake
[0.646s] -- Up-to-date: /home/louwee/correct_ws/install/correct_utils/share/correct_utils/package.xml
[0.660s] Invoked command in '/home/louwee/correct_ws/build/correct_utils' returned '0': CMAKE_PREFIX_PATH=/opt/ros/humble /usr/bin/cmake --install /home/louwee/correct_ws/build/correct_utils
