[0.041s] Invoking command in '/home/louwee/correct_ws/build/correct_controller': CMAKE_PREFIX_PATH=/opt/ros/humble /usr/bin/cmake --build /home/louwee/correct_ws/build/correct_controller -- -j12 -l12
[0.177s] [ 33%] Built target noisy_controller
[0.195s] [ 66%] Built target twist_relay
[0.200s] [ 66%] Built target ament_cmake_python_copy_correct_controller
[0.216s] [100%] Built target simple_controller
[0.797s] running egg_info
[0.797s] writing correct_controller.egg-info/PKG-INFO
[0.797s] writing dependency_links to correct_controller.egg-info/dependency_links.txt
[0.798s] writing top-level names to correct_controller.egg-info/top_level.txt
[0.800s] reading manifest file 'correct_controller.egg-info/SOURCES.txt'
[0.801s] writing manifest file 'correct_controller.egg-info/SOURCES.txt'
[0.900s] [100%] Built target ament_cmake_python_build_correct_controller_egg
[0.929s] Invoked command in '/home/louwee/correct_ws/build/correct_controller' returned '0': CMAKE_PREFIX_PATH=/opt/ros/humble /usr/bin/cmake --build /home/louwee/correct_ws/build/correct_controller -- -j12 -l12
[0.931s] Invoking command in '/home/louwee/correct_ws/build/correct_controller': CMAKE_PREFIX_PATH=/opt/ros/humble /usr/bin/cmake --install /home/louwee/correct_ws/build/correct_controller
[0.935s] -- Install configuration: ""
[0.936s] -- Up-to-date: /home/louwee/correct_ws/install/correct_controller/share/correct_controller/environment/pythonpath.sh
[0.936s] -- Up-to-date: /home/louwee/correct_ws/install/correct_controller/share/correct_controller/environment/pythonpath.dsv
[0.936s] -- Up-to-date: /home/louwee/correct_ws/install/correct_controller/local/lib/python3.10/dist-packages/correct_controller-0.0.0-py3.10.egg-info
[0.936s] -- Installing: /home/louwee/correct_ws/install/correct_controller/local/lib/python3.10/dist-packages/correct_controller-0.0.0-py3.10.egg-info/top_level.txt
[0.936s] -- Installing: /home/louwee/correct_ws/install/correct_controller/local/lib/python3.10/dist-packages/correct_controller-0.0.0-py3.10.egg-info/PKG-INFO
[0.937s] -- Installing: /home/louwee/correct_ws/install/correct_controller/local/lib/python3.10/dist-packages/correct_controller-0.0.0-py3.10.egg-info/dependency_links.txt
[0.937s] -- Installing: /home/louwee/correct_ws/install/correct_controller/local/lib/python3.10/dist-packages/correct_controller-0.0.0-py3.10.egg-info/SOURCES.txt
[0.937s] -- Up-to-date: /home/louwee/correct_ws/install/correct_controller/local/lib/python3.10/dist-packages/correct_controller
[0.938s] -- Up-to-date: /home/louwee/correct_ws/install/correct_controller/local/lib/python3.10/dist-packages/correct_controller/simple_controller.py
[0.938s] -- Up-to-date: /home/louwee/correct_ws/install/correct_controller/local/lib/python3.10/dist-packages/correct_controller/__init__.py
[0.938s] -- Up-to-date: /home/louwee/correct_ws/install/correct_controller/local/lib/python3.10/dist-packages/correct_controller/noisy_controller.py
[0.938s] -- Up-to-date: /home/louwee/correct_ws/install/correct_controller/local/lib/python3.10/dist-packages/correct_controller/twist_relay.py
[0.992s] Listing '/home/louwee/correct_ws/install/correct_controller/local/lib/python3.10/dist-packages/correct_controller'...
[1.003s] -- Up-to-date: /home/louwee/correct_ws/install/correct_controller/include/include
[1.003s] -- Up-to-date: /home/louwee/correct_ws/install/correct_controller/include/include/correct_controller
[1.004s] -- Up-to-date: /home/louwee/correct_ws/install/correct_controller/include/include/correct_controller/simple_controller.hpp
[1.004s] -- Up-to-date: /home/louwee/correct_ws/install/correct_controller/include/include/correct_controller/noisy_controller.hpp
[1.004s] -- Up-to-date: /home/louwee/correct_ws/install/correct_controller/lib/correct_controller/simple_controller
[1.004s] -- Up-to-date: /home/louwee/correct_ws/install/correct_controller/lib/correct_controller/noisy_controller
[1.005s] -- Up-to-date: /home/louwee/correct_ws/install/correct_controller/lib/correct_controller/twist_relay
[1.005s] -- Up-to-date: /home/louwee/correct_ws/install/correct_controller/share/correct_controller/launch
[1.005s] -- Up-to-date: /home/louwee/correct_ws/install/correct_controller/share/correct_controller/launch/controller.launch.py
[1.006s] -- Up-to-date: /home/louwee/correct_ws/install/correct_controller/share/correct_controller/launch/joystick_teleop.launch.py
[1.007s] -- Up-to-date: /home/louwee/correct_ws/install/correct_controller/share/correct_controller/config
[1.007s] -- Up-to-date: /home/louwee/correct_ws/install/correct_controller/share/correct_controller/config/twist_mux_locks.yaml
[1.007s] -- Up-to-date: /home/louwee/correct_ws/install/correct_controller/share/correct_controller/config/twist_mux_joy.yaml
[1.007s] -- Up-to-date: /home/louwee/correct_ws/install/correct_controller/share/correct_controller/config/joy_teleop.yaml
[1.007s] -- Up-to-date: /home/louwee/correct_ws/install/correct_controller/share/correct_controller/config/joy_config.yaml
[1.007s] -- Up-to-date: /home/louwee/correct_ws/install/correct_controller/share/correct_controller/config/twist_mux_topics.yaml
[1.007s] -- Up-to-date: /home/louwee/correct_ws/install/correct_controller/share/correct_controller/config/correct_controller.yaml
[1.007s] -- Up-to-date: /home/louwee/correct_ws/install/correct_controller/lib/correct_controller/simple_controller.py
[1.007s] -- Up-to-date: /home/louwee/correct_ws/install/correct_controller/lib/correct_controller/noisy_controller.py
[1.008s] -- Up-to-date: /home/louwee/correct_ws/install/correct_controller/lib/correct_controller/twist_relay.py
[1.008s] -- Up-to-date: /home/louwee/correct_ws/install/correct_controller/share/ament_index/resource_index/package_run_dependencies/correct_controller
[1.008s] -- Up-to-date: /home/louwee/correct_ws/install/correct_controller/share/ament_index/resource_index/parent_prefix_path/correct_controller
[1.008s] -- Up-to-date: /home/louwee/correct_ws/install/correct_controller/share/correct_controller/environment/ament_prefix_path.sh
[1.008s] -- Up-to-date: /home/louwee/correct_ws/install/correct_controller/share/correct_controller/environment/ament_prefix_path.dsv
[1.008s] -- Up-to-date: /home/louwee/correct_ws/install/correct_controller/share/correct_controller/environment/path.sh
[1.008s] -- Up-to-date: /home/louwee/correct_ws/install/correct_controller/share/correct_controller/environment/path.dsv
[1.009s] -- Up-to-date: /home/louwee/correct_ws/install/correct_controller/share/correct_controller/local_setup.bash
[1.009s] -- Up-to-date: /home/louwee/correct_ws/install/correct_controller/share/correct_controller/local_setup.sh
[1.009s] -- Up-to-date: /home/louwee/correct_ws/install/correct_controller/share/correct_controller/local_setup.zsh
[1.009s] -- Up-to-date: /home/louwee/correct_ws/install/correct_controller/share/correct_controller/local_setup.dsv
[1.009s] -- Installing: /home/louwee/correct_ws/install/correct_controller/share/correct_controller/package.dsv
[1.009s] -- Up-to-date: /home/louwee/correct_ws/install/correct_controller/share/ament_index/resource_index/packages/correct_controller
[1.010s] -- Up-to-date: /home/louwee/correct_ws/install/correct_controller/share/correct_controller/cmake/correct_controllerConfig.cmake
[1.010s] -- Up-to-date: /home/louwee/correct_ws/install/correct_controller/share/correct_controller/cmake/correct_controllerConfig-version.cmake
[1.010s] -- Up-to-date: /home/louwee/correct_ws/install/correct_controller/share/correct_controller/package.xml
[1.108s] Invoked command in '/home/louwee/correct_ws/build/correct_controller' returned '0': CMAKE_PREFIX_PATH=/opt/ros/humble /usr/bin/cmake --install /home/louwee/correct_ws/build/correct_controller
