[0.052s] Invoking command in '/home/louwee/correct_ws/build/correct_planning': CMAKE_PREFIX_PATH=/opt/ros/humble /usr/bin/cmake --build /home/louwee/correct_ws/build/correct_planning -- -j12 -l12
[0.096s] -- Found ament_cmake: 1.3.11 (/opt/ros/humble/share/ament_cmake/cmake)
[0.332s] -- Found rclpy: 3.3.15 (/opt/ros/humble/share/rclpy/cmake)
[0.332s] -- Found rclcpp: 16.0.11 (/opt/ros/humble/share/rclcpp/cmake)
[0.386s] -- Found rosidl_generator_c: 3.1.6 (/opt/ros/humble/share/rosidl_generator_c/cmake)
[0.391s] -- Found rosidl_adapter: 3.1.6 (/opt/ros/humble/share/rosidl_adapter/cmake)
[0.404s] -- Found rosidl_generator_cpp: 3.1.6 (/opt/ros/humble/share/rosidl_generator_cpp/cmake)
[0.423s] -- Using all available rosidl_typesupport_c: rosidl_typesupport_fastrtps_c;rosidl_typesupport_introspection_c
[0.447s] -- Using all available rosidl_typesupport_cpp: rosidl_typesupport_fastrtps_cpp;rosidl_typesupport_introspection_cpp
[0.513s] -- Found rmw_implementation_cmake: 6.1.2 (/opt/ros/humble/share/rmw_implementation_cmake/cmake)
[0.513s] -- Found rmw_fastrtps_cpp: 6.2.7 (/opt/ros/humble/share/rmw_fastrtps_cpp/cmake)
[0.800s] -- Using RMW implementation 'rmw_fastrtps_cpp' as default
[0.826s] -- Found nav_msgs: 4.2.4 (/opt/ros/humble/share/nav_msgs/cmake)
[0.846s] -- Found tf2_ros: 0.25.12 (/opt/ros/humble/share/tf2_ros/cmake)
[1.013s] [31mCMake Error at CMakeLists.txt:37 (install):
[1.013s]   install TARGETS given target "a_star_planning" which does not exist.
[1.013s] 
[1.013s] [0m
[1.013s] -- Found ament_lint_auto: 0.12.11 (/opt/ros/humble/share/ament_lint_auto/cmake)
[1.136s] -- Added test 'cppcheck' to perform static code analysis on C / C++ code
[1.136s] -- Configured cppcheck include dirs: /home/louwee/correct_ws/src/correct_planning/include
[1.136s] -- Configured cppcheck exclude dirs and/or files: 
[1.137s] -- Added test 'flake8' to check Python code syntax and style conventions
[1.138s] -- Added test 'lint_cmake' to check CMake code style
[1.138s] -- Added test 'pep257' to check Python code against some of the docstring style conventions in PEP 257
[1.140s] -- Added test 'uncrustify' to check C / C++ code style
[1.140s] -- Configured uncrustify additional arguments: 
[1.140s] -- Added test 'xmllint' to check XML markup files
[1.143s] -- Configuring incomplete, errors occurred!
[1.143s] See also "/home/louwee/correct_ws/build/correct_planning/CMakeFiles/CMakeOutput.log".
[1.153s] gmake: *** [Makefile:254: cmake_check_build_system] Error 1
[1.320s] Invoked command in '/home/louwee/correct_ws/build/correct_planning' returned '2': CMAKE_PREFIX_PATH=/opt/ros/humble /usr/bin/cmake --build /home/louwee/correct_ws/build/correct_planning -- -j12 -l12
