[0.045s] Invoking command in '/home/louwee/correct_ws/build/correct_cpp_examples': AMENT_PREFIX_PATH=/home/louwee/correct_ws/install/correct_msgs:${AMENT_PREFIX_PATH} CMAKE_PREFIX_PATH=/home/louwee/correct_ws/install/correct_msgs:/opt/ros/humble LD_LIBRARY_PATH=/home/louwee/correct_ws/install/correct_msgs/lib:${LD_LIBRARY_PATH} PYTHONPATH=/home/louwee/correct_ws/install/correct_msgs/local/lib/python3.10/dist-packages:${PYTHONPATH} /usr/bin/cmake --build /home/louwee/correct_ws/build/correct_cpp_examples -- -j12 -l12
[0.328s] [ 21%] Built target simple_publisher
[0.329s] [ 28%] Built target simple_turtlesim_kinematics
[0.329s] [ 42%] Built target simple_service_server
[0.330s] [ 57%] Built target simple_subscriber
[0.332s] [ 71%] Built target simple_service_client
[0.336s] [ 85%] Built target simple_parameter
[0.346s] [100%] Built target simple_tf_kinematics
[0.393s] Invoked command in '/home/louwee/correct_ws/build/correct_cpp_examples' returned '0': AMENT_PREFIX_PATH=/home/louwee/correct_ws/install/correct_msgs:${AMENT_PREFIX_PATH} CMAKE_PREFIX_PATH=/home/louwee/correct_ws/install/correct_msgs:/opt/ros/humble LD_LIBRARY_PATH=/home/louwee/correct_ws/install/correct_msgs/lib:${LD_LIBRARY_PATH} PYTHONPATH=/home/louwee/correct_ws/install/correct_msgs/local/lib/python3.10/dist-packages:${PYTHONPATH} /usr/bin/cmake --build /home/louwee/correct_ws/build/correct_cpp_examples -- -j12 -l12
[0.400s] Invoking command in '/home/louwee/correct_ws/build/correct_cpp_examples': AMENT_PREFIX_PATH=/home/louwee/correct_ws/install/correct_msgs:${AMENT_PREFIX_PATH} CMAKE_PREFIX_PATH=/home/louwee/correct_ws/install/correct_msgs:/opt/ros/humble LD_LIBRARY_PATH=/home/louwee/correct_ws/install/correct_msgs/lib:${LD_LIBRARY_PATH} PYTHONPATH=/home/louwee/correct_ws/install/correct_msgs/local/lib/python3.10/dist-packages:${PYTHONPATH} /usr/bin/cmake --install /home/louwee/correct_ws/build/correct_cpp_examples
[0.429s] -- Install configuration: ""
[0.430s] -- Up-to-date: /home/louwee/correct_ws/install/correct_cpp_examples/include/include
[0.430s] -- Up-to-date: /home/louwee/correct_ws/install/correct_cpp_examples/include/include/correct_cpp_examples
[0.431s] -- Up-to-date: /home/louwee/correct_ws/install/correct_cpp_examples/include/include/correct_cpp_examples/simple_turtlesim_kinematics.hpp
[0.431s] -- Up-to-date: /home/louwee/correct_ws/install/correct_cpp_examples/include/include/correct_cpp_examples/simple_tf_kinematics.hpp
[0.432s] -- Up-to-date: /home/louwee/correct_ws/install/correct_cpp_examples/lib/correct_cpp_examples/simple_publisher
[0.433s] -- Up-to-date: /home/louwee/correct_ws/install/correct_cpp_examples/lib/correct_cpp_examples/simple_subscriber
[0.434s] -- Up-to-date: /home/louwee/correct_ws/install/correct_cpp_examples/lib/correct_cpp_examples/simple_parameter
[0.435s] -- Up-to-date: /home/louwee/correct_ws/install/correct_cpp_examples/lib/correct_cpp_examples/simple_turtlesim_kinematics
[0.437s] -- Up-to-date: /home/louwee/correct_ws/install/correct_cpp_examples/lib/correct_cpp_examples/simple_service_server
[0.439s] -- Up-to-date: /home/louwee/correct_ws/install/correct_cpp_examples/lib/correct_cpp_examples/simple_service_client
[0.440s] -- Up-to-date: /home/louwee/correct_ws/install/correct_cpp_examples/lib/correct_cpp_examples/simple_tf_kinematics
[0.441s] -- Up-to-date: /home/louwee/correct_ws/install/correct_cpp_examples/share/ament_index/resource_index/package_run_dependencies/correct_cpp_examples
[0.442s] -- Up-to-date: /home/louwee/correct_ws/install/correct_cpp_examples/share/ament_index/resource_index/parent_prefix_path/correct_cpp_examples
[0.443s] -- Up-to-date: /home/louwee/correct_ws/install/correct_cpp_examples/share/correct_cpp_examples/environment/ament_prefix_path.sh
[0.443s] -- Up-to-date: /home/louwee/correct_ws/install/correct_cpp_examples/share/correct_cpp_examples/environment/ament_prefix_path.dsv
[0.444s] -- Up-to-date: /home/louwee/correct_ws/install/correct_cpp_examples/share/correct_cpp_examples/environment/path.sh
[0.444s] -- Up-to-date: /home/louwee/correct_ws/install/correct_cpp_examples/share/correct_cpp_examples/environment/path.dsv
[0.445s] -- Up-to-date: /home/louwee/correct_ws/install/correct_cpp_examples/share/correct_cpp_examples/local_setup.bash
[0.445s] -- Up-to-date: /home/louwee/correct_ws/install/correct_cpp_examples/share/correct_cpp_examples/local_setup.sh
[0.445s] -- Up-to-date: /home/louwee/correct_ws/install/correct_cpp_examples/share/correct_cpp_examples/local_setup.zsh
[0.446s] -- Up-to-date: /home/louwee/correct_ws/install/correct_cpp_examples/share/correct_cpp_examples/local_setup.dsv
[0.446s] -- Installing: /home/louwee/correct_ws/install/correct_cpp_examples/share/correct_cpp_examples/package.dsv
[0.447s] -- Up-to-date: /home/louwee/correct_ws/install/correct_cpp_examples/share/ament_index/resource_index/packages/correct_cpp_examples
[0.447s] -- Up-to-date: /home/louwee/correct_ws/install/correct_cpp_examples/share/correct_cpp_examples/cmake/correct_cpp_examplesConfig.cmake
[0.448s] -- Up-to-date: /home/louwee/correct_ws/install/correct_cpp_examples/share/correct_cpp_examples/cmake/correct_cpp_examplesConfig-version.cmake
[0.448s] -- Up-to-date: /home/louwee/correct_ws/install/correct_cpp_examples/share/correct_cpp_examples/package.xml
[0.455s] Invoked command in '/home/louwee/correct_ws/build/correct_cpp_examples' returned '0': AMENT_PREFIX_PATH=/home/louwee/correct_ws/install/correct_msgs:${AMENT_PREFIX_PATH} CMAKE_PREFIX_PATH=/home/louwee/correct_ws/install/correct_msgs:/opt/ros/humble LD_LIBRARY_PATH=/home/louwee/correct_ws/install/correct_msgs/lib:${LD_LIBRARY_PATH} PYTHONPATH=/home/louwee/correct_ws/install/correct_msgs/local/lib/python3.10/dist-packages:${PYTHONPATH} /usr/bin/cmake --install /home/louwee/correct_ws/build/correct_cpp_examples
