[0.989s] Invoking command in '/home/louwee/correct_ws/src/correct_py_examples': AMENT_PREFIX_PATH=/home/louwee/correct_ws/install/correct_msgs:${AMENT_PREFIX_PATH} CMAKE_PREFIX_PATH=/home/louwee/correct_ws/install/correct_msgs LD_LIBRARY_PATH=/home/louwee/correct_ws/install/correct_msgs/lib:${LD_LIBRARY_PATH} PYTHONPATH=/home/louwee/correct_ws/build/correct_py_examples/prefix_override:/usr/lib/python3/dist-packages/colcon_core/task/python/colcon_distutils_commands:/home/louwee/correct_ws/install/correct_py_examples/lib/python3.10/site-packages:/home/louwee/correct_ws/install/correct_msgs/local/lib/python3.10/dist-packages:${PYTHONPATH} /usr/bin/python3 -W ignore:setup.py install is deprecated -W ignore:easy_install command is deprecated setup.py egg_info --egg-base ../../build/correct_py_examples build --build-base /home/louwee/correct_ws/build/correct_py_examples/build install --record /home/louwee/correct_ws/build/correct_py_examples/install.log --single-version-externally-managed install_data
[1.824s] running egg_info
[1.827s] writing ../../build/correct_py_examples/correct_py_examples.egg-info/PKG-INFO
[1.827s] writing dependency_links to ../../build/correct_py_examples/correct_py_examples.egg-info/dependency_links.txt
[1.828s] writing entry points to ../../build/correct_py_examples/correct_py_examples.egg-info/entry_points.txt
[1.828s] writing requirements to ../../build/correct_py_examples/correct_py_examples.egg-info/requires.txt
[1.829s] writing top-level names to ../../build/correct_py_examples/correct_py_examples.egg-info/top_level.txt
[1.837s] reading manifest file '../../build/correct_py_examples/correct_py_examples.egg-info/SOURCES.txt'
[1.842s] writing manifest file '../../build/correct_py_examples/correct_py_examples.egg-info/SOURCES.txt'
[1.842s] running build
[1.842s] running build_py
[1.845s] running install
[1.847s] running install_lib
[1.854s] running install_data
[1.854s] running install_egg_info
[1.862s] removing '/home/louwee/correct_ws/install/correct_py_examples/lib/python3.10/site-packages/correct_py_examples-0.0.0-py3.10.egg-info' (and everything under it)
[1.863s] Copying ../../build/correct_py_examples/correct_py_examples.egg-info to /home/louwee/correct_ws/install/correct_py_examples/lib/python3.10/site-packages/correct_py_examples-0.0.0-py3.10.egg-info
[1.867s] running install_scripts
[1.928s] Installing simple_lifecycle_node script to /home/louwee/correct_ws/install/correct_py_examples/lib/correct_py_examples
[1.928s] Installing simple_parameter script to /home/louwee/correct_ws/install/correct_py_examples/lib/correct_py_examples
[1.929s] Installing simple_publisher script to /home/louwee/correct_ws/install/correct_py_examples/lib/correct_py_examples
[1.929s] Installing simple_service_client script to /home/louwee/correct_ws/install/correct_py_examples/lib/correct_py_examples
[1.930s] Installing simple_service_server script to /home/louwee/correct_ws/install/correct_py_examples/lib/correct_py_examples
[1.930s] Installing simple_subscriber script to /home/louwee/correct_ws/install/correct_py_examples/lib/correct_py_examples
[1.930s] Installing simple_tf_kinematics script to /home/louwee/correct_ws/install/correct_py_examples/lib/correct_py_examples
[1.931s] Installing simple_turtlesim_kinematics script to /home/louwee/correct_ws/install/correct_py_examples/lib/correct_py_examples
[1.932s] writing list of installed files to '/home/louwee/correct_ws/build/correct_py_examples/install.log'
[1.986s] Invoked command in '/home/louwee/correct_ws/src/correct_py_examples' returned '0': AMENT_PREFIX_PATH=/home/louwee/correct_ws/install/correct_msgs:${AMENT_PREFIX_PATH} CMAKE_PREFIX_PATH=/home/louwee/correct_ws/install/correct_msgs LD_LIBRARY_PATH=/home/louwee/correct_ws/install/correct_msgs/lib:${LD_LIBRARY_PATH} PYTHONPATH=/home/louwee/correct_ws/build/correct_py_examples/prefix_override:/usr/lib/python3/dist-packages/colcon_core/task/python/colcon_distutils_commands:/home/louwee/correct_ws/install/correct_py_examples/lib/python3.10/site-packages:/home/louwee/correct_ws/install/correct_msgs/local/lib/python3.10/dist-packages:${PYTHONPATH} /usr/bin/python3 -W ignore:setup.py install is deprecated -W ignore:easy_install command is deprecated setup.py egg_info --egg-base ../../build/correct_py_examples build --build-base /home/louwee/correct_ws/build/correct_py_examples/build install --record /home/louwee/correct_ws/build/correct_py_examples/install.log --single-version-externally-managed install_data
