[0.032s] Invoking command in '/home/louwee/correct_ws/build/correct_firmware': CMAKE_PREFIX_PATH=/opt/ros/humble /usr/bin/cmake /home/louwee/correct_ws/src/correct_firmware -DCMAKE_INSTALL_PREFIX=/home/louwee/correct_ws/install/correct_firmware
[0.264s] -- The C compiler identification is GNU 11.4.0
[0.273s] -- The CXX compiler identification is GNU 11.4.0
[0.287s] -- Detecting C compiler ABI info
[0.364s] -- Detecting C compiler ABI info - done
[0.379s] -- Check for working C compiler: /usr/bin/cc - skipped
[0.379s] -- Detecting C compile features
[0.380s] -- Detecting C compile features - done
[0.386s] -- Detecting CXX compiler ABI info
[0.489s] -- Detecting CXX compiler ABI info - done
[0.504s] -- Check for working CXX compiler: /usr/bin/c++ - skipped
[0.504s] -- Detecting CXX compile features
[0.504s] -- Detecting CXX compile features - done
[0.508s] -- Found ament_cmake: 1.3.11 (/opt/ros/humble/share/ament_cmake/cmake)
[0.709s] -- Found Python3: /usr/bin/python3 (found version "3.10.12") found components: Interpreter 
[0.839s] -- Found rclcpp: 16.0.11 (/opt/ros/humble/share/rclcpp/cmake)
[0.902s] -- Found rosidl_generator_c: 3.1.6 (/opt/ros/humble/share/rosidl_generator_c/cmake)
[0.912s] -- Found rosidl_adapter: 3.1.6 (/opt/ros/humble/share/rosidl_adapter/cmake)
[0.928s] -- Found rosidl_generator_cpp: 3.1.6 (/opt/ros/humble/share/rosidl_generator_cpp/cmake)
[0.950s] -- Using all available rosidl_typesupport_c: rosidl_typesupport_fastrtps_c;rosidl_typesupport_introspection_c
[0.972s] -- Using all available rosidl_typesupport_cpp: rosidl_typesupport_fastrtps_cpp;rosidl_typesupport_introspection_cpp
[1.032s] -- Found rmw_implementation_cmake: 6.1.2 (/opt/ros/humble/share/rmw_implementation_cmake/cmake)
[1.036s] -- Found rmw_fastrtps_cpp: 6.2.7 (/opt/ros/humble/share/rmw_fastrtps_cpp/cmake)
[1.137s] -- Found OpenSSL: /usr/lib/x86_64-linux-gnu/libcrypto.so (found version "3.0.2")  
[1.166s] -- Found FastRTPS: /opt/ros/humble/include  
[1.205s] -- Using RMW implementation 'rmw_fastrtps_cpp' as default
[1.215s] -- Looking for pthread.h
[1.285s] -- Looking for pthread.h - found
[1.286s] -- Performing Test CMAKE_HAVE_LIBC_PTHREAD
[1.354s] -- Performing Test CMAKE_HAVE_LIBC_PTHREAD - Success
[1.355s] -- Found Threads: TRUE  
[1.417s] -- Found rclcpp_lifecycle: 16.0.11 (/opt/ros/humble/share/rclcpp_lifecycle/cmake)
[1.441s] -- Found hardware_interface: 2.48.0 (/opt/ros/humble/share/hardware_interface/cmake)
[1.605s] -- Found rclpy: 3.3.15 (/opt/ros/humble/share/rclpy/cmake)
[1.609s] -- Found PkgConfig: /usr/bin/pkg-config (found version "0.29.2") 
[1.610s] -- Checking for module 'libserial'
[1.623s] --   Found libserial, version 1.0.0
[1.745s] [31mCMake Error at /opt/ros/humble/share/pluginlib/cmake/pluginlib_export_plugin_description_file.cmake:84 (message):
[1.745s]   Given plugin description file
[1.745s]   '/home/louwee/correct_ws/src/correct_firmware/bumperbot_interface.xml' does
[1.746s]   not exist
[1.746s] Call Stack (most recent call first):
[1.746s]   CMakeLists.txt:40 (pluginlib_export_plugin_description_file)
[1.746s] 
[1.746s] [0m
[1.746s] -- Configuring incomplete, errors occurred!
[1.746s] See also "/home/louwee/correct_ws/build/correct_firmware/CMakeFiles/CMakeOutput.log".
[1.754s] Invoked command in '/home/louwee/correct_ws/build/correct_firmware' returned '1': CMAKE_PREFIX_PATH=/opt/ros/humble /usr/bin/cmake /home/louwee/correct_ws/src/correct_firmware -DCMAKE_INSTALL_PREFIX=/home/louwee/correct_ws/install/correct_firmware
