[0.721s] Invoking command in '/home/louwee/correct_ws/src/correct_py_examples': CMAKE_PREFIX_PATH=/home/louwee/correct_ws/install/correct_msgs:/home/louwee/correct_ws/install/correct_pkg:/home/louwee/correct_ws/install/correct_cpp_examples:/home/louwee/correct_ws/install/correct_localization:/home/louwee/correct_ws/install/correct_firmware:/home/louwee/correct_ws/install/correct_controller:/home/louwee/correct_ws/install/correct_bringup:/home/louwee/correct_ws/install/computer_vision PYTHONPATH=/home/louwee/correct_ws/build/correct_py_examples/prefix_override:/usr/lib/python3/dist-packages/colcon_core/task/python/colcon_distutils_commands:/home/louwee/correct_ws/install/correct_py_examples/lib/python3.10/site-packages:${PYTHONPATH} /usr/bin/python3 -W ignore:setup.py install is deprecated -W ignore:easy_install command is deprecated setup.py egg_info --egg-base ../../build/correct_py_examples build --build-base /home/louwee/correct_ws/build/correct_py_examples/build install --record /home/louwee/correct_ws/build/correct_py_examples/install.log --single-version-externally-managed install_data
[0.956s] running egg_info
[0.957s] writing ../../build/correct_py_examples/correct_py_examples.egg-info/PKG-INFO
[0.957s] writing dependency_links to ../../build/correct_py_examples/correct_py_examples.egg-info/dependency_links.txt
[0.957s] writing entry points to ../../build/correct_py_examples/correct_py_examples.egg-info/entry_points.txt
[0.957s] writing requirements to ../../build/correct_py_examples/correct_py_examples.egg-info/requires.txt
[0.957s] writing top-level names to ../../build/correct_py_examples/correct_py_examples.egg-info/top_level.txt
[0.959s] reading manifest file '../../build/correct_py_examples/correct_py_examples.egg-info/SOURCES.txt'
[0.960s] writing manifest file '../../build/correct_py_examples/correct_py_examples.egg-info/SOURCES.txt'
[0.960s] running build
[0.960s] running build_py
[0.961s] running install
[0.961s] running install_lib
[0.963s] running install_data
[0.963s] running install_egg_info
[0.965s] removing '/home/louwee/correct_ws/install/correct_py_examples/lib/python3.10/site-packages/correct_py_examples-0.0.0-py3.10.egg-info' (and everything under it)
[0.965s] Copying ../../build/correct_py_examples/correct_py_examples.egg-info to /home/louwee/correct_ws/install/correct_py_examples/lib/python3.10/site-packages/correct_py_examples-0.0.0-py3.10.egg-info
[0.967s] running install_scripts
[1.005s] Installing simple_lifecycle_node script to /home/louwee/correct_ws/install/correct_py_examples/lib/correct_py_examples
[1.005s] Installing simple_parameter script to /home/louwee/correct_ws/install/correct_py_examples/lib/correct_py_examples
[1.006s] Installing simple_publisher script to /home/louwee/correct_ws/install/correct_py_examples/lib/correct_py_examples
[1.006s] Installing simple_service_client script to /home/louwee/correct_ws/install/correct_py_examples/lib/correct_py_examples
[1.006s] Installing simple_service_server script to /home/louwee/correct_ws/install/correct_py_examples/lib/correct_py_examples
[1.006s] Installing simple_subscriber script to /home/louwee/correct_ws/install/correct_py_examples/lib/correct_py_examples
[1.006s] Installing simple_tf_kinematics script to /home/louwee/correct_ws/install/correct_py_examples/lib/correct_py_examples
[1.006s] Installing simple_turtlesim_kinematics script to /home/louwee/correct_ws/install/correct_py_examples/lib/correct_py_examples
[1.007s] writing list of installed files to '/home/louwee/correct_ws/build/correct_py_examples/install.log'
[1.030s] Invoked command in '/home/louwee/correct_ws/src/correct_py_examples' returned '0': CMAKE_PREFIX_PATH=/home/louwee/correct_ws/install/correct_msgs:/home/louwee/correct_ws/install/correct_pkg:/home/louwee/correct_ws/install/correct_cpp_examples:/home/louwee/correct_ws/install/correct_localization:/home/louwee/correct_ws/install/correct_firmware:/home/louwee/correct_ws/install/correct_controller:/home/louwee/correct_ws/install/correct_bringup:/home/louwee/correct_ws/install/computer_vision PYTHONPATH=/home/louwee/correct_ws/build/correct_py_examples/prefix_override:/usr/lib/python3/dist-packages/colcon_core/task/python/colcon_distutils_commands:/home/louwee/correct_ws/install/correct_py_examples/lib/python3.10/site-packages:${PYTHONPATH} /usr/bin/python3 -W ignore:setup.py install is deprecated -W ignore:easy_install command is deprecated setup.py egg_info --egg-base ../../build/correct_py_examples build --build-base /home/louwee/correct_ws/build/correct_py_examples/build install --record /home/louwee/correct_ws/build/correct_py_examples/install.log --single-version-externally-managed install_data
