[0.053s] Invoking command in '/home/louwee/correct_ws/build/correct_motion': CMAKE_PREFIX_PATH=/opt/ros/humble /usr/bin/cmake --build /home/louwee/correct_ws/build/correct_motion -- -j12 -l12
[0.203s] [  0%] Built target ament_cmake_python_copy_correct_motion
[0.220s] [ 50%] [32mBuilding CXX object CMakeFiles/pd_motion_planner.dir/src/pd_motion_planner.cpp.o[0m
[0.755s] running egg_info
[0.755s] writing correct_motion.egg-info/PKG-INFO
[0.755s] writing dependency_links to correct_motion.egg-info/dependency_links.txt
[0.756s] writing top-level names to correct_motion.egg-info/top_level.txt
[0.757s] reading manifest file 'correct_motion.egg-info/SOURCES.txt'
[0.759s] writing manifest file 'correct_motion.egg-info/SOURCES.txt'
[0.913s] [ 50%] Built target ament_cmake_python_build_correct_motion_egg
[9.040s] [100%] [32m[1mLinking CXX executable pd_motion_planner[0m
[9.433s] [100%] Built target pd_motion_planner
[9.444s] Invoked command in '/home/louwee/correct_ws/build/correct_motion' returned '0': CMAKE_PREFIX_PATH=/opt/ros/humble /usr/bin/cmake --build /home/louwee/correct_ws/build/correct_motion -- -j12 -l12
[9.446s] Invoking command in '/home/louwee/correct_ws/build/correct_motion': CMAKE_PREFIX_PATH=/opt/ros/humble /usr/bin/cmake --install /home/louwee/correct_ws/build/correct_motion
[9.452s] -- Install configuration: ""
[9.452s] -- Installing: /home/louwee/correct_ws/install/correct_motion/share/correct_motion/environment/pythonpath.sh
[9.452s] -- Installing: /home/louwee/correct_ws/install/correct_motion/share/correct_motion/environment/pythonpath.dsv
[9.452s] -- Installing: /home/louwee/correct_ws/install/correct_motion/local/lib/python3.10/dist-packages/correct_motion-0.0.0-py3.10.egg-info
[9.452s] -- Installing: /home/louwee/correct_ws/install/correct_motion/local/lib/python3.10/dist-packages/correct_motion-0.0.0-py3.10.egg-info/top_level.txt
[9.452s] -- Installing: /home/louwee/correct_ws/install/correct_motion/local/lib/python3.10/dist-packages/correct_motion-0.0.0-py3.10.egg-info/PKG-INFO
[9.453s] -- Installing: /home/louwee/correct_ws/install/correct_motion/local/lib/python3.10/dist-packages/correct_motion-0.0.0-py3.10.egg-info/dependency_links.txt
[9.453s] -- Installing: /home/louwee/correct_ws/install/correct_motion/local/lib/python3.10/dist-packages/correct_motion-0.0.0-py3.10.egg-info/SOURCES.txt
[9.453s] -- Installing: /home/louwee/correct_ws/install/correct_motion/local/lib/python3.10/dist-packages/correct_motion
[9.453s] -- Installing: /home/louwee/correct_ws/install/correct_motion/local/lib/python3.10/dist-packages/correct_motion/pd_motion_planner.py
[9.453s] -- Installing: /home/louwee/correct_ws/install/correct_motion/local/lib/python3.10/dist-packages/correct_motion/__init__.py
[9.481s] Listing '/home/louwee/correct_ws/install/correct_motion/local/lib/python3.10/dist-packages/correct_motion'...
[9.482s] Compiling '/home/louwee/correct_ws/install/correct_motion/local/lib/python3.10/dist-packages/correct_motion/__init__.py'...
[9.482s] Compiling '/home/louwee/correct_ws/install/correct_motion/local/lib/python3.10/dist-packages/correct_motion/pd_motion_planner.py'...
[9.485s] -- Installing: /home/louwee/correct_ws/install/correct_motion/include/include
[9.485s] -- Installing: /home/louwee/correct_ws/install/correct_motion/include/include/correct_motion
[9.486s] -- Installing: /home/louwee/correct_ws/install/correct_motion/include/include/correct_motion/pd_motion_planner.hpp
[9.486s] -- Installing: /home/louwee/correct_ws/install/correct_motion/lib/correct_motion/pd_motion_planner
[9.489s] -- Set runtime path of "/home/louwee/correct_ws/install/correct_motion/lib/correct_motion/pd_motion_planner" to ""
[9.489s] -- Installing: /home/louwee/correct_ws/install/correct_motion/lib/correct_motion/pd_motion_planner.py
[9.489s] -- Installing: /home/louwee/correct_ws/install/correct_motion/share/ament_index/resource_index/package_run_dependencies/correct_motion
[9.489s] -- Up-to-date: /home/louwee/correct_ws/install/correct_motion/share/ament_index/resource_index/parent_prefix_path/correct_motion
[9.489s] -- Up-to-date: /home/louwee/correct_ws/install/correct_motion/share/correct_motion/environment/ament_prefix_path.sh
[9.489s] -- Installing: /home/louwee/correct_ws/install/correct_motion/share/correct_motion/environment/ament_prefix_path.dsv
[9.489s] -- Up-to-date: /home/louwee/correct_ws/install/correct_motion/share/correct_motion/environment/path.sh
[9.489s] -- Installing: /home/louwee/correct_ws/install/correct_motion/share/correct_motion/environment/path.dsv
[9.490s] -- Up-to-date: /home/louwee/correct_ws/install/correct_motion/share/correct_motion/local_setup.bash
[9.490s] -- Installing: /home/louwee/correct_ws/install/correct_motion/share/correct_motion/local_setup.sh
[9.490s] -- Up-to-date: /home/louwee/correct_ws/install/correct_motion/share/correct_motion/local_setup.zsh
[9.490s] -- Installing: /home/louwee/correct_ws/install/correct_motion/share/correct_motion/local_setup.dsv
[9.490s] -- Up-to-date: /home/louwee/correct_ws/install/correct_motion/share/correct_motion/package.dsv
[9.490s] -- Up-to-date: /home/louwee/correct_ws/install/correct_motion/share/ament_index/resource_index/packages/correct_motion
[9.490s] -- Installing: /home/louwee/correct_ws/install/correct_motion/share/correct_motion/cmake/ament_cmake_export_include_directories-extras.cmake
[9.490s] -- Installing: /home/louwee/correct_ws/install/correct_motion/share/correct_motion/cmake/ament_cmake_export_dependencies-extras.cmake
[9.490s] -- Installing: /home/louwee/correct_ws/install/correct_motion/share/correct_motion/cmake/correct_motionConfig.cmake
[9.490s] -- Up-to-date: /home/louwee/correct_ws/install/correct_motion/share/correct_motion/cmake/correct_motionConfig-version.cmake
[9.490s] -- Installing: /home/louwee/correct_ws/install/correct_motion/share/correct_motion/package.xml
[9.492s] Invoked command in '/home/louwee/correct_ws/build/correct_motion' returned '0': CMAKE_PREFIX_PATH=/opt/ros/humble /usr/bin/cmake --install /home/louwee/correct_ws/build/correct_motion
