[0.036s] Invoking command in '/home/louwee/correct_ws/build/correct_utils': CMAKE_PREFIX_PATH=/opt/ros/humble /usr/bin/cmake --build /home/louwee/correct_ws/build/correct_utils -- -j12 -l12
[0.067s] -- Found ament_cmake: 1.3.11 (/opt/ros/humble/share/ament_cmake/cmake)
[0.286s] -- Found rclpy: 3.3.15 (/opt/ros/humble/share/rclpy/cmake)
[0.286s] -- Found rclcpp: 16.0.11 (/opt/ros/humble/share/rclcpp/cmake)
[0.334s] -- Found rosidl_generator_c: 3.1.6 (/opt/ros/humble/share/rosidl_generator_c/cmake)
[0.339s] -- Found rosidl_adapter: 3.1.6 (/opt/ros/humble/share/rosidl_adapter/cmake)
[0.350s] -- Found rosidl_generator_cpp: 3.1.6 (/opt/ros/humble/share/rosidl_generator_cpp/cmake)
[0.369s] -- Using all available rosidl_typesupport_c: rosidl_typesupport_fastrtps_c;rosidl_typesupport_introspection_c
[0.392s] -- Using all available rosidl_typesupport_cpp: rosidl_typesupport_fastrtps_cpp;rosidl_typesupport_introspection_cpp
[0.455s] -- Found rmw_implementation_cmake: 6.1.2 (/opt/ros/humble/share/rmw_implementation_cmake/cmake)
[0.457s] -- Found rmw_fastrtps_cpp: 6.2.7 (/opt/ros/humble/share/rmw_fastrtps_cpp/cmake)
[0.634s] -- Using RMW implementation 'rmw_fastrtps_cpp' as default
[0.737s] -- Found rclcpp_action: 16.0.11 (/opt/ros/humble/share/rclcpp_action/cmake)
[0.786s] -- Found sensor_msgs: 4.2.4 (/opt/ros/humble/share/sensor_msgs/cmake)
[0.821s] -- Found twist_mux_msgs: 3.0.1 (/opt/ros/humble/share/twist_mux_msgs/cmake)
[0.838s] -- Found visualization_msgs: 4.2.4 (/opt/ros/humble/share/visualization_msgs/cmake)
[0.976s] -- Found ament_lint_auto: 0.12.11 (/opt/ros/humble/share/ament_lint_auto/cmake)
[1.047s] -- Added test 'cppcheck' to perform static code analysis on C / C++ code
[1.047s] -- Configured cppcheck include dirs: 
[1.047s] -- Configured cppcheck exclude dirs and/or files: 
[1.048s] -- Added test 'flake8' to check Python code syntax and style conventions
[1.048s] -- Added test 'lint_cmake' to check CMake code style
[1.048s] -- Added test 'pep257' to check Python code against some of the docstring style conventions in PEP 257
[1.049s] -- Added test 'uncrustify' to check C / C++ code style
[1.049s] -- Configured uncrustify additional arguments: 
[1.049s] -- Added test 'xmllint' to check XML markup files
[1.050s] -- Configuring done
[1.061s] -- Generating done
[1.066s] -- Build files have been written to: /home/louwee/correct_ws/build/correct_utils
[1.091s] [35m[1mConsolidate compiler generated dependencies of target safety_stop[0m
[1.109s] [  0%] Built target ament_cmake_python_copy_correct_utils
[1.117s] [100%] Built target safety_stop
[1.388s] running egg_info
[1.389s] writing correct_utils.egg-info/PKG-INFO
[1.389s] writing dependency_links to correct_utils.egg-info/dependency_links.txt
[1.389s] writing top-level names to correct_utils.egg-info/top_level.txt
[1.392s] reading manifest file 'correct_utils.egg-info/SOURCES.txt'
[1.392s] writing manifest file 'correct_utils.egg-info/SOURCES.txt'
[1.423s] [100%] Built target ament_cmake_python_build_correct_utils_egg
[1.435s] Invoked command in '/home/louwee/correct_ws/build/correct_utils' returned '0': CMAKE_PREFIX_PATH=/opt/ros/humble /usr/bin/cmake --build /home/louwee/correct_ws/build/correct_utils -- -j12 -l12
[1.437s] Invoking command in '/home/louwee/correct_ws/build/correct_utils': CMAKE_PREFIX_PATH=/opt/ros/humble /usr/bin/cmake --install /home/louwee/correct_ws/build/correct_utils
[1.445s] -- Install configuration: ""
[1.445s] -- Up-to-date: /home/louwee/correct_ws/install/correct_utils/share/correct_utils/environment/pythonpath.sh
[1.446s] -- Installing: /home/louwee/correct_ws/install/correct_utils/share/correct_utils/environment/pythonpath.dsv
[1.446s] -- Up-to-date: /home/louwee/correct_ws/install/correct_utils/local/lib/python3.10/dist-packages/correct_utils-0.0.0-py3.10.egg-info
[1.446s] -- Installing: /home/louwee/correct_ws/install/correct_utils/local/lib/python3.10/dist-packages/correct_utils-0.0.0-py3.10.egg-info/top_level.txt
[1.446s] -- Installing: /home/louwee/correct_ws/install/correct_utils/local/lib/python3.10/dist-packages/correct_utils-0.0.0-py3.10.egg-info/PKG-INFO
[1.446s] -- Installing: /home/louwee/correct_ws/install/correct_utils/local/lib/python3.10/dist-packages/correct_utils-0.0.0-py3.10.egg-info/dependency_links.txt
[1.446s] -- Installing: /home/louwee/correct_ws/install/correct_utils/local/lib/python3.10/dist-packages/correct_utils-0.0.0-py3.10.egg-info/SOURCES.txt
[1.446s] -- Up-to-date: /home/louwee/correct_ws/install/correct_utils/local/lib/python3.10/dist-packages/correct_utils
[1.447s] -- Up-to-date: /home/louwee/correct_ws/install/correct_utils/local/lib/python3.10/dist-packages/correct_utils/__init__.py
[1.447s] -- Installing: /home/louwee/correct_ws/install/correct_utils/local/lib/python3.10/dist-packages/correct_utils/safety_stop.py
[1.493s] Listing '/home/louwee/correct_ws/install/correct_utils/local/lib/python3.10/dist-packages/correct_utils'...
[1.493s] Compiling '/home/louwee/correct_ws/install/correct_utils/local/lib/python3.10/dist-packages/correct_utils/safety_stop.py'...
[1.500s] -- Up-to-date: /home/louwee/correct_ws/install/correct_utils/lib/correct_utils/safety_stop
[1.500s] -- Installing: /home/louwee/correct_ws/install/correct_utils/lib/correct_utils/safety_stop.py
[1.500s] -- Installing: /home/louwee/correct_ws/install/correct_utils/share/ament_index/resource_index/package_run_dependencies/correct_utils
[1.500s] -- Up-to-date: /home/louwee/correct_ws/install/correct_utils/share/ament_index/resource_index/parent_prefix_path/correct_utils
[1.501s] -- Up-to-date: /home/louwee/correct_ws/install/correct_utils/share/correct_utils/environment/ament_prefix_path.sh
[1.501s] -- Installing: /home/louwee/correct_ws/install/correct_utils/share/correct_utils/environment/ament_prefix_path.dsv
[1.501s] -- Up-to-date: /home/louwee/correct_ws/install/correct_utils/share/correct_utils/environment/path.sh
[1.501s] -- Installing: /home/louwee/correct_ws/install/correct_utils/share/correct_utils/environment/path.dsv
[1.501s] -- Up-to-date: /home/louwee/correct_ws/install/correct_utils/share/correct_utils/local_setup.bash
[1.501s] -- Up-to-date: /home/louwee/correct_ws/install/correct_utils/share/correct_utils/local_setup.sh
[1.501s] -- Up-to-date: /home/louwee/correct_ws/install/correct_utils/share/correct_utils/local_setup.zsh
[1.502s] -- Installing: /home/louwee/correct_ws/install/correct_utils/share/correct_utils/local_setup.dsv
[1.502s] -- Installing: /home/louwee/correct_ws/install/correct_utils/share/correct_utils/package.dsv
[1.502s] -- Up-to-date: /home/louwee/correct_ws/install/correct_utils/share/ament_index/resource_index/packages/correct_utils
[1.502s] -- Up-to-date: /home/louwee/correct_ws/install/correct_utils/share/correct_utils/cmake/correct_utilsConfig.cmake
[1.502s] -- Up-to-date: /home/louwee/correct_ws/install/correct_utils/share/correct_utils/cmake/correct_utilsConfig-version.cmake
[1.502s] -- Installing: /home/louwee/correct_ws/install/correct_utils/share/correct_utils/package.xml
[1.505s] Invoked command in '/home/louwee/correct_ws/build/correct_utils' returned '0': CMAKE_PREFIX_PATH=/opt/ros/humble /usr/bin/cmake --install /home/louwee/correct_ws/build/correct_utils
