[0.039s] Invoking command in '/home/louwee/correct_ws/build/correct_utils': CMAKE_PREFIX_PATH=/opt/ros/humble /usr/bin/cmake --build /home/louwee/correct_ws/build/correct_utils -- -j12 -l12
[0.146s] [100%] Built target safety_stop
[0.167s] [100%] Built target ament_cmake_python_copy_correct_utils
[0.529s] running egg_info
[0.529s] writing correct_utils.egg-info/PKG-INFO
[0.529s] writing dependency_links to correct_utils.egg-info/dependency_links.txt
[0.530s] writing top-level names to correct_utils.egg-info/top_level.txt
[0.532s] reading manifest file 'correct_utils.egg-info/SOURCES.txt'
[0.533s] writing manifest file 'correct_utils.egg-info/SOURCES.txt'
[0.568s] [100%] Built target ament_cmake_python_build_correct_utils_egg
[0.579s] Invoked command in '/home/louwee/correct_ws/build/correct_utils' returned '0': CMAKE_PREFIX_PATH=/opt/ros/humble /usr/bin/cmake --build /home/louwee/correct_ws/build/correct_utils -- -j12 -l12
[0.582s] Invoking command in '/home/louwee/correct_ws/build/correct_utils': CMAKE_PREFIX_PATH=/opt/ros/humble /usr/bin/cmake --install /home/louwee/correct_ws/build/correct_utils
[0.590s] -- Install configuration: ""
[0.590s] -- Up-to-date: /home/louwee/correct_ws/install/correct_utils/share/correct_utils/environment/pythonpath.sh
[0.590s] -- Up-to-date: /home/louwee/correct_ws/install/correct_utils/share/correct_utils/environment/pythonpath.dsv
[0.590s] -- Up-to-date: /home/louwee/correct_ws/install/correct_utils/local/lib/python3.10/dist-packages/correct_utils-0.0.0-py3.10.egg-info
[0.591s] -- Installing: /home/louwee/correct_ws/install/correct_utils/local/lib/python3.10/dist-packages/correct_utils-0.0.0-py3.10.egg-info/top_level.txt
[0.591s] -- Installing: /home/louwee/correct_ws/install/correct_utils/local/lib/python3.10/dist-packages/correct_utils-0.0.0-py3.10.egg-info/PKG-INFO
[0.591s] -- Installing: /home/louwee/correct_ws/install/correct_utils/local/lib/python3.10/dist-packages/correct_utils-0.0.0-py3.10.egg-info/dependency_links.txt
[0.591s] -- Installing: /home/louwee/correct_ws/install/correct_utils/local/lib/python3.10/dist-packages/correct_utils-0.0.0-py3.10.egg-info/SOURCES.txt
[0.591s] -- Up-to-date: /home/louwee/correct_ws/install/correct_utils/local/lib/python3.10/dist-packages/correct_utils
[0.591s] -- Up-to-date: /home/louwee/correct_ws/install/correct_utils/local/lib/python3.10/dist-packages/correct_utils/__init__.py
[0.591s] -- Up-to-date: /home/louwee/correct_ws/install/correct_utils/local/lib/python3.10/dist-packages/correct_utils/safety_stop.py
[0.628s] Listing '/home/louwee/correct_ws/install/correct_utils/local/lib/python3.10/dist-packages/correct_utils'...
[0.635s] -- Up-to-date: /home/louwee/correct_ws/install/correct_utils/lib/correct_utils/safety_stop
[0.635s] -- Up-to-date: /home/louwee/correct_ws/install/correct_utils/lib/correct_utils/safety_stop.py
[0.636s] -- Up-to-date: /home/louwee/correct_ws/install/correct_utils/share/ament_index/resource_index/package_run_dependencies/correct_utils
[0.637s] -- Up-to-date: /home/louwee/correct_ws/install/correct_utils/share/ament_index/resource_index/parent_prefix_path/correct_utils
[0.637s] -- Up-to-date: /home/louwee/correct_ws/install/correct_utils/share/correct_utils/environment/ament_prefix_path.sh
[0.637s] -- Up-to-date: /home/louwee/correct_ws/install/correct_utils/share/correct_utils/environment/ament_prefix_path.dsv
[0.637s] -- Up-to-date: /home/louwee/correct_ws/install/correct_utils/share/correct_utils/environment/path.sh
[0.637s] -- Up-to-date: /home/louwee/correct_ws/install/correct_utils/share/correct_utils/environment/path.dsv
[0.637s] -- Up-to-date: /home/louwee/correct_ws/install/correct_utils/share/correct_utils/local_setup.bash
[0.637s] -- Up-to-date: /home/louwee/correct_ws/install/correct_utils/share/correct_utils/local_setup.sh
[0.638s] -- Up-to-date: /home/louwee/correct_ws/install/correct_utils/share/correct_utils/local_setup.zsh
[0.638s] -- Up-to-date: /home/louwee/correct_ws/install/correct_utils/share/correct_utils/local_setup.dsv
[0.638s] -- Installing: /home/louwee/correct_ws/install/correct_utils/share/correct_utils/package.dsv
[0.638s] -- Up-to-date: /home/louwee/correct_ws/install/correct_utils/share/ament_index/resource_index/packages/correct_utils
[0.638s] -- Up-to-date: /home/louwee/correct_ws/install/correct_utils/share/correct_utils/cmake/correct_utilsConfig.cmake
[0.638s] -- Up-to-date: /home/louwee/correct_ws/install/correct_utils/share/correct_utils/cmake/correct_utilsConfig-version.cmake
[0.638s] -- Up-to-date: /home/louwee/correct_ws/install/correct_utils/share/correct_utils/package.xml
[0.640s] Invoked command in '/home/louwee/correct_ws/build/correct_utils' returned '0': CMAKE_PREFIX_PATH=/opt/ros/humble /usr/bin/cmake --install /home/louwee/correct_ws/build/correct_utils
