[0.027s] Invoking command in '/home/louwee/correct_ws/build/correct_controller': CMAKE_PREFIX_PATH=/opt/ros/humble /usr/bin/cmake --build /home/louwee/correct_ws/build/correct_controller -- -j12 -l12
[0.101s] [  0%] Built target ament_cmake_python_copy_correct_controller
[0.116s] [ 50%] [32mBuilding CXX object CMakeFiles/simple_controller.dir/src/simple_controller.cpp.o[0m
[0.580s] running egg_info
[0.580s] writing correct_controller.egg-info/PKG-INFO
[0.580s] writing dependency_links to correct_controller.egg-info/dependency_links.txt
[0.580s] writing top-level names to correct_controller.egg-info/top_level.txt
[0.580s] reading manifest file 'correct_controller.egg-info/SOURCES.txt'
[0.580s] writing manifest file 'correct_controller.egg-info/SOURCES.txt'
[0.734s] [ 50%] Built target ament_cmake_python_build_correct_controller_egg
[11.791s] [100%] [32m[1mLinking CXX executable simple_controller[0m
[12.491s] [100%] Built target simple_controller
[12.501s] Invoked command in '/home/louwee/correct_ws/build/correct_controller' returned '0': CMAKE_PREFIX_PATH=/opt/ros/humble /usr/bin/cmake --build /home/louwee/correct_ws/build/correct_controller -- -j12 -l12
[12.502s] Invoking command in '/home/louwee/correct_ws/build/correct_controller': CMAKE_PREFIX_PATH=/opt/ros/humble /usr/bin/cmake --install /home/louwee/correct_ws/build/correct_controller
[12.513s] -- Install configuration: ""
[12.513s] -- Up-to-date: /home/louwee/correct_ws/install/correct_controller/share/correct_controller/environment/pythonpath.sh
[12.513s] -- Up-to-date: /home/louwee/correct_ws/install/correct_controller/share/correct_controller/environment/pythonpath.dsv
[12.513s] -- Up-to-date: /home/louwee/correct_ws/install/correct_controller/local/lib/python3.10/dist-packages/correct_controller-0.0.0-py3.10.egg-info
[12.513s] -- Installing: /home/louwee/correct_ws/install/correct_controller/local/lib/python3.10/dist-packages/correct_controller-0.0.0-py3.10.egg-info/top_level.txt
[12.514s] -- Installing: /home/louwee/correct_ws/install/correct_controller/local/lib/python3.10/dist-packages/correct_controller-0.0.0-py3.10.egg-info/PKG-INFO
[12.514s] -- Installing: /home/louwee/correct_ws/install/correct_controller/local/lib/python3.10/dist-packages/correct_controller-0.0.0-py3.10.egg-info/dependency_links.txt
[12.514s] -- Installing: /home/louwee/correct_ws/install/correct_controller/local/lib/python3.10/dist-packages/correct_controller-0.0.0-py3.10.egg-info/SOURCES.txt
[12.514s] -- Up-to-date: /home/louwee/correct_ws/install/correct_controller/local/lib/python3.10/dist-packages/correct_controller
[12.514s] -- Up-to-date: /home/louwee/correct_ws/install/correct_controller/local/lib/python3.10/dist-packages/correct_controller/simple_controller.py
[12.514s] -- Up-to-date: /home/louwee/correct_ws/install/correct_controller/local/lib/python3.10/dist-packages/correct_controller/__init__.py
[12.514s] -- Up-to-date: /home/louwee/correct_ws/install/correct_controller/local/lib/python3.10/dist-packages/correct_controller/noisy_controller.py
[12.542s] Listing '/home/louwee/correct_ws/install/correct_controller/local/lib/python3.10/dist-packages/correct_controller'...
[12.546s] -- Up-to-date: /home/louwee/correct_ws/install/correct_controller/include/include
[12.546s] -- Up-to-date: /home/louwee/correct_ws/install/correct_controller/include/include/correct_controller
[12.546s] -- Up-to-date: /home/louwee/correct_ws/install/correct_controller/include/include/correct_controller/simple_controller.hpp
[12.546s] -- Up-to-date: /home/louwee/correct_ws/install/correct_controller/include/include/correct_controller/noisy_controller.hpp
[12.547s] -- Installing: /home/louwee/correct_ws/install/correct_controller/lib/correct_controller/simple_controller
[12.554s] -- Set runtime path of "/home/louwee/correct_ws/install/correct_controller/lib/correct_controller/simple_controller" to ""
[12.554s] -- Up-to-date: /home/louwee/correct_ws/install/correct_controller/share/correct_controller/launch
[12.555s] -- Up-to-date: /home/louwee/correct_ws/install/correct_controller/share/correct_controller/launch/controller.launch.py
[12.555s] -- Up-to-date: /home/louwee/correct_ws/install/correct_controller/share/correct_controller/launch/joystick_teleop.launch.py
[12.555s] -- Up-to-date: /home/louwee/correct_ws/install/correct_controller/share/correct_controller/config
[12.555s] -- Up-to-date: /home/louwee/correct_ws/install/correct_controller/share/correct_controller/config/joy_teleop.yaml
[12.555s] -- Up-to-date: /home/louwee/correct_ws/install/correct_controller/share/correct_controller/config/joy_config.yaml
[12.555s] -- Up-to-date: /home/louwee/correct_ws/install/correct_controller/share/correct_controller/config/correct_controller.yaml
[12.555s] -- Up-to-date: /home/louwee/correct_ws/install/correct_controller/lib/correct_controller/simple_controller.py
[12.555s] -- Up-to-date: /home/louwee/correct_ws/install/correct_controller/lib/correct_controller/noisy_controller.py
[12.555s] -- Up-to-date: /home/louwee/correct_ws/install/correct_controller/share/ament_index/resource_index/package_run_dependencies/correct_controller
[12.555s] -- Up-to-date: /home/louwee/correct_ws/install/correct_controller/share/ament_index/resource_index/parent_prefix_path/correct_controller
[12.555s] -- Up-to-date: /home/louwee/correct_ws/install/correct_controller/share/correct_controller/environment/ament_prefix_path.sh
[12.555s] -- Up-to-date: /home/louwee/correct_ws/install/correct_controller/share/correct_controller/environment/ament_prefix_path.dsv
[12.555s] -- Up-to-date: /home/louwee/correct_ws/install/correct_controller/share/correct_controller/environment/path.sh
[12.555s] -- Up-to-date: /home/louwee/correct_ws/install/correct_controller/share/correct_controller/environment/path.dsv
[12.556s] -- Up-to-date: /home/louwee/correct_ws/install/correct_controller/share/correct_controller/local_setup.bash
[12.556s] -- Up-to-date: /home/louwee/correct_ws/install/correct_controller/share/correct_controller/local_setup.sh
[12.556s] -- Up-to-date: /home/louwee/correct_ws/install/correct_controller/share/correct_controller/local_setup.zsh
[12.556s] -- Up-to-date: /home/louwee/correct_ws/install/correct_controller/share/correct_controller/local_setup.dsv
[12.556s] -- Installing: /home/louwee/correct_ws/install/correct_controller/share/correct_controller/package.dsv
[12.556s] -- Up-to-date: /home/louwee/correct_ws/install/correct_controller/share/ament_index/resource_index/packages/correct_controller
[12.556s] -- Up-to-date: /home/louwee/correct_ws/install/correct_controller/share/correct_controller/cmake/correct_controllerConfig.cmake
[12.556s] -- Up-to-date: /home/louwee/correct_ws/install/correct_controller/share/correct_controller/cmake/correct_controllerConfig-version.cmake
[12.556s] -- Up-to-date: /home/louwee/correct_ws/install/correct_controller/share/correct_controller/package.xml
[12.558s] Invoked command in '/home/louwee/correct_ws/build/correct_controller' returned '0': CMAKE_PREFIX_PATH=/opt/ros/humble /usr/bin/cmake --install /home/louwee/correct_ws/build/correct_controller
