running egg_info
writing ../../build/correct_py_examples/correct_py_examples.egg-info/PKG-INFO
writing dependency_links to ../../build/correct_py_examples/correct_py_examples.egg-info/dependency_links.txt
writing entry points to ../../build/correct_py_examples/correct_py_examples.egg-info/entry_points.txt
writing requirements to ../../build/correct_py_examples/correct_py_examples.egg-info/requires.txt
writing top-level names to ../../build/correct_py_examples/correct_py_examples.egg-info/top_level.txt
reading manifest file '../../build/correct_py_examples/correct_py_examples.egg-info/SOURCES.txt'
writing manifest file '../../build/correct_py_examples/correct_py_examples.egg-info/SOURCES.txt'
running build
running build_py
running install
running install_lib
running install_data
running install_egg_info
removing '/home/louwee/correct_ws/install/correct_py_examples/lib/python3.10/site-packages/correct_py_examples-0.0.0-py3.10.egg-info' (and everything under it)
Copying ../../build/correct_py_examples/correct_py_examples.egg-info to /home/louwee/correct_ws/install/correct_py_examples/lib/python3.10/site-packages/correct_py_examples-0.0.0-py3.10.egg-info
running install_scripts
Installing simple_action_client script to /home/louwee/correct_ws/install/correct_py_examples/lib/correct_py_examples
Installing simple_action_server script to /home/louwee/correct_ws/install/correct_py_examples/lib/correct_py_examples
Installing simple_lifecycle_node script to /home/louwee/correct_ws/install/correct_py_examples/lib/correct_py_examples
Installing simple_parameter script to /home/louwee/correct_ws/install/correct_py_examples/lib/correct_py_examples
Installing simple_publisher script to /home/louwee/correct_ws/install/correct_py_examples/lib/correct_py_examples
Installing simple_service_client script to /home/louwee/correct_ws/install/correct_py_examples/lib/correct_py_examples
Installing simple_service_server script to /home/louwee/correct_ws/install/correct_py_examples/lib/correct_py_examples
Installing simple_subscriber script to /home/louwee/correct_ws/install/correct_py_examples/lib/correct_py_examples
Installing simple_tf_kinematics script to /home/louwee/correct_ws/install/correct_py_examples/lib/correct_py_examples
Installing simple_turtlesim_kinematics script to /home/louwee/correct_ws/install/correct_py_examples/lib/correct_py_examples
writing list of installed files to '/home/louwee/correct_ws/build/correct_py_examples/install.log'
