[0.043s] Invoking command in '/home/louwee/correct_ws/build/correct_msgs': CMAKE_PREFIX_PATH=/opt/ros/humble /usr/bin/cmake --build /home/louwee/correct_ws/build/correct_msgs -- -j12 -l12
[0.180s] [ 10%] Built target correct_msgs__rosidl_generator_c
[0.182s] [ 12%] Built target correct_msgs__cpp
[0.207s] [ 12%] Built target ament_cmake_python_copy_correct_msgs
[0.250s] [ 23%] Built target correct_msgs__rosidl_typesupport_c
[0.256s] [ 34%] Built target correct_msgs__rosidl_typesupport_introspection_cpp
[0.257s] [ 44%] Built target correct_msgs__rosidl_typesupport_introspection_c
[0.285s] [ 55%] Built target correct_msgs__rosidl_typesupport_fastrtps_c
[0.314s] [ 65%] Built target correct_msgs__rosidl_typesupport_cpp
[0.413s] [ 76%] Built target correct_msgs__rosidl_typesupport_fastrtps_cpp
[0.512s] [ 76%] Built target correct_msgs
[0.512s] [ 78%] Built target correct_msgs__py
[0.517s] [ 87%] Built target correct_msgs__rosidl_generator_py
[0.518s] [ 91%] Built target correct_msgs__rosidl_typesupport_introspection_c__pyext
[0.518s] [ 95%] Built target correct_msgs__rosidl_typesupport_c__pyext
[0.518s] [100%] Built target correct_msgs__rosidl_typesupport_fastrtps_c__pyext
[0.954s] running egg_info
[0.957s] writing correct_msgs.egg-info/PKG-INFO
[0.958s] writing dependency_links to correct_msgs.egg-info/dependency_links.txt
[0.958s] writing top-level names to correct_msgs.egg-info/top_level.txt
[0.973s] reading manifest file 'correct_msgs.egg-info/SOURCES.txt'
[0.977s] writing manifest file 'correct_msgs.egg-info/SOURCES.txt'
[1.113s] [100%] Built target ament_cmake_python_build_correct_msgs_egg
[1.188s] Invoked command in '/home/louwee/correct_ws/build/correct_msgs' returned '0': CMAKE_PREFIX_PATH=/opt/ros/humble /usr/bin/cmake --build /home/louwee/correct_ws/build/correct_msgs -- -j12 -l12
[1.227s] Invoking command in '/home/louwee/correct_ws/build/correct_msgs': CMAKE_PREFIX_PATH=/opt/ros/humble /usr/bin/cmake --install /home/louwee/correct_ws/build/correct_msgs
[1.269s] -- Install configuration: ""
[1.270s] -- Up-to-date: /home/louwee/correct_ws/install/correct_msgs/share/ament_index/resource_index/rosidl_interfaces/correct_msgs
[1.270s] -- Up-to-date: /home/louwee/correct_ws/install/correct_msgs/include/correct_msgs/correct_msgs
[1.271s] -- Up-to-date: /home/louwee/correct_ws/install/correct_msgs/include/correct_msgs/correct_msgs/srv
[1.271s] -- Up-to-date: /home/louwee/correct_ws/install/correct_msgs/include/correct_msgs/correct_msgs/srv/add_two_ints.h
[1.272s] -- Up-to-date: /home/louwee/correct_ws/install/correct_msgs/include/correct_msgs/correct_msgs/srv/detail
[1.272s] -- Up-to-date: /home/louwee/correct_ws/install/correct_msgs/include/correct_msgs/correct_msgs/srv/detail/add_two_ints__functions.h
[1.279s] -- Up-to-date: /home/louwee/correct_ws/install/correct_msgs/include/correct_msgs/correct_msgs/srv/detail/get_transform__struct.h
[1.280s] -- Up-to-date: /home/louwee/correct_ws/install/correct_msgs/include/correct_msgs/correct_msgs/srv/detail/add_two_ints__struct.h
[1.280s] -- Up-to-date: /home/louwee/correct_ws/install/correct_msgs/include/correct_msgs/correct_msgs/srv/detail/get_transform__functions.h
[1.281s] -- Up-to-date: /home/louwee/correct_ws/install/correct_msgs/include/correct_msgs/correct_msgs/srv/detail/add_two_ints__type_support.h
[1.281s] -- Up-to-date: /home/louwee/correct_ws/install/correct_msgs/include/correct_msgs/correct_msgs/srv/detail/get_transform__functions.c
[1.286s] -- Up-to-date: /home/louwee/correct_ws/install/correct_msgs/include/correct_msgs/correct_msgs/srv/detail/add_two_ints__functions.c
[1.287s] -- Up-to-date: /home/louwee/correct_ws/install/correct_msgs/include/correct_msgs/correct_msgs/srv/detail/get_transform__type_support.h
[1.287s] -- Up-to-date: /home/louwee/correct_ws/install/correct_msgs/include/correct_msgs/correct_msgs/srv/get_transform.h
[1.288s] -- Up-to-date: /home/louwee/correct_ws/install/correct_msgs/include/correct_msgs/correct_msgs/msg
[1.288s] -- Up-to-date: /home/louwee/correct_ws/install/correct_msgs/include/correct_msgs/correct_msgs/msg/rosidl_generator_c__visibility_control.h
[1.289s] -- Up-to-date: /home/louwee/correct_ws/install/correct_msgs/include/correct_msgs/correct_msgs/action
[1.290s] -- Up-to-date: /home/louwee/correct_ws/install/correct_msgs/include/correct_msgs/correct_msgs/action/fibonnaci.h
[1.291s] -- Up-to-date: /home/louwee/correct_ws/install/correct_msgs/include/correct_msgs/correct_msgs/action/detail
[1.291s] -- Up-to-date: /home/louwee/correct_ws/install/correct_msgs/include/correct_msgs/correct_msgs/action/detail/fibonacci__functions.c
[1.292s] -- Up-to-date: /home/louwee/correct_ws/install/correct_msgs/include/correct_msgs/correct_msgs/action/detail/fibonnaci__type_support.h
[1.293s] -- Up-to-date: /home/louwee/correct_ws/install/correct_msgs/include/correct_msgs/correct_msgs/action/detail/fibonacci__functions.h
[1.294s] -- Up-to-date: /home/louwee/correct_ws/install/correct_msgs/include/correct_msgs/correct_msgs/action/detail/fibonacci__type_support.h
[1.295s] -- Up-to-date: /home/louwee/correct_ws/install/correct_msgs/include/correct_msgs/correct_msgs/action/detail/fibonnaci__functions.h
[1.296s] -- Up-to-date: /home/louwee/correct_ws/install/correct_msgs/include/correct_msgs/correct_msgs/action/detail/fibonnaci__struct.h
[1.297s] -- Up-to-date: /home/louwee/correct_ws/install/correct_msgs/include/correct_msgs/correct_msgs/action/detail/fibonacci__struct.h
[1.298s] -- Up-to-date: /home/louwee/correct_ws/install/correct_msgs/include/correct_msgs/correct_msgs/action/detail/fibonnaci__functions.c
[1.298s] -- Up-to-date: /home/louwee/correct_ws/install/correct_msgs/include/correct_msgs/correct_msgs/action/fibonacci.h
[1.299s] -- Up-to-date: /home/louwee/correct_ws/install/correct_msgs/share/correct_msgs/environment/library_path.sh
[1.300s] -- Up-to-date: /home/louwee/correct_ws/install/correct_msgs/share/correct_msgs/environment/library_path.dsv
[1.301s] -- Up-to-date: /home/louwee/correct_ws/install/correct_msgs/lib/libcorrect_msgs__rosidl_generator_c.so
[1.302s] -- Up-to-date: /home/louwee/correct_ws/install/correct_msgs/include/correct_msgs/correct_msgs
[1.302s] -- Up-to-date: /home/louwee/correct_ws/install/correct_msgs/include/correct_msgs/correct_msgs/srv
[1.303s] -- Up-to-date: /home/louwee/correct_ws/install/correct_msgs/include/correct_msgs/correct_msgs/srv/detail
[1.304s] -- Up-to-date: /home/louwee/correct_ws/install/correct_msgs/include/correct_msgs/correct_msgs/srv/detail/get_transform__rosidl_typesupport_fastrtps_c.h
[1.305s] -- Up-to-date: /home/louwee/correct_ws/install/correct_msgs/include/correct_msgs/correct_msgs/srv/detail/add_two_ints__rosidl_typesupport_fastrtps_c.h
[1.305s] -- Up-to-date: /home/louwee/correct_ws/install/correct_msgs/include/correct_msgs/correct_msgs/msg
[1.306s] -- Up-to-date: /home/louwee/correct_ws/install/correct_msgs/include/correct_msgs/correct_msgs/msg/rosidl_typesupport_fastrtps_c__visibility_control.h
[1.306s] -- Up-to-date: /home/louwee/correct_ws/install/correct_msgs/include/correct_msgs/correct_msgs/action
[1.307s] -- Up-to-date: /home/louwee/correct_ws/install/correct_msgs/include/correct_msgs/correct_msgs/action/detail
[1.307s] -- Up-to-date: /home/louwee/correct_ws/install/correct_msgs/include/correct_msgs/correct_msgs/action/detail/fibonacci__rosidl_typesupport_fastrtps_c.h
[1.308s] -- Up-to-date: /home/louwee/correct_ws/install/correct_msgs/include/correct_msgs/correct_msgs/action/detail/fibonnaci__rosidl_typesupport_fastrtps_c.h
[1.308s] -- Up-to-date: /home/louwee/correct_ws/install/correct_msgs/lib/libcorrect_msgs__rosidl_typesupport_fastrtps_c.so
[1.309s] -- Up-to-date: /home/louwee/correct_ws/install/correct_msgs/include/correct_msgs/correct_msgs
[1.310s] -- Up-to-date: /home/louwee/correct_ws/install/correct_msgs/include/correct_msgs/correct_msgs/srv
[1.311s] -- Up-to-date: /home/louwee/correct_ws/install/correct_msgs/include/correct_msgs/correct_msgs/srv/get_transform.hpp
[1.311s] -- Up-to-date: /home/louwee/correct_ws/install/correct_msgs/include/correct_msgs/correct_msgs/srv/detail
[1.312s] -- Up-to-date: /home/louwee/correct_ws/install/correct_msgs/include/correct_msgs/correct_msgs/srv/detail/get_transform__type_support.hpp
[1.312s] -- Up-to-date: /home/louwee/correct_ws/install/correct_msgs/include/correct_msgs/correct_msgs/srv/detail/add_two_ints__builder.hpp
[1.313s] -- Up-to-date: /home/louwee/correct_ws/install/correct_msgs/include/correct_msgs/correct_msgs/srv/detail/add_two_ints__type_support.hpp
[1.313s] -- Up-to-date: /home/louwee/correct_ws/install/correct_msgs/include/correct_msgs/correct_msgs/srv/detail/get_transform__traits.hpp
[1.314s] -- Up-to-date: /home/louwee/correct_ws/install/correct_msgs/include/correct_msgs/correct_msgs/srv/detail/get_transform__builder.hpp
[1.315s] -- Up-to-date: /home/louwee/correct_ws/install/correct_msgs/include/correct_msgs/correct_msgs/srv/detail/add_two_ints__traits.hpp
[1.315s] -- Up-to-date: /home/louwee/correct_ws/install/correct_msgs/include/correct_msgs/correct_msgs/srv/detail/get_transform__struct.hpp
[1.316s] -- Up-to-date: /home/louwee/correct_ws/install/correct_msgs/include/correct_msgs/correct_msgs/srv/detail/add_two_ints__struct.hpp
[1.316s] -- Up-to-date: /home/louwee/correct_ws/install/correct_msgs/include/correct_msgs/correct_msgs/srv/add_two_ints.hpp
[1.317s] -- Up-to-date: /home/louwee/correct_ws/install/correct_msgs/include/correct_msgs/correct_msgs/msg
[1.318s] -- Up-to-date: /home/louwee/correct_ws/install/correct_msgs/include/correct_msgs/correct_msgs/msg/rosidl_generator_cpp__visibility_control.hpp
[1.319s] -- Up-to-date: /home/louwee/correct_ws/install/correct_msgs/include/correct_msgs/correct_msgs/action
[1.319s] -- Up-to-date: /home/louwee/correct_ws/install/correct_msgs/include/correct_msgs/correct_msgs/action/detail
[1.320s] -- Up-to-date: /home/louwee/correct_ws/install/correct_msgs/include/correct_msgs/correct_msgs/action/detail/fibonacci__type_support.hpp
[1.320s] -- Up-to-date: /home/louwee/correct_ws/install/correct_msgs/include/correct_msgs/correct_msgs/action/detail/fibonnaci__struct.hpp
[1.321s] -- Up-to-date: /home/louwee/correct_ws/install/correct_msgs/include/correct_msgs/correct_msgs/action/detail/fibonnaci__type_support.hpp
[1.322s] -- Up-to-date: /home/louwee/correct_ws/install/correct_msgs/include/correct_msgs/correct_msgs/action/detail/fibonnaci__builder.hpp
[1.323s] -- Up-to-date: /home/louwee/correct_ws/install/correct_msgs/include/correct_msgs/correct_msgs/action/detail/fibonacci__struct.hpp
[1.325s] -- Up-to-date: /home/louwee/correct_ws/install/correct_msgs/include/correct_msgs/correct_msgs/action/detail/fibonacci__builder.hpp
[1.325s] -- Up-to-date: /home/louwee/correct_ws/install/correct_msgs/include/correct_msgs/correct_msgs/action/detail/fibonacci__traits.hpp
[1.326s] -- Up-to-date: /home/louwee/correct_ws/install/correct_msgs/include/correct_msgs/correct_msgs/action/detail/fibonnaci__traits.hpp
[1.326s] -- Up-to-date: /home/louwee/correct_ws/install/correct_msgs/include/correct_msgs/correct_msgs/action/fibonnaci.hpp
[1.327s] -- Up-to-date: /home/louwee/correct_ws/install/correct_msgs/include/correct_msgs/correct_msgs/action/fibonacci.hpp
[1.327s] -- Up-to-date: /home/louwee/correct_ws/install/correct_msgs/include/correct_msgs/correct_msgs
[1.328s] -- Up-to-date: /home/louwee/correct_ws/install/correct_msgs/include/correct_msgs/correct_msgs/srv
[1.328s] -- Up-to-date: /home/louwee/correct_ws/install/correct_msgs/include/correct_msgs/correct_msgs/srv/detail
[1.328s] -- Up-to-date: /home/louwee/correct_ws/install/correct_msgs/include/correct_msgs/correct_msgs/srv/detail/get_transform__rosidl_typesupport_fastrtps_cpp.hpp
[1.329s] -- Up-to-date: /home/louwee/correct_ws/install/correct_msgs/include/correct_msgs/correct_msgs/srv/detail/dds_fastrtps
[1.330s] -- Up-to-date: /home/louwee/correct_ws/install/correct_msgs/include/correct_msgs/correct_msgs/srv/detail/add_two_ints__rosidl_typesupport_fastrtps_cpp.hpp
[1.330s] -- Up-to-date: /home/louwee/correct_ws/install/correct_msgs/include/correct_msgs/correct_msgs/msg
[1.330s] -- Up-to-date: /home/louwee/correct_ws/install/correct_msgs/include/correct_msgs/correct_msgs/msg/rosidl_typesupport_fastrtps_cpp__visibility_control.h
[1.331s] -- Up-to-date: /home/louwee/correct_ws/install/correct_msgs/include/correct_msgs/correct_msgs/action
[1.331s] -- Up-to-date: /home/louwee/correct_ws/install/correct_msgs/include/correct_msgs/correct_msgs/action/detail
[1.331s] -- Up-to-date: /home/louwee/correct_ws/install/correct_msgs/include/correct_msgs/correct_msgs/action/detail/fibonnaci__rosidl_typesupport_fastrtps_cpp.hpp
[1.332s] -- Up-to-date: /home/louwee/correct_ws/install/correct_msgs/include/correct_msgs/correct_msgs/action/detail/fibonacci__rosidl_typesupport_fastrtps_cpp.hpp
[1.332s] -- Up-to-date: /home/louwee/correct_ws/install/correct_msgs/include/correct_msgs/correct_msgs/action/detail/dds_fastrtps
[1.333s] -- Up-to-date: /home/louwee/correct_ws/install/correct_msgs/lib/libcorrect_msgs__rosidl_typesupport_fastrtps_cpp.so
[1.333s] -- Up-to-date: /home/louwee/correct_ws/install/correct_msgs/include/correct_msgs/correct_msgs
[1.334s] -- Up-to-date: /home/louwee/correct_ws/install/correct_msgs/include/correct_msgs/correct_msgs/srv
[1.334s] -- Up-to-date: /home/louwee/correct_ws/install/correct_msgs/include/correct_msgs/correct_msgs/srv/detail
[1.335s] -- Up-to-date: /home/louwee/correct_ws/install/correct_msgs/include/correct_msgs/correct_msgs/srv/detail/add_two_ints__type_support.c
[1.335s] -- Up-to-date: /home/louwee/correct_ws/install/correct_msgs/include/correct_msgs/correct_msgs/srv/detail/get_transform__type_support.c
[1.336s] -- Up-to-date: /home/louwee/correct_ws/install/correct_msgs/include/correct_msgs/correct_msgs/srv/detail/get_transform__rosidl_typesupport_introspection_c.h
[1.337s] -- Up-to-date: /home/louwee/correct_ws/install/correct_msgs/include/correct_msgs/correct_msgs/srv/detail/add_two_ints__rosidl_typesupport_introspection_c.h
[1.337s] -- Up-to-date: /home/louwee/correct_ws/install/correct_msgs/include/correct_msgs/correct_msgs/msg
[1.338s] -- Up-to-date: /home/louwee/correct_ws/install/correct_msgs/include/correct_msgs/correct_msgs/msg/rosidl_typesupport_introspection_c__visibility_control.h
[1.339s] -- Up-to-date: /home/louwee/correct_ws/install/correct_msgs/include/correct_msgs/correct_msgs/action
[1.340s] -- Up-to-date: /home/louwee/correct_ws/install/correct_msgs/include/correct_msgs/correct_msgs/action/detail
[1.341s] -- Up-to-date: /home/louwee/correct_ws/install/correct_msgs/include/correct_msgs/correct_msgs/action/detail/fibonacci__type_support.c
[1.342s] -- Up-to-date: /home/louwee/correct_ws/install/correct_msgs/include/correct_msgs/correct_msgs/action/detail/fibonnaci__type_support.c
[1.343s] -- Up-to-date: /home/louwee/correct_ws/install/correct_msgs/include/correct_msgs/correct_msgs/action/detail/fibonnaci__rosidl_typesupport_introspection_c.h
[1.344s] -- Up-to-date: /home/louwee/correct_ws/install/correct_msgs/include/correct_msgs/correct_msgs/action/detail/fibonacci__rosidl_typesupport_introspection_c.h
[1.347s] -- Up-to-date: /home/louwee/correct_ws/install/correct_msgs/lib/libcorrect_msgs__rosidl_typesupport_introspection_c.so
[1.348s] -- Up-to-date: /home/louwee/correct_ws/install/correct_msgs/lib/libcorrect_msgs__rosidl_typesupport_c.so
[1.350s] -- Up-to-date: /home/louwee/correct_ws/install/correct_msgs/include/correct_msgs/correct_msgs
[1.352s] -- Up-to-date: /home/louwee/correct_ws/install/correct_msgs/include/correct_msgs/correct_msgs/srv
[1.353s] -- Up-to-date: /home/louwee/correct_ws/install/correct_msgs/include/correct_msgs/correct_msgs/srv/detail
[1.366s] -- Up-to-date: /home/louwee/correct_ws/install/correct_msgs/include/correct_msgs/correct_msgs/srv/detail/get_transform__type_support.cpp
[1.367s] -- Up-to-date: /home/louwee/correct_ws/install/correct_msgs/include/correct_msgs/correct_msgs/srv/detail/add_two_ints__type_support.cpp
[1.368s] -- Up-to-date: /home/louwee/correct_ws/install/correct_msgs/include/correct_msgs/correct_msgs/srv/detail/add_two_ints__rosidl_typesupport_introspection_cpp.hpp
[1.369s] -- Up-to-date: /home/louwee/correct_ws/install/correct_msgs/include/correct_msgs/correct_msgs/srv/detail/get_transform__rosidl_typesupport_introspection_cpp.hpp
[1.369s] -- Up-to-date: /home/louwee/correct_ws/install/correct_msgs/include/correct_msgs/correct_msgs/action
[1.370s] -- Up-to-date: /home/louwee/correct_ws/install/correct_msgs/include/correct_msgs/correct_msgs/action/detail
[1.371s] -- Up-to-date: /home/louwee/correct_ws/install/correct_msgs/include/correct_msgs/correct_msgs/action/detail/fibonnaci__type_support.cpp
[1.371s] -- Up-to-date: /home/louwee/correct_ws/install/correct_msgs/include/correct_msgs/correct_msgs/action/detail/fibonacci__rosidl_typesupport_introspection_cpp.hpp
[1.372s] -- Up-to-date: /home/louwee/correct_ws/install/correct_msgs/include/correct_msgs/correct_msgs/action/detail/fibonacci__type_support.cpp
[1.372s] -- Up-to-date: /home/louwee/correct_ws/install/correct_msgs/include/correct_msgs/correct_msgs/action/detail/fibonnaci__rosidl_typesupport_introspection_cpp.hpp
[1.373s] -- Up-to-date: /home/louwee/correct_ws/install/correct_msgs/lib/libcorrect_msgs__rosidl_typesupport_introspection_cpp.so
[1.373s] -- Up-to-date: /home/louwee/correct_ws/install/correct_msgs/lib/libcorrect_msgs__rosidl_typesupport_cpp.so
[1.374s] -- Up-to-date: /home/louwee/correct_ws/install/correct_msgs/share/correct_msgs/environment/pythonpath.sh
[1.374s] -- Up-to-date: /home/louwee/correct_ws/install/correct_msgs/share/correct_msgs/environment/pythonpath.dsv
[1.375s] -- Up-to-date: /home/louwee/correct_ws/install/correct_msgs/local/lib/python3.10/dist-packages/correct_msgs-0.0.0-py3.10.egg-info
[1.376s] -- Installing: /home/louwee/correct_ws/install/correct_msgs/local/lib/python3.10/dist-packages/correct_msgs-0.0.0-py3.10.egg-info/top_level.txt
[1.376s] -- Installing: /home/louwee/correct_ws/install/correct_msgs/local/lib/python3.10/dist-packages/correct_msgs-0.0.0-py3.10.egg-info/PKG-INFO
[1.377s] -- Installing: /home/louwee/correct_ws/install/correct_msgs/local/lib/python3.10/dist-packages/correct_msgs-0.0.0-py3.10.egg-info/dependency_links.txt
[1.378s] -- Installing: /home/louwee/correct_ws/install/correct_msgs/local/lib/python3.10/dist-packages/correct_msgs-0.0.0-py3.10.egg-info/SOURCES.txt
[1.378s] -- Up-to-date: /home/louwee/correct_ws/install/correct_msgs/local/lib/python3.10/dist-packages/correct_msgs
[1.379s] -- Up-to-date: /home/louwee/correct_ws/install/correct_msgs/local/lib/python3.10/dist-packages/correct_msgs/_correct_msgs_s.ep.rosidl_typesupport_c.c
[1.379s] -- Up-to-date: /home/louwee/correct_ws/install/correct_msgs/local/lib/python3.10/dist-packages/correct_msgs/srv
[1.380s] -- Up-to-date: /home/louwee/correct_ws/install/correct_msgs/local/lib/python3.10/dist-packages/correct_msgs/srv/_add_two_ints.py
[1.380s] -- Up-to-date: /home/louwee/correct_ws/install/correct_msgs/local/lib/python3.10/dist-packages/correct_msgs/srv/__init__.py
[1.381s] -- Up-to-date: /home/louwee/correct_ws/install/correct_msgs/local/lib/python3.10/dist-packages/correct_msgs/srv/_get_transform.py
[1.383s] -- Up-to-date: /home/louwee/correct_ws/install/correct_msgs/local/lib/python3.10/dist-packages/correct_msgs/srv/_get_transform_s.c
[1.383s] -- Up-to-date: /home/louwee/correct_ws/install/correct_msgs/local/lib/python3.10/dist-packages/correct_msgs/srv/_add_two_ints_s.c
[1.384s] -- Up-to-date: /home/louwee/correct_ws/install/correct_msgs/local/lib/python3.10/dist-packages/correct_msgs/__init__.py
[1.385s] -- Up-to-date: /home/louwee/correct_ws/install/correct_msgs/local/lib/python3.10/dist-packages/correct_msgs/_correct_msgs_s.ep.rosidl_typesupport_fastrtps_c.c
[1.386s] -- Up-to-date: /home/louwee/correct_ws/install/correct_msgs/local/lib/python3.10/dist-packages/correct_msgs/correct_msgs_s__rosidl_typesupport_c.cpython-310-x86_64-linux-gnu.so
[1.387s] -- Up-to-date: /home/louwee/correct_ws/install/correct_msgs/local/lib/python3.10/dist-packages/correct_msgs/_correct_msgs_s.ep.rosidl_typesupport_introspection_c.c
[1.387s] -- Up-to-date: /home/louwee/correct_ws/install/correct_msgs/local/lib/python3.10/dist-packages/correct_msgs/correct_msgs_s__rosidl_typesupport_fastrtps_c.cpython-310-x86_64-linux-gnu.so
[1.388s] -- Up-to-date: /home/louwee/correct_ws/install/correct_msgs/local/lib/python3.10/dist-packages/correct_msgs/correct_msgs_s__rosidl_typesupport_introspection_c.cpython-310-x86_64-linux-gnu.so
[1.388s] -- Up-to-date: /home/louwee/correct_ws/install/correct_msgs/local/lib/python3.10/dist-packages/correct_msgs/action
[1.389s] -- Up-to-date: /home/louwee/correct_ws/install/correct_msgs/local/lib/python3.10/dist-packages/correct_msgs/action/_fibonacci_s.c
[1.390s] -- Up-to-date: /home/louwee/correct_ws/install/correct_msgs/local/lib/python3.10/dist-packages/correct_msgs/action/__init__.py
[1.390s] -- Up-to-date: /home/louwee/correct_ws/install/correct_msgs/local/lib/python3.10/dist-packages/correct_msgs/action/_fibonacci.py
[1.391s] -- Up-to-date: /home/louwee/correct_ws/install/correct_msgs/local/lib/python3.10/dist-packages/correct_msgs/action/_fibonnaci.py
[1.391s] -- Up-to-date: /home/louwee/correct_ws/install/correct_msgs/local/lib/python3.10/dist-packages/correct_msgs/action/_fibonnaci_s.c
[1.392s] -- Up-to-date: /home/louwee/correct_ws/install/correct_msgs/local/lib/python3.10/dist-packages/correct_msgs/libcorrect_msgs__rosidl_generator_py.so
[1.575s] Listing '/home/louwee/correct_ws/install/correct_msgs/local/lib/python3.10/dist-packages/correct_msgs'...
[1.576s] Listing '/home/louwee/correct_ws/install/correct_msgs/local/lib/python3.10/dist-packages/correct_msgs/action'...
[1.576s] Listing '/home/louwee/correct_ws/install/correct_msgs/local/lib/python3.10/dist-packages/correct_msgs/srv'...
[1.590s] -- Up-to-date: /home/louwee/correct_ws/install/correct_msgs/local/lib/python3.10/dist-packages/correct_msgs/correct_msgs_s__rosidl_typesupport_fastrtps_c.cpython-310-x86_64-linux-gnu.so
[1.592s] -- Up-to-date: /home/louwee/correct_ws/install/correct_msgs/local/lib/python3.10/dist-packages/correct_msgs/correct_msgs_s__rosidl_typesupport_introspection_c.cpython-310-x86_64-linux-gnu.so
[1.594s] -- Up-to-date: /home/louwee/correct_ws/install/correct_msgs/local/lib/python3.10/dist-packages/correct_msgs/correct_msgs_s__rosidl_typesupport_c.cpython-310-x86_64-linux-gnu.so
[1.595s] -- Up-to-date: /home/louwee/correct_ws/install/correct_msgs/lib/libcorrect_msgs__rosidl_generator_py.so
[1.596s] -- Up-to-date: /home/louwee/correct_ws/install/correct_msgs/share/correct_msgs/action/Fibonacci.idl
[1.596s] -- Up-to-date: /home/louwee/correct_ws/install/correct_msgs/share/correct_msgs/srv/AddTwoInts.idl
[1.596s] -- Up-to-date: /home/louwee/correct_ws/install/correct_msgs/share/correct_msgs/srv/GetTransform.idl
[1.596s] -- Up-to-date: /home/louwee/correct_ws/install/correct_msgs/share/correct_msgs/action/Fibonacci.action
[1.597s] -- Up-to-date: /home/louwee/correct_ws/install/correct_msgs/share/correct_msgs/srv/AddTwoInts.srv
[1.597s] -- Up-to-date: /home/louwee/correct_ws/install/correct_msgs/share/correct_msgs/srv/AddTwoInts_Request.msg
[1.597s] -- Up-to-date: /home/louwee/correct_ws/install/correct_msgs/share/correct_msgs/srv/AddTwoInts_Response.msg
[1.597s] -- Up-to-date: /home/louwee/correct_ws/install/correct_msgs/share/correct_msgs/srv/GetTransform.srv
[1.597s] -- Up-to-date: /home/louwee/correct_ws/install/correct_msgs/share/correct_msgs/srv/GetTransform_Request.msg
[1.598s] -- Up-to-date: /home/louwee/correct_ws/install/correct_msgs/share/correct_msgs/srv/GetTransform_Response.msg
[1.598s] -- Up-to-date: /home/louwee/correct_ws/install/correct_msgs/share/ament_index/resource_index/package_run_dependencies/correct_msgs
[1.598s] -- Up-to-date: /home/louwee/correct_ws/install/correct_msgs/share/ament_index/resource_index/parent_prefix_path/correct_msgs
[1.598s] -- Up-to-date: /home/louwee/correct_ws/install/correct_msgs/share/correct_msgs/environment/ament_prefix_path.sh
[1.598s] -- Up-to-date: /home/louwee/correct_ws/install/correct_msgs/share/correct_msgs/environment/ament_prefix_path.dsv
[1.598s] -- Up-to-date: /home/louwee/correct_ws/install/correct_msgs/share/correct_msgs/environment/path.sh
[1.599s] -- Up-to-date: /home/louwee/correct_ws/install/correct_msgs/share/correct_msgs/environment/path.dsv
[1.599s] -- Up-to-date: /home/louwee/correct_ws/install/correct_msgs/share/correct_msgs/local_setup.bash
[1.599s] -- Up-to-date: /home/louwee/correct_ws/install/correct_msgs/share/correct_msgs/local_setup.sh
[1.599s] -- Up-to-date: /home/louwee/correct_ws/install/correct_msgs/share/correct_msgs/local_setup.zsh
[1.599s] -- Up-to-date: /home/louwee/correct_ws/install/correct_msgs/share/correct_msgs/local_setup.dsv
[1.600s] -- Installing: /home/louwee/correct_ws/install/correct_msgs/share/correct_msgs/package.dsv
[1.600s] -- Up-to-date: /home/louwee/correct_ws/install/correct_msgs/share/ament_index/resource_index/packages/correct_msgs
[1.600s] -- Up-to-date: /home/louwee/correct_ws/install/correct_msgs/share/correct_msgs/cmake/export_correct_msgs__rosidl_generator_cExport.cmake
[1.600s] -- Up-to-date: /home/louwee/correct_ws/install/correct_msgs/share/correct_msgs/cmake/export_correct_msgs__rosidl_generator_cExport-noconfig.cmake
[1.600s] -- Up-to-date: /home/louwee/correct_ws/install/correct_msgs/share/correct_msgs/cmake/export_correct_msgs__rosidl_typesupport_fastrtps_cExport.cmake
[1.601s] -- Up-to-date: /home/louwee/correct_ws/install/correct_msgs/share/correct_msgs/cmake/export_correct_msgs__rosidl_typesupport_fastrtps_cExport-noconfig.cmake
[1.601s] -- Up-to-date: /home/louwee/correct_ws/install/correct_msgs/share/correct_msgs/cmake/export_correct_msgs__rosidl_generator_cppExport.cmake
[1.601s] -- Up-to-date: /home/louwee/correct_ws/install/correct_msgs/share/correct_msgs/cmake/export_correct_msgs__rosidl_typesupport_fastrtps_cppExport.cmake
[1.601s] -- Up-to-date: /home/louwee/correct_ws/install/correct_msgs/share/correct_msgs/cmake/export_correct_msgs__rosidl_typesupport_fastrtps_cppExport-noconfig.cmake
[1.601s] -- Up-to-date: /home/louwee/correct_ws/install/correct_msgs/share/correct_msgs/cmake/correct_msgs__rosidl_typesupport_introspection_cExport.cmake
[1.602s] -- Up-to-date: /home/louwee/correct_ws/install/correct_msgs/share/correct_msgs/cmake/correct_msgs__rosidl_typesupport_introspection_cExport-noconfig.cmake
[1.602s] -- Up-to-date: /home/louwee/correct_ws/install/correct_msgs/share/correct_msgs/cmake/correct_msgs__rosidl_typesupport_cExport.cmake
[1.602s] -- Up-to-date: /home/louwee/correct_ws/install/correct_msgs/share/correct_msgs/cmake/correct_msgs__rosidl_typesupport_cExport-noconfig.cmake
[1.602s] -- Up-to-date: /home/louwee/correct_ws/install/correct_msgs/share/correct_msgs/cmake/correct_msgs__rosidl_typesupport_introspection_cppExport.cmake
[1.603s] -- Up-to-date: /home/louwee/correct_ws/install/correct_msgs/share/correct_msgs/cmake/correct_msgs__rosidl_typesupport_introspection_cppExport-noconfig.cmake
[1.603s] -- Up-to-date: /home/louwee/correct_ws/install/correct_msgs/share/correct_msgs/cmake/correct_msgs__rosidl_typesupport_cppExport.cmake
[1.603s] -- Up-to-date: /home/louwee/correct_ws/install/correct_msgs/share/correct_msgs/cmake/correct_msgs__rosidl_typesupport_cppExport-noconfig.cmake
[1.604s] -- Up-to-date: /home/louwee/correct_ws/install/correct_msgs/share/correct_msgs/cmake/export_correct_msgs__rosidl_generator_pyExport.cmake
[1.604s] -- Up-to-date: /home/louwee/correct_ws/install/correct_msgs/share/correct_msgs/cmake/export_correct_msgs__rosidl_generator_pyExport-noconfig.cmake
[1.604s] -- Up-to-date: /home/louwee/correct_ws/install/correct_msgs/share/correct_msgs/cmake/rosidl_cmake-extras.cmake
[1.604s] -- Up-to-date: /home/louwee/correct_ws/install/correct_msgs/share/correct_msgs/cmake/ament_cmake_export_dependencies-extras.cmake
[1.605s] -- Up-to-date: /home/louwee/correct_ws/install/correct_msgs/share/correct_msgs/cmake/ament_cmake_export_include_directories-extras.cmake
[1.605s] -- Up-to-date: /home/louwee/correct_ws/install/correct_msgs/share/correct_msgs/cmake/ament_cmake_export_libraries-extras.cmake
[1.605s] -- Up-to-date: /home/louwee/correct_ws/install/correct_msgs/share/correct_msgs/cmake/ament_cmake_export_targets-extras.cmake
[1.605s] -- Up-to-date: /home/louwee/correct_ws/install/correct_msgs/share/correct_msgs/cmake/rosidl_cmake_export_typesupport_targets-extras.cmake
[1.606s] -- Up-to-date: /home/louwee/correct_ws/install/correct_msgs/share/correct_msgs/cmake/rosidl_cmake_export_typesupport_libraries-extras.cmake
[1.606s] -- Up-to-date: /home/louwee/correct_ws/install/correct_msgs/share/correct_msgs/cmake/correct_msgsConfig.cmake
[1.606s] -- Up-to-date: /home/louwee/correct_ws/install/correct_msgs/share/correct_msgs/cmake/correct_msgsConfig-version.cmake
[1.608s] -- Up-to-date: /home/louwee/correct_ws/install/correct_msgs/share/correct_msgs/package.xml
[1.612s] Invoked command in '/home/louwee/correct_ws/build/correct_msgs' returned '0': CMAKE_PREFIX_PATH=/opt/ros/humble /usr/bin/cmake --install /home/louwee/correct_ws/build/correct_msgs
