[0.100s] DEBUG:colcon:Command line arguments: ['/usr/bin/colcon', 'build']
[0.100s] DEBUG:colcon:Parsed command line arguments: Namespace(log_base=None, log_level=None, verb_name='build', build_base='build', install_base='install', merge_install=False, symlink_install=False, test_result_base=None, continue_on_error=False, executor='parallel', parallel_workers=12, event_handlers=None, ignore_user_meta=False, metas=['./colcon.meta'], base_paths=['.'], packages_ignore=None, packages_ignore_regex=None, paths=None, packages_up_to=None, packages_up_to_regex=None, packages_above=None, packages_above_and_dependencies=None, packages_above_depth=None, packages_select_by_dep=None, packages_skip_by_dep=None, packages_skip_up_to=None, packages_select_build_failed=False, packages_skip_build_finished=False, packages_select_test_failures=False, packages_skip_test_passed=False, packages_select=None, packages_skip=None, packages_select_regex=None, packages_skip_regex=None, packages_start=None, packages_end=None, allow_overriding=[], cmake_args=None, cmake_target=None, cmake_target_skip_unavailable=False, cmake_clean_cache=False, cmake_clean_first=False, cmake_force_configure=False, ament_cmake_args=None, catkin_cmake_args=None, catkin_skip_building_tests=False, verb_parser=<colcon_defaults.argument_parser.defaults.DefaultArgumentsDecorator object at 0x72f15bb42e60>, verb_extension=<colcon_core.verb.build.BuildVerb object at 0x72f15bcf85e0>, main=<bound method BuildVerb.main of <colcon_core.verb.build.BuildVerb object at 0x72f15bcf85e0>>)
[0.273s] Level 1:colcon.colcon_core.package_discovery:discover_packages(colcon_meta) check parameters
[0.273s] Level 1:colcon.colcon_core.package_discovery:discover_packages(recursive) check parameters
[0.273s] Level 1:colcon.colcon_core.package_discovery:discover_packages(ignore) check parameters
[0.273s] Level 1:colcon.colcon_core.package_discovery:discover_packages(path) check parameters
[0.273s] Level 1:colcon.colcon_core.package_discovery:discover_packages(colcon_meta) discover
[0.273s] Level 1:colcon.colcon_core.package_discovery:discover_packages(recursive) discover
[0.273s] INFO:colcon.colcon_core.package_discovery:Crawling recursively for packages in '/home/louwee/correct_ws'
[0.273s] Level 1:colcon.colcon_core.package_identification:_identify(.) by extensions ['ignore', 'ignore_ament_install']
[0.274s] Level 1:colcon.colcon_core.package_identification:_identify(.) by extension 'ignore'
[0.274s] Level 1:colcon.colcon_core.package_identification:_identify(.) by extension 'ignore_ament_install'
[0.274s] Level 1:colcon.colcon_core.package_identification:_identify(.) by extensions ['colcon_pkg']
[0.274s] Level 1:colcon.colcon_core.package_identification:_identify(.) by extension 'colcon_pkg'
[0.274s] Level 1:colcon.colcon_core.package_identification:_identify(.) by extensions ['colcon_meta']
[0.274s] Level 1:colcon.colcon_core.package_identification:_identify(.) by extension 'colcon_meta'
[0.274s] Level 1:colcon.colcon_core.package_identification:_identify(.) by extensions ['ros']
[0.274s] Level 1:colcon.colcon_core.package_identification:_identify(.) by extension 'ros'
[0.286s] Level 1:colcon.colcon_core.package_identification:_identify(.) by extensions ['cmake', 'python']
[0.286s] Level 1:colcon.colcon_core.package_identification:_identify(.) by extension 'cmake'
[0.286s] Level 1:colcon.colcon_core.package_identification:_identify(.) by extension 'python'
[0.286s] Level 1:colcon.colcon_core.package_identification:_identify(.) by extensions ['python_setup_py']
[0.286s] Level 1:colcon.colcon_core.package_identification:_identify(.) by extension 'python_setup_py'
[0.286s] Level 1:colcon.colcon_core.package_identification:_identify(build) by extensions ['ignore', 'ignore_ament_install']
[0.286s] Level 1:colcon.colcon_core.package_identification:_identify(build) by extension 'ignore'
[0.286s] Level 1:colcon.colcon_core.package_identification:_identify(build) ignored
[0.286s] Level 1:colcon.colcon_core.package_identification:_identify(install) by extensions ['ignore', 'ignore_ament_install']
[0.287s] Level 1:colcon.colcon_core.package_identification:_identify(install) by extension 'ignore'
[0.287s] Level 1:colcon.colcon_core.package_identification:_identify(install) ignored
[0.287s] Level 1:colcon.colcon_core.package_identification:_identify(log) by extensions ['ignore', 'ignore_ament_install']
[0.287s] Level 1:colcon.colcon_core.package_identification:_identify(log) by extension 'ignore'
[0.287s] Level 1:colcon.colcon_core.package_identification:_identify(log) ignored
[0.287s] Level 1:colcon.colcon_core.package_identification:_identify(src) by extensions ['ignore', 'ignore_ament_install']
[0.287s] Level 1:colcon.colcon_core.package_identification:_identify(src) by extension 'ignore'
[0.287s] Level 1:colcon.colcon_core.package_identification:_identify(src) by extension 'ignore_ament_install'
[0.287s] Level 1:colcon.colcon_core.package_identification:_identify(src) by extensions ['colcon_pkg']
[0.287s] Level 1:colcon.colcon_core.package_identification:_identify(src) by extension 'colcon_pkg'
[0.287s] Level 1:colcon.colcon_core.package_identification:_identify(src) by extensions ['colcon_meta']
[0.287s] Level 1:colcon.colcon_core.package_identification:_identify(src) by extension 'colcon_meta'
[0.287s] Level 1:colcon.colcon_core.package_identification:_identify(src) by extensions ['ros']
[0.287s] Level 1:colcon.colcon_core.package_identification:_identify(src) by extension 'ros'
[0.288s] Level 1:colcon.colcon_core.package_identification:_identify(src) by extensions ['cmake', 'python']
[0.288s] Level 1:colcon.colcon_core.package_identification:_identify(src) by extension 'cmake'
[0.288s] Level 1:colcon.colcon_core.package_identification:_identify(src) by extension 'python'
[0.288s] Level 1:colcon.colcon_core.package_identification:_identify(src) by extensions ['python_setup_py']
[0.288s] Level 1:colcon.colcon_core.package_identification:_identify(src) by extension 'python_setup_py'
[0.288s] Level 1:colcon.colcon_core.package_identification:_identify(src/computer_vision) by extensions ['ignore', 'ignore_ament_install']
[0.288s] Level 1:colcon.colcon_core.package_identification:_identify(src/computer_vision) by extension 'ignore'
[0.288s] Level 1:colcon.colcon_core.package_identification:_identify(src/computer_vision) by extension 'ignore_ament_install'
[0.288s] Level 1:colcon.colcon_core.package_identification:_identify(src/computer_vision) by extensions ['colcon_pkg']
[0.288s] Level 1:colcon.colcon_core.package_identification:_identify(src/computer_vision) by extension 'colcon_pkg'
[0.288s] Level 1:colcon.colcon_core.package_identification:_identify(src/computer_vision) by extensions ['colcon_meta']
[0.288s] Level 1:colcon.colcon_core.package_identification:_identify(src/computer_vision) by extension 'colcon_meta'
[0.288s] Level 1:colcon.colcon_core.package_identification:_identify(src/computer_vision) by extensions ['ros']
[0.288s] Level 1:colcon.colcon_core.package_identification:_identify(src/computer_vision) by extension 'ros'
[0.292s] DEBUG:colcon.colcon_core.package_identification:Package 'src/computer_vision' with type 'ros.ament_cmake' and name 'computer_vision'
[0.292s] Level 1:colcon.colcon_core.package_identification:_identify(src/correct_controller) by extensions ['ignore', 'ignore_ament_install']
[0.292s] Level 1:colcon.colcon_core.package_identification:_identify(src/correct_controller) by extension 'ignore'
[0.292s] Level 1:colcon.colcon_core.package_identification:_identify(src/correct_controller) by extension 'ignore_ament_install'
[0.292s] Level 1:colcon.colcon_core.package_identification:_identify(src/correct_controller) by extensions ['colcon_pkg']
[0.292s] Level 1:colcon.colcon_core.package_identification:_identify(src/correct_controller) by extension 'colcon_pkg'
[0.292s] Level 1:colcon.colcon_core.package_identification:_identify(src/correct_controller) by extensions ['colcon_meta']
[0.292s] Level 1:colcon.colcon_core.package_identification:_identify(src/correct_controller) by extension 'colcon_meta'
[0.292s] Level 1:colcon.colcon_core.package_identification:_identify(src/correct_controller) by extensions ['ros']
[0.292s] Level 1:colcon.colcon_core.package_identification:_identify(src/correct_controller) by extension 'ros'
[0.294s] DEBUG:colcon.colcon_core.package_identification:Package 'src/correct_controller' with type 'ros.ament_cmake' and name 'correct_controller'
[0.294s] Level 1:colcon.colcon_core.package_identification:_identify(src/correct_cpp_examples) by extensions ['ignore', 'ignore_ament_install']
[0.294s] Level 1:colcon.colcon_core.package_identification:_identify(src/correct_cpp_examples) by extension 'ignore'
[0.294s] Level 1:colcon.colcon_core.package_identification:_identify(src/correct_cpp_examples) by extension 'ignore_ament_install'
[0.294s] Level 1:colcon.colcon_core.package_identification:_identify(src/correct_cpp_examples) by extensions ['colcon_pkg']
[0.294s] Level 1:colcon.colcon_core.package_identification:_identify(src/correct_cpp_examples) by extension 'colcon_pkg'
[0.294s] Level 1:colcon.colcon_core.package_identification:_identify(src/correct_cpp_examples) by extensions ['colcon_meta']
[0.294s] Level 1:colcon.colcon_core.package_identification:_identify(src/correct_cpp_examples) by extension 'colcon_meta'
[0.294s] Level 1:colcon.colcon_core.package_identification:_identify(src/correct_cpp_examples) by extensions ['ros']
[0.295s] Level 1:colcon.colcon_core.package_identification:_identify(src/correct_cpp_examples) by extension 'ros'
[0.296s] DEBUG:colcon.colcon_core.package_identification:Package 'src/correct_cpp_examples' with type 'ros.ament_cmake' and name 'correct_cpp_examples'
[0.296s] Level 1:colcon.colcon_core.package_identification:_identify(src/correct_localization) by extensions ['ignore', 'ignore_ament_install']
[0.296s] Level 1:colcon.colcon_core.package_identification:_identify(src/correct_localization) by extension 'ignore'
[0.296s] Level 1:colcon.colcon_core.package_identification:_identify(src/correct_localization) by extension 'ignore_ament_install'
[0.296s] Level 1:colcon.colcon_core.package_identification:_identify(src/correct_localization) by extensions ['colcon_pkg']
[0.296s] Level 1:colcon.colcon_core.package_identification:_identify(src/correct_localization) by extension 'colcon_pkg'
[0.296s] Level 1:colcon.colcon_core.package_identification:_identify(src/correct_localization) by extensions ['colcon_meta']
[0.296s] Level 1:colcon.colcon_core.package_identification:_identify(src/correct_localization) by extension 'colcon_meta'
[0.296s] Level 1:colcon.colcon_core.package_identification:_identify(src/correct_localization) by extensions ['ros']
[0.296s] Level 1:colcon.colcon_core.package_identification:_identify(src/correct_localization) by extension 'ros'
[0.297s] DEBUG:colcon.colcon_core.package_identification:Package 'src/correct_localization' with type 'ros.ament_cmake' and name 'correct_localization'
[0.297s] Level 1:colcon.colcon_core.package_identification:_identify(src/correct_msgs) by extensions ['ignore', 'ignore_ament_install']
[0.298s] Level 1:colcon.colcon_core.package_identification:_identify(src/correct_msgs) by extension 'ignore'
[0.298s] Level 1:colcon.colcon_core.package_identification:_identify(src/correct_msgs) by extension 'ignore_ament_install'
[0.298s] Level 1:colcon.colcon_core.package_identification:_identify(src/correct_msgs) by extensions ['colcon_pkg']
[0.298s] Level 1:colcon.colcon_core.package_identification:_identify(src/correct_msgs) by extension 'colcon_pkg'
[0.298s] Level 1:colcon.colcon_core.package_identification:_identify(src/correct_msgs) by extensions ['colcon_meta']
[0.298s] Level 1:colcon.colcon_core.package_identification:_identify(src/correct_msgs) by extension 'colcon_meta'
[0.298s] Level 1:colcon.colcon_core.package_identification:_identify(src/correct_msgs) by extensions ['ros']
[0.298s] Level 1:colcon.colcon_core.package_identification:_identify(src/correct_msgs) by extension 'ros'
[0.299s] DEBUG:colcon.colcon_core.package_identification:Package 'src/correct_msgs' with type 'ros.ament_cmake' and name 'correct_msgs'
[0.299s] Level 1:colcon.colcon_core.package_identification:_identify(src/correct_pkg) by extensions ['ignore', 'ignore_ament_install']
[0.299s] Level 1:colcon.colcon_core.package_identification:_identify(src/correct_pkg) by extension 'ignore'
[0.299s] Level 1:colcon.colcon_core.package_identification:_identify(src/correct_pkg) by extension 'ignore_ament_install'
[0.299s] Level 1:colcon.colcon_core.package_identification:_identify(src/correct_pkg) by extensions ['colcon_pkg']
[0.299s] Level 1:colcon.colcon_core.package_identification:_identify(src/correct_pkg) by extension 'colcon_pkg'
[0.299s] Level 1:colcon.colcon_core.package_identification:_identify(src/correct_pkg) by extensions ['colcon_meta']
[0.299s] Level 1:colcon.colcon_core.package_identification:_identify(src/correct_pkg) by extension 'colcon_meta'
[0.299s] Level 1:colcon.colcon_core.package_identification:_identify(src/correct_pkg) by extensions ['ros']
[0.299s] Level 1:colcon.colcon_core.package_identification:_identify(src/correct_pkg) by extension 'ros'
[0.302s] DEBUG:colcon.colcon_core.package_identification:Package 'src/correct_pkg' with type 'ros.ament_cmake' and name 'correct_pkg'
[0.302s] Level 1:colcon.colcon_core.package_identification:_identify(src/correct_py_examples) by extensions ['ignore', 'ignore_ament_install']
[0.303s] Level 1:colcon.colcon_core.package_identification:_identify(src/correct_py_examples) by extension 'ignore'
[0.303s] Level 1:colcon.colcon_core.package_identification:_identify(src/correct_py_examples) by extension 'ignore_ament_install'
[0.303s] Level 1:colcon.colcon_core.package_identification:_identify(src/correct_py_examples) by extensions ['colcon_pkg']
[0.303s] Level 1:colcon.colcon_core.package_identification:_identify(src/correct_py_examples) by extension 'colcon_pkg'
[0.303s] Level 1:colcon.colcon_core.package_identification:_identify(src/correct_py_examples) by extensions ['colcon_meta']
[0.303s] Level 1:colcon.colcon_core.package_identification:_identify(src/correct_py_examples) by extension 'colcon_meta'
[0.303s] Level 1:colcon.colcon_core.package_identification:_identify(src/correct_py_examples) by extensions ['ros']
[0.303s] Level 1:colcon.colcon_core.package_identification:_identify(src/correct_py_examples) by extension 'ros'
[0.304s] DEBUG:colcon.colcon_core.package_identification:Package 'src/correct_py_examples' with type 'ros.ament_python' and name 'correct_py_examples'
[0.305s] Level 1:colcon.colcon_core.package_identification:_identify(train) by extensions ['ignore', 'ignore_ament_install']
[0.305s] Level 1:colcon.colcon_core.package_identification:_identify(train) by extension 'ignore'
[0.305s] Level 1:colcon.colcon_core.package_identification:_identify(train) by extension 'ignore_ament_install'
[0.305s] Level 1:colcon.colcon_core.package_identification:_identify(train) by extensions ['colcon_pkg']
[0.305s] Level 1:colcon.colcon_core.package_identification:_identify(train) by extension 'colcon_pkg'
[0.305s] Level 1:colcon.colcon_core.package_identification:_identify(train) by extensions ['colcon_meta']
[0.305s] Level 1:colcon.colcon_core.package_identification:_identify(train) by extension 'colcon_meta'
[0.305s] Level 1:colcon.colcon_core.package_identification:_identify(train) by extensions ['ros']
[0.305s] Level 1:colcon.colcon_core.package_identification:_identify(train) by extension 'ros'
[0.305s] Level 1:colcon.colcon_core.package_identification:_identify(train) by extensions ['cmake', 'python']
[0.305s] Level 1:colcon.colcon_core.package_identification:_identify(train) by extension 'cmake'
[0.305s] Level 1:colcon.colcon_core.package_identification:_identify(train) by extension 'python'
[0.306s] Level 1:colcon.colcon_core.package_identification:_identify(train) by extensions ['python_setup_py']
[0.306s] Level 1:colcon.colcon_core.package_identification:_identify(train) by extension 'python_setup_py'
[0.306s] Level 1:colcon.colcon_core.package_identification:_identify(train/image_aug) by extensions ['ignore', 'ignore_ament_install']
[0.306s] Level 1:colcon.colcon_core.package_identification:_identify(train/image_aug) by extension 'ignore'
[0.306s] Level 1:colcon.colcon_core.package_identification:_identify(train/image_aug) by extension 'ignore_ament_install'
[0.306s] Level 1:colcon.colcon_core.package_identification:_identify(train/image_aug) by extensions ['colcon_pkg']
[0.306s] Level 1:colcon.colcon_core.package_identification:_identify(train/image_aug) by extension 'colcon_pkg'
[0.306s] Level 1:colcon.colcon_core.package_identification:_identify(train/image_aug) by extensions ['colcon_meta']
[0.306s] Level 1:colcon.colcon_core.package_identification:_identify(train/image_aug) by extension 'colcon_meta'
[0.306s] Level 1:colcon.colcon_core.package_identification:_identify(train/image_aug) by extensions ['ros']
[0.306s] Level 1:colcon.colcon_core.package_identification:_identify(train/image_aug) by extension 'ros'
[0.306s] Level 1:colcon.colcon_core.package_identification:_identify(train/image_aug) by extensions ['cmake', 'python']
[0.306s] Level 1:colcon.colcon_core.package_identification:_identify(train/image_aug) by extension 'cmake'
[0.306s] Level 1:colcon.colcon_core.package_identification:_identify(train/image_aug) by extension 'python'
[0.307s] Level 1:colcon.colcon_core.package_identification:_identify(train/image_aug) by extensions ['python_setup_py']
[0.307s] Level 1:colcon.colcon_core.package_identification:_identify(train/image_aug) by extension 'python_setup_py'
[0.307s] Level 1:colcon.colcon_core.package_identification:_identify(train/labels_aug) by extensions ['ignore', 'ignore_ament_install']
[0.307s] Level 1:colcon.colcon_core.package_identification:_identify(train/labels_aug) by extension 'ignore'
[0.307s] Level 1:colcon.colcon_core.package_identification:_identify(train/labels_aug) by extension 'ignore_ament_install'
[0.307s] Level 1:colcon.colcon_core.package_identification:_identify(train/labels_aug) by extensions ['colcon_pkg']
[0.307s] Level 1:colcon.colcon_core.package_identification:_identify(train/labels_aug) by extension 'colcon_pkg'
[0.307s] Level 1:colcon.colcon_core.package_identification:_identify(train/labels_aug) by extensions ['colcon_meta']
[0.307s] Level 1:colcon.colcon_core.package_identification:_identify(train/labels_aug) by extension 'colcon_meta'
[0.307s] Level 1:colcon.colcon_core.package_identification:_identify(train/labels_aug) by extensions ['ros']
[0.307s] Level 1:colcon.colcon_core.package_identification:_identify(train/labels_aug) by extension 'ros'
[0.307s] Level 1:colcon.colcon_core.package_identification:_identify(train/labels_aug) by extensions ['cmake', 'python']
[0.307s] Level 1:colcon.colcon_core.package_identification:_identify(train/labels_aug) by extension 'cmake'
[0.307s] Level 1:colcon.colcon_core.package_identification:_identify(train/labels_aug) by extension 'python'
[0.307s] Level 1:colcon.colcon_core.package_identification:_identify(train/labels_aug) by extensions ['python_setup_py']
[0.307s] Level 1:colcon.colcon_core.package_identification:_identify(train/labels_aug) by extension 'python_setup_py'
[0.307s] Level 1:colcon.colcon_core.package_discovery:discover_packages(recursive) using defaults
[0.308s] Level 1:colcon.colcon_core.package_discovery:discover_packages(ignore) discover
[0.308s] Level 1:colcon.colcon_core.package_discovery:discover_packages(ignore) using defaults
[0.308s] Level 1:colcon.colcon_core.package_discovery:discover_packages(path) discover
[0.308s] Level 1:colcon.colcon_core.package_discovery:discover_packages(path) using defaults
[0.344s] Level 1:colcon.colcon_core.package_discovery:discover_packages(prefix_path) check parameters
[0.344s] Level 1:colcon.colcon_core.package_discovery:discover_packages(prefix_path) discover
[0.347s] DEBUG:colcon.colcon_installed_package_information.package_discovery:Found 339 installed packages in /opt/ros/humble
[0.349s] Level 1:colcon.colcon_core.package_discovery:discover_packages(prefix_path) using defaults
[0.397s] Level 5:colcon.colcon_core.verb:set package 'computer_vision' build argument 'cmake_args' from command line to 'None'
[0.398s] Level 5:colcon.colcon_core.verb:set package 'computer_vision' build argument 'cmake_target' from command line to 'None'
[0.398s] Level 5:colcon.colcon_core.verb:set package 'computer_vision' build argument 'cmake_target_skip_unavailable' from command line to 'False'
[0.398s] Level 5:colcon.colcon_core.verb:set package 'computer_vision' build argument 'cmake_clean_cache' from command line to 'False'
[0.398s] Level 5:colcon.colcon_core.verb:set package 'computer_vision' build argument 'cmake_clean_first' from command line to 'False'
[0.398s] Level 5:colcon.colcon_core.verb:set package 'computer_vision' build argument 'cmake_force_configure' from command line to 'False'
[0.398s] Level 5:colcon.colcon_core.verb:set package 'computer_vision' build argument 'ament_cmake_args' from command line to 'None'
[0.398s] Level 5:colcon.colcon_core.verb:set package 'computer_vision' build argument 'catkin_cmake_args' from command line to 'None'
[0.398s] Level 5:colcon.colcon_core.verb:set package 'computer_vision' build argument 'catkin_skip_building_tests' from command line to 'False'
[0.398s] DEBUG:colcon.colcon_core.verb:Building package 'computer_vision' with the following arguments: {'ament_cmake_args': None, 'build_base': '/home/louwee/correct_ws/build/computer_vision', 'catkin_cmake_args': None, 'catkin_skip_building_tests': False, 'cmake_args': None, 'cmake_clean_cache': False, 'cmake_clean_first': False, 'cmake_force_configure': False, 'cmake_target': None, 'cmake_target_skip_unavailable': False, 'install_base': '/home/louwee/correct_ws/install/computer_vision', 'merge_install': False, 'path': '/home/louwee/correct_ws/src/computer_vision', 'symlink_install': False, 'test_result_base': None}
[0.398s] Level 5:colcon.colcon_core.verb:set package 'correct_controller' build argument 'cmake_args' from command line to 'None'
[0.398s] Level 5:colcon.colcon_core.verb:set package 'correct_controller' build argument 'cmake_target' from command line to 'None'
[0.398s] Level 5:colcon.colcon_core.verb:set package 'correct_controller' build argument 'cmake_target_skip_unavailable' from command line to 'False'
[0.398s] Level 5:colcon.colcon_core.verb:set package 'correct_controller' build argument 'cmake_clean_cache' from command line to 'False'
[0.398s] Level 5:colcon.colcon_core.verb:set package 'correct_controller' build argument 'cmake_clean_first' from command line to 'False'
[0.398s] Level 5:colcon.colcon_core.verb:set package 'correct_controller' build argument 'cmake_force_configure' from command line to 'False'
[0.398s] Level 5:colcon.colcon_core.verb:set package 'correct_controller' build argument 'ament_cmake_args' from command line to 'None'
[0.398s] Level 5:colcon.colcon_core.verb:set package 'correct_controller' build argument 'catkin_cmake_args' from command line to 'None'
[0.398s] Level 5:colcon.colcon_core.verb:set package 'correct_controller' build argument 'catkin_skip_building_tests' from command line to 'False'
[0.398s] DEBUG:colcon.colcon_core.verb:Building package 'correct_controller' with the following arguments: {'ament_cmake_args': None, 'build_base': '/home/louwee/correct_ws/build/correct_controller', 'catkin_cmake_args': None, 'catkin_skip_building_tests': False, 'cmake_args': None, 'cmake_clean_cache': False, 'cmake_clean_first': False, 'cmake_force_configure': False, 'cmake_target': None, 'cmake_target_skip_unavailable': False, 'install_base': '/home/louwee/correct_ws/install/correct_controller', 'merge_install': False, 'path': '/home/louwee/correct_ws/src/correct_controller', 'symlink_install': False, 'test_result_base': None}
[0.399s] Level 5:colcon.colcon_core.verb:set package 'correct_localization' build argument 'cmake_args' from command line to 'None'
[0.399s] Level 5:colcon.colcon_core.verb:set package 'correct_localization' build argument 'cmake_target' from command line to 'None'
[0.399s] Level 5:colcon.colcon_core.verb:set package 'correct_localization' build argument 'cmake_target_skip_unavailable' from command line to 'False'
[0.399s] Level 5:colcon.colcon_core.verb:set package 'correct_localization' build argument 'cmake_clean_cache' from command line to 'False'
[0.399s] Level 5:colcon.colcon_core.verb:set package 'correct_localization' build argument 'cmake_clean_first' from command line to 'False'
[0.399s] Level 5:colcon.colcon_core.verb:set package 'correct_localization' build argument 'cmake_force_configure' from command line to 'False'
[0.399s] Level 5:colcon.colcon_core.verb:set package 'correct_localization' build argument 'ament_cmake_args' from command line to 'None'
[0.399s] Level 5:colcon.colcon_core.verb:set package 'correct_localization' build argument 'catkin_cmake_args' from command line to 'None'
[0.399s] Level 5:colcon.colcon_core.verb:set package 'correct_localization' build argument 'catkin_skip_building_tests' from command line to 'False'
[0.399s] DEBUG:colcon.colcon_core.verb:Building package 'correct_localization' with the following arguments: {'ament_cmake_args': None, 'build_base': '/home/louwee/correct_ws/build/correct_localization', 'catkin_cmake_args': None, 'catkin_skip_building_tests': False, 'cmake_args': None, 'cmake_clean_cache': False, 'cmake_clean_first': False, 'cmake_force_configure': False, 'cmake_target': None, 'cmake_target_skip_unavailable': False, 'install_base': '/home/louwee/correct_ws/install/correct_localization', 'merge_install': False, 'path': '/home/louwee/correct_ws/src/correct_localization', 'symlink_install': False, 'test_result_base': None}
[0.400s] Level 5:colcon.colcon_core.verb:set package 'correct_msgs' build argument 'cmake_args' from command line to 'None'
[0.400s] Level 5:colcon.colcon_core.verb:set package 'correct_msgs' build argument 'cmake_target' from command line to 'None'
[0.400s] Level 5:colcon.colcon_core.verb:set package 'correct_msgs' build argument 'cmake_target_skip_unavailable' from command line to 'False'
[0.400s] Level 5:colcon.colcon_core.verb:set package 'correct_msgs' build argument 'cmake_clean_cache' from command line to 'False'
[0.400s] Level 5:colcon.colcon_core.verb:set package 'correct_msgs' build argument 'cmake_clean_first' from command line to 'False'
[0.400s] Level 5:colcon.colcon_core.verb:set package 'correct_msgs' build argument 'cmake_force_configure' from command line to 'False'
[0.400s] Level 5:colcon.colcon_core.verb:set package 'correct_msgs' build argument 'ament_cmake_args' from command line to 'None'
[0.400s] Level 5:colcon.colcon_core.verb:set package 'correct_msgs' build argument 'catkin_cmake_args' from command line to 'None'
[0.400s] Level 5:colcon.colcon_core.verb:set package 'correct_msgs' build argument 'catkin_skip_building_tests' from command line to 'False'
[0.400s] DEBUG:colcon.colcon_core.verb:Building package 'correct_msgs' with the following arguments: {'ament_cmake_args': None, 'build_base': '/home/louwee/correct_ws/build/correct_msgs', 'catkin_cmake_args': None, 'catkin_skip_building_tests': False, 'cmake_args': None, 'cmake_clean_cache': False, 'cmake_clean_first': False, 'cmake_force_configure': False, 'cmake_target': None, 'cmake_target_skip_unavailable': False, 'install_base': '/home/louwee/correct_ws/install/correct_msgs', 'merge_install': False, 'path': '/home/louwee/correct_ws/src/correct_msgs', 'symlink_install': False, 'test_result_base': None}
[0.401s] Level 5:colcon.colcon_core.verb:set package 'correct_pkg' build argument 'cmake_args' from command line to 'None'
[0.401s] Level 5:colcon.colcon_core.verb:set package 'correct_pkg' build argument 'cmake_target' from command line to 'None'
[0.401s] Level 5:colcon.colcon_core.verb:set package 'correct_pkg' build argument 'cmake_target_skip_unavailable' from command line to 'False'
[0.401s] Level 5:colcon.colcon_core.verb:set package 'correct_pkg' build argument 'cmake_clean_cache' from command line to 'False'
[0.401s] Level 5:colcon.colcon_core.verb:set package 'correct_pkg' build argument 'cmake_clean_first' from command line to 'False'
[0.401s] Level 5:colcon.colcon_core.verb:set package 'correct_pkg' build argument 'cmake_force_configure' from command line to 'False'
[0.401s] Level 5:colcon.colcon_core.verb:set package 'correct_pkg' build argument 'ament_cmake_args' from command line to 'None'
[0.401s] Level 5:colcon.colcon_core.verb:set package 'correct_pkg' build argument 'catkin_cmake_args' from command line to 'None'
[0.401s] Level 5:colcon.colcon_core.verb:set package 'correct_pkg' build argument 'catkin_skip_building_tests' from command line to 'False'
[0.401s] DEBUG:colcon.colcon_core.verb:Building package 'correct_pkg' with the following arguments: {'ament_cmake_args': None, 'build_base': '/home/louwee/correct_ws/build/correct_pkg', 'catkin_cmake_args': None, 'catkin_skip_building_tests': False, 'cmake_args': None, 'cmake_clean_cache': False, 'cmake_clean_first': False, 'cmake_force_configure': False, 'cmake_target': None, 'cmake_target_skip_unavailable': False, 'install_base': '/home/louwee/correct_ws/install/correct_pkg', 'merge_install': False, 'path': '/home/louwee/correct_ws/src/correct_pkg', 'symlink_install': False, 'test_result_base': None}
[0.401s] Level 5:colcon.colcon_core.verb:set package 'correct_cpp_examples' build argument 'cmake_args' from command line to 'None'
[0.401s] Level 5:colcon.colcon_core.verb:set package 'correct_cpp_examples' build argument 'cmake_target' from command line to 'None'
[0.401s] Level 5:colcon.colcon_core.verb:set package 'correct_cpp_examples' build argument 'cmake_target_skip_unavailable' from command line to 'False'
[0.402s] Level 5:colcon.colcon_core.verb:set package 'correct_cpp_examples' build argument 'cmake_clean_cache' from command line to 'False'
[0.402s] Level 5:colcon.colcon_core.verb:set package 'correct_cpp_examples' build argument 'cmake_clean_first' from command line to 'False'
[0.402s] Level 5:colcon.colcon_core.verb:set package 'correct_cpp_examples' build argument 'cmake_force_configure' from command line to 'False'
[0.402s] Level 5:colcon.colcon_core.verb:set package 'correct_cpp_examples' build argument 'ament_cmake_args' from command line to 'None'
[0.402s] Level 5:colcon.colcon_core.verb:set package 'correct_cpp_examples' build argument 'catkin_cmake_args' from command line to 'None'
[0.402s] Level 5:colcon.colcon_core.verb:set package 'correct_cpp_examples' build argument 'catkin_skip_building_tests' from command line to 'False'
[0.402s] DEBUG:colcon.colcon_core.verb:Building package 'correct_cpp_examples' with the following arguments: {'ament_cmake_args': None, 'build_base': '/home/louwee/correct_ws/build/correct_cpp_examples', 'catkin_cmake_args': None, 'catkin_skip_building_tests': False, 'cmake_args': None, 'cmake_clean_cache': False, 'cmake_clean_first': False, 'cmake_force_configure': False, 'cmake_target': None, 'cmake_target_skip_unavailable': False, 'install_base': '/home/louwee/correct_ws/install/correct_cpp_examples', 'merge_install': False, 'path': '/home/louwee/correct_ws/src/correct_cpp_examples', 'symlink_install': False, 'test_result_base': None}
[0.403s] Level 5:colcon.colcon_core.verb:set package 'correct_py_examples' build argument 'cmake_args' from command line to 'None'
[0.403s] Level 5:colcon.colcon_core.verb:set package 'correct_py_examples' build argument 'cmake_target' from command line to 'None'
[0.403s] Level 5:colcon.colcon_core.verb:set package 'correct_py_examples' build argument 'cmake_target_skip_unavailable' from command line to 'False'
[0.403s] Level 5:colcon.colcon_core.verb:set package 'correct_py_examples' build argument 'cmake_clean_cache' from command line to 'False'
[0.403s] Level 5:colcon.colcon_core.verb:set package 'correct_py_examples' build argument 'cmake_clean_first' from command line to 'False'
[0.403s] Level 5:colcon.colcon_core.verb:set package 'correct_py_examples' build argument 'cmake_force_configure' from command line to 'False'
[0.403s] Level 5:colcon.colcon_core.verb:set package 'correct_py_examples' build argument 'ament_cmake_args' from command line to 'None'
[0.404s] Level 5:colcon.colcon_core.verb:set package 'correct_py_examples' build argument 'catkin_cmake_args' from command line to 'None'
[0.404s] Level 5:colcon.colcon_core.verb:set package 'correct_py_examples' build argument 'catkin_skip_building_tests' from command line to 'False'
[0.404s] DEBUG:colcon.colcon_core.verb:Building package 'correct_py_examples' with the following arguments: {'ament_cmake_args': None, 'build_base': '/home/louwee/correct_ws/build/correct_py_examples', 'catkin_cmake_args': None, 'catkin_skip_building_tests': False, 'cmake_args': None, 'cmake_clean_cache': False, 'cmake_clean_first': False, 'cmake_force_configure': False, 'cmake_target': None, 'cmake_target_skip_unavailable': False, 'install_base': '/home/louwee/correct_ws/install/correct_py_examples', 'merge_install': False, 'path': '/home/louwee/correct_ws/src/correct_py_examples', 'symlink_install': False, 'test_result_base': None}
[0.404s] INFO:colcon.colcon_core.executor:Executing jobs using 'parallel' executor
[0.406s] DEBUG:colcon.colcon_parallel_executor.executor.parallel:run_until_complete
[0.407s] INFO:colcon.colcon_ros.task.ament_cmake.build:Building ROS package in '/home/louwee/correct_ws/src/correct_msgs' with build type 'ament_cmake'
[0.407s] INFO:colcon.colcon_cmake.task.cmake.build:Building CMake package in '/home/louwee/correct_ws/src/correct_msgs'
[0.410s] INFO:colcon.colcon_core.plugin_system:Skipping extension 'colcon_core.shell.bat': Not used on non-Windows systems
[0.411s] INFO:colcon.colcon_core.shell:Skip shell extension 'powershell' for command environment: Not usable outside of PowerShell
[0.411s] DEBUG:colcon.colcon_core.shell:Skip shell extension 'dsv' for command environment
[0.415s] INFO:colcon.colcon_ros.task.ament_cmake.build:Building ROS package in '/home/louwee/correct_ws/src/computer_vision' with build type 'ament_cmake'
[0.415s] INFO:colcon.colcon_cmake.task.cmake.build:Building CMake package in '/home/louwee/correct_ws/src/computer_vision'
[0.416s] INFO:colcon.colcon_core.shell:Skip shell extension 'powershell' for command environment: Not usable outside of PowerShell
[0.416s] DEBUG:colcon.colcon_core.shell:Skip shell extension 'dsv' for command environment
[0.419s] INFO:colcon.colcon_ros.task.ament_cmake.build:Building ROS package in '/home/louwee/correct_ws/src/correct_controller' with build type 'ament_cmake'
[0.419s] INFO:colcon.colcon_cmake.task.cmake.build:Building CMake package in '/home/louwee/correct_ws/src/correct_controller'
[0.420s] INFO:colcon.colcon_core.shell:Skip shell extension 'powershell' for command environment: Not usable outside of PowerShell
[0.420s] DEBUG:colcon.colcon_core.shell:Skip shell extension 'dsv' for command environment
[0.423s] INFO:colcon.colcon_ros.task.ament_cmake.build:Building ROS package in '/home/louwee/correct_ws/src/correct_localization' with build type 'ament_cmake'
[0.423s] INFO:colcon.colcon_cmake.task.cmake.build:Building CMake package in '/home/louwee/correct_ws/src/correct_localization'
[0.424s] INFO:colcon.colcon_core.shell:Skip shell extension 'powershell' for command environment: Not usable outside of PowerShell
[0.424s] DEBUG:colcon.colcon_core.shell:Skip shell extension 'dsv' for command environment
[0.427s] INFO:colcon.colcon_ros.task.ament_cmake.build:Building ROS package in '/home/louwee/correct_ws/src/correct_pkg' with build type 'ament_cmake'
[0.427s] INFO:colcon.colcon_cmake.task.cmake.build:Building CMake package in '/home/louwee/correct_ws/src/correct_pkg'
[0.428s] INFO:colcon.colcon_core.shell:Skip shell extension 'powershell' for command environment: Not usable outside of PowerShell
[0.428s] DEBUG:colcon.colcon_core.shell:Skip shell extension 'dsv' for command environment
[0.442s] DEBUG:colcon.colcon_core.event_handler.log_command:Invoking command in '/home/louwee/correct_ws/build/correct_msgs': CMAKE_PREFIX_PATH=/opt/ros/humble /usr/bin/cmake --build /home/louwee/correct_ws/build/correct_msgs -- -j12 -l12
[0.446s] DEBUG:colcon.colcon_core.event_handler.log_command:Invoking command in '/home/louwee/correct_ws/build/computer_vision': CMAKE_PREFIX_PATH=/opt/ros/humble /usr/bin/cmake --build /home/louwee/correct_ws/build/computer_vision -- -j12 -l12
[0.451s] DEBUG:colcon.colcon_core.event_handler.log_command:Invoking command in '/home/louwee/correct_ws/build/correct_controller': CMAKE_PREFIX_PATH=/opt/ros/humble /usr/bin/cmake --build /home/louwee/correct_ws/build/correct_controller -- -j12 -l12
[0.457s] DEBUG:colcon.colcon_core.event_handler.log_command:Invoking command in '/home/louwee/correct_ws/build/correct_localization': CMAKE_PREFIX_PATH=/opt/ros/humble /usr/bin/cmake --build /home/louwee/correct_ws/build/correct_localization -- -j12 -l12
[0.462s] DEBUG:colcon.colcon_core.event_handler.log_command:Invoking command in '/home/louwee/correct_ws/build/correct_pkg': CMAKE_PREFIX_PATH=/opt/ros/humble /usr/bin/cmake --build /home/louwee/correct_ws/build/correct_pkg -- -j12 -l12
[0.525s] DEBUG:colcon.colcon_core.event_handler.log_command:Invoked command in '/home/louwee/correct_ws/build/correct_pkg' returned '0': CMAKE_PREFIX_PATH=/opt/ros/humble /usr/bin/cmake --build /home/louwee/correct_ws/build/correct_pkg -- -j12 -l12
[0.548s] DEBUG:colcon.colcon_core.event_handler.log_command:Invoking command in '/home/louwee/correct_ws/build/correct_pkg': CMAKE_PREFIX_PATH=/opt/ros/humble /usr/bin/cmake --install /home/louwee/correct_ws/build/correct_pkg
[0.608s] Level 1:colcon.colcon_core.environment:create_environment_scripts_only(correct_pkg)
[0.621s] Level 1:colcon.colcon_core.environment:checking '/home/louwee/correct_ws/install/correct_pkg' for CMake module files
[0.624s] Level 1:colcon.colcon_core.environment:checking '/home/louwee/correct_ws/install/correct_pkg' for CMake config files
[0.628s] Level 1:colcon.colcon_core.shell:create_environment_hook('correct_pkg', 'cmake_prefix_path')
[0.628s] INFO:colcon.colcon_core.shell:Creating environment hook '/home/louwee/correct_ws/install/correct_pkg/share/correct_pkg/hook/cmake_prefix_path.ps1'
[0.630s] INFO:colcon.colcon_core.shell:Creating environment descriptor '/home/louwee/correct_ws/install/correct_pkg/share/correct_pkg/hook/cmake_prefix_path.dsv'
[0.631s] INFO:colcon.colcon_core.shell:Creating environment hook '/home/louwee/correct_ws/install/correct_pkg/share/correct_pkg/hook/cmake_prefix_path.sh'
[0.633s] Level 1:colcon.colcon_core.environment:checking '/home/louwee/correct_ws/install/correct_pkg/bin'
[0.633s] Level 1:colcon.colcon_core.environment:checking '/home/louwee/correct_ws/install/correct_pkg/lib/pkgconfig/correct_pkg.pc'
[0.634s] Level 1:colcon.colcon_core.environment:checking '/home/louwee/correct_ws/install/correct_pkg/lib/python3.10/site-packages'
[0.634s] Level 1:colcon.colcon_core.environment:checking '/home/louwee/correct_ws/install/correct_pkg/bin'
[0.635s] INFO:colcon.colcon_core.shell:Creating package script '/home/louwee/correct_ws/install/correct_pkg/share/correct_pkg/package.ps1'
[0.637s] INFO:colcon.colcon_core.shell:Creating package descriptor '/home/louwee/correct_ws/install/correct_pkg/share/correct_pkg/package.dsv'
[0.639s] INFO:colcon.colcon_core.shell:Creating package script '/home/louwee/correct_ws/install/correct_pkg/share/correct_pkg/package.sh'
[0.641s] INFO:colcon.colcon_core.shell:Creating package script '/home/louwee/correct_ws/install/correct_pkg/share/correct_pkg/package.bash'
[0.645s] INFO:colcon.colcon_core.shell:Creating package script '/home/louwee/correct_ws/install/correct_pkg/share/correct_pkg/package.zsh'
[0.646s] Level 1:colcon.colcon_core.environment:create_file_with_runtime_dependencies(/home/louwee/correct_ws/install/correct_pkg/share/colcon-core/packages/correct_pkg)
[0.649s] Level 1:colcon.colcon_core.environment:create_environment_scripts_only(correct_pkg)
[0.650s] Level 1:colcon.colcon_core.environment:checking '/home/louwee/correct_ws/install/correct_pkg' for CMake module files
[0.653s] Level 1:colcon.colcon_core.environment:checking '/home/louwee/correct_ws/install/correct_pkg' for CMake config files
[0.655s] Level 1:colcon.colcon_core.shell:create_environment_hook('correct_pkg', 'cmake_prefix_path')
[0.655s] INFO:colcon.colcon_core.shell:Creating environment hook '/home/louwee/correct_ws/install/correct_pkg/share/correct_pkg/hook/cmake_prefix_path.ps1'
[0.656s] INFO:colcon.colcon_core.shell:Creating environment descriptor '/home/louwee/correct_ws/install/correct_pkg/share/correct_pkg/hook/cmake_prefix_path.dsv'
[0.657s] INFO:colcon.colcon_core.shell:Creating environment hook '/home/louwee/correct_ws/install/correct_pkg/share/correct_pkg/hook/cmake_prefix_path.sh'
[0.660s] Level 1:colcon.colcon_core.environment:checking '/home/louwee/correct_ws/install/correct_pkg/bin'
[0.660s] Level 1:colcon.colcon_core.environment:checking '/home/louwee/correct_ws/install/correct_pkg/lib/pkgconfig/correct_pkg.pc'
[0.660s] Level 1:colcon.colcon_core.environment:checking '/home/louwee/correct_ws/install/correct_pkg/lib/python3.10/site-packages'
[0.661s] Level 1:colcon.colcon_core.environment:checking '/home/louwee/correct_ws/install/correct_pkg/bin'
[0.661s] INFO:colcon.colcon_core.shell:Creating package script '/home/louwee/correct_ws/install/correct_pkg/share/correct_pkg/package.ps1'
[0.663s] INFO:colcon.colcon_core.shell:Creating package descriptor '/home/louwee/correct_ws/install/correct_pkg/share/correct_pkg/package.dsv'
[0.665s] INFO:colcon.colcon_core.shell:Creating package script '/home/louwee/correct_ws/install/correct_pkg/share/correct_pkg/package.sh'
[0.666s] INFO:colcon.colcon_core.shell:Creating package script '/home/louwee/correct_ws/install/correct_pkg/share/correct_pkg/package.bash'
[0.668s] INFO:colcon.colcon_core.shell:Creating package script '/home/louwee/correct_ws/install/correct_pkg/share/correct_pkg/package.zsh'
[0.669s] Level 1:colcon.colcon_core.environment:create_file_with_runtime_dependencies(/home/louwee/correct_ws/install/correct_pkg/share/colcon-core/packages/correct_pkg)
[0.742s] DEBUG:colcon.colcon_core.event_handler.log_command:Invoked command in '/home/louwee/correct_ws/build/correct_pkg' returned '0': CMAKE_PREFIX_PATH=/opt/ros/humble /usr/bin/cmake --install /home/louwee/correct_ws/build/correct_pkg
[1.018s] DEBUG:colcon.colcon_core.event_handler.log_command:Invoked command in '/home/louwee/correct_ws/build/correct_localization' returned '0': CMAKE_PREFIX_PATH=/opt/ros/humble /usr/bin/cmake --build /home/louwee/correct_ws/build/correct_localization -- -j12 -l12
[1.024s] DEBUG:colcon.colcon_core.event_handler.log_command:Invoking command in '/home/louwee/correct_ws/build/correct_localization': CMAKE_PREFIX_PATH=/opt/ros/humble /usr/bin/cmake --install /home/louwee/correct_ws/build/correct_localization
[1.045s] DEBUG:colcon.colcon_core.event_handler.log_command:Invoked command in '/home/louwee/correct_ws/build/computer_vision' returned '0': CMAKE_PREFIX_PATH=/opt/ros/humble /usr/bin/cmake --build /home/louwee/correct_ws/build/computer_vision -- -j12 -l12
[1.048s] DEBUG:colcon.colcon_core.event_handler.log_command:Invoking command in '/home/louwee/correct_ws/build/computer_vision': CMAKE_PREFIX_PATH=/opt/ros/humble /usr/bin/cmake --install /home/louwee/correct_ws/build/computer_vision
[1.112s] Level 1:colcon.colcon_core.environment:create_environment_scripts_only(correct_localization)
[1.113s] Level 1:colcon.colcon_core.environment:checking '/home/louwee/correct_ws/install/correct_localization' for CMake module files
[1.113s] DEBUG:colcon.colcon_core.event_handler.log_command:Invoked command in '/home/louwee/correct_ws/build/correct_localization' returned '0': CMAKE_PREFIX_PATH=/opt/ros/humble /usr/bin/cmake --install /home/louwee/correct_ws/build/correct_localization
[1.114s] Level 1:colcon.colcon_core.environment:checking '/home/louwee/correct_ws/install/correct_localization' for CMake config files
[1.115s] Level 1:colcon.colcon_core.shell:create_environment_hook('correct_localization', 'cmake_prefix_path')
[1.115s] INFO:colcon.colcon_core.shell:Creating environment hook '/home/louwee/correct_ws/install/correct_localization/share/correct_localization/hook/cmake_prefix_path.ps1'
[1.116s] INFO:colcon.colcon_core.shell:Creating environment descriptor '/home/louwee/correct_ws/install/correct_localization/share/correct_localization/hook/cmake_prefix_path.dsv'
[1.117s] INFO:colcon.colcon_core.shell:Creating environment hook '/home/louwee/correct_ws/install/correct_localization/share/correct_localization/hook/cmake_prefix_path.sh'
[1.118s] Level 1:colcon.colcon_core.environment:checking '/home/louwee/correct_ws/install/correct_localization/lib'
[1.118s] Level 1:colcon.colcon_core.environment:checking '/home/louwee/correct_ws/install/correct_localization/bin'
[1.119s] Level 1:colcon.colcon_core.environment:checking '/home/louwee/correct_ws/install/correct_localization/lib/pkgconfig/correct_localization.pc'
[1.119s] Level 1:colcon.colcon_core.environment:checking '/home/louwee/correct_ws/install/correct_localization/lib/python3.10/site-packages'
[1.120s] Level 1:colcon.colcon_core.environment:checking '/home/louwee/correct_ws/install/correct_localization/bin'
[1.121s] INFO:colcon.colcon_core.shell:Creating package script '/home/louwee/correct_ws/install/correct_localization/share/correct_localization/package.ps1'
[1.122s] INFO:colcon.colcon_core.shell:Creating package descriptor '/home/louwee/correct_ws/install/correct_localization/share/correct_localization/package.dsv'
[1.122s] INFO:colcon.colcon_core.shell:Creating package script '/home/louwee/correct_ws/install/correct_localization/share/correct_localization/package.sh'
[1.123s] INFO:colcon.colcon_core.shell:Creating package script '/home/louwee/correct_ws/install/correct_localization/share/correct_localization/package.bash'
[1.124s] INFO:colcon.colcon_core.shell:Creating package script '/home/louwee/correct_ws/install/correct_localization/share/correct_localization/package.zsh'
[1.125s] Level 1:colcon.colcon_core.environment:create_file_with_runtime_dependencies(/home/louwee/correct_ws/install/correct_localization/share/colcon-core/packages/correct_localization)
[1.126s] Level 1:colcon.colcon_core.environment:create_environment_scripts_only(correct_localization)
[1.127s] Level 1:colcon.colcon_core.environment:checking '/home/louwee/correct_ws/install/correct_localization' for CMake module files
[1.128s] Level 1:colcon.colcon_core.environment:checking '/home/louwee/correct_ws/install/correct_localization' for CMake config files
[1.129s] Level 1:colcon.colcon_core.shell:create_environment_hook('correct_localization', 'cmake_prefix_path')
[1.129s] INFO:colcon.colcon_core.shell:Creating environment hook '/home/louwee/correct_ws/install/correct_localization/share/correct_localization/hook/cmake_prefix_path.ps1'
[1.130s] INFO:colcon.colcon_core.shell:Creating environment descriptor '/home/louwee/correct_ws/install/correct_localization/share/correct_localization/hook/cmake_prefix_path.dsv'
[1.131s] INFO:colcon.colcon_core.shell:Creating environment hook '/home/louwee/correct_ws/install/correct_localization/share/correct_localization/hook/cmake_prefix_path.sh'
[1.132s] Level 1:colcon.colcon_core.environment:checking '/home/louwee/correct_ws/install/correct_localization/lib'
[1.133s] Level 1:colcon.colcon_core.environment:checking '/home/louwee/correct_ws/install/correct_localization/bin'
[1.133s] Level 1:colcon.colcon_core.environment:checking '/home/louwee/correct_ws/install/correct_localization/lib/pkgconfig/correct_localization.pc'
[1.133s] Level 1:colcon.colcon_core.environment:checking '/home/louwee/correct_ws/install/correct_localization/lib/python3.10/site-packages'
[1.134s] Level 1:colcon.colcon_core.environment:checking '/home/louwee/correct_ws/install/correct_localization/bin'
[1.135s] INFO:colcon.colcon_core.shell:Creating package script '/home/louwee/correct_ws/install/correct_localization/share/correct_localization/package.ps1'
[1.136s] INFO:colcon.colcon_core.shell:Creating package descriptor '/home/louwee/correct_ws/install/correct_localization/share/correct_localization/package.dsv'
[1.136s] INFO:colcon.colcon_core.shell:Creating package script '/home/louwee/correct_ws/install/correct_localization/share/correct_localization/package.sh'
[1.137s] INFO:colcon.colcon_core.shell:Creating package script '/home/louwee/correct_ws/install/correct_localization/share/correct_localization/package.bash'
[1.138s] INFO:colcon.colcon_core.shell:Creating package script '/home/louwee/correct_ws/install/correct_localization/share/correct_localization/package.zsh'
[1.138s] Level 1:colcon.colcon_core.environment:create_file_with_runtime_dependencies(/home/louwee/correct_ws/install/correct_localization/share/colcon-core/packages/correct_localization)
[1.141s] DEBUG:colcon.colcon_core.event_handler.log_command:Invoked command in '/home/louwee/correct_ws/build/correct_msgs' returned '0': CMAKE_PREFIX_PATH=/opt/ros/humble /usr/bin/cmake --build /home/louwee/correct_ws/build/correct_msgs -- -j12 -l12
[1.144s] DEBUG:colcon.colcon_core.event_handler.log_command:Invoking command in '/home/louwee/correct_ws/build/correct_msgs': CMAKE_PREFIX_PATH=/opt/ros/humble /usr/bin/cmake --install /home/louwee/correct_ws/build/correct_msgs
[1.147s] DEBUG:colcon.colcon_core.event_handler.log_command:Invoked command in '/home/louwee/correct_ws/build/correct_controller' returned '0': CMAKE_PREFIX_PATH=/opt/ros/humble /usr/bin/cmake --build /home/louwee/correct_ws/build/correct_controller -- -j12 -l12
[1.149s] DEBUG:colcon.colcon_core.event_handler.log_command:Invoking command in '/home/louwee/correct_ws/build/correct_controller': CMAKE_PREFIX_PATH=/opt/ros/humble /usr/bin/cmake --install /home/louwee/correct_ws/build/correct_controller
[1.150s] Level 1:colcon.colcon_core.environment:create_environment_scripts_only(computer_vision)
[1.150s] Level 1:colcon.colcon_core.environment:checking '/home/louwee/correct_ws/install/computer_vision' for CMake module files
[1.151s] DEBUG:colcon.colcon_core.event_handler.log_command:Invoked command in '/home/louwee/correct_ws/build/computer_vision' returned '0': CMAKE_PREFIX_PATH=/opt/ros/humble /usr/bin/cmake --install /home/louwee/correct_ws/build/computer_vision
[1.151s] Level 1:colcon.colcon_core.environment:checking '/home/louwee/correct_ws/install/computer_vision' for CMake config files
[1.152s] Level 1:colcon.colcon_core.shell:create_environment_hook('computer_vision', 'cmake_prefix_path')
[1.153s] INFO:colcon.colcon_core.shell:Creating environment hook '/home/louwee/correct_ws/install/computer_vision/share/computer_vision/hook/cmake_prefix_path.ps1'
[1.154s] INFO:colcon.colcon_core.shell:Creating environment descriptor '/home/louwee/correct_ws/install/computer_vision/share/computer_vision/hook/cmake_prefix_path.dsv'
[1.156s] INFO:colcon.colcon_core.shell:Creating environment hook '/home/louwee/correct_ws/install/computer_vision/share/computer_vision/hook/cmake_prefix_path.sh'
[1.158s] Level 1:colcon.colcon_core.environment:checking '/home/louwee/correct_ws/install/computer_vision/lib'
[1.159s] Level 1:colcon.colcon_core.environment:checking '/home/louwee/correct_ws/install/computer_vision/bin'
[1.159s] Level 1:colcon.colcon_core.environment:checking '/home/louwee/correct_ws/install/computer_vision/lib/pkgconfig/computer_vision.pc'
[1.160s] Level 1:colcon.colcon_core.environment:checking '/home/louwee/correct_ws/install/computer_vision/lib/python3.10/site-packages'
[1.160s] Level 1:colcon.colcon_core.environment:checking '/home/louwee/correct_ws/install/computer_vision/bin'
[1.161s] INFO:colcon.colcon_core.shell:Creating package script '/home/louwee/correct_ws/install/computer_vision/share/computer_vision/package.ps1'
[1.163s] INFO:colcon.colcon_core.shell:Creating package descriptor '/home/louwee/correct_ws/install/computer_vision/share/computer_vision/package.dsv'
[1.164s] INFO:colcon.colcon_core.shell:Creating package script '/home/louwee/correct_ws/install/computer_vision/share/computer_vision/package.sh'
[1.165s] INFO:colcon.colcon_core.shell:Creating package script '/home/louwee/correct_ws/install/computer_vision/share/computer_vision/package.bash'
[1.166s] INFO:colcon.colcon_core.shell:Creating package script '/home/louwee/correct_ws/install/computer_vision/share/computer_vision/package.zsh'
[1.168s] Level 1:colcon.colcon_core.environment:create_file_with_runtime_dependencies(/home/louwee/correct_ws/install/computer_vision/share/colcon-core/packages/computer_vision)
[1.170s] Level 1:colcon.colcon_core.environment:create_environment_scripts_only(computer_vision)
[1.170s] Level 1:colcon.colcon_core.environment:checking '/home/louwee/correct_ws/install/computer_vision' for CMake module files
[1.173s] Level 1:colcon.colcon_core.environment:checking '/home/louwee/correct_ws/install/computer_vision' for CMake config files
[1.185s] Level 1:colcon.colcon_core.shell:create_environment_hook('computer_vision', 'cmake_prefix_path')
[1.186s] INFO:colcon.colcon_core.shell:Creating environment hook '/home/louwee/correct_ws/install/computer_vision/share/computer_vision/hook/cmake_prefix_path.ps1'
[1.187s] INFO:colcon.colcon_core.shell:Creating environment descriptor '/home/louwee/correct_ws/install/computer_vision/share/computer_vision/hook/cmake_prefix_path.dsv'
[1.187s] INFO:colcon.colcon_core.shell:Creating environment hook '/home/louwee/correct_ws/install/computer_vision/share/computer_vision/hook/cmake_prefix_path.sh'
[1.189s] Level 1:colcon.colcon_core.environment:checking '/home/louwee/correct_ws/install/computer_vision/lib'
[1.189s] Level 1:colcon.colcon_core.environment:checking '/home/louwee/correct_ws/install/computer_vision/bin'
[1.189s] Level 1:colcon.colcon_core.environment:checking '/home/louwee/correct_ws/install/computer_vision/lib/pkgconfig/computer_vision.pc'
[1.190s] Level 1:colcon.colcon_core.environment:checking '/home/louwee/correct_ws/install/computer_vision/lib/python3.10/site-packages'
[1.190s] Level 1:colcon.colcon_core.environment:checking '/home/louwee/correct_ws/install/computer_vision/bin'
[1.191s] INFO:colcon.colcon_core.shell:Creating package script '/home/louwee/correct_ws/install/computer_vision/share/computer_vision/package.ps1'
[1.191s] INFO:colcon.colcon_core.shell:Creating package descriptor '/home/louwee/correct_ws/install/computer_vision/share/computer_vision/package.dsv'
[1.192s] INFO:colcon.colcon_core.shell:Creating package script '/home/louwee/correct_ws/install/computer_vision/share/computer_vision/package.sh'
[1.193s] INFO:colcon.colcon_core.shell:Creating package script '/home/louwee/correct_ws/install/computer_vision/share/computer_vision/package.bash'
[1.193s] INFO:colcon.colcon_core.shell:Creating package script '/home/louwee/correct_ws/install/computer_vision/share/computer_vision/package.zsh'
[1.194s] Level 1:colcon.colcon_core.environment:create_file_with_runtime_dependencies(/home/louwee/correct_ws/install/computer_vision/share/colcon-core/packages/computer_vision)
[1.233s] Level 1:colcon.colcon_core.environment:create_environment_scripts_only(correct_controller)
[1.235s] Level 1:colcon.colcon_core.environment:checking '/home/louwee/correct_ws/install/correct_controller' for CMake module files
[1.238s] DEBUG:colcon.colcon_core.event_handler.log_command:Invoked command in '/home/louwee/correct_ws/build/correct_controller' returned '0': CMAKE_PREFIX_PATH=/opt/ros/humble /usr/bin/cmake --install /home/louwee/correct_ws/build/correct_controller
[1.240s] Level 1:colcon.colcon_core.environment:checking '/home/louwee/correct_ws/install/correct_controller' for CMake config files
[1.240s] Level 1:colcon.colcon_core.shell:create_environment_hook('correct_controller', 'cmake_prefix_path')
[1.241s] INFO:colcon.colcon_core.shell:Creating environment hook '/home/louwee/correct_ws/install/correct_controller/share/correct_controller/hook/cmake_prefix_path.ps1'
[1.242s] INFO:colcon.colcon_core.shell:Creating environment descriptor '/home/louwee/correct_ws/install/correct_controller/share/correct_controller/hook/cmake_prefix_path.dsv'
[1.242s] INFO:colcon.colcon_core.shell:Creating environment hook '/home/louwee/correct_ws/install/correct_controller/share/correct_controller/hook/cmake_prefix_path.sh'
[1.243s] Level 1:colcon.colcon_core.environment:checking '/home/louwee/correct_ws/install/correct_controller/lib'
[1.243s] Level 1:colcon.colcon_core.environment:checking '/home/louwee/correct_ws/install/correct_controller/bin'
[1.243s] Level 1:colcon.colcon_core.environment:checking '/home/louwee/correct_ws/install/correct_controller/lib/pkgconfig/correct_controller.pc'
[1.244s] Level 1:colcon.colcon_core.environment:checking '/home/louwee/correct_ws/install/correct_controller/lib/python3.10/site-packages'
[1.244s] Level 1:colcon.colcon_core.environment:checking '/home/louwee/correct_ws/install/correct_controller/bin'
[1.245s] INFO:colcon.colcon_core.shell:Creating package script '/home/louwee/correct_ws/install/correct_controller/share/correct_controller/package.ps1'
[1.246s] INFO:colcon.colcon_core.shell:Creating package descriptor '/home/louwee/correct_ws/install/correct_controller/share/correct_controller/package.dsv'
[1.246s] INFO:colcon.colcon_core.shell:Creating package script '/home/louwee/correct_ws/install/correct_controller/share/correct_controller/package.sh'
[1.247s] INFO:colcon.colcon_core.shell:Creating package script '/home/louwee/correct_ws/install/correct_controller/share/correct_controller/package.bash'
[1.247s] INFO:colcon.colcon_core.shell:Creating package script '/home/louwee/correct_ws/install/correct_controller/share/correct_controller/package.zsh'
[1.248s] Level 1:colcon.colcon_core.environment:create_file_with_runtime_dependencies(/home/louwee/correct_ws/install/correct_controller/share/colcon-core/packages/correct_controller)
[1.249s] Level 1:colcon.colcon_core.environment:create_environment_scripts_only(correct_controller)
[1.250s] Level 1:colcon.colcon_core.environment:checking '/home/louwee/correct_ws/install/correct_controller' for CMake module files
[1.250s] Level 1:colcon.colcon_core.environment:checking '/home/louwee/correct_ws/install/correct_controller' for CMake config files
[1.251s] Level 1:colcon.colcon_core.shell:create_environment_hook('correct_controller', 'cmake_prefix_path')
[1.251s] INFO:colcon.colcon_core.shell:Creating environment hook '/home/louwee/correct_ws/install/correct_controller/share/correct_controller/hook/cmake_prefix_path.ps1'
[1.252s] INFO:colcon.colcon_core.shell:Creating environment descriptor '/home/louwee/correct_ws/install/correct_controller/share/correct_controller/hook/cmake_prefix_path.dsv'
[1.252s] INFO:colcon.colcon_core.shell:Creating environment hook '/home/louwee/correct_ws/install/correct_controller/share/correct_controller/hook/cmake_prefix_path.sh'
[1.253s] Level 1:colcon.colcon_core.environment:checking '/home/louwee/correct_ws/install/correct_controller/lib'
[1.254s] Level 1:colcon.colcon_core.environment:checking '/home/louwee/correct_ws/install/correct_controller/bin'
[1.254s] Level 1:colcon.colcon_core.environment:checking '/home/louwee/correct_ws/install/correct_controller/lib/pkgconfig/correct_controller.pc'
[1.254s] Level 1:colcon.colcon_core.environment:checking '/home/louwee/correct_ws/install/correct_controller/lib/python3.10/site-packages'
[1.255s] Level 1:colcon.colcon_core.environment:checking '/home/louwee/correct_ws/install/correct_controller/bin'
[1.255s] INFO:colcon.colcon_core.shell:Creating package script '/home/louwee/correct_ws/install/correct_controller/share/correct_controller/package.ps1'
[1.256s] INFO:colcon.colcon_core.shell:Creating package descriptor '/home/louwee/correct_ws/install/correct_controller/share/correct_controller/package.dsv'
[1.257s] INFO:colcon.colcon_core.shell:Creating package script '/home/louwee/correct_ws/install/correct_controller/share/correct_controller/package.sh'
[1.258s] INFO:colcon.colcon_core.shell:Creating package script '/home/louwee/correct_ws/install/correct_controller/share/correct_controller/package.bash'
[1.258s] INFO:colcon.colcon_core.shell:Creating package script '/home/louwee/correct_ws/install/correct_controller/share/correct_controller/package.zsh'
[1.259s] Level 1:colcon.colcon_core.environment:create_file_with_runtime_dependencies(/home/louwee/correct_ws/install/correct_controller/share/colcon-core/packages/correct_controller)
[1.261s] Level 1:colcon.colcon_core.environment:create_environment_scripts_only(correct_msgs)
[1.262s] Level 1:colcon.colcon_core.environment:checking '/home/louwee/correct_ws/install/correct_msgs' for CMake module files
[1.262s] DEBUG:colcon.colcon_core.event_handler.log_command:Invoked command in '/home/louwee/correct_ws/build/correct_msgs' returned '0': CMAKE_PREFIX_PATH=/opt/ros/humble /usr/bin/cmake --install /home/louwee/correct_ws/build/correct_msgs
[1.263s] Level 1:colcon.colcon_core.environment:checking '/home/louwee/correct_ws/install/correct_msgs' for CMake config files
[1.264s] Level 1:colcon.colcon_core.shell:create_environment_hook('correct_msgs', 'cmake_prefix_path')
[1.265s] INFO:colcon.colcon_core.shell:Creating environment hook '/home/louwee/correct_ws/install/correct_msgs/share/correct_msgs/hook/cmake_prefix_path.ps1'
[1.265s] INFO:colcon.colcon_core.shell:Creating environment descriptor '/home/louwee/correct_ws/install/correct_msgs/share/correct_msgs/hook/cmake_prefix_path.dsv'
[1.266s] INFO:colcon.colcon_core.shell:Creating environment hook '/home/louwee/correct_ws/install/correct_msgs/share/correct_msgs/hook/cmake_prefix_path.sh'
[1.267s] Level 1:colcon.colcon_core.environment:checking '/home/louwee/correct_ws/install/correct_msgs/lib'
[1.267s] Level 1:colcon.colcon_core.shell:create_environment_hook('correct_msgs', 'ld_library_path_lib')
[1.267s] INFO:colcon.colcon_core.shell:Creating environment hook '/home/louwee/correct_ws/install/correct_msgs/share/correct_msgs/hook/ld_library_path_lib.ps1'
[1.268s] INFO:colcon.colcon_core.shell:Creating environment descriptor '/home/louwee/correct_ws/install/correct_msgs/share/correct_msgs/hook/ld_library_path_lib.dsv'
[1.269s] INFO:colcon.colcon_core.shell:Creating environment hook '/home/louwee/correct_ws/install/correct_msgs/share/correct_msgs/hook/ld_library_path_lib.sh'
[1.269s] Level 1:colcon.colcon_core.environment:checking '/home/louwee/correct_ws/install/correct_msgs/bin'
[1.269s] Level 1:colcon.colcon_core.environment:checking '/home/louwee/correct_ws/install/correct_msgs/lib/pkgconfig/correct_msgs.pc'
[1.270s] Level 1:colcon.colcon_core.environment:checking '/home/louwee/correct_ws/install/correct_msgs/lib/python3.10/site-packages'
[1.270s] Level 1:colcon.colcon_core.environment:checking '/home/louwee/correct_ws/install/correct_msgs/bin'
[1.271s] INFO:colcon.colcon_core.shell:Creating package script '/home/louwee/correct_ws/install/correct_msgs/share/correct_msgs/package.ps1'
[1.272s] INFO:colcon.colcon_core.shell:Creating package descriptor '/home/louwee/correct_ws/install/correct_msgs/share/correct_msgs/package.dsv'
[1.272s] INFO:colcon.colcon_core.shell:Creating package script '/home/louwee/correct_ws/install/correct_msgs/share/correct_msgs/package.sh'
[1.273s] INFO:colcon.colcon_core.shell:Creating package script '/home/louwee/correct_ws/install/correct_msgs/share/correct_msgs/package.bash'
[1.274s] INFO:colcon.colcon_core.shell:Creating package script '/home/louwee/correct_ws/install/correct_msgs/share/correct_msgs/package.zsh'
[1.274s] Level 1:colcon.colcon_core.environment:create_file_with_runtime_dependencies(/home/louwee/correct_ws/install/correct_msgs/share/colcon-core/packages/correct_msgs)
[1.276s] Level 1:colcon.colcon_core.environment:create_environment_scripts_only(correct_msgs)
[1.276s] Level 1:colcon.colcon_core.environment:checking '/home/louwee/correct_ws/install/correct_msgs' for CMake module files
[1.277s] Level 1:colcon.colcon_core.environment:checking '/home/louwee/correct_ws/install/correct_msgs' for CMake config files
[1.278s] Level 1:colcon.colcon_core.shell:create_environment_hook('correct_msgs', 'cmake_prefix_path')
[1.278s] INFO:colcon.colcon_core.shell:Creating environment hook '/home/louwee/correct_ws/install/correct_msgs/share/correct_msgs/hook/cmake_prefix_path.ps1'
[1.279s] INFO:colcon.colcon_core.shell:Creating environment descriptor '/home/louwee/correct_ws/install/correct_msgs/share/correct_msgs/hook/cmake_prefix_path.dsv'
[1.280s] INFO:colcon.colcon_core.shell:Creating environment hook '/home/louwee/correct_ws/install/correct_msgs/share/correct_msgs/hook/cmake_prefix_path.sh'
[1.280s] Level 1:colcon.colcon_core.environment:checking '/home/louwee/correct_ws/install/correct_msgs/lib'
[1.281s] Level 1:colcon.colcon_core.shell:create_environment_hook('correct_msgs', 'ld_library_path_lib')
[1.281s] INFO:colcon.colcon_core.shell:Creating environment hook '/home/louwee/correct_ws/install/correct_msgs/share/correct_msgs/hook/ld_library_path_lib.ps1'
[1.282s] INFO:colcon.colcon_core.shell:Creating environment descriptor '/home/louwee/correct_ws/install/correct_msgs/share/correct_msgs/hook/ld_library_path_lib.dsv'
[1.282s] INFO:colcon.colcon_core.shell:Creating environment hook '/home/louwee/correct_ws/install/correct_msgs/share/correct_msgs/hook/ld_library_path_lib.sh'
[1.283s] Level 1:colcon.colcon_core.environment:checking '/home/louwee/correct_ws/install/correct_msgs/bin'
[1.283s] Level 1:colcon.colcon_core.environment:checking '/home/louwee/correct_ws/install/correct_msgs/lib/pkgconfig/correct_msgs.pc'
[1.283s] Level 1:colcon.colcon_core.environment:checking '/home/louwee/correct_ws/install/correct_msgs/lib/python3.10/site-packages'
[1.284s] Level 1:colcon.colcon_core.environment:checking '/home/louwee/correct_ws/install/correct_msgs/bin'
[1.284s] INFO:colcon.colcon_core.shell:Creating package script '/home/louwee/correct_ws/install/correct_msgs/share/correct_msgs/package.ps1'
[1.285s] INFO:colcon.colcon_core.shell:Creating package descriptor '/home/louwee/correct_ws/install/correct_msgs/share/correct_msgs/package.dsv'
[1.286s] INFO:colcon.colcon_core.shell:Creating package script '/home/louwee/correct_ws/install/correct_msgs/share/correct_msgs/package.sh'
[1.287s] INFO:colcon.colcon_core.shell:Creating package script '/home/louwee/correct_ws/install/correct_msgs/share/correct_msgs/package.bash'
[1.288s] INFO:colcon.colcon_core.shell:Creating package script '/home/louwee/correct_ws/install/correct_msgs/share/correct_msgs/package.zsh'
[1.289s] Level 1:colcon.colcon_core.environment:create_file_with_runtime_dependencies(/home/louwee/correct_ws/install/correct_msgs/share/colcon-core/packages/correct_msgs)
[1.289s] INFO:colcon.colcon_ros.task.ament_cmake.build:Building ROS package in '/home/louwee/correct_ws/src/correct_cpp_examples' with build type 'ament_cmake'
[1.290s] INFO:colcon.colcon_cmake.task.cmake.build:Building CMake package in '/home/louwee/correct_ws/src/correct_cpp_examples'
[1.290s] INFO:colcon.colcon_core.shell:Skip shell extension 'powershell' for command environment: Not usable outside of PowerShell
[1.290s] DEBUG:colcon.colcon_core.shell:Skip shell extension 'dsv' for command environment
[1.294s] INFO:colcon.colcon_ros.task.ament_python.build:Building ROS package in '/home/louwee/correct_ws/src/correct_py_examples' with build type 'ament_python'
[1.294s] Level 1:colcon.colcon_core.shell:create_environment_hook('correct_py_examples', 'ament_prefix_path')
[1.295s] INFO:colcon.colcon_core.shell:Creating environment hook '/home/louwee/correct_ws/install/correct_py_examples/share/correct_py_examples/hook/ament_prefix_path.ps1'
[1.295s] INFO:colcon.colcon_core.shell:Creating environment descriptor '/home/louwee/correct_ws/install/correct_py_examples/share/correct_py_examples/hook/ament_prefix_path.dsv'
[1.296s] INFO:colcon.colcon_core.shell:Creating environment hook '/home/louwee/correct_ws/install/correct_py_examples/share/correct_py_examples/hook/ament_prefix_path.sh'
[1.296s] INFO:colcon.colcon_core.shell:Skip shell extension 'powershell' for command environment: Not usable outside of PowerShell
[1.297s] DEBUG:colcon.colcon_core.shell:Skip shell extension 'dsv' for command environment
[1.306s] DEBUG:colcon.colcon_core.event_handler.log_command:Invoking command in '/home/louwee/correct_ws/build/correct_cpp_examples': AMENT_PREFIX_PATH=/home/louwee/correct_ws/install/correct_msgs:${AMENT_PREFIX_PATH} CMAKE_PREFIX_PATH=/home/louwee/correct_ws/install/correct_msgs:/opt/ros/humble LD_LIBRARY_PATH=/home/louwee/correct_ws/install/correct_msgs/lib:${LD_LIBRARY_PATH} PYTHONPATH=/home/louwee/correct_ws/install/correct_msgs/local/lib/python3.10/dist-packages:${PYTHONPATH} /usr/bin/cmake --build /home/louwee/correct_ws/build/correct_cpp_examples -- -j12 -l12
[1.666s] INFO:colcon.colcon_core.task.python.build:Building Python package in '/home/louwee/correct_ws/src/correct_py_examples'
[1.667s] INFO:colcon.colcon_core.shell:Skip shell extension 'powershell' for command environment: Not usable outside of PowerShell
[1.667s] DEBUG:colcon.colcon_core.shell:Skip shell extension 'dsv' for command environment
[2.284s] DEBUG:colcon.colcon_core.event_handler.log_command:Invoking command in '/home/louwee/correct_ws/src/correct_py_examples': AMENT_PREFIX_PATH=/home/louwee/correct_ws/install/correct_msgs:${AMENT_PREFIX_PATH} CMAKE_PREFIX_PATH=/home/louwee/correct_ws/install/correct_msgs LD_LIBRARY_PATH=/home/louwee/correct_ws/install/correct_msgs/lib:${LD_LIBRARY_PATH} PYTHONPATH=/home/louwee/correct_ws/build/correct_py_examples/prefix_override:/usr/lib/python3/dist-packages/colcon_core/task/python/colcon_distutils_commands:/home/louwee/correct_ws/install/correct_py_examples/lib/python3.10/site-packages:/home/louwee/correct_ws/install/correct_msgs/local/lib/python3.10/dist-packages:${PYTHONPATH} /usr/bin/python3 -W ignore:setup.py install is deprecated -W ignore:easy_install command is deprecated setup.py egg_info --egg-base ../../build/correct_py_examples build --build-base /home/louwee/correct_ws/build/correct_py_examples/build install --record /home/louwee/correct_ws/build/correct_py_examples/install.log --single-version-externally-managed install_data
[3.280s] Level 1:colcon.colcon_core.environment:checking '/home/louwee/correct_ws/install/correct_py_examples' for CMake module files
[3.282s] DEBUG:colcon.colcon_core.event_handler.log_command:Invoked command in '/home/louwee/correct_ws/src/correct_py_examples' returned '0': AMENT_PREFIX_PATH=/home/louwee/correct_ws/install/correct_msgs:${AMENT_PREFIX_PATH} CMAKE_PREFIX_PATH=/home/louwee/correct_ws/install/correct_msgs LD_LIBRARY_PATH=/home/louwee/correct_ws/install/correct_msgs/lib:${LD_LIBRARY_PATH} PYTHONPATH=/home/louwee/correct_ws/build/correct_py_examples/prefix_override:/usr/lib/python3/dist-packages/colcon_core/task/python/colcon_distutils_commands:/home/louwee/correct_ws/install/correct_py_examples/lib/python3.10/site-packages:/home/louwee/correct_ws/install/correct_msgs/local/lib/python3.10/dist-packages:${PYTHONPATH} /usr/bin/python3 -W ignore:setup.py install is deprecated -W ignore:easy_install command is deprecated setup.py egg_info --egg-base ../../build/correct_py_examples build --build-base /home/louwee/correct_ws/build/correct_py_examples/build install --record /home/louwee/correct_ws/build/correct_py_examples/install.log --single-version-externally-managed install_data
[3.282s] Level 1:colcon.colcon_core.environment:checking '/home/louwee/correct_ws/install/correct_py_examples' for CMake config files
[3.284s] Level 1:colcon.colcon_core.environment:checking '/home/louwee/correct_ws/install/correct_py_examples/lib'
[3.284s] Level 1:colcon.colcon_core.environment:checking '/home/louwee/correct_ws/install/correct_py_examples/bin'
[3.284s] Level 1:colcon.colcon_core.environment:checking '/home/louwee/correct_ws/install/correct_py_examples/lib/pkgconfig/correct_py_examples.pc'
[3.285s] Level 1:colcon.colcon_core.environment:checking '/home/louwee/correct_ws/install/correct_py_examples/lib/python3.10/site-packages'
[3.285s] Level 1:colcon.colcon_core.shell:create_environment_hook('correct_py_examples', 'pythonpath')
[3.285s] INFO:colcon.colcon_core.shell:Creating environment hook '/home/louwee/correct_ws/install/correct_py_examples/share/correct_py_examples/hook/pythonpath.ps1'
[3.286s] INFO:colcon.colcon_core.shell:Creating environment descriptor '/home/louwee/correct_ws/install/correct_py_examples/share/correct_py_examples/hook/pythonpath.dsv'
[3.287s] INFO:colcon.colcon_core.shell:Creating environment hook '/home/louwee/correct_ws/install/correct_py_examples/share/correct_py_examples/hook/pythonpath.sh'
[3.288s] Level 1:colcon.colcon_core.environment:checking '/home/louwee/correct_ws/install/correct_py_examples/bin'
[3.289s] Level 1:colcon.colcon_core.environment:create_environment_scripts_only(correct_py_examples)
[3.289s] INFO:colcon.colcon_core.shell:Creating package script '/home/louwee/correct_ws/install/correct_py_examples/share/correct_py_examples/package.ps1'
[3.292s] INFO:colcon.colcon_core.shell:Creating package descriptor '/home/louwee/correct_ws/install/correct_py_examples/share/correct_py_examples/package.dsv'
[3.294s] INFO:colcon.colcon_core.shell:Creating package script '/home/louwee/correct_ws/install/correct_py_examples/share/correct_py_examples/package.sh'
[3.295s] INFO:colcon.colcon_core.shell:Creating package script '/home/louwee/correct_ws/install/correct_py_examples/share/correct_py_examples/package.bash'
[3.296s] INFO:colcon.colcon_core.shell:Creating package script '/home/louwee/correct_ws/install/correct_py_examples/share/correct_py_examples/package.zsh'
[3.298s] Level 1:colcon.colcon_core.environment:create_file_with_runtime_dependencies(/home/louwee/correct_ws/install/correct_py_examples/share/colcon-core/packages/correct_py_examples)
[12.396s] DEBUG:colcon.colcon_core.event_handler.log_command:Invoked command in '/home/louwee/correct_ws/build/correct_cpp_examples' returned '2': AMENT_PREFIX_PATH=/home/louwee/correct_ws/install/correct_msgs:${AMENT_PREFIX_PATH} CMAKE_PREFIX_PATH=/home/louwee/correct_ws/install/correct_msgs:/opt/ros/humble LD_LIBRARY_PATH=/home/louwee/correct_ws/install/correct_msgs/lib:${LD_LIBRARY_PATH} PYTHONPATH=/home/louwee/correct_ws/install/correct_msgs/local/lib/python3.10/dist-packages:${PYTHONPATH} /usr/bin/cmake --build /home/louwee/correct_ws/build/correct_cpp_examples -- -j12 -l12
[12.397s] Level 1:colcon.colcon_core.environment:create_environment_scripts_only(correct_cpp_examples)
[12.397s] Level 1:colcon.colcon_core.environment:checking '/home/louwee/correct_ws/install/correct_cpp_examples' for CMake module files
[12.399s] Level 1:colcon.colcon_core.environment:checking '/home/louwee/correct_ws/install/correct_cpp_examples' for CMake config files
[12.399s] Level 1:colcon.colcon_core.shell:create_environment_hook('correct_cpp_examples', 'cmake_prefix_path')
[12.400s] INFO:colcon.colcon_core.shell:Creating environment hook '/home/louwee/correct_ws/install/correct_cpp_examples/share/correct_cpp_examples/hook/cmake_prefix_path.ps1'
[12.401s] INFO:colcon.colcon_core.shell:Creating environment descriptor '/home/louwee/correct_ws/install/correct_cpp_examples/share/correct_cpp_examples/hook/cmake_prefix_path.dsv'
[12.401s] INFO:colcon.colcon_core.shell:Creating environment hook '/home/louwee/correct_ws/install/correct_cpp_examples/share/correct_cpp_examples/hook/cmake_prefix_path.sh'
[12.402s] Level 1:colcon.colcon_core.environment:checking '/home/louwee/correct_ws/install/correct_cpp_examples/lib'
[12.403s] Level 1:colcon.colcon_core.environment:checking '/home/louwee/correct_ws/install/correct_cpp_examples/bin'
[12.403s] Level 1:colcon.colcon_core.environment:checking '/home/louwee/correct_ws/install/correct_cpp_examples/lib/pkgconfig/correct_cpp_examples.pc'
[12.403s] Level 1:colcon.colcon_core.environment:checking '/home/louwee/correct_ws/install/correct_cpp_examples/lib/python3.10/site-packages'
[12.404s] Level 1:colcon.colcon_core.environment:checking '/home/louwee/correct_ws/install/correct_cpp_examples/bin'
[12.405s] INFO:colcon.colcon_core.shell:Creating package script '/home/louwee/correct_ws/install/correct_cpp_examples/share/correct_cpp_examples/package.ps1'
[12.406s] INFO:colcon.colcon_core.shell:Creating package descriptor '/home/louwee/correct_ws/install/correct_cpp_examples/share/correct_cpp_examples/package.dsv'
[12.407s] INFO:colcon.colcon_core.shell:Creating package script '/home/louwee/correct_ws/install/correct_cpp_examples/share/correct_cpp_examples/package.sh'
[12.408s] INFO:colcon.colcon_core.shell:Creating package script '/home/louwee/correct_ws/install/correct_cpp_examples/share/correct_cpp_examples/package.bash'
[12.409s] INFO:colcon.colcon_core.shell:Creating package script '/home/louwee/correct_ws/install/correct_cpp_examples/share/correct_cpp_examples/package.zsh'
[12.410s] Level 1:colcon.colcon_core.environment:create_file_with_runtime_dependencies(/home/louwee/correct_ws/install/correct_cpp_examples/share/colcon-core/packages/correct_cpp_examples)
[12.421s] DEBUG:colcon.colcon_parallel_executor.executor.parallel:closing loop
[12.421s] DEBUG:colcon.colcon_parallel_executor.executor.parallel:loop closed
[12.421s] DEBUG:colcon.colcon_parallel_executor.executor.parallel:run_until_complete finished with '2'
[12.421s] DEBUG:colcon.colcon_core.event_reactor:joining thread
[12.430s] INFO:colcon.colcon_core.plugin_system:Skipping extension 'colcon_notification.desktop_notification.terminal_notifier': Not used on non-Darwin systems
[12.430s] INFO:colcon.colcon_core.plugin_system:Skipping extension 'colcon_notification.desktop_notification.win32': Not used on non-Windows systems
[12.430s] INFO:colcon.colcon_notification.desktop_notification:Sending desktop notification using 'notify2'
[12.451s] DEBUG:colcon.colcon_core.event_reactor:joined thread
[12.452s] INFO:colcon.colcon_core.shell:Creating prefix script '/home/louwee/correct_ws/install/local_setup.ps1'
[12.455s] INFO:colcon.colcon_core.shell:Creating prefix util module '/home/louwee/correct_ws/install/_local_setup_util_ps1.py'
[12.460s] INFO:colcon.colcon_core.shell:Creating prefix chain script '/home/louwee/correct_ws/install/setup.ps1'
[12.462s] INFO:colcon.colcon_core.shell:Creating prefix script '/home/louwee/correct_ws/install/local_setup.sh'
[12.463s] INFO:colcon.colcon_core.shell:Creating prefix util module '/home/louwee/correct_ws/install/_local_setup_util_sh.py'
[12.465s] INFO:colcon.colcon_core.shell:Creating prefix chain script '/home/louwee/correct_ws/install/setup.sh'
[12.468s] INFO:colcon.colcon_core.shell:Creating prefix script '/home/louwee/correct_ws/install/local_setup.bash'
[12.469s] INFO:colcon.colcon_core.shell:Creating prefix chain script '/home/louwee/correct_ws/install/setup.bash'
[12.472s] INFO:colcon.colcon_core.shell:Creating prefix script '/home/louwee/correct_ws/install/local_setup.zsh'
[12.473s] INFO:colcon.colcon_core.shell:Creating prefix chain script '/home/louwee/correct_ws/install/setup.zsh'
