[0.093s] DEBUG:colcon:Command line arguments: ['/usr/bin/colcon', 'build']
[0.093s] DEBUG:colcon:Parsed command line arguments: Namespace(log_base=None, log_level=None, verb_name='build', build_base='build', install_base='install', merge_install=False, symlink_install=False, test_result_base=None, continue_on_error=False, executor='parallel', parallel_workers=12, event_handlers=None, ignore_user_meta=False, metas=['./colcon.meta'], base_paths=['.'], packages_ignore=None, packages_ignore_regex=None, paths=None, packages_up_to=None, packages_up_to_regex=None, packages_above=None, packages_above_and_dependencies=None, packages_above_depth=None, packages_select_by_dep=None, packages_skip_by_dep=None, packages_skip_up_to=None, packages_select_build_failed=False, packages_skip_build_finished=False, packages_select_test_failures=False, packages_skip_test_passed=False, packages_select=None, packages_skip=None, packages_select_regex=None, packages_skip_regex=None, packages_start=None, packages_end=None, allow_overriding=[], cmake_args=None, cmake_target=None, cmake_target_skip_unavailable=False, cmake_clean_cache=False, cmake_clean_first=False, cmake_force_configure=False, ament_cmake_args=None, catkin_cmake_args=None, catkin_skip_building_tests=False, verb_parser=<colcon_defaults.argument_parser.defaults.DefaultArgumentsDecorator object at 0x798c86af6e60>, verb_extension=<colcon_core.verb.build.BuildVerb object at 0x798c86ce85e0>, main=<bound method BuildVerb.main of <colcon_core.verb.build.BuildVerb object at 0x798c86ce85e0>>)
[0.244s] Level 1:colcon.colcon_core.package_discovery:discover_packages(colcon_meta) check parameters
[0.244s] Level 1:colcon.colcon_core.package_discovery:discover_packages(recursive) check parameters
[0.244s] Level 1:colcon.colcon_core.package_discovery:discover_packages(ignore) check parameters
[0.244s] Level 1:colcon.colcon_core.package_discovery:discover_packages(path) check parameters
[0.244s] Level 1:colcon.colcon_core.package_discovery:discover_packages(colcon_meta) discover
[0.244s] Level 1:colcon.colcon_core.package_discovery:discover_packages(recursive) discover
[0.244s] INFO:colcon.colcon_core.package_discovery:Crawling recursively for packages in '/home/louwee/correct_ws'
[0.244s] Level 1:colcon.colcon_core.package_identification:_identify(.) by extensions ['ignore', 'ignore_ament_install']
[0.244s] Level 1:colcon.colcon_core.package_identification:_identify(.) by extension 'ignore'
[0.244s] Level 1:colcon.colcon_core.package_identification:_identify(.) by extension 'ignore_ament_install'
[0.244s] Level 1:colcon.colcon_core.package_identification:_identify(.) by extensions ['colcon_pkg']
[0.244s] Level 1:colcon.colcon_core.package_identification:_identify(.) by extension 'colcon_pkg'
[0.244s] Level 1:colcon.colcon_core.package_identification:_identify(.) by extensions ['colcon_meta']
[0.244s] Level 1:colcon.colcon_core.package_identification:_identify(.) by extension 'colcon_meta'
[0.245s] Level 1:colcon.colcon_core.package_identification:_identify(.) by extensions ['ros']
[0.245s] Level 1:colcon.colcon_core.package_identification:_identify(.) by extension 'ros'
[0.255s] Level 1:colcon.colcon_core.package_identification:_identify(.) by extensions ['cmake', 'python']
[0.256s] Level 1:colcon.colcon_core.package_identification:_identify(.) by extension 'cmake'
[0.256s] Level 1:colcon.colcon_core.package_identification:_identify(.) by extension 'python'
[0.256s] Level 1:colcon.colcon_core.package_identification:_identify(.) by extensions ['python_setup_py']
[0.256s] Level 1:colcon.colcon_core.package_identification:_identify(.) by extension 'python_setup_py'
[0.256s] Level 1:colcon.colcon_core.package_identification:_identify(build) by extensions ['ignore', 'ignore_ament_install']
[0.256s] Level 1:colcon.colcon_core.package_identification:_identify(build) by extension 'ignore'
[0.256s] Level 1:colcon.colcon_core.package_identification:_identify(build) ignored
[0.256s] Level 1:colcon.colcon_core.package_identification:_identify(install) by extensions ['ignore', 'ignore_ament_install']
[0.256s] Level 1:colcon.colcon_core.package_identification:_identify(install) by extension 'ignore'
[0.256s] Level 1:colcon.colcon_core.package_identification:_identify(install) ignored
[0.257s] Level 1:colcon.colcon_core.package_identification:_identify(log) by extensions ['ignore', 'ignore_ament_install']
[0.257s] Level 1:colcon.colcon_core.package_identification:_identify(log) by extension 'ignore'
[0.257s] Level 1:colcon.colcon_core.package_identification:_identify(log) ignored
[0.257s] Level 1:colcon.colcon_core.package_identification:_identify(src) by extensions ['ignore', 'ignore_ament_install']
[0.257s] Level 1:colcon.colcon_core.package_identification:_identify(src) by extension 'ignore'
[0.257s] Level 1:colcon.colcon_core.package_identification:_identify(src) by extension 'ignore_ament_install'
[0.257s] Level 1:colcon.colcon_core.package_identification:_identify(src) by extensions ['colcon_pkg']
[0.257s] Level 1:colcon.colcon_core.package_identification:_identify(src) by extension 'colcon_pkg'
[0.257s] Level 1:colcon.colcon_core.package_identification:_identify(src) by extensions ['colcon_meta']
[0.257s] Level 1:colcon.colcon_core.package_identification:_identify(src) by extension 'colcon_meta'
[0.257s] Level 1:colcon.colcon_core.package_identification:_identify(src) by extensions ['ros']
[0.257s] Level 1:colcon.colcon_core.package_identification:_identify(src) by extension 'ros'
[0.257s] Level 1:colcon.colcon_core.package_identification:_identify(src) by extensions ['cmake', 'python']
[0.258s] Level 1:colcon.colcon_core.package_identification:_identify(src) by extension 'cmake'
[0.258s] Level 1:colcon.colcon_core.package_identification:_identify(src) by extension 'python'
[0.258s] Level 1:colcon.colcon_core.package_identification:_identify(src) by extensions ['python_setup_py']
[0.258s] Level 1:colcon.colcon_core.package_identification:_identify(src) by extension 'python_setup_py'
[0.258s] Level 1:colcon.colcon_core.package_identification:_identify(src/computer_vision) by extensions ['ignore', 'ignore_ament_install']
[0.258s] Level 1:colcon.colcon_core.package_identification:_identify(src/computer_vision) by extension 'ignore'
[0.258s] Level 1:colcon.colcon_core.package_identification:_identify(src/computer_vision) by extension 'ignore_ament_install'
[0.258s] Level 1:colcon.colcon_core.package_identification:_identify(src/computer_vision) by extensions ['colcon_pkg']
[0.258s] Level 1:colcon.colcon_core.package_identification:_identify(src/computer_vision) by extension 'colcon_pkg'
[0.258s] Level 1:colcon.colcon_core.package_identification:_identify(src/computer_vision) by extensions ['colcon_meta']
[0.258s] Level 1:colcon.colcon_core.package_identification:_identify(src/computer_vision) by extension 'colcon_meta'
[0.258s] Level 1:colcon.colcon_core.package_identification:_identify(src/computer_vision) by extensions ['ros']
[0.258s] Level 1:colcon.colcon_core.package_identification:_identify(src/computer_vision) by extension 'ros'
[0.261s] DEBUG:colcon.colcon_core.package_identification:Package 'src/computer_vision' with type 'ros.ament_cmake' and name 'computer_vision'
[0.262s] Level 1:colcon.colcon_core.package_identification:_identify(src/correct_controller) by extensions ['ignore', 'ignore_ament_install']
[0.262s] Level 1:colcon.colcon_core.package_identification:_identify(src/correct_controller) by extension 'ignore'
[0.262s] Level 1:colcon.colcon_core.package_identification:_identify(src/correct_controller) by extension 'ignore_ament_install'
[0.262s] Level 1:colcon.colcon_core.package_identification:_identify(src/correct_controller) by extensions ['colcon_pkg']
[0.262s] Level 1:colcon.colcon_core.package_identification:_identify(src/correct_controller) by extension 'colcon_pkg'
[0.262s] Level 1:colcon.colcon_core.package_identification:_identify(src/correct_controller) by extensions ['colcon_meta']
[0.262s] Level 1:colcon.colcon_core.package_identification:_identify(src/correct_controller) by extension 'colcon_meta'
[0.262s] Level 1:colcon.colcon_core.package_identification:_identify(src/correct_controller) by extensions ['ros']
[0.262s] Level 1:colcon.colcon_core.package_identification:_identify(src/correct_controller) by extension 'ros'
[0.263s] DEBUG:colcon.colcon_core.package_identification:Package 'src/correct_controller' with type 'ros.ament_cmake' and name 'correct_controller'
[0.264s] Level 1:colcon.colcon_core.package_identification:_identify(src/correct_cpp_examples) by extensions ['ignore', 'ignore_ament_install']
[0.264s] Level 1:colcon.colcon_core.package_identification:_identify(src/correct_cpp_examples) by extension 'ignore'
[0.264s] Level 1:colcon.colcon_core.package_identification:_identify(src/correct_cpp_examples) by extension 'ignore_ament_install'
[0.264s] Level 1:colcon.colcon_core.package_identification:_identify(src/correct_cpp_examples) by extensions ['colcon_pkg']
[0.264s] Level 1:colcon.colcon_core.package_identification:_identify(src/correct_cpp_examples) by extension 'colcon_pkg'
[0.264s] Level 1:colcon.colcon_core.package_identification:_identify(src/correct_cpp_examples) by extensions ['colcon_meta']
[0.264s] Level 1:colcon.colcon_core.package_identification:_identify(src/correct_cpp_examples) by extension 'colcon_meta'
[0.264s] Level 1:colcon.colcon_core.package_identification:_identify(src/correct_cpp_examples) by extensions ['ros']
[0.264s] Level 1:colcon.colcon_core.package_identification:_identify(src/correct_cpp_examples) by extension 'ros'
[0.266s] DEBUG:colcon.colcon_core.package_identification:Package 'src/correct_cpp_examples' with type 'ros.ament_cmake' and name 'correct_cpp_examples'
[0.266s] Level 1:colcon.colcon_core.package_identification:_identify(src/correct_localization) by extensions ['ignore', 'ignore_ament_install']
[0.266s] Level 1:colcon.colcon_core.package_identification:_identify(src/correct_localization) by extension 'ignore'
[0.266s] Level 1:colcon.colcon_core.package_identification:_identify(src/correct_localization) by extension 'ignore_ament_install'
[0.266s] Level 1:colcon.colcon_core.package_identification:_identify(src/correct_localization) by extensions ['colcon_pkg']
[0.266s] Level 1:colcon.colcon_core.package_identification:_identify(src/correct_localization) by extension 'colcon_pkg'
[0.266s] Level 1:colcon.colcon_core.package_identification:_identify(src/correct_localization) by extensions ['colcon_meta']
[0.266s] Level 1:colcon.colcon_core.package_identification:_identify(src/correct_localization) by extension 'colcon_meta'
[0.266s] Level 1:colcon.colcon_core.package_identification:_identify(src/correct_localization) by extensions ['ros']
[0.266s] Level 1:colcon.colcon_core.package_identification:_identify(src/correct_localization) by extension 'ros'
[0.267s] DEBUG:colcon.colcon_core.package_identification:Package 'src/correct_localization' with type 'ros.ament_cmake' and name 'correct_localization'
[0.267s] Level 1:colcon.colcon_core.package_identification:_identify(src/correct_msgs) by extensions ['ignore', 'ignore_ament_install']
[0.267s] Level 1:colcon.colcon_core.package_identification:_identify(src/correct_msgs) by extension 'ignore'
[0.268s] Level 1:colcon.colcon_core.package_identification:_identify(src/correct_msgs) by extension 'ignore_ament_install'
[0.268s] Level 1:colcon.colcon_core.package_identification:_identify(src/correct_msgs) by extensions ['colcon_pkg']
[0.268s] Level 1:colcon.colcon_core.package_identification:_identify(src/correct_msgs) by extension 'colcon_pkg'
[0.268s] Level 1:colcon.colcon_core.package_identification:_identify(src/correct_msgs) by extensions ['colcon_meta']
[0.268s] Level 1:colcon.colcon_core.package_identification:_identify(src/correct_msgs) by extension 'colcon_meta'
[0.268s] Level 1:colcon.colcon_core.package_identification:_identify(src/correct_msgs) by extensions ['ros']
[0.268s] Level 1:colcon.colcon_core.package_identification:_identify(src/correct_msgs) by extension 'ros'
[0.269s] DEBUG:colcon.colcon_core.package_identification:Package 'src/correct_msgs' with type 'ros.ament_cmake' and name 'correct_msgs'
[0.269s] Level 1:colcon.colcon_core.package_identification:_identify(src/correct_pkg) by extensions ['ignore', 'ignore_ament_install']
[0.269s] Level 1:colcon.colcon_core.package_identification:_identify(src/correct_pkg) by extension 'ignore'
[0.269s] Level 1:colcon.colcon_core.package_identification:_identify(src/correct_pkg) by extension 'ignore_ament_install'
[0.269s] Level 1:colcon.colcon_core.package_identification:_identify(src/correct_pkg) by extensions ['colcon_pkg']
[0.269s] Level 1:colcon.colcon_core.package_identification:_identify(src/correct_pkg) by extension 'colcon_pkg'
[0.269s] Level 1:colcon.colcon_core.package_identification:_identify(src/correct_pkg) by extensions ['colcon_meta']
[0.269s] Level 1:colcon.colcon_core.package_identification:_identify(src/correct_pkg) by extension 'colcon_meta'
[0.269s] Level 1:colcon.colcon_core.package_identification:_identify(src/correct_pkg) by extensions ['ros']
[0.269s] Level 1:colcon.colcon_core.package_identification:_identify(src/correct_pkg) by extension 'ros'
[0.272s] DEBUG:colcon.colcon_core.package_identification:Package 'src/correct_pkg' with type 'ros.ament_cmake' and name 'correct_pkg'
[0.272s] Level 1:colcon.colcon_core.package_identification:_identify(src/correct_py_examples) by extensions ['ignore', 'ignore_ament_install']
[0.272s] Level 1:colcon.colcon_core.package_identification:_identify(src/correct_py_examples) by extension 'ignore'
[0.272s] Level 1:colcon.colcon_core.package_identification:_identify(src/correct_py_examples) by extension 'ignore_ament_install'
[0.272s] Level 1:colcon.colcon_core.package_identification:_identify(src/correct_py_examples) by extensions ['colcon_pkg']
[0.272s] Level 1:colcon.colcon_core.package_identification:_identify(src/correct_py_examples) by extension 'colcon_pkg'
[0.272s] Level 1:colcon.colcon_core.package_identification:_identify(src/correct_py_examples) by extensions ['colcon_meta']
[0.272s] Level 1:colcon.colcon_core.package_identification:_identify(src/correct_py_examples) by extension 'colcon_meta'
[0.272s] Level 1:colcon.colcon_core.package_identification:_identify(src/correct_py_examples) by extensions ['ros']
[0.272s] Level 1:colcon.colcon_core.package_identification:_identify(src/correct_py_examples) by extension 'ros'
[0.274s] DEBUG:colcon.colcon_core.package_identification:Package 'src/correct_py_examples' with type 'ros.ament_python' and name 'correct_py_examples'
[0.274s] Level 1:colcon.colcon_core.package_identification:_identify(train) by extensions ['ignore', 'ignore_ament_install']
[0.274s] Level 1:colcon.colcon_core.package_identification:_identify(train) by extension 'ignore'
[0.274s] Level 1:colcon.colcon_core.package_identification:_identify(train) by extension 'ignore_ament_install'
[0.274s] Level 1:colcon.colcon_core.package_identification:_identify(train) by extensions ['colcon_pkg']
[0.274s] Level 1:colcon.colcon_core.package_identification:_identify(train) by extension 'colcon_pkg'
[0.274s] Level 1:colcon.colcon_core.package_identification:_identify(train) by extensions ['colcon_meta']
[0.274s] Level 1:colcon.colcon_core.package_identification:_identify(train) by extension 'colcon_meta'
[0.274s] Level 1:colcon.colcon_core.package_identification:_identify(train) by extensions ['ros']
[0.274s] Level 1:colcon.colcon_core.package_identification:_identify(train) by extension 'ros'
[0.274s] Level 1:colcon.colcon_core.package_identification:_identify(train) by extensions ['cmake', 'python']
[0.274s] Level 1:colcon.colcon_core.package_identification:_identify(train) by extension 'cmake'
[0.274s] Level 1:colcon.colcon_core.package_identification:_identify(train) by extension 'python'
[0.274s] Level 1:colcon.colcon_core.package_identification:_identify(train) by extensions ['python_setup_py']
[0.274s] Level 1:colcon.colcon_core.package_identification:_identify(train) by extension 'python_setup_py'
[0.275s] Level 1:colcon.colcon_core.package_identification:_identify(train/image_aug) by extensions ['ignore', 'ignore_ament_install']
[0.275s] Level 1:colcon.colcon_core.package_identification:_identify(train/image_aug) by extension 'ignore'
[0.275s] Level 1:colcon.colcon_core.package_identification:_identify(train/image_aug) by extension 'ignore_ament_install'
[0.275s] Level 1:colcon.colcon_core.package_identification:_identify(train/image_aug) by extensions ['colcon_pkg']
[0.275s] Level 1:colcon.colcon_core.package_identification:_identify(train/image_aug) by extension 'colcon_pkg'
[0.275s] Level 1:colcon.colcon_core.package_identification:_identify(train/image_aug) by extensions ['colcon_meta']
[0.275s] Level 1:colcon.colcon_core.package_identification:_identify(train/image_aug) by extension 'colcon_meta'
[0.275s] Level 1:colcon.colcon_core.package_identification:_identify(train/image_aug) by extensions ['ros']
[0.275s] Level 1:colcon.colcon_core.package_identification:_identify(train/image_aug) by extension 'ros'
[0.275s] Level 1:colcon.colcon_core.package_identification:_identify(train/image_aug) by extensions ['cmake', 'python']
[0.275s] Level 1:colcon.colcon_core.package_identification:_identify(train/image_aug) by extension 'cmake'
[0.275s] Level 1:colcon.colcon_core.package_identification:_identify(train/image_aug) by extension 'python'
[0.275s] Level 1:colcon.colcon_core.package_identification:_identify(train/image_aug) by extensions ['python_setup_py']
[0.275s] Level 1:colcon.colcon_core.package_identification:_identify(train/image_aug) by extension 'python_setup_py'
[0.275s] Level 1:colcon.colcon_core.package_identification:_identify(train/labels_aug) by extensions ['ignore', 'ignore_ament_install']
[0.275s] Level 1:colcon.colcon_core.package_identification:_identify(train/labels_aug) by extension 'ignore'
[0.275s] Level 1:colcon.colcon_core.package_identification:_identify(train/labels_aug) by extension 'ignore_ament_install'
[0.276s] Level 1:colcon.colcon_core.package_identification:_identify(train/labels_aug) by extensions ['colcon_pkg']
[0.276s] Level 1:colcon.colcon_core.package_identification:_identify(train/labels_aug) by extension 'colcon_pkg'
[0.276s] Level 1:colcon.colcon_core.package_identification:_identify(train/labels_aug) by extensions ['colcon_meta']
[0.276s] Level 1:colcon.colcon_core.package_identification:_identify(train/labels_aug) by extension 'colcon_meta'
[0.276s] Level 1:colcon.colcon_core.package_identification:_identify(train/labels_aug) by extensions ['ros']
[0.276s] Level 1:colcon.colcon_core.package_identification:_identify(train/labels_aug) by extension 'ros'
[0.276s] Level 1:colcon.colcon_core.package_identification:_identify(train/labels_aug) by extensions ['cmake', 'python']
[0.276s] Level 1:colcon.colcon_core.package_identification:_identify(train/labels_aug) by extension 'cmake'
[0.276s] Level 1:colcon.colcon_core.package_identification:_identify(train/labels_aug) by extension 'python'
[0.276s] Level 1:colcon.colcon_core.package_identification:_identify(train/labels_aug) by extensions ['python_setup_py']
[0.276s] Level 1:colcon.colcon_core.package_identification:_identify(train/labels_aug) by extension 'python_setup_py'
[0.276s] Level 1:colcon.colcon_core.package_discovery:discover_packages(recursive) using defaults
[0.276s] Level 1:colcon.colcon_core.package_discovery:discover_packages(ignore) discover
[0.276s] Level 1:colcon.colcon_core.package_discovery:discover_packages(ignore) using defaults
[0.276s] Level 1:colcon.colcon_core.package_discovery:discover_packages(path) discover
[0.276s] Level 1:colcon.colcon_core.package_discovery:discover_packages(path) using defaults
[0.305s] Level 1:colcon.colcon_core.package_discovery:discover_packages(prefix_path) check parameters
[0.305s] Level 1:colcon.colcon_core.package_discovery:discover_packages(prefix_path) discover
[0.308s] DEBUG:colcon.colcon_installed_package_information.package_discovery:Found 339 installed packages in /opt/ros/humble
[0.309s] Level 1:colcon.colcon_core.package_discovery:discover_packages(prefix_path) using defaults
[0.345s] Level 5:colcon.colcon_core.verb:set package 'computer_vision' build argument 'cmake_args' from command line to 'None'
[0.345s] Level 5:colcon.colcon_core.verb:set package 'computer_vision' build argument 'cmake_target' from command line to 'None'
[0.345s] Level 5:colcon.colcon_core.verb:set package 'computer_vision' build argument 'cmake_target_skip_unavailable' from command line to 'False'
[0.345s] Level 5:colcon.colcon_core.verb:set package 'computer_vision' build argument 'cmake_clean_cache' from command line to 'False'
[0.345s] Level 5:colcon.colcon_core.verb:set package 'computer_vision' build argument 'cmake_clean_first' from command line to 'False'
[0.345s] Level 5:colcon.colcon_core.verb:set package 'computer_vision' build argument 'cmake_force_configure' from command line to 'False'
[0.345s] Level 5:colcon.colcon_core.verb:set package 'computer_vision' build argument 'ament_cmake_args' from command line to 'None'
[0.345s] Level 5:colcon.colcon_core.verb:set package 'computer_vision' build argument 'catkin_cmake_args' from command line to 'None'
[0.345s] Level 5:colcon.colcon_core.verb:set package 'computer_vision' build argument 'catkin_skip_building_tests' from command line to 'False'
[0.345s] DEBUG:colcon.colcon_core.verb:Building package 'computer_vision' with the following arguments: {'ament_cmake_args': None, 'build_base': '/home/louwee/correct_ws/build/computer_vision', 'catkin_cmake_args': None, 'catkin_skip_building_tests': False, 'cmake_args': None, 'cmake_clean_cache': False, 'cmake_clean_first': False, 'cmake_force_configure': False, 'cmake_target': None, 'cmake_target_skip_unavailable': False, 'install_base': '/home/louwee/correct_ws/install/computer_vision', 'merge_install': False, 'path': '/home/louwee/correct_ws/src/computer_vision', 'symlink_install': False, 'test_result_base': None}
[0.346s] Level 5:colcon.colcon_core.verb:set package 'correct_controller' build argument 'cmake_args' from command line to 'None'
[0.346s] Level 5:colcon.colcon_core.verb:set package 'correct_controller' build argument 'cmake_target' from command line to 'None'
[0.346s] Level 5:colcon.colcon_core.verb:set package 'correct_controller' build argument 'cmake_target_skip_unavailable' from command line to 'False'
[0.346s] Level 5:colcon.colcon_core.verb:set package 'correct_controller' build argument 'cmake_clean_cache' from command line to 'False'
[0.346s] Level 5:colcon.colcon_core.verb:set package 'correct_controller' build argument 'cmake_clean_first' from command line to 'False'
[0.346s] Level 5:colcon.colcon_core.verb:set package 'correct_controller' build argument 'cmake_force_configure' from command line to 'False'
[0.346s] Level 5:colcon.colcon_core.verb:set package 'correct_controller' build argument 'ament_cmake_args' from command line to 'None'
[0.346s] Level 5:colcon.colcon_core.verb:set package 'correct_controller' build argument 'catkin_cmake_args' from command line to 'None'
[0.346s] Level 5:colcon.colcon_core.verb:set package 'correct_controller' build argument 'catkin_skip_building_tests' from command line to 'False'
[0.346s] DEBUG:colcon.colcon_core.verb:Building package 'correct_controller' with the following arguments: {'ament_cmake_args': None, 'build_base': '/home/louwee/correct_ws/build/correct_controller', 'catkin_cmake_args': None, 'catkin_skip_building_tests': False, 'cmake_args': None, 'cmake_clean_cache': False, 'cmake_clean_first': False, 'cmake_force_configure': False, 'cmake_target': None, 'cmake_target_skip_unavailable': False, 'install_base': '/home/louwee/correct_ws/install/correct_controller', 'merge_install': False, 'path': '/home/louwee/correct_ws/src/correct_controller', 'symlink_install': False, 'test_result_base': None}
[0.346s] Level 5:colcon.colcon_core.verb:set package 'correct_localization' build argument 'cmake_args' from command line to 'None'
[0.346s] Level 5:colcon.colcon_core.verb:set package 'correct_localization' build argument 'cmake_target' from command line to 'None'
[0.346s] Level 5:colcon.colcon_core.verb:set package 'correct_localization' build argument 'cmake_target_skip_unavailable' from command line to 'False'
[0.346s] Level 5:colcon.colcon_core.verb:set package 'correct_localization' build argument 'cmake_clean_cache' from command line to 'False'
[0.346s] Level 5:colcon.colcon_core.verb:set package 'correct_localization' build argument 'cmake_clean_first' from command line to 'False'
[0.346s] Level 5:colcon.colcon_core.verb:set package 'correct_localization' build argument 'cmake_force_configure' from command line to 'False'
[0.346s] Level 5:colcon.colcon_core.verb:set package 'correct_localization' build argument 'ament_cmake_args' from command line to 'None'
[0.347s] Level 5:colcon.colcon_core.verb:set package 'correct_localization' build argument 'catkin_cmake_args' from command line to 'None'
[0.347s] Level 5:colcon.colcon_core.verb:set package 'correct_localization' build argument 'catkin_skip_building_tests' from command line to 'False'
[0.347s] DEBUG:colcon.colcon_core.verb:Building package 'correct_localization' with the following arguments: {'ament_cmake_args': None, 'build_base': '/home/louwee/correct_ws/build/correct_localization', 'catkin_cmake_args': None, 'catkin_skip_building_tests': False, 'cmake_args': None, 'cmake_clean_cache': False, 'cmake_clean_first': False, 'cmake_force_configure': False, 'cmake_target': None, 'cmake_target_skip_unavailable': False, 'install_base': '/home/louwee/correct_ws/install/correct_localization', 'merge_install': False, 'path': '/home/louwee/correct_ws/src/correct_localization', 'symlink_install': False, 'test_result_base': None}
[0.347s] Level 5:colcon.colcon_core.verb:set package 'correct_msgs' build argument 'cmake_args' from command line to 'None'
[0.347s] Level 5:colcon.colcon_core.verb:set package 'correct_msgs' build argument 'cmake_target' from command line to 'None'
[0.347s] Level 5:colcon.colcon_core.verb:set package 'correct_msgs' build argument 'cmake_target_skip_unavailable' from command line to 'False'
[0.347s] Level 5:colcon.colcon_core.verb:set package 'correct_msgs' build argument 'cmake_clean_cache' from command line to 'False'
[0.347s] Level 5:colcon.colcon_core.verb:set package 'correct_msgs' build argument 'cmake_clean_first' from command line to 'False'
[0.347s] Level 5:colcon.colcon_core.verb:set package 'correct_msgs' build argument 'cmake_force_configure' from command line to 'False'
[0.347s] Level 5:colcon.colcon_core.verb:set package 'correct_msgs' build argument 'ament_cmake_args' from command line to 'None'
[0.347s] Level 5:colcon.colcon_core.verb:set package 'correct_msgs' build argument 'catkin_cmake_args' from command line to 'None'
[0.347s] Level 5:colcon.colcon_core.verb:set package 'correct_msgs' build argument 'catkin_skip_building_tests' from command line to 'False'
[0.347s] DEBUG:colcon.colcon_core.verb:Building package 'correct_msgs' with the following arguments: {'ament_cmake_args': None, 'build_base': '/home/louwee/correct_ws/build/correct_msgs', 'catkin_cmake_args': None, 'catkin_skip_building_tests': False, 'cmake_args': None, 'cmake_clean_cache': False, 'cmake_clean_first': False, 'cmake_force_configure': False, 'cmake_target': None, 'cmake_target_skip_unavailable': False, 'install_base': '/home/louwee/correct_ws/install/correct_msgs', 'merge_install': False, 'path': '/home/louwee/correct_ws/src/correct_msgs', 'symlink_install': False, 'test_result_base': None}
[0.348s] Level 5:colcon.colcon_core.verb:set package 'correct_pkg' build argument 'cmake_args' from command line to 'None'
[0.348s] Level 5:colcon.colcon_core.verb:set package 'correct_pkg' build argument 'cmake_target' from command line to 'None'
[0.348s] Level 5:colcon.colcon_core.verb:set package 'correct_pkg' build argument 'cmake_target_skip_unavailable' from command line to 'False'
[0.348s] Level 5:colcon.colcon_core.verb:set package 'correct_pkg' build argument 'cmake_clean_cache' from command line to 'False'
[0.348s] Level 5:colcon.colcon_core.verb:set package 'correct_pkg' build argument 'cmake_clean_first' from command line to 'False'
[0.348s] Level 5:colcon.colcon_core.verb:set package 'correct_pkg' build argument 'cmake_force_configure' from command line to 'False'
[0.348s] Level 5:colcon.colcon_core.verb:set package 'correct_pkg' build argument 'ament_cmake_args' from command line to 'None'
[0.348s] Level 5:colcon.colcon_core.verb:set package 'correct_pkg' build argument 'catkin_cmake_args' from command line to 'None'
[0.348s] Level 5:colcon.colcon_core.verb:set package 'correct_pkg' build argument 'catkin_skip_building_tests' from command line to 'False'
[0.348s] DEBUG:colcon.colcon_core.verb:Building package 'correct_pkg' with the following arguments: {'ament_cmake_args': None, 'build_base': '/home/louwee/correct_ws/build/correct_pkg', 'catkin_cmake_args': None, 'catkin_skip_building_tests': False, 'cmake_args': None, 'cmake_clean_cache': False, 'cmake_clean_first': False, 'cmake_force_configure': False, 'cmake_target': None, 'cmake_target_skip_unavailable': False, 'install_base': '/home/louwee/correct_ws/install/correct_pkg', 'merge_install': False, 'path': '/home/louwee/correct_ws/src/correct_pkg', 'symlink_install': False, 'test_result_base': None}
[0.348s] Level 5:colcon.colcon_core.verb:set package 'correct_py_examples' build argument 'cmake_args' from command line to 'None'
[0.348s] Level 5:colcon.colcon_core.verb:set package 'correct_py_examples' build argument 'cmake_target' from command line to 'None'
[0.348s] Level 5:colcon.colcon_core.verb:set package 'correct_py_examples' build argument 'cmake_target_skip_unavailable' from command line to 'False'
[0.348s] Level 5:colcon.colcon_core.verb:set package 'correct_py_examples' build argument 'cmake_clean_cache' from command line to 'False'
[0.348s] Level 5:colcon.colcon_core.verb:set package 'correct_py_examples' build argument 'cmake_clean_first' from command line to 'False'
[0.348s] Level 5:colcon.colcon_core.verb:set package 'correct_py_examples' build argument 'cmake_force_configure' from command line to 'False'
[0.348s] Level 5:colcon.colcon_core.verb:set package 'correct_py_examples' build argument 'ament_cmake_args' from command line to 'None'
[0.348s] Level 5:colcon.colcon_core.verb:set package 'correct_py_examples' build argument 'catkin_cmake_args' from command line to 'None'
[0.348s] Level 5:colcon.colcon_core.verb:set package 'correct_py_examples' build argument 'catkin_skip_building_tests' from command line to 'False'
[0.348s] DEBUG:colcon.colcon_core.verb:Building package 'correct_py_examples' with the following arguments: {'ament_cmake_args': None, 'build_base': '/home/louwee/correct_ws/build/correct_py_examples', 'catkin_cmake_args': None, 'catkin_skip_building_tests': False, 'cmake_args': None, 'cmake_clean_cache': False, 'cmake_clean_first': False, 'cmake_force_configure': False, 'cmake_target': None, 'cmake_target_skip_unavailable': False, 'install_base': '/home/louwee/correct_ws/install/correct_py_examples', 'merge_install': False, 'path': '/home/louwee/correct_ws/src/correct_py_examples', 'symlink_install': False, 'test_result_base': None}
[0.349s] Level 5:colcon.colcon_core.verb:set package 'correct_cpp_examples' build argument 'cmake_args' from command line to 'None'
[0.349s] Level 5:colcon.colcon_core.verb:set package 'correct_cpp_examples' build argument 'cmake_target' from command line to 'None'
[0.349s] Level 5:colcon.colcon_core.verb:set package 'correct_cpp_examples' build argument 'cmake_target_skip_unavailable' from command line to 'False'
[0.349s] Level 5:colcon.colcon_core.verb:set package 'correct_cpp_examples' build argument 'cmake_clean_cache' from command line to 'False'
[0.349s] Level 5:colcon.colcon_core.verb:set package 'correct_cpp_examples' build argument 'cmake_clean_first' from command line to 'False'
[0.349s] Level 5:colcon.colcon_core.verb:set package 'correct_cpp_examples' build argument 'cmake_force_configure' from command line to 'False'
[0.349s] Level 5:colcon.colcon_core.verb:set package 'correct_cpp_examples' build argument 'ament_cmake_args' from command line to 'None'
[0.349s] Level 5:colcon.colcon_core.verb:set package 'correct_cpp_examples' build argument 'catkin_cmake_args' from command line to 'None'
[0.349s] Level 5:colcon.colcon_core.verb:set package 'correct_cpp_examples' build argument 'catkin_skip_building_tests' from command line to 'False'
[0.349s] DEBUG:colcon.colcon_core.verb:Building package 'correct_cpp_examples' with the following arguments: {'ament_cmake_args': None, 'build_base': '/home/louwee/correct_ws/build/correct_cpp_examples', 'catkin_cmake_args': None, 'catkin_skip_building_tests': False, 'cmake_args': None, 'cmake_clean_cache': False, 'cmake_clean_first': False, 'cmake_force_configure': False, 'cmake_target': None, 'cmake_target_skip_unavailable': False, 'install_base': '/home/louwee/correct_ws/install/correct_cpp_examples', 'merge_install': False, 'path': '/home/louwee/correct_ws/src/correct_cpp_examples', 'symlink_install': False, 'test_result_base': None}
[0.349s] INFO:colcon.colcon_core.executor:Executing jobs using 'parallel' executor
[0.350s] DEBUG:colcon.colcon_parallel_executor.executor.parallel:run_until_complete
[0.351s] INFO:colcon.colcon_ros.task.ament_cmake.build:Building ROS package in '/home/louwee/correct_ws/src/correct_msgs' with build type 'ament_cmake'
[0.351s] INFO:colcon.colcon_cmake.task.cmake.build:Building CMake package in '/home/louwee/correct_ws/src/correct_msgs'
[0.353s] INFO:colcon.colcon_core.plugin_system:Skipping extension 'colcon_core.shell.bat': Not used on non-Windows systems
[0.353s] INFO:colcon.colcon_core.shell:Skip shell extension 'powershell' for command environment: Not usable outside of PowerShell
[0.353s] DEBUG:colcon.colcon_core.shell:Skip shell extension 'dsv' for command environment
[0.356s] INFO:colcon.colcon_ros.task.ament_cmake.build:Building ROS package in '/home/louwee/correct_ws/src/computer_vision' with build type 'ament_cmake'
[0.356s] INFO:colcon.colcon_cmake.task.cmake.build:Building CMake package in '/home/louwee/correct_ws/src/computer_vision'
[0.357s] INFO:colcon.colcon_core.shell:Skip shell extension 'powershell' for command environment: Not usable outside of PowerShell
[0.357s] DEBUG:colcon.colcon_core.shell:Skip shell extension 'dsv' for command environment
[0.360s] INFO:colcon.colcon_ros.task.ament_cmake.build:Building ROS package in '/home/louwee/correct_ws/src/correct_controller' with build type 'ament_cmake'
[0.360s] INFO:colcon.colcon_cmake.task.cmake.build:Building CMake package in '/home/louwee/correct_ws/src/correct_controller'
[0.360s] INFO:colcon.colcon_core.shell:Skip shell extension 'powershell' for command environment: Not usable outside of PowerShell
[0.360s] DEBUG:colcon.colcon_core.shell:Skip shell extension 'dsv' for command environment
[0.364s] INFO:colcon.colcon_ros.task.ament_cmake.build:Building ROS package in '/home/louwee/correct_ws/src/correct_localization' with build type 'ament_cmake'
[0.364s] INFO:colcon.colcon_cmake.task.cmake.build:Building CMake package in '/home/louwee/correct_ws/src/correct_localization'
[0.364s] INFO:colcon.colcon_core.shell:Skip shell extension 'powershell' for command environment: Not usable outside of PowerShell
[0.364s] DEBUG:colcon.colcon_core.shell:Skip shell extension 'dsv' for command environment
[0.368s] INFO:colcon.colcon_ros.task.ament_cmake.build:Building ROS package in '/home/louwee/correct_ws/src/correct_pkg' with build type 'ament_cmake'
[0.368s] INFO:colcon.colcon_cmake.task.cmake.build:Building CMake package in '/home/louwee/correct_ws/src/correct_pkg'
[0.369s] INFO:colcon.colcon_core.shell:Skip shell extension 'powershell' for command environment: Not usable outside of PowerShell
[0.369s] DEBUG:colcon.colcon_core.shell:Skip shell extension 'dsv' for command environment
[0.372s] INFO:colcon.colcon_ros.task.ament_python.build:Building ROS package in '/home/louwee/correct_ws/src/correct_py_examples' with build type 'ament_python'
[0.372s] Level 1:colcon.colcon_core.shell:create_environment_hook('correct_py_examples', 'ament_prefix_path')
[0.372s] INFO:colcon.colcon_core.shell:Creating environment hook '/home/louwee/correct_ws/install/correct_py_examples/share/correct_py_examples/hook/ament_prefix_path.ps1'
[0.373s] INFO:colcon.colcon_core.shell:Creating environment descriptor '/home/louwee/correct_ws/install/correct_py_examples/share/correct_py_examples/hook/ament_prefix_path.dsv'
[0.374s] INFO:colcon.colcon_core.shell:Creating environment hook '/home/louwee/correct_ws/install/correct_py_examples/share/correct_py_examples/hook/ament_prefix_path.sh'
[0.375s] INFO:colcon.colcon_core.shell:Skip shell extension 'powershell' for command environment: Not usable outside of PowerShell
[0.375s] DEBUG:colcon.colcon_core.shell:Skip shell extension 'dsv' for command environment
[0.385s] DEBUG:colcon.colcon_core.event_handler.log_command:Invoking command in '/home/louwee/correct_ws/build/correct_msgs': CMAKE_PREFIX_PATH=/opt/ros/humble /usr/bin/cmake --build /home/louwee/correct_ws/build/correct_msgs -- -j12 -l12
[0.389s] DEBUG:colcon.colcon_core.event_handler.log_command:Invoking command in '/home/louwee/correct_ws/build/computer_vision': CMAKE_PREFIX_PATH=/opt/ros/humble /usr/bin/cmake --build /home/louwee/correct_ws/build/computer_vision -- -j12 -l12
[0.392s] DEBUG:colcon.colcon_core.event_handler.log_command:Invoking command in '/home/louwee/correct_ws/build/correct_controller': CMAKE_PREFIX_PATH=/opt/ros/humble /usr/bin/cmake --build /home/louwee/correct_ws/build/correct_controller -- -j12 -l12
[0.396s] DEBUG:colcon.colcon_core.event_handler.log_command:Invoking command in '/home/louwee/correct_ws/build/correct_localization': CMAKE_PREFIX_PATH=/opt/ros/humble /usr/bin/cmake --build /home/louwee/correct_ws/build/correct_localization -- -j12 -l12
[0.401s] DEBUG:colcon.colcon_core.event_handler.log_command:Invoking command in '/home/louwee/correct_ws/build/correct_pkg': CMAKE_PREFIX_PATH=/opt/ros/humble /usr/bin/cmake --build /home/louwee/correct_ws/build/correct_pkg -- -j12 -l12
[0.807s] INFO:colcon.colcon_core.task.python.build:Building Python package in '/home/louwee/correct_ws/src/correct_py_examples'
[0.807s] INFO:colcon.colcon_core.shell:Skip shell extension 'powershell' for command environment: Not usable outside of PowerShell
[0.807s] DEBUG:colcon.colcon_core.shell:Skip shell extension 'dsv' for command environment
[0.814s] DEBUG:colcon.colcon_core.event_handler.log_command:Invoked command in '/home/louwee/correct_ws/build/correct_pkg' returned '0': CMAKE_PREFIX_PATH=/opt/ros/humble /usr/bin/cmake --build /home/louwee/correct_ws/build/correct_pkg -- -j12 -l12
[0.828s] DEBUG:colcon.colcon_core.event_handler.log_command:Invoking command in '/home/louwee/correct_ws/build/correct_pkg': CMAKE_PREFIX_PATH=/opt/ros/humble /usr/bin/cmake --install /home/louwee/correct_ws/build/correct_pkg
[0.888s] Level 1:colcon.colcon_core.environment:create_environment_scripts_only(correct_pkg)
[0.907s] Level 1:colcon.colcon_core.environment:checking '/home/louwee/correct_ws/install/correct_pkg' for CMake module files
[0.910s] Level 1:colcon.colcon_core.environment:checking '/home/louwee/correct_ws/install/correct_pkg' for CMake config files
[0.919s] Level 1:colcon.colcon_core.shell:create_environment_hook('correct_pkg', 'cmake_prefix_path')
[0.920s] INFO:colcon.colcon_core.shell:Creating environment hook '/home/louwee/correct_ws/install/correct_pkg/share/correct_pkg/hook/cmake_prefix_path.ps1'
[0.921s] INFO:colcon.colcon_core.shell:Creating environment descriptor '/home/louwee/correct_ws/install/correct_pkg/share/correct_pkg/hook/cmake_prefix_path.dsv'
[0.922s] INFO:colcon.colcon_core.shell:Creating environment hook '/home/louwee/correct_ws/install/correct_pkg/share/correct_pkg/hook/cmake_prefix_path.sh'
[0.924s] Level 1:colcon.colcon_core.environment:checking '/home/louwee/correct_ws/install/correct_pkg/bin'
[0.924s] Level 1:colcon.colcon_core.environment:checking '/home/louwee/correct_ws/install/correct_pkg/lib/pkgconfig/correct_pkg.pc'
[0.925s] Level 1:colcon.colcon_core.environment:checking '/home/louwee/correct_ws/install/correct_pkg/lib/python3.10/site-packages'
[0.925s] Level 1:colcon.colcon_core.environment:checking '/home/louwee/correct_ws/install/correct_pkg/bin'
[0.926s] INFO:colcon.colcon_core.shell:Creating package script '/home/louwee/correct_ws/install/correct_pkg/share/correct_pkg/package.ps1'
[0.929s] INFO:colcon.colcon_core.shell:Creating package descriptor '/home/louwee/correct_ws/install/correct_pkg/share/correct_pkg/package.dsv'
[0.933s] INFO:colcon.colcon_core.shell:Creating package script '/home/louwee/correct_ws/install/correct_pkg/share/correct_pkg/package.sh'
[0.935s] INFO:colcon.colcon_core.shell:Creating package script '/home/louwee/correct_ws/install/correct_pkg/share/correct_pkg/package.bash'
[0.938s] INFO:colcon.colcon_core.shell:Creating package script '/home/louwee/correct_ws/install/correct_pkg/share/correct_pkg/package.zsh'
[0.940s] Level 1:colcon.colcon_core.environment:create_file_with_runtime_dependencies(/home/louwee/correct_ws/install/correct_pkg/share/colcon-core/packages/correct_pkg)
[0.942s] Level 1:colcon.colcon_core.environment:create_environment_scripts_only(correct_pkg)
[0.942s] Level 1:colcon.colcon_core.environment:checking '/home/louwee/correct_ws/install/correct_pkg' for CMake module files
[0.944s] Level 1:colcon.colcon_core.environment:checking '/home/louwee/correct_ws/install/correct_pkg' for CMake config files
[0.950s] Level 1:colcon.colcon_core.shell:create_environment_hook('correct_pkg', 'cmake_prefix_path')
[0.950s] INFO:colcon.colcon_core.shell:Creating environment hook '/home/louwee/correct_ws/install/correct_pkg/share/correct_pkg/hook/cmake_prefix_path.ps1'
[0.951s] INFO:colcon.colcon_core.shell:Creating environment descriptor '/home/louwee/correct_ws/install/correct_pkg/share/correct_pkg/hook/cmake_prefix_path.dsv'
[0.952s] INFO:colcon.colcon_core.shell:Creating environment hook '/home/louwee/correct_ws/install/correct_pkg/share/correct_pkg/hook/cmake_prefix_path.sh'
[0.954s] Level 1:colcon.colcon_core.environment:checking '/home/louwee/correct_ws/install/correct_pkg/bin'
[0.954s] Level 1:colcon.colcon_core.environment:checking '/home/louwee/correct_ws/install/correct_pkg/lib/pkgconfig/correct_pkg.pc'
[0.954s] Level 1:colcon.colcon_core.environment:checking '/home/louwee/correct_ws/install/correct_pkg/lib/python3.10/site-packages'
[0.954s] Level 1:colcon.colcon_core.environment:checking '/home/louwee/correct_ws/install/correct_pkg/bin'
[0.955s] INFO:colcon.colcon_core.shell:Creating package script '/home/louwee/correct_ws/install/correct_pkg/share/correct_pkg/package.ps1'
[0.956s] INFO:colcon.colcon_core.shell:Creating package descriptor '/home/louwee/correct_ws/install/correct_pkg/share/correct_pkg/package.dsv'
[0.957s] INFO:colcon.colcon_core.shell:Creating package script '/home/louwee/correct_ws/install/correct_pkg/share/correct_pkg/package.sh'
[0.957s] INFO:colcon.colcon_core.shell:Creating package script '/home/louwee/correct_ws/install/correct_pkg/share/correct_pkg/package.bash'
[0.958s] INFO:colcon.colcon_core.shell:Creating package script '/home/louwee/correct_ws/install/correct_pkg/share/correct_pkg/package.zsh'
[0.960s] Level 1:colcon.colcon_core.environment:create_file_with_runtime_dependencies(/home/louwee/correct_ws/install/correct_pkg/share/colcon-core/packages/correct_pkg)
[1.027s] DEBUG:colcon.colcon_core.event_handler.log_command:Invoked command in '/home/louwee/correct_ws/build/correct_pkg' returned '0': CMAKE_PREFIX_PATH=/opt/ros/humble /usr/bin/cmake --install /home/louwee/correct_ws/build/correct_pkg
[1.029s] DEBUG:colcon.colcon_core.event_handler.log_command:Invoked command in '/home/louwee/correct_ws/build/correct_msgs' returned '0': CMAKE_PREFIX_PATH=/opt/ros/humble /usr/bin/cmake --build /home/louwee/correct_ws/build/correct_msgs -- -j12 -l12
[1.029s] DEBUG:colcon.colcon_core.event_handler.log_command:Invoking command in '/home/louwee/correct_ws/build/correct_msgs': CMAKE_PREFIX_PATH=/opt/ros/humble /usr/bin/cmake --install /home/louwee/correct_ws/build/correct_msgs
[1.030s] DEBUG:colcon.colcon_core.event_handler.log_command:Invoked command in '/home/louwee/correct_ws/build/correct_controller' returned '0': CMAKE_PREFIX_PATH=/opt/ros/humble /usr/bin/cmake --build /home/louwee/correct_ws/build/correct_controller -- -j12 -l12
[1.031s] DEBUG:colcon.colcon_core.event_handler.log_command:Invoking command in '/home/louwee/correct_ws/build/correct_controller': CMAKE_PREFIX_PATH=/opt/ros/humble /usr/bin/cmake --install /home/louwee/correct_ws/build/correct_controller
[1.032s] DEBUG:colcon.colcon_core.event_handler.log_command:Invoked command in '/home/louwee/correct_ws/build/computer_vision' returned '0': CMAKE_PREFIX_PATH=/opt/ros/humble /usr/bin/cmake --build /home/louwee/correct_ws/build/computer_vision -- -j12 -l12
[1.032s] DEBUG:colcon.colcon_core.event_handler.log_command:Invoking command in '/home/louwee/correct_ws/build/computer_vision': CMAKE_PREFIX_PATH=/opt/ros/humble /usr/bin/cmake --install /home/louwee/correct_ws/build/computer_vision
[1.041s] Level 1:colcon.colcon_core.environment:create_environment_scripts_only(correct_controller)
[1.042s] Level 1:colcon.colcon_core.environment:checking '/home/louwee/correct_ws/install/correct_controller' for CMake module files
[1.044s] Level 1:colcon.colcon_core.environment:checking '/home/louwee/correct_ws/install/correct_controller' for CMake config files
[1.045s] Level 1:colcon.colcon_core.shell:create_environment_hook('correct_controller', 'cmake_prefix_path')
[1.046s] INFO:colcon.colcon_core.shell:Creating environment hook '/home/louwee/correct_ws/install/correct_controller/share/correct_controller/hook/cmake_prefix_path.ps1'
[1.047s] INFO:colcon.colcon_core.shell:Creating environment descriptor '/home/louwee/correct_ws/install/correct_controller/share/correct_controller/hook/cmake_prefix_path.dsv'
[1.047s] INFO:colcon.colcon_core.shell:Creating environment hook '/home/louwee/correct_ws/install/correct_controller/share/correct_controller/hook/cmake_prefix_path.sh'
[1.049s] Level 1:colcon.colcon_core.environment:checking '/home/louwee/correct_ws/install/correct_controller/lib'
[1.049s] Level 1:colcon.colcon_core.environment:checking '/home/louwee/correct_ws/install/correct_controller/bin'
[1.049s] Level 1:colcon.colcon_core.environment:checking '/home/louwee/correct_ws/install/correct_controller/lib/pkgconfig/correct_controller.pc'
[1.050s] Level 1:colcon.colcon_core.environment:checking '/home/louwee/correct_ws/install/correct_controller/lib/python3.10/site-packages'
[1.050s] Level 1:colcon.colcon_core.environment:checking '/home/louwee/correct_ws/install/correct_controller/bin'
[1.050s] INFO:colcon.colcon_core.shell:Creating package script '/home/louwee/correct_ws/install/correct_controller/share/correct_controller/package.ps1'
[1.051s] INFO:colcon.colcon_core.shell:Creating package descriptor '/home/louwee/correct_ws/install/correct_controller/share/correct_controller/package.dsv'
[1.053s] INFO:colcon.colcon_core.shell:Creating package script '/home/louwee/correct_ws/install/correct_controller/share/correct_controller/package.sh'
[1.053s] INFO:colcon.colcon_core.shell:Creating package script '/home/louwee/correct_ws/install/correct_controller/share/correct_controller/package.bash'
[1.055s] INFO:colcon.colcon_core.shell:Creating package script '/home/louwee/correct_ws/install/correct_controller/share/correct_controller/package.zsh'
[1.057s] Level 1:colcon.colcon_core.environment:create_file_with_runtime_dependencies(/home/louwee/correct_ws/install/correct_controller/share/colcon-core/packages/correct_controller)
[1.058s] Level 1:colcon.colcon_core.environment:create_environment_scripts_only(correct_controller)
[1.059s] Level 1:colcon.colcon_core.environment:checking '/home/louwee/correct_ws/install/correct_controller' for CMake module files
[1.060s] Level 1:colcon.colcon_core.environment:checking '/home/louwee/correct_ws/install/correct_controller' for CMake config files
[1.062s] Level 1:colcon.colcon_core.shell:create_environment_hook('correct_controller', 'cmake_prefix_path')
[1.063s] INFO:colcon.colcon_core.shell:Creating environment hook '/home/louwee/correct_ws/install/correct_controller/share/correct_controller/hook/cmake_prefix_path.ps1'
[1.064s] INFO:colcon.colcon_core.shell:Creating environment descriptor '/home/louwee/correct_ws/install/correct_controller/share/correct_controller/hook/cmake_prefix_path.dsv'
[1.064s] INFO:colcon.colcon_core.shell:Creating environment hook '/home/louwee/correct_ws/install/correct_controller/share/correct_controller/hook/cmake_prefix_path.sh'
[1.066s] Level 1:colcon.colcon_core.environment:checking '/home/louwee/correct_ws/install/correct_controller/lib'
[1.066s] Level 1:colcon.colcon_core.environment:checking '/home/louwee/correct_ws/install/correct_controller/bin'
[1.066s] Level 1:colcon.colcon_core.environment:checking '/home/louwee/correct_ws/install/correct_controller/lib/pkgconfig/correct_controller.pc'
[1.066s] Level 1:colcon.colcon_core.environment:checking '/home/louwee/correct_ws/install/correct_controller/lib/python3.10/site-packages'
[1.066s] Level 1:colcon.colcon_core.environment:checking '/home/louwee/correct_ws/install/correct_controller/bin'
[1.067s] INFO:colcon.colcon_core.shell:Creating package script '/home/louwee/correct_ws/install/correct_controller/share/correct_controller/package.ps1'
[1.068s] INFO:colcon.colcon_core.shell:Creating package descriptor '/home/louwee/correct_ws/install/correct_controller/share/correct_controller/package.dsv'
[1.069s] INFO:colcon.colcon_core.shell:Creating package script '/home/louwee/correct_ws/install/correct_controller/share/correct_controller/package.sh'
[1.070s] INFO:colcon.colcon_core.shell:Creating package script '/home/louwee/correct_ws/install/correct_controller/share/correct_controller/package.bash'
[1.071s] INFO:colcon.colcon_core.shell:Creating package script '/home/louwee/correct_ws/install/correct_controller/share/correct_controller/package.zsh'
[1.072s] Level 1:colcon.colcon_core.environment:create_file_with_runtime_dependencies(/home/louwee/correct_ws/install/correct_controller/share/colcon-core/packages/correct_controller)
[1.073s] Level 1:colcon.colcon_core.environment:create_environment_scripts_only(correct_msgs)
[1.073s] Level 1:colcon.colcon_core.environment:checking '/home/louwee/correct_ws/install/correct_msgs' for CMake module files
[1.075s] Level 1:colcon.colcon_core.environment:checking '/home/louwee/correct_ws/install/correct_msgs' for CMake config files
[1.078s] Level 1:colcon.colcon_core.shell:create_environment_hook('correct_msgs', 'cmake_prefix_path')
[1.079s] INFO:colcon.colcon_core.shell:Creating environment hook '/home/louwee/correct_ws/install/correct_msgs/share/correct_msgs/hook/cmake_prefix_path.ps1'
[1.080s] INFO:colcon.colcon_core.shell:Creating environment descriptor '/home/louwee/correct_ws/install/correct_msgs/share/correct_msgs/hook/cmake_prefix_path.dsv'
[1.081s] INFO:colcon.colcon_core.shell:Creating environment hook '/home/louwee/correct_ws/install/correct_msgs/share/correct_msgs/hook/cmake_prefix_path.sh'
[1.082s] Level 1:colcon.colcon_core.environment:checking '/home/louwee/correct_ws/install/correct_msgs/lib'
[1.083s] Level 1:colcon.colcon_core.shell:create_environment_hook('correct_msgs', 'ld_library_path_lib')
[1.083s] INFO:colcon.colcon_core.shell:Creating environment hook '/home/louwee/correct_ws/install/correct_msgs/share/correct_msgs/hook/ld_library_path_lib.ps1'
[1.084s] INFO:colcon.colcon_core.shell:Creating environment descriptor '/home/louwee/correct_ws/install/correct_msgs/share/correct_msgs/hook/ld_library_path_lib.dsv'
[1.085s] INFO:colcon.colcon_core.shell:Creating environment hook '/home/louwee/correct_ws/install/correct_msgs/share/correct_msgs/hook/ld_library_path_lib.sh'
[1.086s] Level 1:colcon.colcon_core.environment:checking '/home/louwee/correct_ws/install/correct_msgs/bin'
[1.086s] Level 1:colcon.colcon_core.environment:checking '/home/louwee/correct_ws/install/correct_msgs/lib/pkgconfig/correct_msgs.pc'
[1.087s] Level 1:colcon.colcon_core.environment:checking '/home/louwee/correct_ws/install/correct_msgs/lib/python3.10/site-packages'
[1.087s] Level 1:colcon.colcon_core.environment:checking '/home/louwee/correct_ws/install/correct_msgs/bin'
[1.087s] INFO:colcon.colcon_core.shell:Creating package script '/home/louwee/correct_ws/install/correct_msgs/share/correct_msgs/package.ps1'
[1.088s] INFO:colcon.colcon_core.shell:Creating package descriptor '/home/louwee/correct_ws/install/correct_msgs/share/correct_msgs/package.dsv'
[1.089s] INFO:colcon.colcon_core.shell:Creating package script '/home/louwee/correct_ws/install/correct_msgs/share/correct_msgs/package.sh'
[1.090s] INFO:colcon.colcon_core.shell:Creating package script '/home/louwee/correct_ws/install/correct_msgs/share/correct_msgs/package.bash'
[1.091s] INFO:colcon.colcon_core.shell:Creating package script '/home/louwee/correct_ws/install/correct_msgs/share/correct_msgs/package.zsh'
[1.092s] Level 1:colcon.colcon_core.environment:create_file_with_runtime_dependencies(/home/louwee/correct_ws/install/correct_msgs/share/colcon-core/packages/correct_msgs)
[1.093s] Level 1:colcon.colcon_core.environment:create_environment_scripts_only(correct_msgs)
[1.094s] Level 1:colcon.colcon_core.environment:checking '/home/louwee/correct_ws/install/correct_msgs' for CMake module files
[1.095s] Level 1:colcon.colcon_core.environment:checking '/home/louwee/correct_ws/install/correct_msgs' for CMake config files
[1.098s] Level 1:colcon.colcon_core.shell:create_environment_hook('correct_msgs', 'cmake_prefix_path')
[1.099s] INFO:colcon.colcon_core.shell:Creating environment hook '/home/louwee/correct_ws/install/correct_msgs/share/correct_msgs/hook/cmake_prefix_path.ps1'
[1.100s] INFO:colcon.colcon_core.shell:Creating environment descriptor '/home/louwee/correct_ws/install/correct_msgs/share/correct_msgs/hook/cmake_prefix_path.dsv'
[1.101s] INFO:colcon.colcon_core.shell:Creating environment hook '/home/louwee/correct_ws/install/correct_msgs/share/correct_msgs/hook/cmake_prefix_path.sh'
[1.102s] Level 1:colcon.colcon_core.environment:checking '/home/louwee/correct_ws/install/correct_msgs/lib'
[1.102s] Level 1:colcon.colcon_core.shell:create_environment_hook('correct_msgs', 'ld_library_path_lib')
[1.103s] INFO:colcon.colcon_core.shell:Creating environment hook '/home/louwee/correct_ws/install/correct_msgs/share/correct_msgs/hook/ld_library_path_lib.ps1'
[1.103s] INFO:colcon.colcon_core.shell:Creating environment descriptor '/home/louwee/correct_ws/install/correct_msgs/share/correct_msgs/hook/ld_library_path_lib.dsv'
[1.104s] INFO:colcon.colcon_core.shell:Creating environment hook '/home/louwee/correct_ws/install/correct_msgs/share/correct_msgs/hook/ld_library_path_lib.sh'
[1.105s] Level 1:colcon.colcon_core.environment:checking '/home/louwee/correct_ws/install/correct_msgs/bin'
[1.106s] Level 1:colcon.colcon_core.environment:checking '/home/louwee/correct_ws/install/correct_msgs/lib/pkgconfig/correct_msgs.pc'
[1.106s] Level 1:colcon.colcon_core.environment:checking '/home/louwee/correct_ws/install/correct_msgs/lib/python3.10/site-packages'
[1.106s] Level 1:colcon.colcon_core.environment:checking '/home/louwee/correct_ws/install/correct_msgs/bin'
[1.107s] INFO:colcon.colcon_core.shell:Creating package script '/home/louwee/correct_ws/install/correct_msgs/share/correct_msgs/package.ps1'
[1.108s] INFO:colcon.colcon_core.shell:Creating package descriptor '/home/louwee/correct_ws/install/correct_msgs/share/correct_msgs/package.dsv'
[1.110s] INFO:colcon.colcon_core.shell:Creating package script '/home/louwee/correct_ws/install/correct_msgs/share/correct_msgs/package.sh'
[1.113s] INFO:colcon.colcon_core.shell:Creating package script '/home/louwee/correct_ws/install/correct_msgs/share/correct_msgs/package.bash'
[1.114s] INFO:colcon.colcon_core.shell:Creating package script '/home/louwee/correct_ws/install/correct_msgs/share/correct_msgs/package.zsh'
[1.116s] Level 1:colcon.colcon_core.environment:create_file_with_runtime_dependencies(/home/louwee/correct_ws/install/correct_msgs/share/colcon-core/packages/correct_msgs)
[1.117s] INFO:colcon.colcon_ros.task.ament_cmake.build:Building ROS package in '/home/louwee/correct_ws/src/correct_cpp_examples' with build type 'ament_cmake'
[1.117s] INFO:colcon.colcon_cmake.task.cmake.build:Building CMake package in '/home/louwee/correct_ws/src/correct_cpp_examples'
[1.117s] INFO:colcon.colcon_core.shell:Skip shell extension 'powershell' for command environment: Not usable outside of PowerShell
[1.118s] DEBUG:colcon.colcon_core.shell:Skip shell extension 'dsv' for command environment
[1.124s] DEBUG:colcon.colcon_core.event_handler.log_command:Invoked command in '/home/louwee/correct_ws/build/correct_controller' returned '0': CMAKE_PREFIX_PATH=/opt/ros/humble /usr/bin/cmake --install /home/louwee/correct_ws/build/correct_controller
[1.125s] DEBUG:colcon.colcon_core.event_handler.log_command:Invoked command in '/home/louwee/correct_ws/build/correct_msgs' returned '0': CMAKE_PREFIX_PATH=/opt/ros/humble /usr/bin/cmake --install /home/louwee/correct_ws/build/correct_msgs
[1.128s] Level 1:colcon.colcon_core.environment:create_environment_scripts_only(computer_vision)
[1.128s] Level 1:colcon.colcon_core.environment:checking '/home/louwee/correct_ws/install/computer_vision' for CMake module files
[1.129s] DEBUG:colcon.colcon_core.event_handler.log_command:Invoked command in '/home/louwee/correct_ws/build/computer_vision' returned '0': CMAKE_PREFIX_PATH=/opt/ros/humble /usr/bin/cmake --install /home/louwee/correct_ws/build/computer_vision
[1.130s] Level 1:colcon.colcon_core.environment:checking '/home/louwee/correct_ws/install/computer_vision' for CMake config files
[1.130s] Level 1:colcon.colcon_core.shell:create_environment_hook('computer_vision', 'cmake_prefix_path')
[1.131s] INFO:colcon.colcon_core.shell:Creating environment hook '/home/louwee/correct_ws/install/computer_vision/share/computer_vision/hook/cmake_prefix_path.ps1'
[1.131s] INFO:colcon.colcon_core.shell:Creating environment descriptor '/home/louwee/correct_ws/install/computer_vision/share/computer_vision/hook/cmake_prefix_path.dsv'
[1.132s] INFO:colcon.colcon_core.shell:Creating environment hook '/home/louwee/correct_ws/install/computer_vision/share/computer_vision/hook/cmake_prefix_path.sh'
[1.133s] Level 1:colcon.colcon_core.environment:checking '/home/louwee/correct_ws/install/computer_vision/lib'
[1.133s] Level 1:colcon.colcon_core.environment:checking '/home/louwee/correct_ws/install/computer_vision/bin'
[1.133s] Level 1:colcon.colcon_core.environment:checking '/home/louwee/correct_ws/install/computer_vision/lib/pkgconfig/computer_vision.pc'
[1.133s] Level 1:colcon.colcon_core.environment:checking '/home/louwee/correct_ws/install/computer_vision/lib/python3.10/site-packages'
[1.133s] Level 1:colcon.colcon_core.environment:checking '/home/louwee/correct_ws/install/computer_vision/bin'
[1.134s] INFO:colcon.colcon_core.shell:Creating package script '/home/louwee/correct_ws/install/computer_vision/share/computer_vision/package.ps1'
[1.134s] INFO:colcon.colcon_core.shell:Creating package descriptor '/home/louwee/correct_ws/install/computer_vision/share/computer_vision/package.dsv'
[1.135s] INFO:colcon.colcon_core.shell:Creating package script '/home/louwee/correct_ws/install/computer_vision/share/computer_vision/package.sh'
[1.135s] INFO:colcon.colcon_core.shell:Creating package script '/home/louwee/correct_ws/install/computer_vision/share/computer_vision/package.bash'
[1.136s] INFO:colcon.colcon_core.shell:Creating package script '/home/louwee/correct_ws/install/computer_vision/share/computer_vision/package.zsh'
[1.136s] Level 1:colcon.colcon_core.environment:create_file_with_runtime_dependencies(/home/louwee/correct_ws/install/computer_vision/share/colcon-core/packages/computer_vision)
[1.137s] Level 1:colcon.colcon_core.environment:create_environment_scripts_only(computer_vision)
[1.137s] Level 1:colcon.colcon_core.environment:checking '/home/louwee/correct_ws/install/computer_vision' for CMake module files
[1.137s] Level 1:colcon.colcon_core.environment:checking '/home/louwee/correct_ws/install/computer_vision' for CMake config files
[1.138s] Level 1:colcon.colcon_core.shell:create_environment_hook('computer_vision', 'cmake_prefix_path')
[1.138s] INFO:colcon.colcon_core.shell:Creating environment hook '/home/louwee/correct_ws/install/computer_vision/share/computer_vision/hook/cmake_prefix_path.ps1'
[1.139s] INFO:colcon.colcon_core.shell:Creating environment descriptor '/home/louwee/correct_ws/install/computer_vision/share/computer_vision/hook/cmake_prefix_path.dsv'
[1.139s] INFO:colcon.colcon_core.shell:Creating environment hook '/home/louwee/correct_ws/install/computer_vision/share/computer_vision/hook/cmake_prefix_path.sh'
[1.140s] Level 1:colcon.colcon_core.environment:checking '/home/louwee/correct_ws/install/computer_vision/lib'
[1.140s] Level 1:colcon.colcon_core.environment:checking '/home/louwee/correct_ws/install/computer_vision/bin'
[1.140s] Level 1:colcon.colcon_core.environment:checking '/home/louwee/correct_ws/install/computer_vision/lib/pkgconfig/computer_vision.pc'
[1.140s] Level 1:colcon.colcon_core.environment:checking '/home/louwee/correct_ws/install/computer_vision/lib/python3.10/site-packages'
[1.140s] Level 1:colcon.colcon_core.environment:checking '/home/louwee/correct_ws/install/computer_vision/bin'
[1.141s] INFO:colcon.colcon_core.shell:Creating package script '/home/louwee/correct_ws/install/computer_vision/share/computer_vision/package.ps1'
[1.141s] INFO:colcon.colcon_core.shell:Creating package descriptor '/home/louwee/correct_ws/install/computer_vision/share/computer_vision/package.dsv'
[1.142s] INFO:colcon.colcon_core.shell:Creating package script '/home/louwee/correct_ws/install/computer_vision/share/computer_vision/package.sh'
[1.142s] INFO:colcon.colcon_core.shell:Creating package script '/home/louwee/correct_ws/install/computer_vision/share/computer_vision/package.bash'
[1.143s] INFO:colcon.colcon_core.shell:Creating package script '/home/louwee/correct_ws/install/computer_vision/share/computer_vision/package.zsh'
[1.143s] Level 1:colcon.colcon_core.environment:create_file_with_runtime_dependencies(/home/louwee/correct_ws/install/computer_vision/share/colcon-core/packages/computer_vision)
[1.149s] DEBUG:colcon.colcon_core.event_handler.log_command:Invoking command in '/home/louwee/correct_ws/build/correct_cpp_examples': AMENT_PREFIX_PATH=/home/louwee/correct_ws/install/correct_msgs:${AMENT_PREFIX_PATH} CMAKE_PREFIX_PATH=/home/louwee/correct_ws/install/correct_msgs:/opt/ros/humble LD_LIBRARY_PATH=/home/louwee/correct_ws/install/correct_msgs/lib:${LD_LIBRARY_PATH} PYTHONPATH=/home/louwee/correct_ws/install/correct_msgs/local/lib/python3.10/dist-packages:${PYTHONPATH} /usr/bin/cmake --build /home/louwee/correct_ws/build/correct_cpp_examples -- -j12 -l12
[1.250s] DEBUG:colcon.colcon_core.event_handler.log_command:Invoked command in '/home/louwee/correct_ws/build/correct_cpp_examples' returned '0': AMENT_PREFIX_PATH=/home/louwee/correct_ws/install/correct_msgs:${AMENT_PREFIX_PATH} CMAKE_PREFIX_PATH=/home/louwee/correct_ws/install/correct_msgs:/opt/ros/humble LD_LIBRARY_PATH=/home/louwee/correct_ws/install/correct_msgs/lib:${LD_LIBRARY_PATH} PYTHONPATH=/home/louwee/correct_ws/install/correct_msgs/local/lib/python3.10/dist-packages:${PYTHONPATH} /usr/bin/cmake --build /home/louwee/correct_ws/build/correct_cpp_examples -- -j12 -l12
[1.252s] DEBUG:colcon.colcon_core.event_handler.log_command:Invoking command in '/home/louwee/correct_ws/build/correct_cpp_examples': AMENT_PREFIX_PATH=/home/louwee/correct_ws/install/correct_msgs:${AMENT_PREFIX_PATH} CMAKE_PREFIX_PATH=/home/louwee/correct_ws/install/correct_msgs:/opt/ros/humble LD_LIBRARY_PATH=/home/louwee/correct_ws/install/correct_msgs/lib:${LD_LIBRARY_PATH} PYTHONPATH=/home/louwee/correct_ws/install/correct_msgs/local/lib/python3.10/dist-packages:${PYTHONPATH} /usr/bin/cmake --install /home/louwee/correct_ws/build/correct_cpp_examples
[1.270s] Level 1:colcon.colcon_core.environment:create_environment_scripts_only(correct_cpp_examples)
[1.270s] Level 1:colcon.colcon_core.environment:checking '/home/louwee/correct_ws/install/correct_cpp_examples' for CMake module files
[1.271s] DEBUG:colcon.colcon_core.event_handler.log_command:Invoked command in '/home/louwee/correct_ws/build/correct_cpp_examples' returned '0': AMENT_PREFIX_PATH=/home/louwee/correct_ws/install/correct_msgs:${AMENT_PREFIX_PATH} CMAKE_PREFIX_PATH=/home/louwee/correct_ws/install/correct_msgs:/opt/ros/humble LD_LIBRARY_PATH=/home/louwee/correct_ws/install/correct_msgs/lib:${LD_LIBRARY_PATH} PYTHONPATH=/home/louwee/correct_ws/install/correct_msgs/local/lib/python3.10/dist-packages:${PYTHONPATH} /usr/bin/cmake --install /home/louwee/correct_ws/build/correct_cpp_examples
[1.271s] Level 1:colcon.colcon_core.environment:checking '/home/louwee/correct_ws/install/correct_cpp_examples' for CMake config files
[1.272s] Level 1:colcon.colcon_core.shell:create_environment_hook('correct_cpp_examples', 'cmake_prefix_path')
[1.272s] INFO:colcon.colcon_core.shell:Creating environment hook '/home/louwee/correct_ws/install/correct_cpp_examples/share/correct_cpp_examples/hook/cmake_prefix_path.ps1'
[1.272s] INFO:colcon.colcon_core.shell:Creating environment descriptor '/home/louwee/correct_ws/install/correct_cpp_examples/share/correct_cpp_examples/hook/cmake_prefix_path.dsv'
[1.273s] INFO:colcon.colcon_core.shell:Creating environment hook '/home/louwee/correct_ws/install/correct_cpp_examples/share/correct_cpp_examples/hook/cmake_prefix_path.sh'
[1.274s] Level 1:colcon.colcon_core.environment:checking '/home/louwee/correct_ws/install/correct_cpp_examples/lib'
[1.274s] Level 1:colcon.colcon_core.environment:checking '/home/louwee/correct_ws/install/correct_cpp_examples/bin'
[1.274s] Level 1:colcon.colcon_core.environment:checking '/home/louwee/correct_ws/install/correct_cpp_examples/lib/pkgconfig/correct_cpp_examples.pc'
[1.274s] Level 1:colcon.colcon_core.environment:checking '/home/louwee/correct_ws/install/correct_cpp_examples/lib/python3.10/site-packages'
[1.275s] Level 1:colcon.colcon_core.environment:checking '/home/louwee/correct_ws/install/correct_cpp_examples/bin'
[1.275s] INFO:colcon.colcon_core.shell:Creating package script '/home/louwee/correct_ws/install/correct_cpp_examples/share/correct_cpp_examples/package.ps1'
[1.276s] INFO:colcon.colcon_core.shell:Creating package descriptor '/home/louwee/correct_ws/install/correct_cpp_examples/share/correct_cpp_examples/package.dsv'
[1.276s] INFO:colcon.colcon_core.shell:Creating package script '/home/louwee/correct_ws/install/correct_cpp_examples/share/correct_cpp_examples/package.sh'
[1.277s] INFO:colcon.colcon_core.shell:Creating package script '/home/louwee/correct_ws/install/correct_cpp_examples/share/correct_cpp_examples/package.bash'
[1.278s] INFO:colcon.colcon_core.shell:Creating package script '/home/louwee/correct_ws/install/correct_cpp_examples/share/correct_cpp_examples/package.zsh'
[1.279s] Level 1:colcon.colcon_core.environment:create_file_with_runtime_dependencies(/home/louwee/correct_ws/install/correct_cpp_examples/share/colcon-core/packages/correct_cpp_examples)
[1.279s] Level 1:colcon.colcon_core.environment:create_environment_scripts_only(correct_cpp_examples)
[1.279s] Level 1:colcon.colcon_core.environment:checking '/home/louwee/correct_ws/install/correct_cpp_examples' for CMake module files
[1.280s] Level 1:colcon.colcon_core.environment:checking '/home/louwee/correct_ws/install/correct_cpp_examples' for CMake config files
[1.281s] Level 1:colcon.colcon_core.shell:create_environment_hook('correct_cpp_examples', 'cmake_prefix_path')
[1.281s] INFO:colcon.colcon_core.shell:Creating environment hook '/home/louwee/correct_ws/install/correct_cpp_examples/share/correct_cpp_examples/hook/cmake_prefix_path.ps1'
[1.281s] INFO:colcon.colcon_core.shell:Creating environment descriptor '/home/louwee/correct_ws/install/correct_cpp_examples/share/correct_cpp_examples/hook/cmake_prefix_path.dsv'
[1.282s] INFO:colcon.colcon_core.shell:Creating environment hook '/home/louwee/correct_ws/install/correct_cpp_examples/share/correct_cpp_examples/hook/cmake_prefix_path.sh'
[1.282s] Level 1:colcon.colcon_core.environment:checking '/home/louwee/correct_ws/install/correct_cpp_examples/lib'
[1.282s] Level 1:colcon.colcon_core.environment:checking '/home/louwee/correct_ws/install/correct_cpp_examples/bin'
[1.283s] Level 1:colcon.colcon_core.environment:checking '/home/louwee/correct_ws/install/correct_cpp_examples/lib/pkgconfig/correct_cpp_examples.pc'
[1.283s] Level 1:colcon.colcon_core.environment:checking '/home/louwee/correct_ws/install/correct_cpp_examples/lib/python3.10/site-packages'
[1.283s] Level 1:colcon.colcon_core.environment:checking '/home/louwee/correct_ws/install/correct_cpp_examples/bin'
[1.284s] INFO:colcon.colcon_core.shell:Creating package script '/home/louwee/correct_ws/install/correct_cpp_examples/share/correct_cpp_examples/package.ps1'
[1.284s] INFO:colcon.colcon_core.shell:Creating package descriptor '/home/louwee/correct_ws/install/correct_cpp_examples/share/correct_cpp_examples/package.dsv'
[1.285s] INFO:colcon.colcon_core.shell:Creating package script '/home/louwee/correct_ws/install/correct_cpp_examples/share/correct_cpp_examples/package.sh'
[1.285s] INFO:colcon.colcon_core.shell:Creating package script '/home/louwee/correct_ws/install/correct_cpp_examples/share/correct_cpp_examples/package.bash'
[1.286s] INFO:colcon.colcon_core.shell:Creating package script '/home/louwee/correct_ws/install/correct_cpp_examples/share/correct_cpp_examples/package.zsh'
[1.287s] Level 1:colcon.colcon_core.environment:create_file_with_runtime_dependencies(/home/louwee/correct_ws/install/correct_cpp_examples/share/colcon-core/packages/correct_cpp_examples)
[1.390s] DEBUG:colcon.colcon_core.event_handler.log_command:Invoking command in '/home/louwee/correct_ws/src/correct_py_examples': PYTHONPATH=/home/louwee/correct_ws/build/correct_py_examples/prefix_override:/usr/lib/python3/dist-packages/colcon_core/task/python/colcon_distutils_commands:/home/louwee/correct_ws/install/correct_py_examples/lib/python3.10/site-packages:${PYTHONPATH} /usr/bin/python3 -W ignore:setup.py install is deprecated -W ignore:easy_install command is deprecated setup.py egg_info --egg-base ../../build/correct_py_examples build --build-base /home/louwee/correct_ws/build/correct_py_examples/build install --record /home/louwee/correct_ws/build/correct_py_examples/install.log --single-version-externally-managed install_data
[1.823s] Level 1:colcon.colcon_core.environment:checking '/home/louwee/correct_ws/install/correct_py_examples' for CMake module files
[1.825s] DEBUG:colcon.colcon_core.event_handler.log_command:Invoked command in '/home/louwee/correct_ws/src/correct_py_examples' returned '0': PYTHONPATH=/home/louwee/correct_ws/build/correct_py_examples/prefix_override:/usr/lib/python3/dist-packages/colcon_core/task/python/colcon_distutils_commands:/home/louwee/correct_ws/install/correct_py_examples/lib/python3.10/site-packages:${PYTHONPATH} /usr/bin/python3 -W ignore:setup.py install is deprecated -W ignore:easy_install command is deprecated setup.py egg_info --egg-base ../../build/correct_py_examples build --build-base /home/louwee/correct_ws/build/correct_py_examples/build install --record /home/louwee/correct_ws/build/correct_py_examples/install.log --single-version-externally-managed install_data
[1.828s] Level 1:colcon.colcon_core.environment:checking '/home/louwee/correct_ws/install/correct_py_examples' for CMake config files
[1.830s] Level 1:colcon.colcon_core.environment:checking '/home/louwee/correct_ws/install/correct_py_examples/lib'
[1.830s] Level 1:colcon.colcon_core.environment:checking '/home/louwee/correct_ws/install/correct_py_examples/bin'
[1.831s] Level 1:colcon.colcon_core.environment:checking '/home/louwee/correct_ws/install/correct_py_examples/lib/pkgconfig/correct_py_examples.pc'
[1.832s] Level 1:colcon.colcon_core.environment:checking '/home/louwee/correct_ws/install/correct_py_examples/lib/python3.10/site-packages'
[1.832s] Level 1:colcon.colcon_core.shell:create_environment_hook('correct_py_examples', 'pythonpath')
[1.833s] INFO:colcon.colcon_core.shell:Creating environment hook '/home/louwee/correct_ws/install/correct_py_examples/share/correct_py_examples/hook/pythonpath.ps1'
[1.835s] INFO:colcon.colcon_core.shell:Creating environment descriptor '/home/louwee/correct_ws/install/correct_py_examples/share/correct_py_examples/hook/pythonpath.dsv'
[1.836s] INFO:colcon.colcon_core.shell:Creating environment hook '/home/louwee/correct_ws/install/correct_py_examples/share/correct_py_examples/hook/pythonpath.sh'
[1.838s] Level 1:colcon.colcon_core.environment:checking '/home/louwee/correct_ws/install/correct_py_examples/bin'
[1.839s] Level 1:colcon.colcon_core.environment:create_environment_scripts_only(correct_py_examples)
[1.840s] INFO:colcon.colcon_core.shell:Creating package script '/home/louwee/correct_ws/install/correct_py_examples/share/correct_py_examples/package.ps1'
[1.842s] INFO:colcon.colcon_core.shell:Creating package descriptor '/home/louwee/correct_ws/install/correct_py_examples/share/correct_py_examples/package.dsv'
[1.844s] INFO:colcon.colcon_core.shell:Creating package script '/home/louwee/correct_ws/install/correct_py_examples/share/correct_py_examples/package.sh'
[1.846s] INFO:colcon.colcon_core.shell:Creating package script '/home/louwee/correct_ws/install/correct_py_examples/share/correct_py_examples/package.bash'
[1.847s] INFO:colcon.colcon_core.shell:Creating package script '/home/louwee/correct_ws/install/correct_py_examples/share/correct_py_examples/package.zsh'
[1.849s] Level 1:colcon.colcon_core.environment:create_file_with_runtime_dependencies(/home/louwee/correct_ws/install/correct_py_examples/share/colcon-core/packages/correct_py_examples)
[7.177s] DEBUG:colcon.colcon_core.event_handler.log_command:Invoked command in '/home/louwee/correct_ws/build/correct_localization' returned '2': CMAKE_PREFIX_PATH=/opt/ros/humble /usr/bin/cmake --build /home/louwee/correct_ws/build/correct_localization -- -j12 -l12
[7.178s] Level 1:colcon.colcon_core.environment:create_environment_scripts_only(correct_localization)
[7.178s] Level 1:colcon.colcon_core.environment:checking '/home/louwee/correct_ws/install/correct_localization' for CMake module files
[7.179s] Level 1:colcon.colcon_core.environment:checking '/home/louwee/correct_ws/install/correct_localization' for CMake config files
[7.179s] Level 1:colcon.colcon_core.shell:create_environment_hook('correct_localization', 'cmake_prefix_path')
[7.179s] INFO:colcon.colcon_core.shell:Creating environment hook '/home/louwee/correct_ws/install/correct_localization/share/correct_localization/hook/cmake_prefix_path.ps1'
[7.180s] INFO:colcon.colcon_core.shell:Creating environment descriptor '/home/louwee/correct_ws/install/correct_localization/share/correct_localization/hook/cmake_prefix_path.dsv'
[7.180s] INFO:colcon.colcon_core.shell:Creating environment hook '/home/louwee/correct_ws/install/correct_localization/share/correct_localization/hook/cmake_prefix_path.sh'
[7.180s] Level 1:colcon.colcon_core.environment:checking '/home/louwee/correct_ws/install/correct_localization/lib'
[7.181s] Level 1:colcon.colcon_core.environment:checking '/home/louwee/correct_ws/install/correct_localization/bin'
[7.181s] Level 1:colcon.colcon_core.environment:checking '/home/louwee/correct_ws/install/correct_localization/lib/pkgconfig/correct_localization.pc'
[7.181s] Level 1:colcon.colcon_core.environment:checking '/home/louwee/correct_ws/install/correct_localization/lib/python3.10/site-packages'
[7.181s] Level 1:colcon.colcon_core.environment:checking '/home/louwee/correct_ws/install/correct_localization/bin'
[7.181s] INFO:colcon.colcon_core.shell:Creating package script '/home/louwee/correct_ws/install/correct_localization/share/correct_localization/package.ps1'
[7.182s] INFO:colcon.colcon_core.shell:Creating package descriptor '/home/louwee/correct_ws/install/correct_localization/share/correct_localization/package.dsv'
[7.182s] INFO:colcon.colcon_core.shell:Creating package script '/home/louwee/correct_ws/install/correct_localization/share/correct_localization/package.sh'
[7.183s] INFO:colcon.colcon_core.shell:Creating package script '/home/louwee/correct_ws/install/correct_localization/share/correct_localization/package.bash'
[7.183s] INFO:colcon.colcon_core.shell:Creating package script '/home/louwee/correct_ws/install/correct_localization/share/correct_localization/package.zsh'
[7.184s] Level 1:colcon.colcon_core.environment:create_file_with_runtime_dependencies(/home/louwee/correct_ws/install/correct_localization/share/colcon-core/packages/correct_localization)
[7.194s] DEBUG:colcon.colcon_parallel_executor.executor.parallel:closing loop
[7.194s] DEBUG:colcon.colcon_parallel_executor.executor.parallel:loop closed
[7.194s] DEBUG:colcon.colcon_parallel_executor.executor.parallel:run_until_complete finished with '2'
[7.195s] DEBUG:colcon.colcon_core.event_reactor:joining thread
[7.202s] INFO:colcon.colcon_core.plugin_system:Skipping extension 'colcon_notification.desktop_notification.terminal_notifier': Not used on non-Darwin systems
[7.202s] INFO:colcon.colcon_core.plugin_system:Skipping extension 'colcon_notification.desktop_notification.win32': Not used on non-Windows systems
[7.202s] INFO:colcon.colcon_notification.desktop_notification:Sending desktop notification using 'notify2'
[7.215s] DEBUG:colcon.colcon_core.event_reactor:joined thread
[7.216s] INFO:colcon.colcon_core.shell:Creating prefix script '/home/louwee/correct_ws/install/local_setup.ps1'
[7.217s] INFO:colcon.colcon_core.shell:Creating prefix util module '/home/louwee/correct_ws/install/_local_setup_util_ps1.py'
[7.218s] INFO:colcon.colcon_core.shell:Creating prefix chain script '/home/louwee/correct_ws/install/setup.ps1'
[7.219s] INFO:colcon.colcon_core.shell:Creating prefix script '/home/louwee/correct_ws/install/local_setup.sh'
[7.220s] INFO:colcon.colcon_core.shell:Creating prefix util module '/home/louwee/correct_ws/install/_local_setup_util_sh.py'
[7.221s] INFO:colcon.colcon_core.shell:Creating prefix chain script '/home/louwee/correct_ws/install/setup.sh'
[7.222s] INFO:colcon.colcon_core.shell:Creating prefix script '/home/louwee/correct_ws/install/local_setup.bash'
[7.222s] INFO:colcon.colcon_core.shell:Creating prefix chain script '/home/louwee/correct_ws/install/setup.bash'
[7.223s] INFO:colcon.colcon_core.shell:Creating prefix script '/home/louwee/correct_ws/install/local_setup.zsh'
[7.224s] INFO:colcon.colcon_core.shell:Creating prefix chain script '/home/louwee/correct_ws/install/setup.zsh'
