[0.041s] Invoking command in '/home/louwee/correct_ws/build/correct_msgs': CMAKE_PREFIX_PATH=/opt/ros/humble /usr/bin/cmake --build /home/louwee/correct_ws/build/correct_msgs -- -j12 -l12
[0.118s] [  2%] Built target correct_msgs__cpp
[0.122s] [ 12%] Built target correct_msgs__rosidl_generator_c
[0.165s] [ 12%] Built target ament_cmake_python_copy_correct_msgs
[0.176s] [ 23%] Built target correct_msgs__rosidl_typesupport_cpp
[0.203s] [ 34%] Built target correct_msgs__rosidl_typesupport_fastrtps_cpp
[0.207s] [ 44%] Built target correct_msgs__rosidl_typesupport_introspection_cpp
[0.224s] [ 55%] Built target correct_msgs__rosidl_typesupport_c
[0.225s] [ 65%] Built target correct_msgs__rosidl_typesupport_introspection_c
[0.244s] [ 76%] Built target correct_msgs__rosidl_typesupport_fastrtps_c
[0.264s] [ 76%] Built target correct_msgs
[0.296s] [ 78%] Built target correct_msgs__py
[0.342s] [ 87%] Built target correct_msgs__rosidl_generator_py
[0.415s] [ 91%] Built target correct_msgs__rosidl_typesupport_c__pyext
[0.416s] [ 95%] Built target correct_msgs__rosidl_typesupport_fastrtps_c__pyext
[0.419s] [100%] Built target correct_msgs__rosidl_typesupport_introspection_c__pyext
[0.643s] running egg_info
[0.645s] writing correct_msgs.egg-info/PKG-INFO
[0.645s] writing dependency_links to correct_msgs.egg-info/dependency_links.txt
[0.645s] writing top-level names to correct_msgs.egg-info/top_level.txt
[0.650s] reading manifest file 'correct_msgs.egg-info/SOURCES.txt'
[0.651s] writing manifest file 'correct_msgs.egg-info/SOURCES.txt'
[0.872s] [100%] Built target ament_cmake_python_build_correct_msgs_egg
[0.931s] Invoked command in '/home/louwee/correct_ws/build/correct_msgs' returned '0': CMAKE_PREFIX_PATH=/opt/ros/humble /usr/bin/cmake --build /home/louwee/correct_ws/build/correct_msgs -- -j12 -l12
[0.931s] Invoking command in '/home/louwee/correct_ws/build/correct_msgs': CMAKE_PREFIX_PATH=/opt/ros/humble /usr/bin/cmake --install /home/louwee/correct_ws/build/correct_msgs
[0.957s] -- Install configuration: ""
[0.957s] -- Up-to-date: /home/louwee/correct_ws/install/correct_msgs/share/ament_index/resource_index/rosidl_interfaces/correct_msgs
[0.957s] -- Up-to-date: /home/louwee/correct_ws/install/correct_msgs/include/correct_msgs/correct_msgs
[0.957s] -- Up-to-date: /home/louwee/correct_ws/install/correct_msgs/include/correct_msgs/correct_msgs/srv
[0.957s] -- Up-to-date: /home/louwee/correct_ws/install/correct_msgs/include/correct_msgs/correct_msgs/srv/add_two_ints.h
[0.957s] -- Up-to-date: /home/louwee/correct_ws/install/correct_msgs/include/correct_msgs/correct_msgs/srv/detail
[0.957s] -- Up-to-date: /home/louwee/correct_ws/install/correct_msgs/include/correct_msgs/correct_msgs/srv/detail/add_two_ints__functions.h
[0.958s] -- Up-to-date: /home/louwee/correct_ws/install/correct_msgs/include/correct_msgs/correct_msgs/srv/detail/get_transform__struct.h
[0.958s] -- Up-to-date: /home/louwee/correct_ws/install/correct_msgs/include/correct_msgs/correct_msgs/srv/detail/add_two_ints__struct.h
[0.958s] -- Up-to-date: /home/louwee/correct_ws/install/correct_msgs/include/correct_msgs/correct_msgs/srv/detail/get_transform__functions.h
[0.959s] -- Up-to-date: /home/louwee/correct_ws/install/correct_msgs/include/correct_msgs/correct_msgs/srv/detail/add_two_ints__type_support.h
[0.959s] -- Up-to-date: /home/louwee/correct_ws/install/correct_msgs/include/correct_msgs/correct_msgs/srv/detail/get_transform__functions.c
[0.960s] -- Up-to-date: /home/louwee/correct_ws/install/correct_msgs/include/correct_msgs/correct_msgs/srv/detail/add_two_ints__functions.c
[0.961s] -- Up-to-date: /home/louwee/correct_ws/install/correct_msgs/include/correct_msgs/correct_msgs/srv/detail/get_transform__type_support.h
[0.961s] -- Up-to-date: /home/louwee/correct_ws/install/correct_msgs/include/correct_msgs/correct_msgs/srv/get_transform.h
[0.961s] -- Up-to-date: /home/louwee/correct_ws/install/correct_msgs/include/correct_msgs/correct_msgs/msg
[0.961s] -- Up-to-date: /home/louwee/correct_ws/install/correct_msgs/include/correct_msgs/correct_msgs/msg/rosidl_generator_c__visibility_control.h
[0.962s] -- Up-to-date: /home/louwee/correct_ws/install/correct_msgs/include/correct_msgs/correct_msgs/action
[0.962s] -- Up-to-date: /home/louwee/correct_ws/install/correct_msgs/include/correct_msgs/correct_msgs/action/fibonnaci.h
[0.962s] -- Up-to-date: /home/louwee/correct_ws/install/correct_msgs/include/correct_msgs/correct_msgs/action/detail
[0.963s] -- Up-to-date: /home/louwee/correct_ws/install/correct_msgs/include/correct_msgs/correct_msgs/action/detail/fibonacci__functions.c
[0.963s] -- Up-to-date: /home/louwee/correct_ws/install/correct_msgs/include/correct_msgs/correct_msgs/action/detail/fibonnaci__type_support.h
[0.963s] -- Up-to-date: /home/louwee/correct_ws/install/correct_msgs/include/correct_msgs/correct_msgs/action/detail/fibonacci__functions.h
[0.964s] -- Up-to-date: /home/louwee/correct_ws/install/correct_msgs/include/correct_msgs/correct_msgs/action/detail/fibonacci__type_support.h
[0.964s] -- Up-to-date: /home/louwee/correct_ws/install/correct_msgs/include/correct_msgs/correct_msgs/action/detail/fibonnaci__functions.h
[0.964s] -- Up-to-date: /home/louwee/correct_ws/install/correct_msgs/include/correct_msgs/correct_msgs/action/detail/fibonnaci__struct.h
[0.965s] -- Up-to-date: /home/louwee/correct_ws/install/correct_msgs/include/correct_msgs/correct_msgs/action/detail/fibonacci__struct.h
[0.966s] -- Up-to-date: /home/louwee/correct_ws/install/correct_msgs/include/correct_msgs/correct_msgs/action/detail/fibonnaci__functions.c
[0.967s] -- Up-to-date: /home/louwee/correct_ws/install/correct_msgs/include/correct_msgs/correct_msgs/action/fibonacci.h
[0.967s] -- Up-to-date: /home/louwee/correct_ws/install/correct_msgs/share/correct_msgs/environment/library_path.sh
[0.967s] -- Up-to-date: /home/louwee/correct_ws/install/correct_msgs/share/correct_msgs/environment/library_path.dsv
[0.967s] -- Up-to-date: /home/louwee/correct_ws/install/correct_msgs/lib/libcorrect_msgs__rosidl_generator_c.so
[0.967s] -- Up-to-date: /home/louwee/correct_ws/install/correct_msgs/include/correct_msgs/correct_msgs
[0.967s] -- Up-to-date: /home/louwee/correct_ws/install/correct_msgs/include/correct_msgs/correct_msgs/srv
[0.967s] -- Up-to-date: /home/louwee/correct_ws/install/correct_msgs/include/correct_msgs/correct_msgs/srv/detail
[0.967s] -- Up-to-date: /home/louwee/correct_ws/install/correct_msgs/include/correct_msgs/correct_msgs/srv/detail/get_transform__rosidl_typesupport_fastrtps_c.h
[0.968s] -- Up-to-date: /home/louwee/correct_ws/install/correct_msgs/include/correct_msgs/correct_msgs/srv/detail/add_two_ints__rosidl_typesupport_fastrtps_c.h
[0.968s] -- Up-to-date: /home/louwee/correct_ws/install/correct_msgs/include/correct_msgs/correct_msgs/msg
[0.968s] -- Up-to-date: /home/louwee/correct_ws/install/correct_msgs/include/correct_msgs/correct_msgs/msg/rosidl_typesupport_fastrtps_c__visibility_control.h
[0.968s] -- Up-to-date: /home/louwee/correct_ws/install/correct_msgs/include/correct_msgs/correct_msgs/action
[0.968s] -- Up-to-date: /home/louwee/correct_ws/install/correct_msgs/include/correct_msgs/correct_msgs/action/detail
[0.968s] -- Up-to-date: /home/louwee/correct_ws/install/correct_msgs/include/correct_msgs/correct_msgs/action/detail/fibonacci__rosidl_typesupport_fastrtps_c.h
[0.968s] -- Up-to-date: /home/louwee/correct_ws/install/correct_msgs/include/correct_msgs/correct_msgs/action/detail/fibonnaci__rosidl_typesupport_fastrtps_c.h
[0.968s] -- Up-to-date: /home/louwee/correct_ws/install/correct_msgs/lib/libcorrect_msgs__rosidl_typesupport_fastrtps_c.so
[0.968s] -- Up-to-date: /home/louwee/correct_ws/install/correct_msgs/include/correct_msgs/correct_msgs
[0.969s] -- Up-to-date: /home/louwee/correct_ws/install/correct_msgs/include/correct_msgs/correct_msgs/srv
[0.969s] -- Up-to-date: /home/louwee/correct_ws/install/correct_msgs/include/correct_msgs/correct_msgs/srv/get_transform.hpp
[0.969s] -- Up-to-date: /home/louwee/correct_ws/install/correct_msgs/include/correct_msgs/correct_msgs/srv/detail
[0.969s] -- Up-to-date: /home/louwee/correct_ws/install/correct_msgs/include/correct_msgs/correct_msgs/srv/detail/get_transform__type_support.hpp
[0.969s] -- Up-to-date: /home/louwee/correct_ws/install/correct_msgs/include/correct_msgs/correct_msgs/srv/detail/add_two_ints__builder.hpp
[0.969s] -- Up-to-date: /home/louwee/correct_ws/install/correct_msgs/include/correct_msgs/correct_msgs/srv/detail/add_two_ints__type_support.hpp
[0.969s] -- Up-to-date: /home/louwee/correct_ws/install/correct_msgs/include/correct_msgs/correct_msgs/srv/detail/get_transform__traits.hpp
[0.969s] -- Up-to-date: /home/louwee/correct_ws/install/correct_msgs/include/correct_msgs/correct_msgs/srv/detail/get_transform__builder.hpp
[0.969s] -- Up-to-date: /home/louwee/correct_ws/install/correct_msgs/include/correct_msgs/correct_msgs/srv/detail/add_two_ints__traits.hpp
[0.969s] -- Up-to-date: /home/louwee/correct_ws/install/correct_msgs/include/correct_msgs/correct_msgs/srv/detail/get_transform__struct.hpp
[0.969s] -- Up-to-date: /home/louwee/correct_ws/install/correct_msgs/include/correct_msgs/correct_msgs/srv/detail/add_two_ints__struct.hpp
[0.969s] -- Up-to-date: /home/louwee/correct_ws/install/correct_msgs/include/correct_msgs/correct_msgs/srv/add_two_ints.hpp
[0.970s] -- Up-to-date: /home/louwee/correct_ws/install/correct_msgs/include/correct_msgs/correct_msgs/msg
[0.970s] -- Up-to-date: /home/louwee/correct_ws/install/correct_msgs/include/correct_msgs/correct_msgs/msg/rosidl_generator_cpp__visibility_control.hpp
[0.970s] -- Up-to-date: /home/louwee/correct_ws/install/correct_msgs/include/correct_msgs/correct_msgs/action
[0.970s] -- Up-to-date: /home/louwee/correct_ws/install/correct_msgs/include/correct_msgs/correct_msgs/action/detail
[0.970s] -- Up-to-date: /home/louwee/correct_ws/install/correct_msgs/include/correct_msgs/correct_msgs/action/detail/fibonacci__type_support.hpp
[0.970s] -- Up-to-date: /home/louwee/correct_ws/install/correct_msgs/include/correct_msgs/correct_msgs/action/detail/fibonnaci__struct.hpp
[0.970s] -- Up-to-date: /home/louwee/correct_ws/install/correct_msgs/include/correct_msgs/correct_msgs/action/detail/fibonnaci__type_support.hpp
[0.971s] -- Up-to-date: /home/louwee/correct_ws/install/correct_msgs/include/correct_msgs/correct_msgs/action/detail/fibonnaci__builder.hpp
[0.971s] -- Up-to-date: /home/louwee/correct_ws/install/correct_msgs/include/correct_msgs/correct_msgs/action/detail/fibonacci__struct.hpp
[0.971s] -- Up-to-date: /home/louwee/correct_ws/install/correct_msgs/include/correct_msgs/correct_msgs/action/detail/fibonacci__builder.hpp
[0.971s] -- Up-to-date: /home/louwee/correct_ws/install/correct_msgs/include/correct_msgs/correct_msgs/action/detail/fibonacci__traits.hpp
[0.971s] -- Up-to-date: /home/louwee/correct_ws/install/correct_msgs/include/correct_msgs/correct_msgs/action/detail/fibonnaci__traits.hpp
[0.971s] -- Up-to-date: /home/louwee/correct_ws/install/correct_msgs/include/correct_msgs/correct_msgs/action/fibonnaci.hpp
[0.971s] -- Up-to-date: /home/louwee/correct_ws/install/correct_msgs/include/correct_msgs/correct_msgs/action/fibonacci.hpp
[0.971s] -- Up-to-date: /home/louwee/correct_ws/install/correct_msgs/include/correct_msgs/correct_msgs
[0.971s] -- Up-to-date: /home/louwee/correct_ws/install/correct_msgs/include/correct_msgs/correct_msgs/srv
[0.971s] -- Up-to-date: /home/louwee/correct_ws/install/correct_msgs/include/correct_msgs/correct_msgs/srv/detail
[0.971s] -- Up-to-date: /home/louwee/correct_ws/install/correct_msgs/include/correct_msgs/correct_msgs/srv/detail/get_transform__rosidl_typesupport_fastrtps_cpp.hpp
[0.971s] -- Up-to-date: /home/louwee/correct_ws/install/correct_msgs/include/correct_msgs/correct_msgs/srv/detail/dds_fastrtps
[0.971s] -- Up-to-date: /home/louwee/correct_ws/install/correct_msgs/include/correct_msgs/correct_msgs/srv/detail/add_two_ints__rosidl_typesupport_fastrtps_cpp.hpp
[0.971s] -- Up-to-date: /home/louwee/correct_ws/install/correct_msgs/include/correct_msgs/correct_msgs/msg
[0.971s] -- Up-to-date: /home/louwee/correct_ws/install/correct_msgs/include/correct_msgs/correct_msgs/msg/rosidl_typesupport_fastrtps_cpp__visibility_control.h
[0.972s] -- Up-to-date: /home/louwee/correct_ws/install/correct_msgs/include/correct_msgs/correct_msgs/action
[0.972s] -- Up-to-date: /home/louwee/correct_ws/install/correct_msgs/include/correct_msgs/correct_msgs/action/detail
[0.972s] -- Up-to-date: /home/louwee/correct_ws/install/correct_msgs/include/correct_msgs/correct_msgs/action/detail/fibonnaci__rosidl_typesupport_fastrtps_cpp.hpp
[0.972s] -- Up-to-date: /home/louwee/correct_ws/install/correct_msgs/include/correct_msgs/correct_msgs/action/detail/fibonacci__rosidl_typesupport_fastrtps_cpp.hpp
[0.972s] -- Up-to-date: /home/louwee/correct_ws/install/correct_msgs/include/correct_msgs/correct_msgs/action/detail/dds_fastrtps
[0.972s] -- Up-to-date: /home/louwee/correct_ws/install/correct_msgs/lib/libcorrect_msgs__rosidl_typesupport_fastrtps_cpp.so
[0.972s] -- Up-to-date: /home/louwee/correct_ws/install/correct_msgs/include/correct_msgs/correct_msgs
[0.972s] -- Up-to-date: /home/louwee/correct_ws/install/correct_msgs/include/correct_msgs/correct_msgs/srv
[0.972s] -- Up-to-date: /home/louwee/correct_ws/install/correct_msgs/include/correct_msgs/correct_msgs/srv/detail
[0.972s] -- Up-to-date: /home/louwee/correct_ws/install/correct_msgs/include/correct_msgs/correct_msgs/srv/detail/add_two_ints__type_support.c
[0.972s] -- Up-to-date: /home/louwee/correct_ws/install/correct_msgs/include/correct_msgs/correct_msgs/srv/detail/get_transform__type_support.c
[0.972s] -- Up-to-date: /home/louwee/correct_ws/install/correct_msgs/include/correct_msgs/correct_msgs/srv/detail/get_transform__rosidl_typesupport_introspection_c.h
[0.973s] -- Up-to-date: /home/louwee/correct_ws/install/correct_msgs/include/correct_msgs/correct_msgs/srv/detail/add_two_ints__rosidl_typesupport_introspection_c.h
[0.973s] -- Up-to-date: /home/louwee/correct_ws/install/correct_msgs/include/correct_msgs/correct_msgs/msg
[0.973s] -- Up-to-date: /home/louwee/correct_ws/install/correct_msgs/include/correct_msgs/correct_msgs/msg/rosidl_typesupport_introspection_c__visibility_control.h
[0.973s] -- Up-to-date: /home/louwee/correct_ws/install/correct_msgs/include/correct_msgs/correct_msgs/action
[0.973s] -- Up-to-date: /home/louwee/correct_ws/install/correct_msgs/include/correct_msgs/correct_msgs/action/detail
[0.973s] -- Up-to-date: /home/louwee/correct_ws/install/correct_msgs/include/correct_msgs/correct_msgs/action/detail/fibonacci__type_support.c
[0.973s] -- Up-to-date: /home/louwee/correct_ws/install/correct_msgs/include/correct_msgs/correct_msgs/action/detail/fibonnaci__type_support.c
[0.973s] -- Up-to-date: /home/louwee/correct_ws/install/correct_msgs/include/correct_msgs/correct_msgs/action/detail/fibonnaci__rosidl_typesupport_introspection_c.h
[0.973s] -- Up-to-date: /home/louwee/correct_ws/install/correct_msgs/include/correct_msgs/correct_msgs/action/detail/fibonacci__rosidl_typesupport_introspection_c.h
[0.973s] -- Up-to-date: /home/louwee/correct_ws/install/correct_msgs/lib/libcorrect_msgs__rosidl_typesupport_introspection_c.so
[0.973s] -- Up-to-date: /home/louwee/correct_ws/install/correct_msgs/lib/libcorrect_msgs__rosidl_typesupport_c.so
[0.974s] -- Up-to-date: /home/louwee/correct_ws/install/correct_msgs/include/correct_msgs/correct_msgs
[0.974s] -- Up-to-date: /home/louwee/correct_ws/install/correct_msgs/include/correct_msgs/correct_msgs/srv
[0.974s] -- Up-to-date: /home/louwee/correct_ws/install/correct_msgs/include/correct_msgs/correct_msgs/srv/detail
[0.974s] -- Up-to-date: /home/louwee/correct_ws/install/correct_msgs/include/correct_msgs/correct_msgs/srv/detail/get_transform__type_support.cpp
[0.974s] -- Up-to-date: /home/louwee/correct_ws/install/correct_msgs/include/correct_msgs/correct_msgs/srv/detail/add_two_ints__type_support.cpp
[0.974s] -- Up-to-date: /home/louwee/correct_ws/install/correct_msgs/include/correct_msgs/correct_msgs/srv/detail/add_two_ints__rosidl_typesupport_introspection_cpp.hpp
[0.974s] -- Up-to-date: /home/louwee/correct_ws/install/correct_msgs/include/correct_msgs/correct_msgs/srv/detail/get_transform__rosidl_typesupport_introspection_cpp.hpp
[0.974s] -- Up-to-date: /home/louwee/correct_ws/install/correct_msgs/include/correct_msgs/correct_msgs/action
[0.974s] -- Up-to-date: /home/louwee/correct_ws/install/correct_msgs/include/correct_msgs/correct_msgs/action/detail
[0.974s] -- Up-to-date: /home/louwee/correct_ws/install/correct_msgs/include/correct_msgs/correct_msgs/action/detail/fibonnaci__type_support.cpp
[0.974s] -- Up-to-date: /home/louwee/correct_ws/install/correct_msgs/include/correct_msgs/correct_msgs/action/detail/fibonacci__rosidl_typesupport_introspection_cpp.hpp
[0.974s] -- Up-to-date: /home/louwee/correct_ws/install/correct_msgs/include/correct_msgs/correct_msgs/action/detail/fibonacci__type_support.cpp
[0.974s] -- Up-to-date: /home/louwee/correct_ws/install/correct_msgs/include/correct_msgs/correct_msgs/action/detail/fibonnaci__rosidl_typesupport_introspection_cpp.hpp
[0.974s] -- Up-to-date: /home/louwee/correct_ws/install/correct_msgs/lib/libcorrect_msgs__rosidl_typesupport_introspection_cpp.so
[0.975s] -- Up-to-date: /home/louwee/correct_ws/install/correct_msgs/lib/libcorrect_msgs__rosidl_typesupport_cpp.so
[0.975s] -- Up-to-date: /home/louwee/correct_ws/install/correct_msgs/share/correct_msgs/environment/pythonpath.sh
[0.975s] -- Up-to-date: /home/louwee/correct_ws/install/correct_msgs/share/correct_msgs/environment/pythonpath.dsv
[0.975s] -- Up-to-date: /home/louwee/correct_ws/install/correct_msgs/local/lib/python3.10/dist-packages/correct_msgs-0.0.0-py3.10.egg-info
[0.975s] -- Installing: /home/louwee/correct_ws/install/correct_msgs/local/lib/python3.10/dist-packages/correct_msgs-0.0.0-py3.10.egg-info/top_level.txt
[0.975s] -- Installing: /home/louwee/correct_ws/install/correct_msgs/local/lib/python3.10/dist-packages/correct_msgs-0.0.0-py3.10.egg-info/PKG-INFO
[0.975s] -- Installing: /home/louwee/correct_ws/install/correct_msgs/local/lib/python3.10/dist-packages/correct_msgs-0.0.0-py3.10.egg-info/dependency_links.txt
[0.975s] -- Installing: /home/louwee/correct_ws/install/correct_msgs/local/lib/python3.10/dist-packages/correct_msgs-0.0.0-py3.10.egg-info/SOURCES.txt
[0.975s] -- Up-to-date: /home/louwee/correct_ws/install/correct_msgs/local/lib/python3.10/dist-packages/correct_msgs
[0.975s] -- Up-to-date: /home/louwee/correct_ws/install/correct_msgs/local/lib/python3.10/dist-packages/correct_msgs/_correct_msgs_s.ep.rosidl_typesupport_c.c
[0.975s] -- Up-to-date: /home/louwee/correct_ws/install/correct_msgs/local/lib/python3.10/dist-packages/correct_msgs/srv
[0.976s] -- Up-to-date: /home/louwee/correct_ws/install/correct_msgs/local/lib/python3.10/dist-packages/correct_msgs/srv/_add_two_ints.py
[0.976s] -- Up-to-date: /home/louwee/correct_ws/install/correct_msgs/local/lib/python3.10/dist-packages/correct_msgs/srv/__init__.py
[0.976s] -- Up-to-date: /home/louwee/correct_ws/install/correct_msgs/local/lib/python3.10/dist-packages/correct_msgs/srv/_get_transform.py
[0.976s] -- Up-to-date: /home/louwee/correct_ws/install/correct_msgs/local/lib/python3.10/dist-packages/correct_msgs/srv/_get_transform_s.c
[0.976s] -- Up-to-date: /home/louwee/correct_ws/install/correct_msgs/local/lib/python3.10/dist-packages/correct_msgs/srv/_add_two_ints_s.c
[0.976s] -- Up-to-date: /home/louwee/correct_ws/install/correct_msgs/local/lib/python3.10/dist-packages/correct_msgs/__init__.py
[0.976s] -- Up-to-date: /home/louwee/correct_ws/install/correct_msgs/local/lib/python3.10/dist-packages/correct_msgs/_correct_msgs_s.ep.rosidl_typesupport_fastrtps_c.c
[0.976s] -- Up-to-date: /home/louwee/correct_ws/install/correct_msgs/local/lib/python3.10/dist-packages/correct_msgs/correct_msgs_s__rosidl_typesupport_c.cpython-310-x86_64-linux-gnu.so
[0.976s] -- Up-to-date: /home/louwee/correct_ws/install/correct_msgs/local/lib/python3.10/dist-packages/correct_msgs/_correct_msgs_s.ep.rosidl_typesupport_introspection_c.c
[0.976s] -- Up-to-date: /home/louwee/correct_ws/install/correct_msgs/local/lib/python3.10/dist-packages/correct_msgs/correct_msgs_s__rosidl_typesupport_fastrtps_c.cpython-310-x86_64-linux-gnu.so
[0.976s] -- Up-to-date: /home/louwee/correct_ws/install/correct_msgs/local/lib/python3.10/dist-packages/correct_msgs/correct_msgs_s__rosidl_typesupport_introspection_c.cpython-310-x86_64-linux-gnu.so
[0.976s] -- Up-to-date: /home/louwee/correct_ws/install/correct_msgs/local/lib/python3.10/dist-packages/correct_msgs/action
[0.976s] -- Up-to-date: /home/louwee/correct_ws/install/correct_msgs/local/lib/python3.10/dist-packages/correct_msgs/action/_fibonacci_s.c
[0.976s] -- Up-to-date: /home/louwee/correct_ws/install/correct_msgs/local/lib/python3.10/dist-packages/correct_msgs/action/__init__.py
[0.976s] -- Up-to-date: /home/louwee/correct_ws/install/correct_msgs/local/lib/python3.10/dist-packages/correct_msgs/action/_fibonacci.py
[0.977s] -- Up-to-date: /home/louwee/correct_ws/install/correct_msgs/local/lib/python3.10/dist-packages/correct_msgs/action/_fibonnaci.py
[0.977s] -- Up-to-date: /home/louwee/correct_ws/install/correct_msgs/local/lib/python3.10/dist-packages/correct_msgs/action/_fibonnaci_s.c
[0.977s] -- Up-to-date: /home/louwee/correct_ws/install/correct_msgs/local/lib/python3.10/dist-packages/correct_msgs/libcorrect_msgs__rosidl_generator_py.so
[0.979s] Listing '/home/louwee/correct_ws/install/correct_msgs/local/lib/python3.10/dist-packages/correct_msgs'...
[0.979s] Listing '/home/louwee/correct_ws/install/correct_msgs/local/lib/python3.10/dist-packages/correct_msgs/action'...
[0.979s] Listing '/home/louwee/correct_ws/install/correct_msgs/local/lib/python3.10/dist-packages/correct_msgs/srv'...
[0.991s] -- Up-to-date: /home/louwee/correct_ws/install/correct_msgs/local/lib/python3.10/dist-packages/correct_msgs/correct_msgs_s__rosidl_typesupport_fastrtps_c.cpython-310-x86_64-linux-gnu.so
[0.991s] -- Up-to-date: /home/louwee/correct_ws/install/correct_msgs/local/lib/python3.10/dist-packages/correct_msgs/correct_msgs_s__rosidl_typesupport_introspection_c.cpython-310-x86_64-linux-gnu.so
[0.991s] -- Up-to-date: /home/louwee/correct_ws/install/correct_msgs/local/lib/python3.10/dist-packages/correct_msgs/correct_msgs_s__rosidl_typesupport_c.cpython-310-x86_64-linux-gnu.so
[0.991s] -- Up-to-date: /home/louwee/correct_ws/install/correct_msgs/lib/libcorrect_msgs__rosidl_generator_py.so
[0.991s] -- Up-to-date: /home/louwee/correct_ws/install/correct_msgs/share/correct_msgs/action/Fibonacci.idl
[0.992s] -- Up-to-date: /home/louwee/correct_ws/install/correct_msgs/share/correct_msgs/srv/AddTwoInts.idl
[0.992s] -- Up-to-date: /home/louwee/correct_ws/install/correct_msgs/share/correct_msgs/srv/GetTransform.idl
[0.992s] -- Up-to-date: /home/louwee/correct_ws/install/correct_msgs/share/correct_msgs/action/Fibonacci.action
[0.992s] -- Up-to-date: /home/louwee/correct_ws/install/correct_msgs/share/correct_msgs/srv/AddTwoInts.srv
[0.992s] -- Up-to-date: /home/louwee/correct_ws/install/correct_msgs/share/correct_msgs/srv/AddTwoInts_Request.msg
[0.992s] -- Up-to-date: /home/louwee/correct_ws/install/correct_msgs/share/correct_msgs/srv/AddTwoInts_Response.msg
[0.992s] -- Up-to-date: /home/louwee/correct_ws/install/correct_msgs/share/correct_msgs/srv/GetTransform.srv
[0.992s] -- Up-to-date: /home/louwee/correct_ws/install/correct_msgs/share/correct_msgs/srv/GetTransform_Request.msg
[0.992s] -- Up-to-date: /home/louwee/correct_ws/install/correct_msgs/share/correct_msgs/srv/GetTransform_Response.msg
[0.992s] -- Up-to-date: /home/louwee/correct_ws/install/correct_msgs/share/ament_index/resource_index/package_run_dependencies/correct_msgs
[0.992s] -- Up-to-date: /home/louwee/correct_ws/install/correct_msgs/share/ament_index/resource_index/parent_prefix_path/correct_msgs
[0.992s] -- Up-to-date: /home/louwee/correct_ws/install/correct_msgs/share/correct_msgs/environment/ament_prefix_path.sh
[0.992s] -- Up-to-date: /home/louwee/correct_ws/install/correct_msgs/share/correct_msgs/environment/ament_prefix_path.dsv
[0.993s] -- Up-to-date: /home/louwee/correct_ws/install/correct_msgs/share/correct_msgs/environment/path.sh
[0.993s] -- Up-to-date: /home/louwee/correct_ws/install/correct_msgs/share/correct_msgs/environment/path.dsv
[0.993s] -- Up-to-date: /home/louwee/correct_ws/install/correct_msgs/share/correct_msgs/local_setup.bash
[0.993s] -- Up-to-date: /home/louwee/correct_ws/install/correct_msgs/share/correct_msgs/local_setup.sh
[0.993s] -- Up-to-date: /home/louwee/correct_ws/install/correct_msgs/share/correct_msgs/local_setup.zsh
[0.993s] -- Up-to-date: /home/louwee/correct_ws/install/correct_msgs/share/correct_msgs/local_setup.dsv
[0.993s] -- Installing: /home/louwee/correct_ws/install/correct_msgs/share/correct_msgs/package.dsv
[0.993s] -- Up-to-date: /home/louwee/correct_ws/install/correct_msgs/share/ament_index/resource_index/packages/correct_msgs
[0.993s] -- Up-to-date: /home/louwee/correct_ws/install/correct_msgs/share/correct_msgs/cmake/export_correct_msgs__rosidl_generator_cExport.cmake
[0.993s] -- Up-to-date: /home/louwee/correct_ws/install/correct_msgs/share/correct_msgs/cmake/export_correct_msgs__rosidl_generator_cExport-noconfig.cmake
[0.993s] -- Up-to-date: /home/louwee/correct_ws/install/correct_msgs/share/correct_msgs/cmake/export_correct_msgs__rosidl_typesupport_fastrtps_cExport.cmake
[0.993s] -- Up-to-date: /home/louwee/correct_ws/install/correct_msgs/share/correct_msgs/cmake/export_correct_msgs__rosidl_typesupport_fastrtps_cExport-noconfig.cmake
[0.993s] -- Up-to-date: /home/louwee/correct_ws/install/correct_msgs/share/correct_msgs/cmake/export_correct_msgs__rosidl_generator_cppExport.cmake
[0.994s] -- Up-to-date: /home/louwee/correct_ws/install/correct_msgs/share/correct_msgs/cmake/export_correct_msgs__rosidl_typesupport_fastrtps_cppExport.cmake
[0.994s] -- Up-to-date: /home/louwee/correct_ws/install/correct_msgs/share/correct_msgs/cmake/export_correct_msgs__rosidl_typesupport_fastrtps_cppExport-noconfig.cmake
[0.994s] -- Up-to-date: /home/louwee/correct_ws/install/correct_msgs/share/correct_msgs/cmake/correct_msgs__rosidl_typesupport_introspection_cExport.cmake
[0.994s] -- Up-to-date: /home/louwee/correct_ws/install/correct_msgs/share/correct_msgs/cmake/correct_msgs__rosidl_typesupport_introspection_cExport-noconfig.cmake
[0.994s] -- Up-to-date: /home/louwee/correct_ws/install/correct_msgs/share/correct_msgs/cmake/correct_msgs__rosidl_typesupport_cExport.cmake
[0.994s] -- Up-to-date: /home/louwee/correct_ws/install/correct_msgs/share/correct_msgs/cmake/correct_msgs__rosidl_typesupport_cExport-noconfig.cmake
[0.994s] -- Up-to-date: /home/louwee/correct_ws/install/correct_msgs/share/correct_msgs/cmake/correct_msgs__rosidl_typesupport_introspection_cppExport.cmake
[0.994s] -- Up-to-date: /home/louwee/correct_ws/install/correct_msgs/share/correct_msgs/cmake/correct_msgs__rosidl_typesupport_introspection_cppExport-noconfig.cmake
[0.994s] -- Up-to-date: /home/louwee/correct_ws/install/correct_msgs/share/correct_msgs/cmake/correct_msgs__rosidl_typesupport_cppExport.cmake
[0.994s] -- Up-to-date: /home/louwee/correct_ws/install/correct_msgs/share/correct_msgs/cmake/correct_msgs__rosidl_typesupport_cppExport-noconfig.cmake
[0.994s] -- Up-to-date: /home/louwee/correct_ws/install/correct_msgs/share/correct_msgs/cmake/export_correct_msgs__rosidl_generator_pyExport.cmake
[0.994s] -- Up-to-date: /home/louwee/correct_ws/install/correct_msgs/share/correct_msgs/cmake/export_correct_msgs__rosidl_generator_pyExport-noconfig.cmake
[0.994s] -- Up-to-date: /home/louwee/correct_ws/install/correct_msgs/share/correct_msgs/cmake/rosidl_cmake-extras.cmake
[0.995s] -- Up-to-date: /home/louwee/correct_ws/install/correct_msgs/share/correct_msgs/cmake/ament_cmake_export_dependencies-extras.cmake
[0.995s] -- Up-to-date: /home/louwee/correct_ws/install/correct_msgs/share/correct_msgs/cmake/ament_cmake_export_include_directories-extras.cmake
[0.995s] -- Up-to-date: /home/louwee/correct_ws/install/correct_msgs/share/correct_msgs/cmake/ament_cmake_export_libraries-extras.cmake
[0.995s] -- Up-to-date: /home/louwee/correct_ws/install/correct_msgs/share/correct_msgs/cmake/ament_cmake_export_targets-extras.cmake
[0.995s] -- Up-to-date: /home/louwee/correct_ws/install/correct_msgs/share/correct_msgs/cmake/rosidl_cmake_export_typesupport_targets-extras.cmake
[0.995s] -- Up-to-date: /home/louwee/correct_ws/install/correct_msgs/share/correct_msgs/cmake/rosidl_cmake_export_typesupport_libraries-extras.cmake
[0.995s] -- Up-to-date: /home/louwee/correct_ws/install/correct_msgs/share/correct_msgs/cmake/correct_msgsConfig.cmake
[0.995s] -- Up-to-date: /home/louwee/correct_ws/install/correct_msgs/share/correct_msgs/cmake/correct_msgsConfig-version.cmake
[0.995s] -- Up-to-date: /home/louwee/correct_ws/install/correct_msgs/share/correct_msgs/package.xml
[1.047s] Invoked command in '/home/louwee/correct_ws/build/correct_msgs' returned '0': CMAKE_PREFIX_PATH=/opt/ros/humble /usr/bin/cmake --install /home/louwee/correct_ws/build/correct_msgs
