[0.037s] Invoking command in '/home/louwee/correct_ws/build/correct_bringup': CMAKE_PREFIX_PATH=/opt/ros/humble /usr/bin/cmake --build /home/louwee/correct_ws/build/correct_bringup -- -j12 -l12
[0.109s] Invoked command in '/home/louwee/correct_ws/build/correct_bringup' returned '0': CMAKE_PREFIX_PATH=/opt/ros/humble /usr/bin/cmake --build /home/louwee/correct_ws/build/correct_bringup -- -j12 -l12
[0.126s] Invoking command in '/home/louwee/correct_ws/build/correct_bringup': CMAKE_PREFIX_PATH=/opt/ros/humble /usr/bin/cmake --install /home/louwee/correct_ws/build/correct_bringup
[0.646s] -- Install configuration: ""
[0.646s] -- Up-to-date: /home/louwee/correct_ws/install/correct_bringup/share/correct_bringup/launch
[0.647s] -- Up-to-date: /home/louwee/correct_ws/install/correct_bringup/share/correct_bringup/launch/real_robot.launch.py
[0.647s] -- Up-to-date: /home/louwee/correct_ws/install/correct_bringup/share/correct_bringup/launch/simulated_robot.launch.py
[0.651s] -- Up-to-date: /home/louwee/correct_ws/install/correct_bringup/share/ament_index/resource_index/package_run_dependencies/correct_bringup
[0.651s] -- Up-to-date: /home/louwee/correct_ws/install/correct_bringup/share/ament_index/resource_index/parent_prefix_path/correct_bringup
[0.651s] -- Up-to-date: /home/louwee/correct_ws/install/correct_bringup/share/correct_bringup/environment/ament_prefix_path.sh
[0.652s] -- Up-to-date: /home/louwee/correct_ws/install/correct_bringup/share/correct_bringup/environment/ament_prefix_path.dsv
[0.653s] -- Up-to-date: /home/louwee/correct_ws/install/correct_bringup/share/correct_bringup/environment/path.sh
[0.653s] -- Up-to-date: /home/louwee/correct_ws/install/correct_bringup/share/correct_bringup/environment/path.dsv
[0.653s] -- Up-to-date: /home/louwee/correct_ws/install/correct_bringup/share/correct_bringup/local_setup.bash
[0.657s] -- Up-to-date: /home/louwee/correct_ws/install/correct_bringup/share/correct_bringup/local_setup.sh
[0.658s] -- Up-to-date: /home/louwee/correct_ws/install/correct_bringup/share/correct_bringup/local_setup.zsh
[0.663s] -- Up-to-date: /home/louwee/correct_ws/install/correct_bringup/share/correct_bringup/local_setup.dsv
[0.664s] -- Installing: /home/louwee/correct_ws/install/correct_bringup/share/correct_bringup/package.dsv
[0.664s] -- Up-to-date: /home/louwee/correct_ws/install/correct_bringup/share/ament_index/resource_index/packages/correct_bringup
[0.664s] -- Up-to-date: /home/louwee/correct_ws/install/correct_bringup/share/correct_bringup/cmake/correct_bringupConfig.cmake
[0.664s] -- Up-to-date: /home/louwee/correct_ws/install/correct_bringup/share/correct_bringup/cmake/correct_bringupConfig-version.cmake
[0.664s] -- Up-to-date: /home/louwee/correct_ws/install/correct_bringup/share/correct_bringup/package.xml
[0.791s] Invoked command in '/home/louwee/correct_ws/build/correct_bringup' returned '0': CMAKE_PREFIX_PATH=/opt/ros/humble /usr/bin/cmake --install /home/louwee/correct_ws/build/correct_bringup
