[0.045s] Invoking command in '/home/louwee/correct_ws/build/correct_mapping': CMAKE_PREFIX_PATH=/opt/ros/humble /usr/bin/cmake --build /home/louwee/correct_ws/build/correct_mapping -- -j12 -l12
[0.188s] [100%] Built target mapping_with_known_poses
[0.306s] [100%] Built target ament_cmake_python_copy_correct_mapping
[0.708s] running egg_info
[0.708s] writing correct_mapping.egg-info/PKG-INFO
[0.708s] writing dependency_links to correct_mapping.egg-info/dependency_links.txt
[0.708s] writing top-level names to correct_mapping.egg-info/top_level.txt
[0.712s] reading manifest file 'correct_mapping.egg-info/SOURCES.txt'
[0.715s] writing manifest file 'correct_mapping.egg-info/SOURCES.txt'
[0.766s] [100%] Built target ament_cmake_python_build_correct_mapping_egg
[0.780s] Invoked command in '/home/louwee/correct_ws/build/correct_mapping' returned '0': CMAKE_PREFIX_PATH=/opt/ros/humble /usr/bin/cmake --build /home/louwee/correct_ws/build/correct_mapping -- -j12 -l12
[0.783s] Invoking command in '/home/louwee/correct_ws/build/correct_mapping': CMAKE_PREFIX_PATH=/opt/ros/humble /usr/bin/cmake --install /home/louwee/correct_ws/build/correct_mapping
[0.812s] -- Install configuration: ""
[0.812s] -- Up-to-date: /home/louwee/correct_ws/install/correct_mapping/share/correct_mapping/environment/pythonpath.sh
[0.812s] -- Up-to-date: /home/louwee/correct_ws/install/correct_mapping/share/correct_mapping/environment/pythonpath.dsv
[0.812s] -- Up-to-date: /home/louwee/correct_ws/install/correct_mapping/local/lib/python3.10/dist-packages/correct_mapping-0.0.0-py3.10.egg-info
[0.812s] -- Installing: /home/louwee/correct_ws/install/correct_mapping/local/lib/python3.10/dist-packages/correct_mapping-0.0.0-py3.10.egg-info/top_level.txt
[0.813s] -- Installing: /home/louwee/correct_ws/install/correct_mapping/local/lib/python3.10/dist-packages/correct_mapping-0.0.0-py3.10.egg-info/PKG-INFO
[0.817s] -- Installing: /home/louwee/correct_ws/install/correct_mapping/local/lib/python3.10/dist-packages/correct_mapping-0.0.0-py3.10.egg-info/dependency_links.txt
[0.818s] -- Installing: /home/louwee/correct_ws/install/correct_mapping/local/lib/python3.10/dist-packages/correct_mapping-0.0.0-py3.10.egg-info/SOURCES.txt
[0.820s] -- Up-to-date: /home/louwee/correct_ws/install/correct_mapping/local/lib/python3.10/dist-packages/correct_mapping
[0.820s] -- Up-to-date: /home/louwee/correct_ws/install/correct_mapping/local/lib/python3.10/dist-packages/correct_mapping/__init__.py
[0.820s] -- Installing: /home/louwee/correct_ws/install/correct_mapping/local/lib/python3.10/dist-packages/correct_mapping/mapping_with_known_poses.py
[0.879s] Listing '/home/louwee/correct_ws/install/correct_mapping/local/lib/python3.10/dist-packages/correct_mapping'...
[0.881s] Compiling '/home/louwee/correct_ws/install/correct_mapping/local/lib/python3.10/dist-packages/correct_mapping/mapping_with_known_poses.py'...
[0.920s] -- Up-to-date: /home/louwee/correct_ws/install/correct_mapping/include/include
[0.921s] -- Up-to-date: /home/louwee/correct_ws/install/correct_mapping/include/include/correct_mapping
[0.921s] -- Up-to-date: /home/louwee/correct_ws/install/correct_mapping/include/include/correct_mapping/mapping_with_known_poses.hpp
[0.923s] -- Up-to-date: /home/louwee/correct_ws/install/correct_mapping/lib/correct_mapping/mapping_with_known_poses
[0.925s] -- Installing: /home/louwee/correct_ws/install/correct_mapping/lib/correct_mapping/mapping_with_known_poses.py
[0.928s] -- Up-to-date: /home/louwee/correct_ws/install/correct_mapping/share/correct_mapping/maps
[0.928s] -- Up-to-date: /home/louwee/correct_ws/install/correct_mapping/share/correct_mapping/maps/small_house
[0.929s] -- Up-to-date: /home/louwee/correct_ws/install/correct_mapping/share/correct_mapping/maps/small_house/map.yaml
[0.929s] -- Up-to-date: /home/louwee/correct_ws/install/correct_mapping/share/correct_mapping/maps/small_house/map.pgm
[0.932s] -- Up-to-date: /home/louwee/correct_ws/install/correct_mapping/share/ament_index/resource_index/package_run_dependencies/correct_mapping
[0.933s] -- Up-to-date: /home/louwee/correct_ws/install/correct_mapping/share/ament_index/resource_index/parent_prefix_path/correct_mapping
[0.933s] -- Up-to-date: /home/louwee/correct_ws/install/correct_mapping/share/correct_mapping/environment/ament_prefix_path.sh
[0.934s] -- Up-to-date: /home/louwee/correct_ws/install/correct_mapping/share/correct_mapping/environment/ament_prefix_path.dsv
[0.935s] -- Up-to-date: /home/louwee/correct_ws/install/correct_mapping/share/correct_mapping/environment/path.sh
[0.937s] -- Up-to-date: /home/louwee/correct_ws/install/correct_mapping/share/correct_mapping/environment/path.dsv
[0.939s] -- Up-to-date: /home/louwee/correct_ws/install/correct_mapping/share/correct_mapping/local_setup.bash
[0.939s] -- Up-to-date: /home/louwee/correct_ws/install/correct_mapping/share/correct_mapping/local_setup.sh
[0.940s] -- Up-to-date: /home/louwee/correct_ws/install/correct_mapping/share/correct_mapping/local_setup.zsh
[0.941s] -- Up-to-date: /home/louwee/correct_ws/install/correct_mapping/share/correct_mapping/local_setup.dsv
[0.941s] -- Installing: /home/louwee/correct_ws/install/correct_mapping/share/correct_mapping/package.dsv
[0.942s] -- Up-to-date: /home/louwee/correct_ws/install/correct_mapping/share/ament_index/resource_index/packages/correct_mapping
[0.943s] -- Up-to-date: /home/louwee/correct_ws/install/correct_mapping/share/correct_mapping/cmake/correct_mappingConfig.cmake
[0.943s] -- Up-to-date: /home/louwee/correct_ws/install/correct_mapping/share/correct_mapping/cmake/correct_mappingConfig-version.cmake
[0.944s] -- Up-to-date: /home/louwee/correct_ws/install/correct_mapping/share/correct_mapping/package.xml
[0.964s] Invoked command in '/home/louwee/correct_ws/build/correct_mapping' returned '0': CMAKE_PREFIX_PATH=/opt/ros/humble /usr/bin/cmake --install /home/louwee/correct_ws/build/correct_mapping
