[0.038s] Invoking command in '/home/louwee/correct_ws/build/correct_mapping': CMAKE_PREFIX_PATH=/opt/ros/humble /usr/bin/cmake --build /home/louwee/correct_ws/build/correct_mapping -- -j12 -l12
[0.165s] [  0%] Built target ament_cmake_python_copy_correct_mapping
[0.167s] [100%] Built target mapping_with_known_poses
[0.636s] running egg_info
[0.638s] writing correct_mapping.egg-info/PKG-INFO
[0.638s] writing dependency_links to correct_mapping.egg-info/dependency_links.txt
[0.638s] writing top-level names to correct_mapping.egg-info/top_level.txt
[0.642s] reading manifest file 'correct_mapping.egg-info/SOURCES.txt'
[0.643s] writing manifest file 'correct_mapping.egg-info/SOURCES.txt'
[0.691s] [100%] Built target ament_cmake_python_build_correct_mapping_egg
[0.708s] Invoked command in '/home/louwee/correct_ws/build/correct_mapping' returned '0': CMAKE_PREFIX_PATH=/opt/ros/humble /usr/bin/cmake --build /home/louwee/correct_ws/build/correct_mapping -- -j12 -l12
[0.712s] Invoking command in '/home/louwee/correct_ws/build/correct_mapping': CMAKE_PREFIX_PATH=/opt/ros/humble /usr/bin/cmake --install /home/louwee/correct_ws/build/correct_mapping
[0.726s] -- Install configuration: ""
[0.726s] -- Up-to-date: /home/louwee/correct_ws/install/correct_mapping/share/correct_mapping/environment/pythonpath.sh
[0.726s] -- Up-to-date: /home/louwee/correct_ws/install/correct_mapping/share/correct_mapping/environment/pythonpath.dsv
[0.727s] -- Up-to-date: /home/louwee/correct_ws/install/correct_mapping/local/lib/python3.10/dist-packages/correct_mapping-0.0.0-py3.10.egg-info
[0.727s] -- Installing: /home/louwee/correct_ws/install/correct_mapping/local/lib/python3.10/dist-packages/correct_mapping-0.0.0-py3.10.egg-info/top_level.txt
[0.727s] -- Installing: /home/louwee/correct_ws/install/correct_mapping/local/lib/python3.10/dist-packages/correct_mapping-0.0.0-py3.10.egg-info/PKG-INFO
[0.727s] -- Installing: /home/louwee/correct_ws/install/correct_mapping/local/lib/python3.10/dist-packages/correct_mapping-0.0.0-py3.10.egg-info/dependency_links.txt
[0.727s] -- Installing: /home/louwee/correct_ws/install/correct_mapping/local/lib/python3.10/dist-packages/correct_mapping-0.0.0-py3.10.egg-info/SOURCES.txt
[0.727s] -- Up-to-date: /home/louwee/correct_ws/install/correct_mapping/local/lib/python3.10/dist-packages/correct_mapping
[0.728s] -- Up-to-date: /home/louwee/correct_ws/install/correct_mapping/local/lib/python3.10/dist-packages/correct_mapping/__init__.py
[0.731s] -- Up-to-date: /home/louwee/correct_ws/install/correct_mapping/local/lib/python3.10/dist-packages/correct_mapping/mapping_with_known_poses.py
[0.772s] Listing '/home/louwee/correct_ws/install/correct_mapping/local/lib/python3.10/dist-packages/correct_mapping'...
[0.787s] -- Up-to-date: /home/louwee/correct_ws/install/correct_mapping/include/include
[0.787s] -- Up-to-date: /home/louwee/correct_ws/install/correct_mapping/include/include/correct_mapping
[0.788s] -- Up-to-date: /home/louwee/correct_ws/install/correct_mapping/include/include/correct_mapping/mapping_with_known_poses.hpp
[0.788s] -- Up-to-date: /home/louwee/correct_ws/install/correct_mapping/lib/correct_mapping/mapping_with_known_poses
[0.796s] -- Up-to-date: /home/louwee/correct_ws/install/correct_mapping/lib/correct_mapping/mapping_with_known_poses.py
[0.798s] -- Up-to-date: /home/louwee/correct_ws/install/correct_mapping/share/correct_mapping/maps
[0.799s] -- Up-to-date: /home/louwee/correct_ws/install/correct_mapping/share/correct_mapping/maps/small_house
[0.799s] -- Up-to-date: /home/louwee/correct_ws/install/correct_mapping/share/correct_mapping/maps/small_house/map.yaml
[0.799s] -- Up-to-date: /home/louwee/correct_ws/install/correct_mapping/share/correct_mapping/maps/small_house/map.pgm
[0.799s] -- Up-to-date: /home/louwee/correct_ws/install/correct_mapping/share/ament_index/resource_index/package_run_dependencies/correct_mapping
[0.799s] -- Up-to-date: /home/louwee/correct_ws/install/correct_mapping/share/ament_index/resource_index/parent_prefix_path/correct_mapping
[0.800s] -- Up-to-date: /home/louwee/correct_ws/install/correct_mapping/share/correct_mapping/environment/ament_prefix_path.sh
[0.800s] -- Up-to-date: /home/louwee/correct_ws/install/correct_mapping/share/correct_mapping/environment/ament_prefix_path.dsv
[0.800s] -- Up-to-date: /home/louwee/correct_ws/install/correct_mapping/share/correct_mapping/environment/path.sh
[0.800s] -- Up-to-date: /home/louwee/correct_ws/install/correct_mapping/share/correct_mapping/environment/path.dsv
[0.800s] -- Up-to-date: /home/louwee/correct_ws/install/correct_mapping/share/correct_mapping/local_setup.bash
[0.800s] -- Up-to-date: /home/louwee/correct_ws/install/correct_mapping/share/correct_mapping/local_setup.sh
[0.801s] -- Up-to-date: /home/louwee/correct_ws/install/correct_mapping/share/correct_mapping/local_setup.zsh
[0.801s] -- Up-to-date: /home/louwee/correct_ws/install/correct_mapping/share/correct_mapping/local_setup.dsv
[0.801s] -- Installing: /home/louwee/correct_ws/install/correct_mapping/share/correct_mapping/package.dsv
[0.805s] -- Up-to-date: /home/louwee/correct_ws/install/correct_mapping/share/ament_index/resource_index/packages/correct_mapping
[0.806s] -- Up-to-date: /home/louwee/correct_ws/install/correct_mapping/share/correct_mapping/cmake/correct_mappingConfig.cmake
[0.806s] -- Up-to-date: /home/louwee/correct_ws/install/correct_mapping/share/correct_mapping/cmake/correct_mappingConfig-version.cmake
[0.806s] -- Up-to-date: /home/louwee/correct_ws/install/correct_mapping/share/correct_mapping/package.xml
[0.825s] Invoked command in '/home/louwee/correct_ws/build/correct_mapping' returned '0': CMAKE_PREFIX_PATH=/opt/ros/humble /usr/bin/cmake --install /home/louwee/correct_ws/build/correct_mapping
