[ 33%] Built target simple_serial_transmitter
[ 50%] [32mBuilding CXX object CMakeFiles/simple_serial_receiver.dir/src/simple_serial_receiver.cpp.o[0m
[ 50%] Built target ament_cmake_python_copy_correct_firmware
[ 83%] Built target correct_firmware
running egg_info
writing correct_firmware.egg-info/PKG-INFO
writing dependency_links to correct_firmware.egg-info/dependency_links.txt
writing top-level names to correct_firmware.egg-info/top_level.txt
reading manifest file 'correct_firmware.egg-info/SOURCES.txt'
writing manifest file 'correct_firmware.egg-info/SOURCES.txt'
[ 83%] Built target ament_cmake_python_build_correct_firmware_egg
[100%] [32m[1mLinking CXX executable simple_serial_receiver[0m
[100%] Built target simple_serial_receiver
-- Install configuration: ""
-- Installing: /home/louwee/correct_ws/install/correct_firmware/share/correct_firmware/environment/pythonpath.sh
-- Installing: /home/louwee/correct_ws/install/correct_firmware/share/correct_firmware/environment/pythonpath.dsv
-- Installing: /home/louwee/correct_ws/install/correct_firmware/local/lib/python3.10/dist-packages/correct_firmware-0.0.0-py3.10.egg-info
-- Installing: /home/louwee/correct_ws/install/correct_firmware/local/lib/python3.10/dist-packages/correct_firmware-0.0.0-py3.10.egg-info/top_level.txt
-- Installing: /home/louwee/correct_ws/install/correct_firmware/local/lib/python3.10/dist-packages/correct_firmware-0.0.0-py3.10.egg-info/PKG-INFO
-- Installing: /home/louwee/correct_ws/install/correct_firmware/local/lib/python3.10/dist-packages/correct_firmware-0.0.0-py3.10.egg-info/dependency_links.txt
-- Installing: /home/louwee/correct_ws/install/correct_firmware/local/lib/python3.10/dist-packages/correct_firmware-0.0.0-py3.10.egg-info/SOURCES.txt
-- Installing: /home/louwee/correct_ws/install/correct_firmware/local/lib/python3.10/dist-packages/correct_firmware
-- Installing: /home/louwee/correct_ws/install/correct_firmware/local/lib/python3.10/dist-packages/correct_firmware/simple_serial_transmitter.py
-- Installing: /home/louwee/correct_ws/install/correct_firmware/local/lib/python3.10/dist-packages/correct_firmware/__init__.py
-- Installing: /home/louwee/correct_ws/install/correct_firmware/local/lib/python3.10/dist-packages/correct_firmware/simple_serial_receiver.py
Listing '/home/louwee/correct_ws/install/correct_firmware/local/lib/python3.10/dist-packages/correct_firmware'...
Compiling '/home/louwee/correct_ws/install/correct_firmware/local/lib/python3.10/dist-packages/correct_firmware/__init__.py'...
Compiling '/home/louwee/correct_ws/install/correct_firmware/local/lib/python3.10/dist-packages/correct_firmware/simple_serial_receiver.py'...
Compiling '/home/louwee/correct_ws/install/correct_firmware/local/lib/python3.10/dist-packages/correct_firmware/simple_serial_transmitter.py'...
-- Installing: /home/louwee/correct_ws/install/correct_firmware/share/correct_firmware/correct_interface.xml
-- Installing: /home/louwee/correct_ws/install/correct_firmware/lib/libcorrect_firmware.so
-- Set runtime path of "/home/louwee/correct_ws/install/correct_firmware/lib/libcorrect_firmware.so" to ""
-- Installing: /home/louwee/correct_ws/install/correct_firmware/include/include
-- Installing: /home/louwee/correct_ws/install/correct_firmware/include/include/correct_firmware
-- Installing: /home/louwee/correct_ws/install/correct_firmware/include/include/correct_firmware/correct_interface.hpp
-- Installing: /home/louwee/correct_ws/install/correct_firmware/lib/correct_firmware/simple_serial_transmitter.py
-- Installing: /home/louwee/correct_ws/install/correct_firmware/lib/correct_firmware/simple_serial_receiver.py
[31mCMake Error at cmake_install.cmake:101 (file):
  file INSTALL cannot find
  "/home/louwee/correct_ws/src/correct_firmware/correct_firmware/mpu6050_driver.py":
  No such file or directory.

[0m
