[0.027s] Invoking command in '/home/louwee/correct_ws/build/correct_firmware': CMAKE_PREFIX_PATH=/opt/ros/humble /usr/bin/cmake --build /home/louwee/correct_ws/build/correct_firmware -- -j12 -l12
[0.123s] [ 33%] Built target simple_serial_transmitter
[0.136s] [ 50%] [32mBuilding CXX object CMakeFiles/simple_serial_receiver.dir/src/simple_serial_receiver.cpp.o[0m
[0.136s] [ 50%] Built target ament_cmake_python_copy_correct_firmware
[0.136s] [ 83%] Built target correct_firmware
[0.653s] running egg_info
[0.655s] writing correct_firmware.egg-info/PKG-INFO
[0.656s] writing dependency_links to correct_firmware.egg-info/dependency_links.txt
[0.657s] writing top-level names to correct_firmware.egg-info/top_level.txt
[0.660s] reading manifest file 'correct_firmware.egg-info/SOURCES.txt'
[0.662s] writing manifest file 'correct_firmware.egg-info/SOURCES.txt'
[0.719s] [ 83%] Built target ament_cmake_python_build_correct_firmware_egg
[6.063s] [100%] [32m[1mLinking CXX executable simple_serial_receiver[0m
[6.251s] [100%] Built target simple_serial_receiver
[6.263s] Invoked command in '/home/louwee/correct_ws/build/correct_firmware' returned '0': CMAKE_PREFIX_PATH=/opt/ros/humble /usr/bin/cmake --build /home/louwee/correct_ws/build/correct_firmware -- -j12 -l12
[6.266s] Invoking command in '/home/louwee/correct_ws/build/correct_firmware': CMAKE_PREFIX_PATH=/opt/ros/humble /usr/bin/cmake --install /home/louwee/correct_ws/build/correct_firmware
[6.273s] -- Install configuration: ""
[6.273s] -- Installing: /home/louwee/correct_ws/install/correct_firmware/share/correct_firmware/environment/pythonpath.sh
[6.273s] -- Installing: /home/louwee/correct_ws/install/correct_firmware/share/correct_firmware/environment/pythonpath.dsv
[6.273s] -- Installing: /home/louwee/correct_ws/install/correct_firmware/local/lib/python3.10/dist-packages/correct_firmware-0.0.0-py3.10.egg-info
[6.273s] -- Installing: /home/louwee/correct_ws/install/correct_firmware/local/lib/python3.10/dist-packages/correct_firmware-0.0.0-py3.10.egg-info/top_level.txt
[6.274s] -- Installing: /home/louwee/correct_ws/install/correct_firmware/local/lib/python3.10/dist-packages/correct_firmware-0.0.0-py3.10.egg-info/PKG-INFO
[6.274s] -- Installing: /home/louwee/correct_ws/install/correct_firmware/local/lib/python3.10/dist-packages/correct_firmware-0.0.0-py3.10.egg-info/dependency_links.txt
[6.274s] -- Installing: /home/louwee/correct_ws/install/correct_firmware/local/lib/python3.10/dist-packages/correct_firmware-0.0.0-py3.10.egg-info/SOURCES.txt
[6.274s] -- Installing: /home/louwee/correct_ws/install/correct_firmware/local/lib/python3.10/dist-packages/correct_firmware
[6.274s] -- Installing: /home/louwee/correct_ws/install/correct_firmware/local/lib/python3.10/dist-packages/correct_firmware/simple_serial_transmitter.py
[6.274s] -- Installing: /home/louwee/correct_ws/install/correct_firmware/local/lib/python3.10/dist-packages/correct_firmware/__init__.py
[6.274s] -- Installing: /home/louwee/correct_ws/install/correct_firmware/local/lib/python3.10/dist-packages/correct_firmware/simple_serial_receiver.py
[6.311s] Listing '/home/louwee/correct_ws/install/correct_firmware/local/lib/python3.10/dist-packages/correct_firmware'...
[6.311s] Compiling '/home/louwee/correct_ws/install/correct_firmware/local/lib/python3.10/dist-packages/correct_firmware/__init__.py'...
[6.311s] Compiling '/home/louwee/correct_ws/install/correct_firmware/local/lib/python3.10/dist-packages/correct_firmware/simple_serial_receiver.py'...
[6.311s] Compiling '/home/louwee/correct_ws/install/correct_firmware/local/lib/python3.10/dist-packages/correct_firmware/simple_serial_transmitter.py'...
[6.316s] -- Installing: /home/louwee/correct_ws/install/correct_firmware/share/correct_firmware/correct_interface.xml
[6.316s] -- Installing: /home/louwee/correct_ws/install/correct_firmware/lib/libcorrect_firmware.so
[6.317s] -- Set runtime path of "/home/louwee/correct_ws/install/correct_firmware/lib/libcorrect_firmware.so" to ""
[6.317s] -- Installing: /home/louwee/correct_ws/install/correct_firmware/include/include
[6.317s] -- Installing: /home/louwee/correct_ws/install/correct_firmware/include/include/correct_firmware
[6.317s] -- Installing: /home/louwee/correct_ws/install/correct_firmware/include/include/correct_firmware/correct_interface.hpp
[6.318s] -- Installing: /home/louwee/correct_ws/install/correct_firmware/lib/correct_firmware/simple_serial_transmitter.py
[6.318s] -- Installing: /home/louwee/correct_ws/install/correct_firmware/lib/correct_firmware/simple_serial_receiver.py
[6.318s] [31mCMake Error at cmake_install.cmake:101 (file):
[6.318s]   file INSTALL cannot find
[6.318s]   "/home/louwee/correct_ws/src/correct_firmware/correct_firmware/mpu6050_driver.py":
[6.318s]   No such file or directory.
[6.318s] 
[6.318s] [0m
[6.320s] Invoked command in '/home/louwee/correct_ws/build/correct_firmware' returned '1': CMAKE_PREFIX_PATH=/opt/ros/humble /usr/bin/cmake --install /home/louwee/correct_ws/build/correct_firmware
