[0.032s] Invoking command in '/home/louwee/correct_ws/build/correct_msgs': CMAKE_PREFIX_PATH=/opt/ros/humble /usr/bin/cmake --build /home/louwee/correct_ws/build/correct_msgs -- -j12 -l12
[0.074s] -- Found ament_cmake: 1.3.11 (/opt/ros/humble/share/ament_cmake/cmake)
[0.304s] -- Found geometry_msgs: 4.2.4 (/opt/ros/humble/share/geometry_msgs/cmake)
[0.360s] -- Found rosidl_generator_c: 3.1.6 (/opt/ros/humble/share/rosidl_generator_c/cmake)
[0.367s] -- Found rosidl_adapter: 3.1.6 (/opt/ros/humble/share/rosidl_adapter/cmake)
[0.380s] -- Found rosidl_generator_cpp: 3.1.6 (/opt/ros/humble/share/rosidl_generator_cpp/cmake)
[0.402s] -- Using all available rosidl_typesupport_c: rosidl_typesupport_fastrtps_c;rosidl_typesupport_introspection_c
[0.431s] -- Using all available rosidl_typesupport_cpp: rosidl_typesupport_fastrtps_cpp;rosidl_typesupport_introspection_cpp
[0.512s] -- Found rosidl_default_generators: 1.2.0 (/opt/ros/humble/share/rosidl_default_generators/cmake)
[0.976s] -- Found ament_cmake_ros: 0.10.0 (/opt/ros/humble/share/ament_cmake_ros/cmake)
[1.461s] -- Using all available rosidl_typesupport_c: rosidl_typesupport_fastrtps_c;rosidl_typesupport_introspection_c
[1.640s] -- Using all available rosidl_typesupport_cpp: rosidl_typesupport_fastrtps_cpp;rosidl_typesupport_introspection_cpp
[1.662s] -- Found python_cmake_module: 0.10.0 (/opt/ros/humble/share/python_cmake_module/cmake)
[1.688s] -- Using PYTHON_EXECUTABLE: /usr/bin/python3
[1.688s] -- Using PYTHON_INCLUDE_DIRS: /usr/include/python3.10
[1.688s] -- Using PYTHON_LIBRARIES: /usr/lib/x86_64-linux-gnu/libpython3.10.so
[1.739s] -- Configuring done
[1.802s] -- Generating done
[1.817s] -- Build files have been written to: /home/louwee/correct_ws/build/correct_msgs
[1.843s] [  2%] [34m[1mGenerating C code for ROS interfaces[0m
[1.854s] [  4%] [34m[1mGenerating C++ code for ROS interfaces[0m
[1.865s] [  4%] Built target ament_cmake_python_copy_correct_msgs
[2.129s] running egg_info
[2.130s] writing correct_msgs.egg-info/PKG-INFO
[2.130s] writing dependency_links to correct_msgs.egg-info/dependency_links.txt
[2.130s] writing top-level names to correct_msgs.egg-info/top_level.txt
[2.132s] reading manifest file 'correct_msgs.egg-info/SOURCES.txt'
[2.133s] writing manifest file 'correct_msgs.egg-info/SOURCES.txt'
[2.157s] [  4%] Built target ament_cmake_python_build_correct_msgs_egg
[2.551s] [35m[1mConsolidate compiler generated dependencies of target correct_msgs__rosidl_generator_c[0m
[2.563s] [  8%] [32mBuilding C object CMakeFiles/correct_msgs__rosidl_generator_c.dir/rosidl_generator_c/correct_msgs/action/detail/fibonacci__functions.c.o[0m
[2.563s] [  8%] [32mBuilding C object CMakeFiles/correct_msgs__rosidl_generator_c.dir/rosidl_generator_c/correct_msgs/srv/detail/add_two_ints__functions.c.o[0m
[2.563s] [  8%] Built target correct_msgs__cpp
[2.564s] [ 10%] [32mBuilding C object CMakeFiles/correct_msgs__rosidl_generator_c.dir/rosidl_generator_c/correct_msgs/srv/detail/get_transform__functions.c.o[0m
[2.574s] [ 12%] [34m[1mGenerating C++ type support dispatch for ROS interfaces[0m
[2.577s] [ 14%] [34m[1mGenerating C++ type support for eProsima Fast-RTPS[0m
[2.578s] [ 17%] [34m[1mGenerating C++ introspection for ROS interfaces[0m
[2.708s] [ 19%] [32m[1mLinking C shared library libcorrect_msgs__rosidl_generator_c.so[0m
[2.766s] [ 19%] Built target correct_msgs__rosidl_generator_c
[2.778s] [ 21%] [34m[1mGenerating C type support dispatch for ROS interfaces[0m
[2.780s] [ 23%] [34m[1mGenerating C type support for eProsima Fast-RTPS[0m
[2.780s] [ 25%] [34m[1mGenerating C introspection for ROS interfaces[0m
[3.214s] [35m[1mConsolidate compiler generated dependencies of target correct_msgs__rosidl_typesupport_cpp[0m
[3.233s] [ 27%] [32mBuilding CXX object CMakeFiles/correct_msgs__rosidl_typesupport_cpp.dir/rosidl_typesupport_cpp/correct_msgs/action/fibonacci__type_support.cpp.o[0m
[3.237s] [ 29%] [32mBuilding CXX object CMakeFiles/correct_msgs__rosidl_typesupport_cpp.dir/rosidl_typesupport_cpp/correct_msgs/srv/add_two_ints__type_support.cpp.o[0m
[3.237s] [ 31%] [32mBuilding CXX object CMakeFiles/correct_msgs__rosidl_typesupport_cpp.dir/rosidl_typesupport_cpp/correct_msgs/srv/get_transform__type_support.cpp.o[0m
[3.377s] [35m[1mConsolidate compiler generated dependencies of target correct_msgs__rosidl_typesupport_introspection_cpp[0m
[3.402s] [ 34%] [32mBuilding CXX object CMakeFiles/correct_msgs__rosidl_typesupport_introspection_cpp.dir/rosidl_typesupport_introspection_cpp/correct_msgs/action/detail/fibonacci__type_support.cpp.o[0m
[3.402s] [ 38%] [32mBuilding CXX object CMakeFiles/correct_msgs__rosidl_typesupport_introspection_cpp.dir/rosidl_typesupport_introspection_cpp/correct_msgs/srv/detail/add_two_ints__type_support.cpp.o[0m
[3.402s] [ 38%] [32mBuilding CXX object CMakeFiles/correct_msgs__rosidl_typesupport_introspection_cpp.dir/rosidl_typesupport_introspection_cpp/correct_msgs/srv/detail/get_transform__type_support.cpp.o[0m
[3.513s] [35m[1mConsolidate compiler generated dependencies of target correct_msgs__rosidl_typesupport_c[0m
[3.543s] [ 40%] [32mBuilding CXX object CMakeFiles/correct_msgs__rosidl_typesupport_c.dir/rosidl_typesupport_c/correct_msgs/action/fibonacci__type_support.cpp.o[0m
[3.547s] [ 42%] [32mBuilding CXX object CMakeFiles/correct_msgs__rosidl_typesupport_c.dir/rosidl_typesupport_c/correct_msgs/srv/add_two_ints__type_support.cpp.o[0m
[3.555s] [ 44%] [32mBuilding CXX object CMakeFiles/correct_msgs__rosidl_typesupport_c.dir/rosidl_typesupport_c/correct_msgs/srv/get_transform__type_support.cpp.o[0m
[3.671s] [ 46%] [32m[1mLinking CXX shared library libcorrect_msgs__rosidl_typesupport_c.so[0m
[3.767s] [ 46%] Built target correct_msgs__rosidl_typesupport_c
[3.795s] [35m[1mConsolidate compiler generated dependencies of target correct_msgs__rosidl_typesupport_introspection_c[0m
[3.821s] [ 48%] [32mBuilding C object CMakeFiles/correct_msgs__rosidl_typesupport_introspection_c.dir/rosidl_typesupport_introspection_c/correct_msgs/action/detail/fibonacci__type_support.c.o[0m
[3.824s] [ 51%] [32mBuilding C object CMakeFiles/correct_msgs__rosidl_typesupport_introspection_c.dir/rosidl_typesupport_introspection_c/correct_msgs/srv/detail/add_two_ints__type_support.c.o[0m
[3.826s] [ 53%] [32mBuilding C object CMakeFiles/correct_msgs__rosidl_typesupport_introspection_c.dir/rosidl_typesupport_introspection_c/correct_msgs/srv/detail/get_transform__type_support.c.o[0m
[3.850s] [35m[1mConsolidate compiler generated dependencies of target correct_msgs__rosidl_typesupport_fastrtps_c[0m
[3.886s] [ 55%] [32mBuilding CXX object CMakeFiles/correct_msgs__rosidl_typesupport_fastrtps_c.dir/rosidl_typesupport_fastrtps_c/correct_msgs/action/detail/fibonacci__type_support_c.cpp.o[0m
[3.916s] [ 57%] [32mBuilding CXX object CMakeFiles/correct_msgs__rosidl_typesupport_fastrtps_c.dir/rosidl_typesupport_fastrtps_c/correct_msgs/srv/detail/get_transform__type_support_c.cpp.o[0m
[3.917s] [ 59%] [32mBuilding CXX object CMakeFiles/correct_msgs__rosidl_typesupport_fastrtps_c.dir/rosidl_typesupport_fastrtps_c/correct_msgs/srv/detail/add_two_ints__type_support_c.cpp.o[0m
[3.965s] [ 61%] [32m[1mLinking C shared library libcorrect_msgs__rosidl_typesupport_introspection_c.so[0m
[3.965s] [35m[1mConsolidate compiler generated dependencies of target correct_msgs__rosidl_typesupport_fastrtps_cpp[0m
[4.012s] [ 63%] [32mBuilding CXX object CMakeFiles/correct_msgs__rosidl_typesupport_fastrtps_cpp.dir/rosidl_typesupport_fastrtps_cpp/correct_msgs/action/detail/dds_fastrtps/fibonacci__type_support.cpp.o[0m
[4.026s] [ 65%] [32mBuilding CXX object CMakeFiles/correct_msgs__rosidl_typesupport_fastrtps_cpp.dir/rosidl_typesupport_fastrtps_cpp/correct_msgs/srv/detail/dds_fastrtps/add_two_ints__type_support.cpp.o[0m
[4.041s] [ 68%] [32mBuilding CXX object CMakeFiles/correct_msgs__rosidl_typesupport_fastrtps_cpp.dir/rosidl_typesupport_fastrtps_cpp/correct_msgs/srv/detail/dds_fastrtps/get_transform__type_support.cpp.o[0m
[4.081s] [ 68%] Built target correct_msgs__rosidl_typesupport_introspection_c
[4.254s] [ 70%] [32m[1mLinking CXX shared library libcorrect_msgs__rosidl_typesupport_cpp.so[0m
[4.348s] [ 70%] Built target correct_msgs__rosidl_typesupport_cpp
[4.548s] [ 72%] [32m[1mLinking CXX shared library libcorrect_msgs__rosidl_typesupport_introspection_cpp.so[0m
[4.597s] [ 74%] [32m[1mLinking CXX shared library libcorrect_msgs__rosidl_typesupport_fastrtps_c.so[0m
[4.687s] [ 74%] Built target correct_msgs__rosidl_typesupport_introspection_cpp
[4.708s] [ 74%] Built target correct_msgs__rosidl_typesupport_fastrtps_c
[4.915s] [ 76%] [32m[1mLinking CXX shared library libcorrect_msgs__rosidl_typesupport_fastrtps_cpp.so[0m
[4.991s] [ 76%] Built target correct_msgs__rosidl_typesupport_fastrtps_cpp
[5.010s] [ 76%] Built target correct_msgs
[5.028s] [ 78%] [34m[1mGenerating Python code for ROS interfaces[0m
[6.055s] [ 78%] Built target correct_msgs__py
[6.065s] [35m[1mConsolidate compiler generated dependencies of target correct_msgs__rosidl_generator_py[0m
[6.077s] [ 80%] [32mBuilding C object CMakeFiles/correct_msgs__rosidl_generator_py.dir/rosidl_generator_py/correct_msgs/action/_fibonacci_s.c.o[0m
[6.078s] [ 82%] [32mBuilding C object CMakeFiles/correct_msgs__rosidl_generator_py.dir/rosidl_generator_py/correct_msgs/srv/_add_two_ints_s.c.o[0m
[6.078s] [ 85%] [32mBuilding C object CMakeFiles/correct_msgs__rosidl_generator_py.dir/rosidl_generator_py/correct_msgs/srv/_get_transform_s.c.o[0m
[6.234s] [ 87%] [32m[1mLinking C shared library rosidl_generator_py/correct_msgs/libcorrect_msgs__rosidl_generator_py.so[0m
[6.279s] [ 87%] Built target correct_msgs__rosidl_generator_py
[6.289s] [35m[1mConsolidate compiler generated dependencies of target correct_msgs__rosidl_typesupport_fastrtps_c__pyext[0m
[6.289s] [35m[1mConsolidate compiler generated dependencies of target correct_msgs__rosidl_typesupport_introspection_c__pyext[0m
[6.289s] [35m[1mConsolidate compiler generated dependencies of target correct_msgs__rosidl_typesupport_c__pyext[0m
[6.300s] [ 93%] [32mBuilding C object CMakeFiles/correct_msgs__rosidl_typesupport_introspection_c__pyext.dir/rosidl_generator_py/correct_msgs/_correct_msgs_s.ep.rosidl_typesupport_introspection_c.c.o[0m
[6.301s] [ 93%] [32mBuilding C object CMakeFiles/correct_msgs__rosidl_typesupport_fastrtps_c__pyext.dir/rosidl_generator_py/correct_msgs/_correct_msgs_s.ep.rosidl_typesupport_fastrtps_c.c.o[0m
[6.301s] [ 93%] [32mBuilding C object CMakeFiles/correct_msgs__rosidl_typesupport_c__pyext.dir/rosidl_generator_py/correct_msgs/_correct_msgs_s.ep.rosidl_typesupport_c.c.o[0m
[6.447s] [ 95%] [32m[1mLinking C shared library rosidl_generator_py/correct_msgs/correct_msgs_s__rosidl_typesupport_introspection_c.cpython-310-x86_64-linux-gnu.so[0m
[6.448s] [ 97%] [32m[1mLinking C shared library rosidl_generator_py/correct_msgs/correct_msgs_s__rosidl_typesupport_c.cpython-310-x86_64-linux-gnu.so[0m
[6.451s] [100%] [32m[1mLinking C shared library rosidl_generator_py/correct_msgs/correct_msgs_s__rosidl_typesupport_fastrtps_c.cpython-310-x86_64-linux-gnu.so[0m
[6.496s] [100%] Built target correct_msgs__rosidl_typesupport_introspection_c__pyext
[6.496s] [100%] Built target correct_msgs__rosidl_typesupport_c__pyext
[6.499s] [100%] Built target correct_msgs__rosidl_typesupport_fastrtps_c__pyext
[6.511s] Invoked command in '/home/louwee/correct_ws/build/correct_msgs' returned '0': CMAKE_PREFIX_PATH=/opt/ros/humble /usr/bin/cmake --build /home/louwee/correct_ws/build/correct_msgs -- -j12 -l12
[6.513s] Invoking command in '/home/louwee/correct_ws/build/correct_msgs': CMAKE_PREFIX_PATH=/opt/ros/humble /usr/bin/cmake --install /home/louwee/correct_ws/build/correct_msgs
[6.520s] -- Install configuration: ""
[6.521s] -- Installing: /home/louwee/correct_ws/install/correct_msgs/share/ament_index/resource_index/rosidl_interfaces/correct_msgs
[6.521s] -- Up-to-date: /home/louwee/correct_ws/install/correct_msgs/include/correct_msgs/correct_msgs
[6.521s] -- Up-to-date: /home/louwee/correct_ws/install/correct_msgs/include/correct_msgs/correct_msgs/srv
[6.521s] -- Installing: /home/louwee/correct_ws/install/correct_msgs/include/correct_msgs/correct_msgs/srv/add_two_ints.h
[6.521s] -- Up-to-date: /home/louwee/correct_ws/install/correct_msgs/include/correct_msgs/correct_msgs/srv/detail
[6.521s] -- Installing: /home/louwee/correct_ws/install/correct_msgs/include/correct_msgs/correct_msgs/srv/detail/add_two_ints__functions.h
[6.521s] -- Installing: /home/louwee/correct_ws/install/correct_msgs/include/correct_msgs/correct_msgs/srv/detail/get_transform__struct.h
[6.521s] -- Installing: /home/louwee/correct_ws/install/correct_msgs/include/correct_msgs/correct_msgs/srv/detail/add_two_ints__struct.h
[6.521s] -- Installing: /home/louwee/correct_ws/install/correct_msgs/include/correct_msgs/correct_msgs/srv/detail/get_transform__functions.h
[6.521s] -- Installing: /home/louwee/correct_ws/install/correct_msgs/include/correct_msgs/correct_msgs/srv/detail/add_two_ints__type_support.h
[6.522s] -- Installing: /home/louwee/correct_ws/install/correct_msgs/include/correct_msgs/correct_msgs/srv/detail/get_transform__functions.c
[6.522s] -- Installing: /home/louwee/correct_ws/install/correct_msgs/include/correct_msgs/correct_msgs/srv/detail/add_two_ints__functions.c
[6.522s] -- Installing: /home/louwee/correct_ws/install/correct_msgs/include/correct_msgs/correct_msgs/srv/detail/get_transform__type_support.h
[6.522s] -- Installing: /home/louwee/correct_ws/install/correct_msgs/include/correct_msgs/correct_msgs/srv/get_transform.h
[6.522s] -- Up-to-date: /home/louwee/correct_ws/install/correct_msgs/include/correct_msgs/correct_msgs/msg
[6.522s] -- Up-to-date: /home/louwee/correct_ws/install/correct_msgs/include/correct_msgs/correct_msgs/msg/rosidl_generator_c__visibility_control.h
[6.522s] -- Up-to-date: /home/louwee/correct_ws/install/correct_msgs/include/correct_msgs/correct_msgs/action
[6.522s] -- Up-to-date: /home/louwee/correct_ws/install/correct_msgs/include/correct_msgs/correct_msgs/action/fibonnaci.h
[6.522s] -- Up-to-date: /home/louwee/correct_ws/install/correct_msgs/include/correct_msgs/correct_msgs/action/detail
[6.522s] -- Installing: /home/louwee/correct_ws/install/correct_msgs/include/correct_msgs/correct_msgs/action/detail/fibonacci__functions.c
[6.522s] -- Up-to-date: /home/louwee/correct_ws/install/correct_msgs/include/correct_msgs/correct_msgs/action/detail/fibonnaci__type_support.h
[6.523s] -- Installing: /home/louwee/correct_ws/install/correct_msgs/include/correct_msgs/correct_msgs/action/detail/fibonacci__functions.h
[6.523s] -- Installing: /home/louwee/correct_ws/install/correct_msgs/include/correct_msgs/correct_msgs/action/detail/fibonacci__type_support.h
[6.523s] -- Up-to-date: /home/louwee/correct_ws/install/correct_msgs/include/correct_msgs/correct_msgs/action/detail/fibonnaci__functions.h
[6.523s] -- Up-to-date: /home/louwee/correct_ws/install/correct_msgs/include/correct_msgs/correct_msgs/action/detail/fibonnaci__struct.h
[6.523s] -- Installing: /home/louwee/correct_ws/install/correct_msgs/include/correct_msgs/correct_msgs/action/detail/fibonacci__struct.h
[6.523s] -- Up-to-date: /home/louwee/correct_ws/install/correct_msgs/include/correct_msgs/correct_msgs/action/detail/fibonnaci__functions.c
[6.523s] -- Installing: /home/louwee/correct_ws/install/correct_msgs/include/correct_msgs/correct_msgs/action/fibonacci.h
[6.523s] -- Up-to-date: /home/louwee/correct_ws/install/correct_msgs/share/correct_msgs/environment/library_path.sh
[6.523s] -- Installing: /home/louwee/correct_ws/install/correct_msgs/share/correct_msgs/environment/library_path.dsv
[6.524s] -- Installing: /home/louwee/correct_ws/install/correct_msgs/lib/libcorrect_msgs__rosidl_generator_c.so
[6.524s] -- Set runtime path of "/home/louwee/correct_ws/install/correct_msgs/lib/libcorrect_msgs__rosidl_generator_c.so" to ""
[6.525s] -- Up-to-date: /home/louwee/correct_ws/install/correct_msgs/include/correct_msgs/correct_msgs
[6.525s] -- Up-to-date: /home/louwee/correct_ws/install/correct_msgs/include/correct_msgs/correct_msgs/srv
[6.525s] -- Up-to-date: /home/louwee/correct_ws/install/correct_msgs/include/correct_msgs/correct_msgs/srv/detail
[6.525s] -- Installing: /home/louwee/correct_ws/install/correct_msgs/include/correct_msgs/correct_msgs/srv/detail/get_transform__rosidl_typesupport_fastrtps_c.h
[6.525s] -- Installing: /home/louwee/correct_ws/install/correct_msgs/include/correct_msgs/correct_msgs/srv/detail/add_two_ints__rosidl_typesupport_fastrtps_c.h
[6.525s] -- Up-to-date: /home/louwee/correct_ws/install/correct_msgs/include/correct_msgs/correct_msgs/msg
[6.525s] -- Up-to-date: /home/louwee/correct_ws/install/correct_msgs/include/correct_msgs/correct_msgs/msg/rosidl_typesupport_fastrtps_c__visibility_control.h
[6.525s] -- Up-to-date: /home/louwee/correct_ws/install/correct_msgs/include/correct_msgs/correct_msgs/action
[6.525s] -- Up-to-date: /home/louwee/correct_ws/install/correct_msgs/include/correct_msgs/correct_msgs/action/detail
[6.526s] -- Installing: /home/louwee/correct_ws/install/correct_msgs/include/correct_msgs/correct_msgs/action/detail/fibonacci__rosidl_typesupport_fastrtps_c.h
[6.526s] -- Up-to-date: /home/louwee/correct_ws/install/correct_msgs/include/correct_msgs/correct_msgs/action/detail/fibonnaci__rosidl_typesupport_fastrtps_c.h
[6.526s] -- Installing: /home/louwee/correct_ws/install/correct_msgs/lib/libcorrect_msgs__rosidl_typesupport_fastrtps_c.so
[6.526s] -- Set runtime path of "/home/louwee/correct_ws/install/correct_msgs/lib/libcorrect_msgs__rosidl_typesupport_fastrtps_c.so" to ""
[6.526s] -- Up-to-date: /home/louwee/correct_ws/install/correct_msgs/include/correct_msgs/correct_msgs
[6.527s] -- Up-to-date: /home/louwee/correct_ws/install/correct_msgs/include/correct_msgs/correct_msgs/srv
[6.527s] -- Installing: /home/louwee/correct_ws/install/correct_msgs/include/correct_msgs/correct_msgs/srv/get_transform.hpp
[6.527s] -- Up-to-date: /home/louwee/correct_ws/install/correct_msgs/include/correct_msgs/correct_msgs/srv/detail
[6.527s] -- Installing: /home/louwee/correct_ws/install/correct_msgs/include/correct_msgs/correct_msgs/srv/detail/get_transform__type_support.hpp
[6.527s] -- Installing: /home/louwee/correct_ws/install/correct_msgs/include/correct_msgs/correct_msgs/srv/detail/add_two_ints__builder.hpp
[6.527s] -- Installing: /home/louwee/correct_ws/install/correct_msgs/include/correct_msgs/correct_msgs/srv/detail/add_two_ints__type_support.hpp
[6.527s] -- Installing: /home/louwee/correct_ws/install/correct_msgs/include/correct_msgs/correct_msgs/srv/detail/get_transform__traits.hpp
[6.527s] -- Installing: /home/louwee/correct_ws/install/correct_msgs/include/correct_msgs/correct_msgs/srv/detail/get_transform__builder.hpp
[6.528s] -- Installing: /home/louwee/correct_ws/install/correct_msgs/include/correct_msgs/correct_msgs/srv/detail/add_two_ints__traits.hpp
[6.528s] -- Installing: /home/louwee/correct_ws/install/correct_msgs/include/correct_msgs/correct_msgs/srv/detail/get_transform__struct.hpp
[6.528s] -- Installing: /home/louwee/correct_ws/install/correct_msgs/include/correct_msgs/correct_msgs/srv/detail/add_two_ints__struct.hpp
[6.528s] -- Installing: /home/louwee/correct_ws/install/correct_msgs/include/correct_msgs/correct_msgs/srv/add_two_ints.hpp
[6.528s] -- Up-to-date: /home/louwee/correct_ws/install/correct_msgs/include/correct_msgs/correct_msgs/msg
[6.528s] -- Up-to-date: /home/louwee/correct_ws/install/correct_msgs/include/correct_msgs/correct_msgs/msg/rosidl_generator_cpp__visibility_control.hpp
[6.528s] -- Up-to-date: /home/louwee/correct_ws/install/correct_msgs/include/correct_msgs/correct_msgs/action
[6.528s] -- Up-to-date: /home/louwee/correct_ws/install/correct_msgs/include/correct_msgs/correct_msgs/action/detail
[6.529s] -- Installing: /home/louwee/correct_ws/install/correct_msgs/include/correct_msgs/correct_msgs/action/detail/fibonacci__type_support.hpp
[6.529s] -- Up-to-date: /home/louwee/correct_ws/install/correct_msgs/include/correct_msgs/correct_msgs/action/detail/fibonnaci__struct.hpp
[6.529s] -- Up-to-date: /home/louwee/correct_ws/install/correct_msgs/include/correct_msgs/correct_msgs/action/detail/fibonnaci__type_support.hpp
[6.529s] -- Up-to-date: /home/louwee/correct_ws/install/correct_msgs/include/correct_msgs/correct_msgs/action/detail/fibonnaci__builder.hpp
[6.529s] -- Installing: /home/louwee/correct_ws/install/correct_msgs/include/correct_msgs/correct_msgs/action/detail/fibonacci__struct.hpp
[6.529s] -- Installing: /home/louwee/correct_ws/install/correct_msgs/include/correct_msgs/correct_msgs/action/detail/fibonacci__builder.hpp
[6.529s] -- Installing: /home/louwee/correct_ws/install/correct_msgs/include/correct_msgs/correct_msgs/action/detail/fibonacci__traits.hpp
[6.529s] -- Up-to-date: /home/louwee/correct_ws/install/correct_msgs/include/correct_msgs/correct_msgs/action/detail/fibonnaci__traits.hpp
[6.530s] -- Up-to-date: /home/louwee/correct_ws/install/correct_msgs/include/correct_msgs/correct_msgs/action/fibonnaci.hpp
[6.530s] -- Installing: /home/louwee/correct_ws/install/correct_msgs/include/correct_msgs/correct_msgs/action/fibonacci.hpp
[6.530s] -- Up-to-date: /home/louwee/correct_ws/install/correct_msgs/include/correct_msgs/correct_msgs
[6.530s] -- Up-to-date: /home/louwee/correct_ws/install/correct_msgs/include/correct_msgs/correct_msgs/srv
[6.530s] -- Up-to-date: /home/louwee/correct_ws/install/correct_msgs/include/correct_msgs/correct_msgs/srv/detail
[6.530s] -- Installing: /home/louwee/correct_ws/install/correct_msgs/include/correct_msgs/correct_msgs/srv/detail/get_transform__rosidl_typesupport_fastrtps_cpp.hpp
[6.530s] -- Up-to-date: /home/louwee/correct_ws/install/correct_msgs/include/correct_msgs/correct_msgs/srv/detail/dds_fastrtps
[6.530s] -- Installing: /home/louwee/correct_ws/install/correct_msgs/include/correct_msgs/correct_msgs/srv/detail/add_two_ints__rosidl_typesupport_fastrtps_cpp.hpp
[6.530s] -- Up-to-date: /home/louwee/correct_ws/install/correct_msgs/include/correct_msgs/correct_msgs/msg
[6.531s] -- Up-to-date: /home/louwee/correct_ws/install/correct_msgs/include/correct_msgs/correct_msgs/msg/rosidl_typesupport_fastrtps_cpp__visibility_control.h
[6.531s] -- Up-to-date: /home/louwee/correct_ws/install/correct_msgs/include/correct_msgs/correct_msgs/action
[6.531s] -- Up-to-date: /home/louwee/correct_ws/install/correct_msgs/include/correct_msgs/correct_msgs/action/detail
[6.531s] -- Up-to-date: /home/louwee/correct_ws/install/correct_msgs/include/correct_msgs/correct_msgs/action/detail/fibonnaci__rosidl_typesupport_fastrtps_cpp.hpp
[6.531s] -- Installing: /home/louwee/correct_ws/install/correct_msgs/include/correct_msgs/correct_msgs/action/detail/fibonacci__rosidl_typesupport_fastrtps_cpp.hpp
[6.531s] -- Up-to-date: /home/louwee/correct_ws/install/correct_msgs/include/correct_msgs/correct_msgs/action/detail/dds_fastrtps
[6.531s] -- Installing: /home/louwee/correct_ws/install/correct_msgs/lib/libcorrect_msgs__rosidl_typesupport_fastrtps_cpp.so
[6.531s] -- Set runtime path of "/home/louwee/correct_ws/install/correct_msgs/lib/libcorrect_msgs__rosidl_typesupport_fastrtps_cpp.so" to ""
[6.532s] -- Up-to-date: /home/louwee/correct_ws/install/correct_msgs/include/correct_msgs/correct_msgs
[6.532s] -- Up-to-date: /home/louwee/correct_ws/install/correct_msgs/include/correct_msgs/correct_msgs/srv
[6.532s] -- Up-to-date: /home/louwee/correct_ws/install/correct_msgs/include/correct_msgs/correct_msgs/srv/detail
[6.532s] -- Installing: /home/louwee/correct_ws/install/correct_msgs/include/correct_msgs/correct_msgs/srv/detail/add_two_ints__type_support.c
[6.532s] -- Installing: /home/louwee/correct_ws/install/correct_msgs/include/correct_msgs/correct_msgs/srv/detail/get_transform__type_support.c
[6.532s] -- Installing: /home/louwee/correct_ws/install/correct_msgs/include/correct_msgs/correct_msgs/srv/detail/get_transform__rosidl_typesupport_introspection_c.h
[6.532s] -- Installing: /home/louwee/correct_ws/install/correct_msgs/include/correct_msgs/correct_msgs/srv/detail/add_two_ints__rosidl_typesupport_introspection_c.h
[6.532s] -- Up-to-date: /home/louwee/correct_ws/install/correct_msgs/include/correct_msgs/correct_msgs/msg
[6.532s] -- Up-to-date: /home/louwee/correct_ws/install/correct_msgs/include/correct_msgs/correct_msgs/msg/rosidl_typesupport_introspection_c__visibility_control.h
[6.533s] -- Up-to-date: /home/louwee/correct_ws/install/correct_msgs/include/correct_msgs/correct_msgs/action
[6.533s] -- Up-to-date: /home/louwee/correct_ws/install/correct_msgs/include/correct_msgs/correct_msgs/action/detail
[6.533s] -- Installing: /home/louwee/correct_ws/install/correct_msgs/include/correct_msgs/correct_msgs/action/detail/fibonacci__type_support.c
[6.533s] -- Up-to-date: /home/louwee/correct_ws/install/correct_msgs/include/correct_msgs/correct_msgs/action/detail/fibonnaci__type_support.c
[6.533s] -- Up-to-date: /home/louwee/correct_ws/install/correct_msgs/include/correct_msgs/correct_msgs/action/detail/fibonnaci__rosidl_typesupport_introspection_c.h
[6.533s] -- Installing: /home/louwee/correct_ws/install/correct_msgs/include/correct_msgs/correct_msgs/action/detail/fibonacci__rosidl_typesupport_introspection_c.h
[6.533s] -- Installing: /home/louwee/correct_ws/install/correct_msgs/lib/libcorrect_msgs__rosidl_typesupport_introspection_c.so
[6.533s] -- Set runtime path of "/home/louwee/correct_ws/install/correct_msgs/lib/libcorrect_msgs__rosidl_typesupport_introspection_c.so" to ""
[6.533s] -- Installing: /home/louwee/correct_ws/install/correct_msgs/lib/libcorrect_msgs__rosidl_typesupport_c.so
[6.534s] -- Set runtime path of "/home/louwee/correct_ws/install/correct_msgs/lib/libcorrect_msgs__rosidl_typesupport_c.so" to ""
[6.534s] -- Up-to-date: /home/louwee/correct_ws/install/correct_msgs/include/correct_msgs/correct_msgs
[6.534s] -- Up-to-date: /home/louwee/correct_ws/install/correct_msgs/include/correct_msgs/correct_msgs/srv
[6.534s] -- Up-to-date: /home/louwee/correct_ws/install/correct_msgs/include/correct_msgs/correct_msgs/srv/detail
[6.534s] -- Installing: /home/louwee/correct_ws/install/correct_msgs/include/correct_msgs/correct_msgs/srv/detail/get_transform__type_support.cpp
[6.534s] -- Installing: /home/louwee/correct_ws/install/correct_msgs/include/correct_msgs/correct_msgs/srv/detail/add_two_ints__type_support.cpp
[6.534s] -- Installing: /home/louwee/correct_ws/install/correct_msgs/include/correct_msgs/correct_msgs/srv/detail/add_two_ints__rosidl_typesupport_introspection_cpp.hpp
[6.534s] -- Installing: /home/louwee/correct_ws/install/correct_msgs/include/correct_msgs/correct_msgs/srv/detail/get_transform__rosidl_typesupport_introspection_cpp.hpp
[6.535s] -- Up-to-date: /home/louwee/correct_ws/install/correct_msgs/include/correct_msgs/correct_msgs/action
[6.535s] -- Up-to-date: /home/louwee/correct_ws/install/correct_msgs/include/correct_msgs/correct_msgs/action/detail
[6.535s] -- Up-to-date: /home/louwee/correct_ws/install/correct_msgs/include/correct_msgs/correct_msgs/action/detail/fibonnaci__type_support.cpp
[6.535s] -- Installing: /home/louwee/correct_ws/install/correct_msgs/include/correct_msgs/correct_msgs/action/detail/fibonacci__rosidl_typesupport_introspection_cpp.hpp
[6.535s] -- Installing: /home/louwee/correct_ws/install/correct_msgs/include/correct_msgs/correct_msgs/action/detail/fibonacci__type_support.cpp
[6.535s] -- Up-to-date: /home/louwee/correct_ws/install/correct_msgs/include/correct_msgs/correct_msgs/action/detail/fibonnaci__rosidl_typesupport_introspection_cpp.hpp
[6.535s] -- Installing: /home/louwee/correct_ws/install/correct_msgs/lib/libcorrect_msgs__rosidl_typesupport_introspection_cpp.so
[6.536s] -- Set runtime path of "/home/louwee/correct_ws/install/correct_msgs/lib/libcorrect_msgs__rosidl_typesupport_introspection_cpp.so" to ""
[6.536s] -- Installing: /home/louwee/correct_ws/install/correct_msgs/lib/libcorrect_msgs__rosidl_typesupport_cpp.so
[6.537s] -- Set runtime path of "/home/louwee/correct_ws/install/correct_msgs/lib/libcorrect_msgs__rosidl_typesupport_cpp.so" to ""
[6.537s] -- Up-to-date: /home/louwee/correct_ws/install/correct_msgs/share/correct_msgs/environment/pythonpath.sh
[6.537s] -- Installing: /home/louwee/correct_ws/install/correct_msgs/share/correct_msgs/environment/pythonpath.dsv
[6.537s] -- Up-to-date: /home/louwee/correct_ws/install/correct_msgs/local/lib/python3.10/dist-packages/correct_msgs-0.0.0-py3.10.egg-info
[6.537s] -- Installing: /home/louwee/correct_ws/install/correct_msgs/local/lib/python3.10/dist-packages/correct_msgs-0.0.0-py3.10.egg-info/top_level.txt
[6.538s] -- Installing: /home/louwee/correct_ws/install/correct_msgs/local/lib/python3.10/dist-packages/correct_msgs-0.0.0-py3.10.egg-info/PKG-INFO
[6.538s] -- Installing: /home/louwee/correct_ws/install/correct_msgs/local/lib/python3.10/dist-packages/correct_msgs-0.0.0-py3.10.egg-info/dependency_links.txt
[6.538s] -- Installing: /home/louwee/correct_ws/install/correct_msgs/local/lib/python3.10/dist-packages/correct_msgs-0.0.0-py3.10.egg-info/SOURCES.txt
[6.538s] -- Up-to-date: /home/louwee/correct_ws/install/correct_msgs/local/lib/python3.10/dist-packages/correct_msgs
[6.538s] -- Installing: /home/louwee/correct_ws/install/correct_msgs/local/lib/python3.10/dist-packages/correct_msgs/_correct_msgs_s.ep.rosidl_typesupport_c.c
[6.538s] -- Up-to-date: /home/louwee/correct_ws/install/correct_msgs/local/lib/python3.10/dist-packages/correct_msgs/srv
[6.538s] -- Installing: /home/louwee/correct_ws/install/correct_msgs/local/lib/python3.10/dist-packages/correct_msgs/srv/_add_two_ints.py
[6.538s] -- Installing: /home/louwee/correct_ws/install/correct_msgs/local/lib/python3.10/dist-packages/correct_msgs/srv/__init__.py
[6.539s] -- Installing: /home/louwee/correct_ws/install/correct_msgs/local/lib/python3.10/dist-packages/correct_msgs/srv/_get_transform.py
[6.539s] -- Installing: /home/louwee/correct_ws/install/correct_msgs/local/lib/python3.10/dist-packages/correct_msgs/srv/_get_transform_s.c
[6.539s] -- Installing: /home/louwee/correct_ws/install/correct_msgs/local/lib/python3.10/dist-packages/correct_msgs/srv/_add_two_ints_s.c
[6.539s] -- Installing: /home/louwee/correct_ws/install/correct_msgs/local/lib/python3.10/dist-packages/correct_msgs/__init__.py
[6.539s] -- Installing: /home/louwee/correct_ws/install/correct_msgs/local/lib/python3.10/dist-packages/correct_msgs/_correct_msgs_s.ep.rosidl_typesupport_fastrtps_c.c
[6.539s] -- Installing: /home/louwee/correct_ws/install/correct_msgs/local/lib/python3.10/dist-packages/correct_msgs/correct_msgs_s__rosidl_typesupport_c.cpython-310-x86_64-linux-gnu.so
[6.539s] -- Installing: /home/louwee/correct_ws/install/correct_msgs/local/lib/python3.10/dist-packages/correct_msgs/_correct_msgs_s.ep.rosidl_typesupport_introspection_c.c
[6.539s] -- Installing: /home/louwee/correct_ws/install/correct_msgs/local/lib/python3.10/dist-packages/correct_msgs/correct_msgs_s__rosidl_typesupport_fastrtps_c.cpython-310-x86_64-linux-gnu.so
[6.540s] -- Installing: /home/louwee/correct_ws/install/correct_msgs/local/lib/python3.10/dist-packages/correct_msgs/correct_msgs_s__rosidl_typesupport_introspection_c.cpython-310-x86_64-linux-gnu.so
[6.540s] -- Up-to-date: /home/louwee/correct_ws/install/correct_msgs/local/lib/python3.10/dist-packages/correct_msgs/action
[6.540s] -- Installing: /home/louwee/correct_ws/install/correct_msgs/local/lib/python3.10/dist-packages/correct_msgs/action/_fibonacci_s.c
[6.540s] -- Installing: /home/louwee/correct_ws/install/correct_msgs/local/lib/python3.10/dist-packages/correct_msgs/action/__init__.py
[6.540s] -- Installing: /home/louwee/correct_ws/install/correct_msgs/local/lib/python3.10/dist-packages/correct_msgs/action/_fibonacci.py
[6.540s] -- Up-to-date: /home/louwee/correct_ws/install/correct_msgs/local/lib/python3.10/dist-packages/correct_msgs/action/_fibonnaci.py
[6.540s] -- Up-to-date: /home/louwee/correct_ws/install/correct_msgs/local/lib/python3.10/dist-packages/correct_msgs/action/_fibonnaci_s.c
[6.541s] -- Installing: /home/louwee/correct_ws/install/correct_msgs/local/lib/python3.10/dist-packages/correct_msgs/libcorrect_msgs__rosidl_generator_py.so
[6.584s] Listing '/home/louwee/correct_ws/install/correct_msgs/local/lib/python3.10/dist-packages/correct_msgs'...
[6.584s] Compiling '/home/louwee/correct_ws/install/correct_msgs/local/lib/python3.10/dist-packages/correct_msgs/__init__.py'...
[6.584s] Listing '/home/louwee/correct_ws/install/correct_msgs/local/lib/python3.10/dist-packages/correct_msgs/action'...
[6.584s] Compiling '/home/louwee/correct_ws/install/correct_msgs/local/lib/python3.10/dist-packages/correct_msgs/action/__init__.py'...
[6.585s] Compiling '/home/louwee/correct_ws/install/correct_msgs/local/lib/python3.10/dist-packages/correct_msgs/action/_fibonacci.py'...
[6.585s] Listing '/home/louwee/correct_ws/install/correct_msgs/local/lib/python3.10/dist-packages/correct_msgs/srv'...
[6.585s] Compiling '/home/louwee/correct_ws/install/correct_msgs/local/lib/python3.10/dist-packages/correct_msgs/srv/__init__.py'...
[6.585s] Compiling '/home/louwee/correct_ws/install/correct_msgs/local/lib/python3.10/dist-packages/correct_msgs/srv/_add_two_ints.py'...
[6.585s] Compiling '/home/louwee/correct_ws/install/correct_msgs/local/lib/python3.10/dist-packages/correct_msgs/srv/_get_transform.py'...
[6.590s] -- Installing: /home/louwee/correct_ws/install/correct_msgs/local/lib/python3.10/dist-packages/correct_msgs/correct_msgs_s__rosidl_typesupport_fastrtps_c.cpython-310-x86_64-linux-gnu.so
[6.590s] -- Set runtime path of "/home/louwee/correct_ws/install/correct_msgs/local/lib/python3.10/dist-packages/correct_msgs/correct_msgs_s__rosidl_typesupport_fastrtps_c.cpython-310-x86_64-linux-gnu.so" to ""
[6.591s] -- Installing: /home/louwee/correct_ws/install/correct_msgs/local/lib/python3.10/dist-packages/correct_msgs/correct_msgs_s__rosidl_typesupport_introspection_c.cpython-310-x86_64-linux-gnu.so
[6.591s] -- Set runtime path of "/home/louwee/correct_ws/install/correct_msgs/local/lib/python3.10/dist-packages/correct_msgs/correct_msgs_s__rosidl_typesupport_introspection_c.cpython-310-x86_64-linux-gnu.so" to ""
[6.592s] -- Installing: /home/louwee/correct_ws/install/correct_msgs/local/lib/python3.10/dist-packages/correct_msgs/correct_msgs_s__rosidl_typesupport_c.cpython-310-x86_64-linux-gnu.so
[6.592s] -- Set runtime path of "/home/louwee/correct_ws/install/correct_msgs/local/lib/python3.10/dist-packages/correct_msgs/correct_msgs_s__rosidl_typesupport_c.cpython-310-x86_64-linux-gnu.so" to ""
[6.593s] -- Installing: /home/louwee/correct_ws/install/correct_msgs/lib/libcorrect_msgs__rosidl_generator_py.so
[6.593s] -- Set runtime path of "/home/louwee/correct_ws/install/correct_msgs/lib/libcorrect_msgs__rosidl_generator_py.so" to ""
[6.594s] -- Installing: /home/louwee/correct_ws/install/correct_msgs/share/correct_msgs/action/Fibonacci.idl
[6.594s] -- Up-to-date: /home/louwee/correct_ws/install/correct_msgs/share/correct_msgs/srv/AddTwoInts.idl
[6.594s] -- Up-to-date: /home/louwee/correct_ws/install/correct_msgs/share/correct_msgs/srv/GetTransform.idl
[6.594s] -- Installing: /home/louwee/correct_ws/install/correct_msgs/share/correct_msgs/action/Fibonacci.action
[6.594s] -- Up-to-date: /home/louwee/correct_ws/install/correct_msgs/share/correct_msgs/srv/AddTwoInts.srv
[6.594s] -- Up-to-date: /home/louwee/correct_ws/install/correct_msgs/share/correct_msgs/srv/AddTwoInts_Request.msg
[6.595s] -- Up-to-date: /home/louwee/correct_ws/install/correct_msgs/share/correct_msgs/srv/AddTwoInts_Response.msg
[6.595s] -- Up-to-date: /home/louwee/correct_ws/install/correct_msgs/share/correct_msgs/srv/GetTransform.srv
[6.595s] -- Up-to-date: /home/louwee/correct_ws/install/correct_msgs/share/correct_msgs/srv/GetTransform_Request.msg
[6.595s] -- Up-to-date: /home/louwee/correct_ws/install/correct_msgs/share/correct_msgs/srv/GetTransform_Response.msg
[6.595s] -- Up-to-date: /home/louwee/correct_ws/install/correct_msgs/share/ament_index/resource_index/package_run_dependencies/correct_msgs
[6.595s] -- Up-to-date: /home/louwee/correct_ws/install/correct_msgs/share/ament_index/resource_index/parent_prefix_path/correct_msgs
[6.595s] -- Up-to-date: /home/louwee/correct_ws/install/correct_msgs/share/correct_msgs/environment/ament_prefix_path.sh
[6.596s] -- Installing: /home/louwee/correct_ws/install/correct_msgs/share/correct_msgs/environment/ament_prefix_path.dsv
[6.596s] -- Up-to-date: /home/louwee/correct_ws/install/correct_msgs/share/correct_msgs/environment/path.sh
[6.596s] -- Installing: /home/louwee/correct_ws/install/correct_msgs/share/correct_msgs/environment/path.dsv
[6.596s] -- Up-to-date: /home/louwee/correct_ws/install/correct_msgs/share/correct_msgs/local_setup.bash
[6.596s] -- Up-to-date: /home/louwee/correct_ws/install/correct_msgs/share/correct_msgs/local_setup.sh
[6.596s] -- Up-to-date: /home/louwee/correct_ws/install/correct_msgs/share/correct_msgs/local_setup.zsh
[6.596s] -- Installing: /home/louwee/correct_ws/install/correct_msgs/share/correct_msgs/local_setup.dsv
[6.596s] -- Installing: /home/louwee/correct_ws/install/correct_msgs/share/correct_msgs/package.dsv
[6.597s] -- Up-to-date: /home/louwee/correct_ws/install/correct_msgs/share/ament_index/resource_index/packages/correct_msgs
[6.597s] -- Up-to-date: /home/louwee/correct_ws/install/correct_msgs/share/correct_msgs/cmake/export_correct_msgs__rosidl_generator_cExport.cmake
[6.597s] -- Up-to-date: /home/louwee/correct_ws/install/correct_msgs/share/correct_msgs/cmake/export_correct_msgs__rosidl_generator_cExport-noconfig.cmake
[6.597s] -- Up-to-date: /home/louwee/correct_ws/install/correct_msgs/share/correct_msgs/cmake/export_correct_msgs__rosidl_typesupport_fastrtps_cExport.cmake
[6.597s] -- Up-to-date: /home/louwee/correct_ws/install/correct_msgs/share/correct_msgs/cmake/export_correct_msgs__rosidl_typesupport_fastrtps_cExport-noconfig.cmake
[6.597s] -- Up-to-date: /home/louwee/correct_ws/install/correct_msgs/share/correct_msgs/cmake/export_correct_msgs__rosidl_generator_cppExport.cmake
[6.597s] -- Up-to-date: /home/louwee/correct_ws/install/correct_msgs/share/correct_msgs/cmake/export_correct_msgs__rosidl_typesupport_fastrtps_cppExport.cmake
[6.597s] -- Up-to-date: /home/louwee/correct_ws/install/correct_msgs/share/correct_msgs/cmake/export_correct_msgs__rosidl_typesupport_fastrtps_cppExport-noconfig.cmake
[6.597s] -- Up-to-date: /home/louwee/correct_ws/install/correct_msgs/share/correct_msgs/cmake/correct_msgs__rosidl_typesupport_introspection_cExport.cmake
[6.597s] -- Up-to-date: /home/louwee/correct_ws/install/correct_msgs/share/correct_msgs/cmake/correct_msgs__rosidl_typesupport_introspection_cExport-noconfig.cmake
[6.597s] -- Up-to-date: /home/louwee/correct_ws/install/correct_msgs/share/correct_msgs/cmake/correct_msgs__rosidl_typesupport_cExport.cmake
[6.597s] -- Up-to-date: /home/louwee/correct_ws/install/correct_msgs/share/correct_msgs/cmake/correct_msgs__rosidl_typesupport_cExport-noconfig.cmake
[6.598s] -- Up-to-date: /home/louwee/correct_ws/install/correct_msgs/share/correct_msgs/cmake/correct_msgs__rosidl_typesupport_introspection_cppExport.cmake
[6.598s] -- Up-to-date: /home/louwee/correct_ws/install/correct_msgs/share/correct_msgs/cmake/correct_msgs__rosidl_typesupport_introspection_cppExport-noconfig.cmake
[6.598s] -- Up-to-date: /home/louwee/correct_ws/install/correct_msgs/share/correct_msgs/cmake/correct_msgs__rosidl_typesupport_cppExport.cmake
[6.598s] -- Up-to-date: /home/louwee/correct_ws/install/correct_msgs/share/correct_msgs/cmake/correct_msgs__rosidl_typesupport_cppExport-noconfig.cmake
[6.598s] -- Up-to-date: /home/louwee/correct_ws/install/correct_msgs/share/correct_msgs/cmake/export_correct_msgs__rosidl_generator_pyExport.cmake
[6.599s] -- Up-to-date: /home/louwee/correct_ws/install/correct_msgs/share/correct_msgs/cmake/export_correct_msgs__rosidl_generator_pyExport-noconfig.cmake
[6.599s] -- Installing: /home/louwee/correct_ws/install/correct_msgs/share/correct_msgs/cmake/rosidl_cmake-extras.cmake
[6.599s] -- Up-to-date: /home/louwee/correct_ws/install/correct_msgs/share/correct_msgs/cmake/ament_cmake_export_dependencies-extras.cmake
[6.599s] -- Up-to-date: /home/louwee/correct_ws/install/correct_msgs/share/correct_msgs/cmake/ament_cmake_export_include_directories-extras.cmake
[6.599s] -- Up-to-date: /home/louwee/correct_ws/install/correct_msgs/share/correct_msgs/cmake/ament_cmake_export_libraries-extras.cmake
[6.599s] -- Up-to-date: /home/louwee/correct_ws/install/correct_msgs/share/correct_msgs/cmake/ament_cmake_export_targets-extras.cmake
[6.599s] -- Up-to-date: /home/louwee/correct_ws/install/correct_msgs/share/correct_msgs/cmake/rosidl_cmake_export_typesupport_targets-extras.cmake
[6.600s] -- Up-to-date: /home/louwee/correct_ws/install/correct_msgs/share/correct_msgs/cmake/rosidl_cmake_export_typesupport_libraries-extras.cmake
[6.600s] -- Up-to-date: /home/louwee/correct_ws/install/correct_msgs/share/correct_msgs/cmake/correct_msgsConfig.cmake
[6.600s] -- Up-to-date: /home/louwee/correct_ws/install/correct_msgs/share/correct_msgs/cmake/correct_msgsConfig-version.cmake
[6.601s] -- Up-to-date: /home/louwee/correct_ws/install/correct_msgs/share/correct_msgs/package.xml
[6.602s] Invoked command in '/home/louwee/correct_ws/build/correct_msgs' returned '0': CMAKE_PREFIX_PATH=/opt/ros/humble /usr/bin/cmake --install /home/louwee/correct_ws/build/correct_msgs
