[0.038s] Invoking command in '/home/louwee/correct_ws/build/aws_robomaker_hospital_world': /usr/bin/cmake /home/louwee/correct_ws/src/aws-robomaker-hospital-world -DCATKIN_INSTALL_INTO_PREFIX_ROOT=0 -DCMAKE_INSTALL_PREFIX=/home/louwee/correct_ws/install/aws_robomaker_hospital_world
[0.083s] [0mCMake Deprecation Warning at CMakeLists.txt:1 (cmake_minimum_required):
[0.084s]   Compatibility with CMake < 2.8.12 will be removed from a future version of
[0.084s]   CMake.
[0.084s] 
[0.084s]   Update the VERSION argument <min> value or use a ...<max> suffix to tell
[0.085s]   CMake that the project does not need compatibility with older versions.
[0.085s] 
[0.085s] [0m
[0.085s] [31mCMake Error at CMakeLists.txt:4 (find_package):
[0.085s]   By not providing "Findcatkin.cmake" in CMAKE_MODULE_PATH this project has
[0.085s]   asked CMake to find a package configuration file provided by "catkin", but
[0.085s]   CMake did not find one.
[0.086s] 
[0.086s]   Could not find a package configuration file provided by "catkin" with any
[0.086s]   of the following names:
[0.086s] 
[0.086s]     catkinConfig.cmake
[0.086s]     catkin-config.cmake
[0.086s] 
[0.086s]   Add the installation prefix of "catkin" to CMAKE_PREFIX_PATH or set
[0.087s]   "catkin_DIR" to a directory containing one of the above files.  If "catkin"
[0.087s]   provides a separate development package or SDK, be sure it has been
[0.087s]   installed.
[0.087s] 
[0.087s] [0m
[0.087s] -- Configuring incomplete, errors occurred!
[0.088s] See also "/home/louwee/correct_ws/build/aws_robomaker_hospital_world/CMakeFiles/CMakeOutput.log".
[0.110s] Invoked command in '/home/louwee/correct_ws/build/aws_robomaker_hospital_world' returned '1': /usr/bin/cmake /home/louwee/correct_ws/src/aws-robomaker-hospital-world -DCATKIN_INSTALL_INTO_PREFIX_ROOT=0 -DCMAKE_INSTALL_PREFIX=/home/louwee/correct_ws/install/aws_robomaker_hospital_world
