[0.034s] Invoking command in '/home/louwee/correct_ws/build/correct_localization': CMAKE_PREFIX_PATH=/opt/ros/humble /usr/bin/cmake --build /home/louwee/correct_ws/build/correct_localization -- -j12 -l12
[0.068s] -- Found ament_cmake: 1.3.11 (/opt/ros/humble/share/ament_cmake/cmake)
[0.356s] -- Found rclpy: 3.3.15 (/opt/ros/humble/share/rclpy/cmake)
[0.356s] -- Found nav_msgs: 4.2.4 (/opt/ros/humble/share/nav_msgs/cmake)
[0.357s] -- Found rosidl_generator_c: 3.1.6 (/opt/ros/humble/share/rosidl_generator_c/cmake)
[0.361s] -- Found rosidl_adapter: 3.1.6 (/opt/ros/humble/share/rosidl_adapter/cmake)
[0.371s] -- Found rosidl_generator_cpp: 3.1.6 (/opt/ros/humble/share/rosidl_generator_cpp/cmake)
[0.381s] -- Using all available rosidl_typesupport_c: rosidl_typesupport_fastrtps_c;rosidl_typesupport_introspection_c
[0.394s] -- Using all available rosidl_typesupport_cpp: rosidl_typesupport_fastrtps_cpp;rosidl_typesupport_introspection_cpp
[0.460s] -- Found sensor_msgs: 4.2.4 (/opt/ros/humble/share/sensor_msgs/cmake)
[0.480s] -- Found rclcpp: 16.0.11 (/opt/ros/humble/share/rclcpp/cmake)
[0.523s] -- Found rmw_implementation_cmake: 6.1.2 (/opt/ros/humble/share/rmw_implementation_cmake/cmake)
[0.524s] -- Found rmw_fastrtps_cpp: 6.2.7 (/opt/ros/humble/share/rmw_fastrtps_cpp/cmake)
[0.645s] -- Using RMW implementation 'rmw_fastrtps_cpp' as default
[0.728s] -- Found tf2: 0.25.12 (/opt/ros/humble/share/tf2/cmake)
[0.789s] -- Found ament_lint_auto: 0.12.11 (/opt/ros/humble/share/ament_lint_auto/cmake)
[0.891s] -- Added test 'cppcheck' to perform static code analysis on C / C++ code
[0.892s] -- Configured cppcheck include dirs: /home/louwee/correct_ws/src/correct_localization/include
[0.892s] -- Configured cppcheck exclude dirs and/or files: 
[0.893s] -- Added test 'flake8' to check Python code syntax and style conventions
[0.894s] -- Added test 'lint_cmake' to check CMake code style
[0.895s] -- Added test 'pep257' to check Python code against some of the docstring style conventions in PEP 257
[0.897s] -- Added test 'uncrustify' to check C / C++ code style
[0.897s] -- Configured uncrustify additional arguments: 
[0.898s] -- Added test 'xmllint' to check XML markup files
[0.900s] -- Configuring done
[0.918s] -- Generating done
[0.932s] -- Build files have been written to: /home/louwee/correct_ws/build/correct_localization
[0.960s] [35m[1mConsolidate compiler generated dependencies of target imu_republisher[0m
[0.960s] [35m[1mConsolidate compiler generated dependencies of target odometry_motion_model[0m
[0.965s] [35m[1mConsolidate compiler generated dependencies of target kalman_filter[0m
[0.977s] [  0%] Built target ament_cmake_python_copy_correct_localization
[0.977s] [ 50%] Built target imu_republisher
[0.977s] [ 66%] Built target odometry_motion_model
[0.990s] [100%] Built target kalman_filter
[1.221s] running egg_info
[1.221s] writing correct_localization.egg-info/PKG-INFO
[1.222s] writing dependency_links to correct_localization.egg-info/dependency_links.txt
[1.222s] writing top-level names to correct_localization.egg-info/top_level.txt
[1.224s] reading manifest file 'correct_localization.egg-info/SOURCES.txt'
[1.224s] writing manifest file 'correct_localization.egg-info/SOURCES.txt'
[1.247s] [100%] Built target ament_cmake_python_build_correct_localization_egg
[1.257s] Invoked command in '/home/louwee/correct_ws/build/correct_localization' returned '0': CMAKE_PREFIX_PATH=/opt/ros/humble /usr/bin/cmake --build /home/louwee/correct_ws/build/correct_localization -- -j12 -l12
[1.258s] Invoking command in '/home/louwee/correct_ws/build/correct_localization': CMAKE_PREFIX_PATH=/opt/ros/humble /usr/bin/cmake --install /home/louwee/correct_ws/build/correct_localization
[1.264s] -- Install configuration: ""
[1.264s] -- Up-to-date: /home/louwee/correct_ws/install/correct_localization/share/correct_localization/environment/pythonpath.sh
[1.264s] -- Installing: /home/louwee/correct_ws/install/correct_localization/share/correct_localization/environment/pythonpath.dsv
[1.264s] -- Up-to-date: /home/louwee/correct_ws/install/correct_localization/local/lib/python3.10/dist-packages/correct_localization-0.0.0-py3.10.egg-info
[1.264s] -- Installing: /home/louwee/correct_ws/install/correct_localization/local/lib/python3.10/dist-packages/correct_localization-0.0.0-py3.10.egg-info/top_level.txt
[1.264s] -- Installing: /home/louwee/correct_ws/install/correct_localization/local/lib/python3.10/dist-packages/correct_localization-0.0.0-py3.10.egg-info/PKG-INFO
[1.264s] -- Installing: /home/louwee/correct_ws/install/correct_localization/local/lib/python3.10/dist-packages/correct_localization-0.0.0-py3.10.egg-info/dependency_links.txt
[1.264s] -- Installing: /home/louwee/correct_ws/install/correct_localization/local/lib/python3.10/dist-packages/correct_localization-0.0.0-py3.10.egg-info/SOURCES.txt
[1.265s] -- Up-to-date: /home/louwee/correct_ws/install/correct_localization/local/lib/python3.10/dist-packages/correct_localization
[1.265s] -- Up-to-date: /home/louwee/correct_ws/install/correct_localization/local/lib/python3.10/dist-packages/correct_localization/odometry_motion_model.py
[1.265s] -- Up-to-date: /home/louwee/correct_ws/install/correct_localization/local/lib/python3.10/dist-packages/correct_localization/__init__.py
[1.265s] -- Up-to-date: /home/louwee/correct_ws/install/correct_localization/local/lib/python3.10/dist-packages/correct_localization/imu_republisher.py
[1.265s] -- Up-to-date: /home/louwee/correct_ws/install/correct_localization/local/lib/python3.10/dist-packages/correct_localization/kalman_filter.py
[1.293s] Listing '/home/louwee/correct_ws/install/correct_localization/local/lib/python3.10/dist-packages/correct_localization'...
[1.297s] -- Up-to-date: /home/louwee/correct_ws/install/correct_localization/lib/correct_localization/kalman_filter.py
[1.297s] -- Up-to-date: /home/louwee/correct_ws/install/correct_localization/lib/correct_localization/imu_republisher.py
[1.297s] -- Up-to-date: /home/louwee/correct_ws/install/correct_localization/lib/correct_localization/odometry_motion_model.py
[1.297s] -- Up-to-date: /home/louwee/correct_ws/install/correct_localization/include/include
[1.297s] -- Up-to-date: /home/louwee/correct_ws/install/correct_localization/include/include/correct_localization
[1.297s] -- Up-to-date: /home/louwee/correct_ws/install/correct_localization/include/include/correct_localization/odometry_motion_model.hpp
[1.297s] -- Up-to-date: /home/louwee/correct_ws/install/correct_localization/include/include/correct_localization/kalman_filter.hpp
[1.297s] -- Up-to-date: /home/louwee/correct_ws/install/correct_localization/lib/correct_localization/imu_republisher
[1.297s] -- Up-to-date: /home/louwee/correct_ws/install/correct_localization/lib/correct_localization/kalman_filter
[1.298s] -- Up-to-date: /home/louwee/correct_ws/install/correct_localization/lib/correct_localization/odometry_motion_model
[1.298s] -- Up-to-date: /home/louwee/correct_ws/install/correct_localization/share/correct_localization/launch
[1.298s] -- Installing: /home/louwee/correct_ws/install/correct_localization/share/correct_localization/launch/global_localization.launch.py
[1.298s] -- Up-to-date: /home/louwee/correct_ws/install/correct_localization/share/correct_localization/launch/local_localization.launch.py
[1.298s] -- Up-to-date: /home/louwee/correct_ws/install/correct_localization/share/correct_localization/config
[1.298s] -- Up-to-date: /home/louwee/correct_ws/install/correct_localization/share/correct_localization/config/ekf.yaml
[1.298s] -- Installing: /home/louwee/correct_ws/install/correct_localization/share/ament_index/resource_index/package_run_dependencies/correct_localization
[1.298s] -- Installing: /home/louwee/correct_ws/install/correct_localization/share/ament_index/resource_index/parent_prefix_path/correct_localization
[1.298s] -- Up-to-date: /home/louwee/correct_ws/install/correct_localization/share/correct_localization/environment/ament_prefix_path.sh
[1.299s] -- Installing: /home/louwee/correct_ws/install/correct_localization/share/correct_localization/environment/ament_prefix_path.dsv
[1.299s] -- Up-to-date: /home/louwee/correct_ws/install/correct_localization/share/correct_localization/environment/path.sh
[1.299s] -- Installing: /home/louwee/correct_ws/install/correct_localization/share/correct_localization/environment/path.dsv
[1.299s] -- Up-to-date: /home/louwee/correct_ws/install/correct_localization/share/correct_localization/local_setup.bash
[1.299s] -- Up-to-date: /home/louwee/correct_ws/install/correct_localization/share/correct_localization/local_setup.sh
[1.299s] -- Up-to-date: /home/louwee/correct_ws/install/correct_localization/share/correct_localization/local_setup.zsh
[1.299s] -- Installing: /home/louwee/correct_ws/install/correct_localization/share/correct_localization/local_setup.dsv
[1.299s] -- Installing: /home/louwee/correct_ws/install/correct_localization/share/correct_localization/package.dsv
[1.299s] -- Up-to-date: /home/louwee/correct_ws/install/correct_localization/share/ament_index/resource_index/packages/correct_localization
[1.299s] -- Up-to-date: /home/louwee/correct_ws/install/correct_localization/share/correct_localization/cmake/correct_localizationConfig.cmake
[1.299s] -- Up-to-date: /home/louwee/correct_ws/install/correct_localization/share/correct_localization/cmake/correct_localizationConfig-version.cmake
[1.299s] -- Installing: /home/louwee/correct_ws/install/correct_localization/share/correct_localization/package.xml
[1.302s] Invoked command in '/home/louwee/correct_ws/build/correct_localization' returned '0': CMAKE_PREFIX_PATH=/opt/ros/humble /usr/bin/cmake --install /home/louwee/correct_ws/build/correct_localization
