-- Found ament_cmake: 1.3.11 (/opt/ros/humble/share/ament_cmake/cmake)
-- Found rclcpp: 16.0.11 (/opt/ros/humble/share/rclcpp/cmake)
-- Found rosidl_generator_c: 3.1.6 (/opt/ros/humble/share/rosidl_generator_c/cmake)
-- Found rosidl_adapter: 3.1.6 (/opt/ros/humble/share/rosidl_adapter/cmake)
-- Found rosidl_generator_cpp: 3.1.6 (/opt/ros/humble/share/rosidl_generator_cpp/cmake)
-- Using all available rosidl_typesupport_c: rosidl_typesupport_fastrtps_c;rosidl_typesupport_introspection_c
-- Using all available rosidl_typesupport_cpp: rosidl_typesupport_fastrtps_cpp;rosidl_typesupport_introspection_cpp
-- Found rmw_implementation_cmake: 6.1.2 (/opt/ros/humble/share/rmw_implementation_cmake/cmake)
-- Found rmw_fastrtps_cpp: 6.2.7 (/opt/ros/humble/share/rmw_fastrtps_cpp/cmake)
-- Using RMW implementation 'rmw_fastrtps_cpp' as default
-- Found turtlesim: 1.4.2 (/opt/ros/humble/share/turtlesim/cmake)
-- Found correct_msgs: 0.0.0 (/home/louwee/correct_ws/install/correct_msgs/share/correct_msgs/cmake)
-- Found tf2: 0.25.12 (/opt/ros/humble/share/tf2/cmake)
-- Found tf2_ros: 0.25.12 (/opt/ros/humble/share/tf2_ros/cmake)
-- Found rclcpp_lifecycle: 16.0.11 (/opt/ros/humble/share/rclcpp_lifecycle/cmake)
-- Found nav_msgs: 4.2.4 (/opt/ros/humble/share/nav_msgs/cmake)
-- Configuring done
-- Generating done
-- Build files have been written to: /home/louwee/correct_ws/build/correct_cpp_examples
[35m[1mConsolidate compiler generated dependencies of target simple_subscriber[0m
[35m[1mConsolidate compiler generated dependencies of target simple_parameter[0m
[35m[1mConsolidate compiler generated dependencies of target simple_publisher[0m
[35m[1mConsolidate compiler generated dependencies of target simple_service_server[0m
[35m[1mConsolidate compiler generated dependencies of target simple_turtlesim_kinematics[0m
[35m[1mConsolidate compiler generated dependencies of target simple_tf_kinematics[0m
[35m[1mConsolidate compiler generated dependencies of target executor_examples[0m
[35m[1mConsolidate compiler generated dependencies of target simple_service_client[0m
[  5%] [32mBuilding CXX object CMakeFiles/simple_lifecycle_node.dir/src/simple_lifecycle_node.cpp.o[0m
[ 38%] Built target simple_subscriber
[ 38%] Built target simple_parameter
[ 38%] Built target simple_publisher
[ 44%] [32mBuilding CXX object CMakeFiles/simple_service_server.dir/src/simple_service_server.cpp.o[0m
[ 55%] Built target simple_turtlesim_kinematics
[ 77%] Built target simple_tf_kinematics
[ 77%] Built target simple_service_client
[ 88%] Built target executor_examples
[ 94%] [32m[1mLinking CXX executable simple_service_server[0m
[ 94%] Built target simple_service_server
