[0.047s] Invoking command in '/home/louwee/correct_ws/build/correct_firmware': CMAKE_PREFIX_PATH=/opt/ros/humble /usr/bin/cmake --build /home/louwee/correct_ws/build/correct_firmware -- -j12 -l12
[0.157s] [  0%] Built target ament_cmake_python_copy_correct_firmware
[0.177s] [ 33%] Built target simple_serial_receiver
[0.184s] [ 66%] Built target correct_firmware
[0.185s] [100%] Built target simple_serial_transmitter
[0.646s] running egg_info
[0.648s] writing correct_firmware.egg-info/PKG-INFO
[0.648s] writing dependency_links to correct_firmware.egg-info/dependency_links.txt
[0.648s] writing top-level names to correct_firmware.egg-info/top_level.txt
[0.653s] reading manifest file 'correct_firmware.egg-info/SOURCES.txt'
[0.655s] writing manifest file 'correct_firmware.egg-info/SOURCES.txt'
[0.717s] [100%] Built target ament_cmake_python_build_correct_firmware_egg
[0.921s] Invoked command in '/home/louwee/correct_ws/build/correct_firmware' returned '0': CMAKE_PREFIX_PATH=/opt/ros/humble /usr/bin/cmake --build /home/louwee/correct_ws/build/correct_firmware -- -j12 -l12
[0.922s] Invoking command in '/home/louwee/correct_ws/build/correct_firmware': CMAKE_PREFIX_PATH=/opt/ros/humble /usr/bin/cmake --install /home/louwee/correct_ws/build/correct_firmware
[0.966s] -- Install configuration: ""
[0.968s] -- Up-to-date: /home/louwee/correct_ws/install/correct_firmware/share/correct_firmware/environment/pythonpath.sh
[0.968s] -- Up-to-date: /home/louwee/correct_ws/install/correct_firmware/share/correct_firmware/environment/pythonpath.dsv
[0.968s] -- Up-to-date: /home/louwee/correct_ws/install/correct_firmware/local/lib/python3.10/dist-packages/correct_firmware-0.0.0-py3.10.egg-info
[0.968s] -- Installing: /home/louwee/correct_ws/install/correct_firmware/local/lib/python3.10/dist-packages/correct_firmware-0.0.0-py3.10.egg-info/top_level.txt
[0.969s] -- Installing: /home/louwee/correct_ws/install/correct_firmware/local/lib/python3.10/dist-packages/correct_firmware-0.0.0-py3.10.egg-info/PKG-INFO
[0.969s] -- Installing: /home/louwee/correct_ws/install/correct_firmware/local/lib/python3.10/dist-packages/correct_firmware-0.0.0-py3.10.egg-info/dependency_links.txt
[0.969s] -- Installing: /home/louwee/correct_ws/install/correct_firmware/local/lib/python3.10/dist-packages/correct_firmware-0.0.0-py3.10.egg-info/SOURCES.txt
[0.969s] -- Up-to-date: /home/louwee/correct_ws/install/correct_firmware/local/lib/python3.10/dist-packages/correct_firmware
[0.969s] -- Up-to-date: /home/louwee/correct_ws/install/correct_firmware/local/lib/python3.10/dist-packages/correct_firmware/simple_serial_transmitter.py
[0.969s] -- Up-to-date: /home/louwee/correct_ws/install/correct_firmware/local/lib/python3.10/dist-packages/correct_firmware/mpu6050_driver.py
[0.969s] -- Up-to-date: /home/louwee/correct_ws/install/correct_firmware/local/lib/python3.10/dist-packages/correct_firmware/__init__.py
[0.969s] -- Up-to-date: /home/louwee/correct_ws/install/correct_firmware/local/lib/python3.10/dist-packages/correct_firmware/simple_serial_receiver.py
[0.969s] Listing '/home/louwee/correct_ws/install/correct_firmware/local/lib/python3.10/dist-packages/correct_firmware'...
[0.970s] -- Up-to-date: /home/louwee/correct_ws/install/correct_firmware/share/correct_firmware/correct_interface.xml
[0.970s] -- Up-to-date: /home/louwee/correct_ws/install/correct_firmware/lib/libcorrect_firmware.so
[0.970s] -- Up-to-date: /home/louwee/correct_ws/install/correct_firmware/include/include
[0.970s] -- Up-to-date: /home/louwee/correct_ws/install/correct_firmware/include/include/correct_firmware
[0.970s] -- Up-to-date: /home/louwee/correct_ws/install/correct_firmware/include/include/correct_firmware/correct_interface.hpp
[0.970s] -- Up-to-date: /home/louwee/correct_ws/install/correct_firmware/share/correct_firmware/launch
[0.970s] -- Up-to-date: /home/louwee/correct_ws/install/correct_firmware/share/correct_firmware/launch/hardware_interface.launch.py
[0.971s] -- Up-to-date: /home/louwee/correct_ws/install/correct_firmware/lib/correct_firmware/simple_serial_transmitter.py
[0.971s] -- Up-to-date: /home/louwee/correct_ws/install/correct_firmware/lib/correct_firmware/simple_serial_receiver.py
[0.971s] -- Up-to-date: /home/louwee/correct_ws/install/correct_firmware/lib/correct_firmware/mpu6050_driver.py
[0.971s] -- Up-to-date: /home/louwee/correct_ws/install/correct_firmware/lib/correct_firmware/simple_serial_receiver
[0.971s] -- Up-to-date: /home/louwee/correct_ws/install/correct_firmware/lib/correct_firmware/simple_serial_transmitter
[0.971s] -- Up-to-date: /home/louwee/correct_ws/install/correct_firmware/share/correct_firmware/environment/library_path.sh
[0.971s] -- Up-to-date: /home/louwee/correct_ws/install/correct_firmware/share/correct_firmware/environment/library_path.dsv
[0.972s] -- Up-to-date: /home/louwee/correct_ws/install/correct_firmware/share/ament_index/resource_index/package_run_dependencies/correct_firmware
[0.972s] -- Up-to-date: /home/louwee/correct_ws/install/correct_firmware/share/ament_index/resource_index/parent_prefix_path/correct_firmware
[0.972s] -- Up-to-date: /home/louwee/correct_ws/install/correct_firmware/share/correct_firmware/environment/ament_prefix_path.sh
[0.972s] -- Up-to-date: /home/louwee/correct_ws/install/correct_firmware/share/correct_firmware/environment/ament_prefix_path.dsv
[0.972s] -- Up-to-date: /home/louwee/correct_ws/install/correct_firmware/share/correct_firmware/environment/path.sh
[0.973s] -- Up-to-date: /home/louwee/correct_ws/install/correct_firmware/share/correct_firmware/environment/path.dsv
[0.973s] -- Up-to-date: /home/louwee/correct_ws/install/correct_firmware/share/correct_firmware/local_setup.bash
[0.973s] -- Up-to-date: /home/louwee/correct_ws/install/correct_firmware/share/correct_firmware/local_setup.sh
[0.973s] -- Up-to-date: /home/louwee/correct_ws/install/correct_firmware/share/correct_firmware/local_setup.zsh
[0.973s] -- Up-to-date: /home/louwee/correct_ws/install/correct_firmware/share/correct_firmware/local_setup.dsv
[0.973s] -- Installing: /home/louwee/correct_ws/install/correct_firmware/share/correct_firmware/package.dsv
[0.973s] -- Up-to-date: /home/louwee/correct_ws/install/correct_firmware/share/ament_index/resource_index/packages/correct_firmware
[0.974s] -- Up-to-date: /home/louwee/correct_ws/install/correct_firmware/share/ament_index/resource_index/hardware_interface__pluginlib__plugin/correct_firmware
[0.974s] -- Up-to-date: /home/louwee/correct_ws/install/correct_firmware/share/correct_firmware/cmake/ament_cmake_export_include_directories-extras.cmake
[0.974s] -- Up-to-date: /home/louwee/correct_ws/install/correct_firmware/share/correct_firmware/cmake/ament_cmake_export_libraries-extras.cmake
[0.974s] -- Up-to-date: /home/louwee/correct_ws/install/correct_firmware/share/correct_firmware/cmake/ament_cmake_export_dependencies-extras.cmake
[0.974s] -- Up-to-date: /home/louwee/correct_ws/install/correct_firmware/share/correct_firmware/cmake/correct_firmwareConfig.cmake
[0.974s] -- Up-to-date: /home/louwee/correct_ws/install/correct_firmware/share/correct_firmware/cmake/correct_firmwareConfig-version.cmake
[0.975s] -- Up-to-date: /home/louwee/correct_ws/install/correct_firmware/share/correct_firmware/package.xml
[1.005s] Invoked command in '/home/louwee/correct_ws/build/correct_firmware' returned '0': CMAKE_PREFIX_PATH=/opt/ros/humble /usr/bin/cmake --install /home/louwee/correct_ws/build/correct_firmware
