[0.044s] Invoking command in '/home/louwee/correct_ws/build/correct_mapping': CMAKE_PREFIX_PATH=/opt/ros/humble /usr/bin/cmake --build /home/louwee/correct_ws/build/correct_mapping -- -j12 -l12
[0.358s] [  0%] Built target ament_cmake_python_copy_correct_mapping
[0.359s] [100%] Built target mapping_with_known_poses
[0.670s] running egg_info
[0.671s] writing correct_mapping.egg-info/PKG-INFO
[0.671s] writing dependency_links to correct_mapping.egg-info/dependency_links.txt
[0.671s] writing top-level names to correct_mapping.egg-info/top_level.txt
[0.674s] reading manifest file 'correct_mapping.egg-info/SOURCES.txt'
[0.675s] writing manifest file 'correct_mapping.egg-info/SOURCES.txt'
[0.711s] [100%] Built target ament_cmake_python_build_correct_mapping_egg
[0.725s] Invoked command in '/home/louwee/correct_ws/build/correct_mapping' returned '0': CMAKE_PREFIX_PATH=/opt/ros/humble /usr/bin/cmake --build /home/louwee/correct_ws/build/correct_mapping -- -j12 -l12
[0.727s] Invoking command in '/home/louwee/correct_ws/build/correct_mapping': CMAKE_PREFIX_PATH=/opt/ros/humble /usr/bin/cmake --install /home/louwee/correct_ws/build/correct_mapping
[0.739s] -- Install configuration: ""
[0.739s] -- Up-to-date: /home/louwee/correct_ws/install/correct_mapping/share/correct_mapping/environment/pythonpath.sh
[0.739s] -- Up-to-date: /home/louwee/correct_ws/install/correct_mapping/share/correct_mapping/environment/pythonpath.dsv
[0.739s] -- Up-to-date: /home/louwee/correct_ws/install/correct_mapping/local/lib/python3.10/dist-packages/correct_mapping-0.0.0-py3.10.egg-info
[0.739s] -- Installing: /home/louwee/correct_ws/install/correct_mapping/local/lib/python3.10/dist-packages/correct_mapping-0.0.0-py3.10.egg-info/top_level.txt
[0.739s] -- Installing: /home/louwee/correct_ws/install/correct_mapping/local/lib/python3.10/dist-packages/correct_mapping-0.0.0-py3.10.egg-info/PKG-INFO
[0.740s] -- Installing: /home/louwee/correct_ws/install/correct_mapping/local/lib/python3.10/dist-packages/correct_mapping-0.0.0-py3.10.egg-info/dependency_links.txt
[0.740s] -- Installing: /home/louwee/correct_ws/install/correct_mapping/local/lib/python3.10/dist-packages/correct_mapping-0.0.0-py3.10.egg-info/SOURCES.txt
[0.740s] -- Up-to-date: /home/louwee/correct_ws/install/correct_mapping/local/lib/python3.10/dist-packages/correct_mapping
[0.741s] -- Up-to-date: /home/louwee/correct_ws/install/correct_mapping/local/lib/python3.10/dist-packages/correct_mapping/__init__.py
[0.741s] -- Installing: /home/louwee/correct_ws/install/correct_mapping/local/lib/python3.10/dist-packages/correct_mapping/mapping_with_known_poses.py
[0.795s] Listing '/home/louwee/correct_ws/install/correct_mapping/local/lib/python3.10/dist-packages/correct_mapping'...
[0.796s] Compiling '/home/louwee/correct_ws/install/correct_mapping/local/lib/python3.10/dist-packages/correct_mapping/mapping_with_known_poses.py'...
[0.807s] -- Up-to-date: /home/louwee/correct_ws/install/correct_mapping/include/include
[0.807s] -- Up-to-date: /home/louwee/correct_ws/install/correct_mapping/include/include/correct_mapping
[0.807s] -- Up-to-date: /home/louwee/correct_ws/install/correct_mapping/include/include/correct_mapping/mapping_with_known_poses.hpp
[0.808s] -- Up-to-date: /home/louwee/correct_ws/install/correct_mapping/lib/correct_mapping/mapping_with_known_poses
[0.808s] -- Installing: /home/louwee/correct_ws/install/correct_mapping/lib/correct_mapping/mapping_with_known_poses.py
[0.808s] -- Up-to-date: /home/louwee/correct_ws/install/correct_mapping/share/correct_mapping/maps
[0.809s] -- Up-to-date: /home/louwee/correct_ws/install/correct_mapping/share/correct_mapping/maps/small_house
[0.810s] -- Up-to-date: /home/louwee/correct_ws/install/correct_mapping/share/correct_mapping/maps/small_house/map.yaml
[0.810s] -- Up-to-date: /home/louwee/correct_ws/install/correct_mapping/share/correct_mapping/maps/small_house/map.pgm
[0.810s] -- Up-to-date: /home/louwee/correct_ws/install/correct_mapping/share/ament_index/resource_index/package_run_dependencies/correct_mapping
[0.810s] -- Up-to-date: /home/louwee/correct_ws/install/correct_mapping/share/ament_index/resource_index/parent_prefix_path/correct_mapping
[0.810s] -- Up-to-date: /home/louwee/correct_ws/install/correct_mapping/share/correct_mapping/environment/ament_prefix_path.sh
[0.810s] -- Up-to-date: /home/louwee/correct_ws/install/correct_mapping/share/correct_mapping/environment/ament_prefix_path.dsv
[0.810s] -- Up-to-date: /home/louwee/correct_ws/install/correct_mapping/share/correct_mapping/environment/path.sh
[0.811s] -- Up-to-date: /home/louwee/correct_ws/install/correct_mapping/share/correct_mapping/environment/path.dsv
[0.811s] -- Up-to-date: /home/louwee/correct_ws/install/correct_mapping/share/correct_mapping/local_setup.bash
[0.811s] -- Up-to-date: /home/louwee/correct_ws/install/correct_mapping/share/correct_mapping/local_setup.sh
[0.811s] -- Up-to-date: /home/louwee/correct_ws/install/correct_mapping/share/correct_mapping/local_setup.zsh
[0.811s] -- Up-to-date: /home/louwee/correct_ws/install/correct_mapping/share/correct_mapping/local_setup.dsv
[0.811s] -- Installing: /home/louwee/correct_ws/install/correct_mapping/share/correct_mapping/package.dsv
[0.812s] -- Up-to-date: /home/louwee/correct_ws/install/correct_mapping/share/ament_index/resource_index/packages/correct_mapping
[0.814s] -- Up-to-date: /home/louwee/correct_ws/install/correct_mapping/share/correct_mapping/cmake/correct_mappingConfig.cmake
[0.815s] -- Up-to-date: /home/louwee/correct_ws/install/correct_mapping/share/correct_mapping/cmake/correct_mappingConfig-version.cmake
[0.815s] -- Up-to-date: /home/louwee/correct_ws/install/correct_mapping/share/correct_mapping/package.xml
[0.815s] Invoked command in '/home/louwee/correct_ws/build/correct_mapping' returned '0': CMAKE_PREFIX_PATH=/opt/ros/humble /usr/bin/cmake --install /home/louwee/correct_ws/build/correct_mapping
