[0.040s] Invoking command in '/home/louwee/correct_ws/build/correct_planning': CMAKE_PREFIX_PATH=/opt/ros/humble /usr/bin/cmake --build /home/louwee/correct_ws/build/correct_planning -- -j12 -l12
[0.079s] -- Found ament_cmake: 1.3.11 (/opt/ros/humble/share/ament_cmake/cmake)
[0.357s] -- Found rclpy: 3.3.15 (/opt/ros/humble/share/rclpy/cmake)
[0.357s] -- Found rclcpp: 16.0.11 (/opt/ros/humble/share/rclcpp/cmake)
[0.418s] -- Found rosidl_generator_c: 3.1.6 (/opt/ros/humble/share/rosidl_generator_c/cmake)
[0.425s] -- Found rosidl_adapter: 3.1.6 (/opt/ros/humble/share/rosidl_adapter/cmake)
[0.435s] -- Found rosidl_generator_cpp: 3.1.6 (/opt/ros/humble/share/rosidl_generator_cpp/cmake)
[0.455s] -- Using all available rosidl_typesupport_c: rosidl_typesupport_fastrtps_c;rosidl_typesupport_introspection_c
[0.477s] -- Using all available rosidl_typesupport_cpp: rosidl_typesupport_fastrtps_cpp;rosidl_typesupport_introspection_cpp
[0.541s] -- Found rmw_implementation_cmake: 6.1.2 (/opt/ros/humble/share/rmw_implementation_cmake/cmake)
[0.541s] -- Found rmw_fastrtps_cpp: 6.2.7 (/opt/ros/humble/share/rmw_fastrtps_cpp/cmake)
[0.803s] -- Using RMW implementation 'rmw_fastrtps_cpp' as default
[0.853s] -- Found nav_msgs: 4.2.4 (/opt/ros/humble/share/nav_msgs/cmake)
[0.856s] -- Found tf2_ros: 0.25.12 (/opt/ros/humble/share/tf2_ros/cmake)
[0.988s] -- Found ament_lint_auto: 0.12.11 (/opt/ros/humble/share/ament_lint_auto/cmake)
[1.100s] -- Added test 'cppcheck' to perform static code analysis on C / C++ code
[1.101s] -- Configured cppcheck include dirs: /home/louwee/correct_ws/src/correct_planning/include
[1.101s] -- Configured cppcheck exclude dirs and/or files: 
[1.101s] -- Added test 'flake8' to check Python code syntax and style conventions
[1.102s] -- Added test 'lint_cmake' to check CMake code style
[1.103s] -- Added test 'pep257' to check Python code against some of the docstring style conventions in PEP 257
[1.104s] -- Added test 'uncrustify' to check C / C++ code style
[1.104s] -- Configured uncrustify additional arguments: 
[1.105s] -- Added test 'xmllint' to check XML markup files
[1.107s] -- Configuring done
[1.132s] -- Generating done
[1.143s] -- Build files have been written to: /home/louwee/correct_ws/build/correct_planning
[1.173s] [35m[1mConsolidate compiler generated dependencies of target djikstra_planning[0m
[1.178s] [ 25%] [32mBuilding CXX object CMakeFiles/a_star_planning.dir/src/a_star_planning.cpp.o[0m
[1.187s] [ 25%] Built target ament_cmake_python_copy_correct_planning
[1.196s] [ 75%] Built target djikstra_planning
[1.495s] running egg_info
[1.496s] writing correct_planning.egg-info/PKG-INFO
[1.496s] writing dependency_links to correct_planning.egg-info/dependency_links.txt
[1.496s] writing top-level names to correct_planning.egg-info/top_level.txt
[1.498s] reading manifest file 'correct_planning.egg-info/SOURCES.txt'
[1.499s] writing manifest file 'correct_planning.egg-info/SOURCES.txt'
[1.530s] [ 75%] Built target ament_cmake_python_build_correct_planning_egg
[11.775s] [100%] [32m[1mLinking CXX executable a_star_planning[0m
[12.232s] /usr/bin/ld: CMakeFiles/a_star_planning.dir/src/a_star_planning.cpp.o: in function `correct_planning::AStarPlanner::plan(geometry_msgs::msg::Pose_<std::allocator<void> > const&, geometry_msgs::msg::Pose_<std::allocator<void> > const&)':
[12.232s] a_star_planning.cpp:(.text+0x177a): undefined reference to `correct_planning::AStarPlanner::manhattanDistance(correct_planning::GraphNode const&, correct_planning::GraphNode const&)'
[12.233s] /usr/bin/ld: a_star_planning.cpp:(.text+0x19c6): undefined reference to `correct_planning::AStarPlanner::manhattanDistance(correct_planning::GraphNode const&, correct_planning::GraphNode const&)'
[12.294s] collect2: error: ld returned 1 exit status
[12.295s] gmake[2]: *** [CMakeFiles/a_star_planning.dir/build.make:205: a_star_planning] Error 1
[12.296s] gmake[1]: *** [CMakeFiles/Makefile2:168: CMakeFiles/a_star_planning.dir/all] Error 2
[12.296s] gmake: *** [Makefile:146: all] Error 2
[12.298s] Invoked command in '/home/louwee/correct_ws/build/correct_planning' returned '2': CMAKE_PREFIX_PATH=/opt/ros/humble /usr/bin/cmake --build /home/louwee/correct_ws/build/correct_planning -- -j12 -l12
