[0.012s] Invoking command in '/home/louwee/correct_ws/build/correct_cpp_examples': AMENT_PREFIX_PATH=/home/louwee/correct_ws/install/correct_msgs:${AMENT_PREFIX_PATH} CMAKE_PREFIX_PATH=/home/louwee/correct_ws/install/correct_msgs:/opt/ros/humble LD_LIBRARY_PATH=/home/louwee/correct_ws/install/correct_msgs/lib:${LD_LIBRARY_PATH} PYTHONPATH=/home/louwee/correct_ws/install/correct_msgs/local/lib/python3.10/dist-packages:${PYTHONPATH} /usr/bin/cmake --build /home/louwee/correct_ws/build/correct_cpp_examples -- -j12 -l12
[0.033s] -- Found ament_cmake: 1.3.11 (/opt/ros/humble/share/ament_cmake/cmake)
[0.150s] -- Found rclcpp: 16.0.11 (/opt/ros/humble/share/rclcpp/cmake)
[0.183s] -- Found rosidl_generator_c: 3.1.6 (/opt/ros/humble/share/rosidl_generator_c/cmake)
[0.186s] -- Found rosidl_adapter: 3.1.6 (/opt/ros/humble/share/rosidl_adapter/cmake)
[0.192s] -- Found rosidl_generator_cpp: 3.1.6 (/opt/ros/humble/share/rosidl_generator_cpp/cmake)
[0.201s] -- Using all available rosidl_typesupport_c: rosidl_typesupport_fastrtps_c;rosidl_typesupport_introspection_c
[0.213s] -- Using all available rosidl_typesupport_cpp: rosidl_typesupport_fastrtps_cpp;rosidl_typesupport_introspection_cpp
[0.252s] -- Found rmw_implementation_cmake: 6.1.2 (/opt/ros/humble/share/rmw_implementation_cmake/cmake)
[0.254s] -- Found rmw_fastrtps_cpp: 6.2.7 (/opt/ros/humble/share/rmw_fastrtps_cpp/cmake)
[0.364s] -- Using RMW implementation 'rmw_fastrtps_cpp' as default
[0.412s] -- Found rclcpp_action: 16.0.11 (/opt/ros/humble/share/rclcpp_action/cmake)
[0.442s] -- Found rclcpp_components: 16.0.11 (/opt/ros/humble/share/rclcpp_components/cmake)
[0.461s] -- Found turtlesim: 1.4.2 (/opt/ros/humble/share/turtlesim/cmake)
[0.474s] -- Found correct_msgs: 0.0.0 (/home/louwee/correct_ws/install/correct_msgs/share/correct_msgs/cmake)
[0.505s] -- Found tf2: 0.25.12 (/opt/ros/humble/share/tf2/cmake)
[0.508s] -- Found tf2_ros: 0.25.12 (/opt/ros/humble/share/tf2_ros/cmake)
[0.537s] -- Found rclcpp_lifecycle: 16.0.11 (/opt/ros/humble/share/rclcpp_lifecycle/cmake)
[0.552s] -- Found nav_msgs: 4.2.4 (/opt/ros/humble/share/nav_msgs/cmake)
[0.676s] -- Configuring done
[0.737s] -- Generating done
[0.760s] -- Build files have been written to: /home/louwee/correct_ws/build/correct_cpp_examples
[0.797s] [35m[1mConsolidate compiler generated dependencies of target simple_subscriber[0m
[0.798s] [35m[1mConsolidate compiler generated dependencies of target simple_turtlesim_kinematics[0m
[0.798s] [35m[1mConsolidate compiler generated dependencies of target executor_examples[0m
[0.801s] [35m[1mConsolidate compiler generated dependencies of target simple_lifecycle_node[0m
[0.802s] [35m[1mConsolidate compiler generated dependencies of target simple_tf_kinematics[0m
[0.802s] [35m[1mConsolidate compiler generated dependencies of target simple_parameter[0m
[0.802s] [35m[1mConsolidate compiler generated dependencies of target simple_service_server[0m
[0.803s] [35m[1mConsolidate compiler generated dependencies of target simple_service_client[0m
[0.804s] [35m[1mConsolidate compiler generated dependencies of target simple_publisher[0m
[0.813s] [35m[1mConsolidate compiler generated dependencies of target simple_action_server_node[0m
[0.817s] [35m[1mConsolidate compiler generated dependencies of target simple_action_server[0m
[0.832s] [  7%] Built target simple_subscriber
[0.832s] [ 11%] [32mBuilding CXX object CMakeFiles/simple_action_client.dir/src/simple_action_client.cpp.o[0m
[0.838s] [ 19%] Built target executor_examples
[0.839s] [ 30%] Built target simple_tf_kinematics
[0.839s] [ 34%] Built target simple_turtlesim_kinematics
[0.848s] [ 42%] Built target simple_lifecycle_node
[0.848s] [ 50%] Built target simple_service_server
[0.849s] [ 61%] Built target simple_action_server_node
[0.849s] [ 65%] Built target simple_parameter
[0.849s] [ 80%] Built target simple_service_client
[0.849s] [ 80%] Built target simple_publisher
[0.851s] [ 88%] Built target simple_action_server
[0.864s] [ 92%] [32mBuilding CXX object CMakeFiles/simple_action_client_node.dir/rclcpp_components/node_main_simple_action_client_node.cpp.o[0m
[4.123s] [ 96%] [32m[1mLinking CXX executable simple_action_client_node[0m
[4.247s] [ 96%] Built target simple_action_client_node
[5.234s] [100%] [32m[1mLinking CXX shared library libsimple_action_client.so[0m
[5.396s] [100%] Built target simple_action_client
[5.406s] Invoked command in '/home/louwee/correct_ws/build/correct_cpp_examples' returned '0': AMENT_PREFIX_PATH=/home/louwee/correct_ws/install/correct_msgs:${AMENT_PREFIX_PATH} CMAKE_PREFIX_PATH=/home/louwee/correct_ws/install/correct_msgs:/opt/ros/humble LD_LIBRARY_PATH=/home/louwee/correct_ws/install/correct_msgs/lib:${LD_LIBRARY_PATH} PYTHONPATH=/home/louwee/correct_ws/install/correct_msgs/local/lib/python3.10/dist-packages:${PYTHONPATH} /usr/bin/cmake --build /home/louwee/correct_ws/build/correct_cpp_examples -- -j12 -l12
[5.408s] Invoking command in '/home/louwee/correct_ws/build/correct_cpp_examples': AMENT_PREFIX_PATH=/home/louwee/correct_ws/install/correct_msgs:${AMENT_PREFIX_PATH} CMAKE_PREFIX_PATH=/home/louwee/correct_ws/install/correct_msgs:/opt/ros/humble LD_LIBRARY_PATH=/home/louwee/correct_ws/install/correct_msgs/lib:${LD_LIBRARY_PATH} PYTHONPATH=/home/louwee/correct_ws/install/correct_msgs/local/lib/python3.10/dist-packages:${PYTHONPATH} /usr/bin/cmake --install /home/louwee/correct_ws/build/correct_cpp_examples
[5.414s] -- Install configuration: ""
[5.415s] -- Up-to-date: /home/louwee/correct_ws/install/correct_cpp_examples/lib/correct_cpp_examples/simple_action_server_node
[5.415s] -- Installing: /home/louwee/correct_ws/install/correct_cpp_examples/lib/correct_cpp_examples/simple_action_client_node
[5.416s] -- Set runtime path of "/home/louwee/correct_ws/install/correct_cpp_examples/lib/correct_cpp_examples/simple_action_client_node" to ""
[5.416s] -- Up-to-date: /home/louwee/correct_ws/install/correct_cpp_examples/include/include
[5.416s] -- Up-to-date: /home/louwee/correct_ws/install/correct_cpp_examples/include/include/correct_cpp_examples
[5.416s] -- Up-to-date: /home/louwee/correct_ws/install/correct_cpp_examples/include/include/correct_cpp_examples/simple_turtlesim_kinematics.hpp
[5.416s] -- Up-to-date: /home/louwee/correct_ws/install/correct_cpp_examples/include/include/correct_cpp_examples/simple_tf_kinematics.hpp
[5.416s] -- Up-to-date: /home/louwee/correct_ws/install/correct_cpp_examples/lib/correct_cpp_examples/simple_publisher
[5.416s] -- Up-to-date: /home/louwee/correct_ws/install/correct_cpp_examples/lib/correct_cpp_examples/simple_subscriber
[5.416s] -- Up-to-date: /home/louwee/correct_ws/install/correct_cpp_examples/lib/correct_cpp_examples/simple_parameter
[5.417s] -- Up-to-date: /home/louwee/correct_ws/install/correct_cpp_examples/lib/correct_cpp_examples/simple_turtlesim_kinematics
[5.417s] -- Up-to-date: /home/louwee/correct_ws/install/correct_cpp_examples/lib/correct_cpp_examples/simple_service_server
[5.418s] -- Up-to-date: /home/louwee/correct_ws/install/correct_cpp_examples/lib/correct_cpp_examples/simple_service_client
[5.418s] -- Up-to-date: /home/louwee/correct_ws/install/correct_cpp_examples/lib/correct_cpp_examples/simple_tf_kinematics
[5.418s] -- Up-to-date: /home/louwee/correct_ws/install/correct_cpp_examples/lib/correct_cpp_examples/simple_lifecycle_node
[5.419s] -- Up-to-date: /home/louwee/correct_ws/install/correct_cpp_examples/lib/correct_cpp_examples/executor_examples
[5.419s] -- Up-to-date: /home/louwee/correct_ws/install/correct_cpp_examples/lib/libsimple_action_server.so
[5.419s] -- Installing: /home/louwee/correct_ws/install/correct_cpp_examples/lib/libsimple_action_client.so
[5.421s] -- Set runtime path of "/home/louwee/correct_ws/install/correct_cpp_examples/lib/libsimple_action_client.so" to ""
[5.421s] -- Up-to-date: /home/louwee/correct_ws/install/correct_cpp_examples/share/ament_index/resource_index/package_run_dependencies/correct_cpp_examples
[5.421s] -- Up-to-date: /home/louwee/correct_ws/install/correct_cpp_examples/share/ament_index/resource_index/parent_prefix_path/correct_cpp_examples
[5.422s] -- Up-to-date: /home/louwee/correct_ws/install/correct_cpp_examples/share/correct_cpp_examples/environment/ament_prefix_path.sh
[5.422s] -- Installing: /home/louwee/correct_ws/install/correct_cpp_examples/share/correct_cpp_examples/environment/ament_prefix_path.dsv
[5.422s] -- Up-to-date: /home/louwee/correct_ws/install/correct_cpp_examples/share/correct_cpp_examples/environment/path.sh
[5.422s] -- Installing: /home/louwee/correct_ws/install/correct_cpp_examples/share/correct_cpp_examples/environment/path.dsv
[5.422s] -- Up-to-date: /home/louwee/correct_ws/install/correct_cpp_examples/share/correct_cpp_examples/local_setup.bash
[5.422s] -- Up-to-date: /home/louwee/correct_ws/install/correct_cpp_examples/share/correct_cpp_examples/local_setup.sh
[5.422s] -- Up-to-date: /home/louwee/correct_ws/install/correct_cpp_examples/share/correct_cpp_examples/local_setup.zsh
[5.422s] -- Installing: /home/louwee/correct_ws/install/correct_cpp_examples/share/correct_cpp_examples/local_setup.dsv
[5.422s] -- Installing: /home/louwee/correct_ws/install/correct_cpp_examples/share/correct_cpp_examples/package.dsv
[5.422s] -- Up-to-date: /home/louwee/correct_ws/install/correct_cpp_examples/share/ament_index/resource_index/packages/correct_cpp_examples
[5.423s] -- Installing: /home/louwee/correct_ws/install/correct_cpp_examples/share/ament_index/resource_index/rclcpp_components/correct_cpp_examples
[5.423s] -- Up-to-date: /home/louwee/correct_ws/install/correct_cpp_examples/share/correct_cpp_examples/cmake/correct_cpp_examplesConfig.cmake
[5.423s] -- Up-to-date: /home/louwee/correct_ws/install/correct_cpp_examples/share/correct_cpp_examples/cmake/correct_cpp_examplesConfig-version.cmake
[5.423s] -- Up-to-date: /home/louwee/correct_ws/install/correct_cpp_examples/share/correct_cpp_examples/package.xml
[5.424s] Invoked command in '/home/louwee/correct_ws/build/correct_cpp_examples' returned '0': AMENT_PREFIX_PATH=/home/louwee/correct_ws/install/correct_msgs:${AMENT_PREFIX_PATH} CMAKE_PREFIX_PATH=/home/louwee/correct_ws/install/correct_msgs:/opt/ros/humble LD_LIBRARY_PATH=/home/louwee/correct_ws/install/correct_msgs/lib:${LD_LIBRARY_PATH} PYTHONPATH=/home/louwee/correct_ws/install/correct_msgs/local/lib/python3.10/dist-packages:${PYTHONPATH} /usr/bin/cmake --install /home/louwee/correct_ws/build/correct_cpp_examples
