[0.047s] Invoking command in '/home/louwee/correct_ws/build/correct_controller': CMAKE_PREFIX_PATH=/opt/ros/humble /usr/bin/cmake --build /home/louwee/correct_ws/build/correct_controller -- -j12 -l12
[0.140s] [ 33%] Built target simple_controller
[0.155s] [ 66%] Built target noisy_controller
[0.172s] [100%] Built target twist_relay
[0.172s] [100%] Built target ament_cmake_python_copy_correct_controller
[0.609s] running egg_info
[0.610s] writing correct_controller.egg-info/PKG-INFO
[0.610s] writing dependency_links to correct_controller.egg-info/dependency_links.txt
[0.610s] writing top-level names to correct_controller.egg-info/top_level.txt
[0.614s] reading manifest file 'correct_controller.egg-info/SOURCES.txt'
[0.614s] writing manifest file 'correct_controller.egg-info/SOURCES.txt'
[0.786s] [100%] Built target ament_cmake_python_build_correct_controller_egg
[0.846s] Invoked command in '/home/louwee/correct_ws/build/correct_controller' returned '0': CMAKE_PREFIX_PATH=/opt/ros/humble /usr/bin/cmake --build /home/louwee/correct_ws/build/correct_controller -- -j12 -l12
[0.847s] Invoking command in '/home/louwee/correct_ws/build/correct_controller': CMAKE_PREFIX_PATH=/opt/ros/humble /usr/bin/cmake --install /home/louwee/correct_ws/build/correct_controller
[0.852s] -- Install configuration: ""
[0.852s] -- Up-to-date: /home/louwee/correct_ws/install/correct_controller/share/correct_controller/environment/pythonpath.sh
[0.853s] -- Up-to-date: /home/louwee/correct_ws/install/correct_controller/share/correct_controller/environment/pythonpath.dsv
[0.854s] -- Up-to-date: /home/louwee/correct_ws/install/correct_controller/local/lib/python3.10/dist-packages/correct_controller-0.0.0-py3.10.egg-info
[0.854s] -- Installing: /home/louwee/correct_ws/install/correct_controller/local/lib/python3.10/dist-packages/correct_controller-0.0.0-py3.10.egg-info/top_level.txt
[0.854s] -- Installing: /home/louwee/correct_ws/install/correct_controller/local/lib/python3.10/dist-packages/correct_controller-0.0.0-py3.10.egg-info/PKG-INFO
[0.854s] -- Installing: /home/louwee/correct_ws/install/correct_controller/local/lib/python3.10/dist-packages/correct_controller-0.0.0-py3.10.egg-info/dependency_links.txt
[0.854s] -- Installing: /home/louwee/correct_ws/install/correct_controller/local/lib/python3.10/dist-packages/correct_controller-0.0.0-py3.10.egg-info/SOURCES.txt
[0.863s] -- Up-to-date: /home/louwee/correct_ws/install/correct_controller/local/lib/python3.10/dist-packages/correct_controller
[0.863s] -- Up-to-date: /home/louwee/correct_ws/install/correct_controller/local/lib/python3.10/dist-packages/correct_controller/simple_controller.py
[0.863s] -- Up-to-date: /home/louwee/correct_ws/install/correct_controller/local/lib/python3.10/dist-packages/correct_controller/__init__.py
[0.863s] -- Up-to-date: /home/louwee/correct_ws/install/correct_controller/local/lib/python3.10/dist-packages/correct_controller/noisy_controller.py
[0.863s] -- Up-to-date: /home/louwee/correct_ws/install/correct_controller/local/lib/python3.10/dist-packages/correct_controller/twist_relay.py
[0.868s] Listing '/home/louwee/correct_ws/install/correct_controller/local/lib/python3.10/dist-packages/correct_controller'...
[0.869s] -- Up-to-date: /home/louwee/correct_ws/install/correct_controller/include/include
[0.869s] -- Up-to-date: /home/louwee/correct_ws/install/correct_controller/include/include/correct_controller
[0.870s] -- Up-to-date: /home/louwee/correct_ws/install/correct_controller/include/include/correct_controller/simple_controller.hpp
[0.870s] -- Up-to-date: /home/louwee/correct_ws/install/correct_controller/include/include/correct_controller/noisy_controller.hpp
[0.870s] -- Up-to-date: /home/louwee/correct_ws/install/correct_controller/lib/correct_controller/simple_controller
[0.871s] -- Up-to-date: /home/louwee/correct_ws/install/correct_controller/lib/correct_controller/noisy_controller
[0.876s] -- Up-to-date: /home/louwee/correct_ws/install/correct_controller/lib/correct_controller/twist_relay
[0.876s] -- Up-to-date: /home/louwee/correct_ws/install/correct_controller/share/correct_controller/launch
[0.877s] -- Up-to-date: /home/louwee/correct_ws/install/correct_controller/share/correct_controller/launch/controller.launch.py
[0.877s] -- Up-to-date: /home/louwee/correct_ws/install/correct_controller/share/correct_controller/launch/joystick_teleop.launch.py
[0.877s] -- Up-to-date: /home/louwee/correct_ws/install/correct_controller/share/correct_controller/config
[0.878s] -- Up-to-date: /home/louwee/correct_ws/install/correct_controller/share/correct_controller/config/twist_mux_locks.yaml
[0.878s] -- Up-to-date: /home/louwee/correct_ws/install/correct_controller/share/correct_controller/config/twist_mux_joy.yaml
[0.879s] -- Up-to-date: /home/louwee/correct_ws/install/correct_controller/share/correct_controller/config/joy_teleop.yaml
[0.879s] -- Up-to-date: /home/louwee/correct_ws/install/correct_controller/share/correct_controller/config/joy_config.yaml
[0.879s] -- Up-to-date: /home/louwee/correct_ws/install/correct_controller/share/correct_controller/config/twist_mux_topics.yaml
[0.879s] -- Up-to-date: /home/louwee/correct_ws/install/correct_controller/share/correct_controller/config/correct_controller.yaml
[0.879s] -- Up-to-date: /home/louwee/correct_ws/install/correct_controller/lib/correct_controller/simple_controller.py
[0.880s] -- Up-to-date: /home/louwee/correct_ws/install/correct_controller/lib/correct_controller/noisy_controller.py
[0.880s] -- Up-to-date: /home/louwee/correct_ws/install/correct_controller/lib/correct_controller/twist_relay.py
[0.880s] -- Up-to-date: /home/louwee/correct_ws/install/correct_controller/share/ament_index/resource_index/package_run_dependencies/correct_controller
[0.880s] -- Up-to-date: /home/louwee/correct_ws/install/correct_controller/share/ament_index/resource_index/parent_prefix_path/correct_controller
[0.880s] -- Up-to-date: /home/louwee/correct_ws/install/correct_controller/share/correct_controller/environment/ament_prefix_path.sh
[0.880s] -- Up-to-date: /home/louwee/correct_ws/install/correct_controller/share/correct_controller/environment/ament_prefix_path.dsv
[0.881s] -- Up-to-date: /home/louwee/correct_ws/install/correct_controller/share/correct_controller/environment/path.sh
[0.881s] -- Up-to-date: /home/louwee/correct_ws/install/correct_controller/share/correct_controller/environment/path.dsv
[0.881s] -- Up-to-date: /home/louwee/correct_ws/install/correct_controller/share/correct_controller/local_setup.bash
[0.881s] -- Up-to-date: /home/louwee/correct_ws/install/correct_controller/share/correct_controller/local_setup.sh
[0.881s] -- Up-to-date: /home/louwee/correct_ws/install/correct_controller/share/correct_controller/local_setup.zsh
[0.881s] -- Up-to-date: /home/louwee/correct_ws/install/correct_controller/share/correct_controller/local_setup.dsv
[0.882s] -- Installing: /home/louwee/correct_ws/install/correct_controller/share/correct_controller/package.dsv
[0.882s] -- Up-to-date: /home/louwee/correct_ws/install/correct_controller/share/ament_index/resource_index/packages/correct_controller
[0.883s] -- Up-to-date: /home/louwee/correct_ws/install/correct_controller/share/correct_controller/cmake/correct_controllerConfig.cmake
[0.883s] -- Up-to-date: /home/louwee/correct_ws/install/correct_controller/share/correct_controller/cmake/correct_controllerConfig-version.cmake
[0.883s] -- Up-to-date: /home/louwee/correct_ws/install/correct_controller/share/correct_controller/package.xml
[0.942s] Invoked command in '/home/louwee/correct_ws/build/correct_controller' returned '0': CMAKE_PREFIX_PATH=/opt/ros/humble /usr/bin/cmake --install /home/louwee/correct_ws/build/correct_controller
