[0.050s] Invoking command in '/home/louwee/correct_ws/build/correct_cpp_examples': AMENT_PREFIX_PATH=/home/louwee/correct_ws/install/correct_msgs:${AMENT_PREFIX_PATH} CMAKE_PREFIX_PATH=/home/louwee/correct_ws/install/correct_msgs:/opt/ros/humble LD_LIBRARY_PATH=/home/louwee/correct_ws/install/correct_msgs/lib:${LD_LIBRARY_PATH} PYTHONPATH=/home/louwee/correct_ws/install/correct_msgs/local/lib/python3.10/dist-packages:${PYTHONPATH} /usr/bin/cmake --build /home/louwee/correct_ws/build/correct_cpp_examples -- -j12 -l12
[0.372s] [  6%] Built target simple_publisher
[0.383s] [ 13%] Built target executor_examples
[0.388s] [ 20%] Built target simple_parameter
[0.404s] [ 26%] Built target simple_tf_kinematics
[0.406s] [ 33%] Built target simple_lifecycle_node
[0.418s] [ 40%] Built target simple_subscriber
[0.424s] [ 46%] Built target simple_action_server_node
[0.442s] [ 53%] Built target simple_turtlesim_kinematics
[0.447s] [ 60%] Built target simple_service_client
[0.451s] [ 66%] Built target simple_service_server
[0.462s] [ 73%] Built target simple_action_client
[0.471s] [ 80%] Built target simple_action_server
[0.522s] [ 86%] Built target simple_qos_publisher
[0.556s] [ 93%] Built target simple_qos_subscriber
[0.562s] [100%] Built target simple_action_client_node
[0.835s] Invoked command in '/home/louwee/correct_ws/build/correct_cpp_examples' returned '0': AMENT_PREFIX_PATH=/home/louwee/correct_ws/install/correct_msgs:${AMENT_PREFIX_PATH} CMAKE_PREFIX_PATH=/home/louwee/correct_ws/install/correct_msgs:/opt/ros/humble LD_LIBRARY_PATH=/home/louwee/correct_ws/install/correct_msgs/lib:${LD_LIBRARY_PATH} PYTHONPATH=/home/louwee/correct_ws/install/correct_msgs/local/lib/python3.10/dist-packages:${PYTHONPATH} /usr/bin/cmake --build /home/louwee/correct_ws/build/correct_cpp_examples -- -j12 -l12
[0.838s] Invoking command in '/home/louwee/correct_ws/build/correct_cpp_examples': AMENT_PREFIX_PATH=/home/louwee/correct_ws/install/correct_msgs:${AMENT_PREFIX_PATH} CMAKE_PREFIX_PATH=/home/louwee/correct_ws/install/correct_msgs:/opt/ros/humble LD_LIBRARY_PATH=/home/louwee/correct_ws/install/correct_msgs/lib:${LD_LIBRARY_PATH} PYTHONPATH=/home/louwee/correct_ws/install/correct_msgs/local/lib/python3.10/dist-packages:${PYTHONPATH} /usr/bin/cmake --install /home/louwee/correct_ws/build/correct_cpp_examples
[0.848s] -- Install configuration: ""
[0.848s] -- Up-to-date: /home/louwee/correct_ws/install/correct_cpp_examples/lib/correct_cpp_examples/simple_action_server_node
[0.849s] -- Up-to-date: /home/louwee/correct_ws/install/correct_cpp_examples/lib/correct_cpp_examples/simple_action_client_node
[0.849s] -- Up-to-date: /home/louwee/correct_ws/install/correct_cpp_examples/include/include
[0.849s] -- Up-to-date: /home/louwee/correct_ws/install/correct_cpp_examples/include/include/correct_cpp_examples
[0.850s] -- Up-to-date: /home/louwee/correct_ws/install/correct_cpp_examples/include/include/correct_cpp_examples/simple_turtlesim_kinematics.hpp
[0.850s] -- Up-to-date: /home/louwee/correct_ws/install/correct_cpp_examples/include/include/correct_cpp_examples/simple_tf_kinematics.hpp
[0.850s] -- Up-to-date: /home/louwee/correct_ws/install/correct_cpp_examples/lib/correct_cpp_examples/simple_publisher
[0.850s] -- Up-to-date: /home/louwee/correct_ws/install/correct_cpp_examples/lib/correct_cpp_examples/simple_subscriber
[0.851s] -- Up-to-date: /home/louwee/correct_ws/install/correct_cpp_examples/lib/correct_cpp_examples/simple_qos_publisher
[0.852s] -- Up-to-date: /home/louwee/correct_ws/install/correct_cpp_examples/lib/correct_cpp_examples/simple_qos_subscriber
[0.852s] -- Up-to-date: /home/louwee/correct_ws/install/correct_cpp_examples/lib/correct_cpp_examples/simple_parameter
[0.853s] -- Up-to-date: /home/louwee/correct_ws/install/correct_cpp_examples/lib/correct_cpp_examples/simple_turtlesim_kinematics
[0.854s] -- Up-to-date: /home/louwee/correct_ws/install/correct_cpp_examples/lib/correct_cpp_examples/simple_service_server
[0.854s] -- Up-to-date: /home/louwee/correct_ws/install/correct_cpp_examples/lib/correct_cpp_examples/simple_service_client
[0.855s] -- Up-to-date: /home/louwee/correct_ws/install/correct_cpp_examples/lib/correct_cpp_examples/simple_tf_kinematics
[0.856s] -- Up-to-date: /home/louwee/correct_ws/install/correct_cpp_examples/lib/correct_cpp_examples/simple_lifecycle_node
[0.856s] -- Up-to-date: /home/louwee/correct_ws/install/correct_cpp_examples/lib/correct_cpp_examples/executor_examples
[0.857s] -- Up-to-date: /home/louwee/correct_ws/install/correct_cpp_examples/lib/libsimple_action_server.so
[0.858s] -- Up-to-date: /home/louwee/correct_ws/install/correct_cpp_examples/lib/libsimple_action_client.so
[0.858s] -- Up-to-date: /home/louwee/correct_ws/install/correct_cpp_examples/share/ament_index/resource_index/package_run_dependencies/correct_cpp_examples
[0.859s] -- Up-to-date: /home/louwee/correct_ws/install/correct_cpp_examples/share/ament_index/resource_index/parent_prefix_path/correct_cpp_examples
[0.859s] -- Up-to-date: /home/louwee/correct_ws/install/correct_cpp_examples/share/correct_cpp_examples/environment/ament_prefix_path.sh
[0.859s] -- Up-to-date: /home/louwee/correct_ws/install/correct_cpp_examples/share/correct_cpp_examples/environment/ament_prefix_path.dsv
[0.859s] -- Up-to-date: /home/louwee/correct_ws/install/correct_cpp_examples/share/correct_cpp_examples/environment/path.sh
[0.859s] -- Up-to-date: /home/louwee/correct_ws/install/correct_cpp_examples/share/correct_cpp_examples/environment/path.dsv
[0.860s] -- Up-to-date: /home/louwee/correct_ws/install/correct_cpp_examples/share/correct_cpp_examples/local_setup.bash
[0.860s] -- Up-to-date: /home/louwee/correct_ws/install/correct_cpp_examples/share/correct_cpp_examples/local_setup.sh
[0.860s] -- Up-to-date: /home/louwee/correct_ws/install/correct_cpp_examples/share/correct_cpp_examples/local_setup.zsh
[0.860s] -- Up-to-date: /home/louwee/correct_ws/install/correct_cpp_examples/share/correct_cpp_examples/local_setup.dsv
[0.860s] -- Installing: /home/louwee/correct_ws/install/correct_cpp_examples/share/correct_cpp_examples/package.dsv
[0.861s] -- Up-to-date: /home/louwee/correct_ws/install/correct_cpp_examples/share/ament_index/resource_index/packages/correct_cpp_examples
[0.861s] -- Up-to-date: /home/louwee/correct_ws/install/correct_cpp_examples/share/ament_index/resource_index/rclcpp_components/correct_cpp_examples
[0.861s] -- Up-to-date: /home/louwee/correct_ws/install/correct_cpp_examples/share/correct_cpp_examples/cmake/correct_cpp_examplesConfig.cmake
[0.861s] -- Up-to-date: /home/louwee/correct_ws/install/correct_cpp_examples/share/correct_cpp_examples/cmake/correct_cpp_examplesConfig-version.cmake
[0.861s] -- Up-to-date: /home/louwee/correct_ws/install/correct_cpp_examples/share/correct_cpp_examples/package.xml
[0.864s] Invoked command in '/home/louwee/correct_ws/build/correct_cpp_examples' returned '0': AMENT_PREFIX_PATH=/home/louwee/correct_ws/install/correct_msgs:${AMENT_PREFIX_PATH} CMAKE_PREFIX_PATH=/home/louwee/correct_ws/install/correct_msgs:/opt/ros/humble LD_LIBRARY_PATH=/home/louwee/correct_ws/install/correct_msgs/lib:${LD_LIBRARY_PATH} PYTHONPATH=/home/louwee/correct_ws/install/correct_msgs/local/lib/python3.10/dist-packages:${PYTHONPATH} /usr/bin/cmake --install /home/louwee/correct_ws/build/correct_cpp_examples
