[0.038s] Invoking command in '/home/louwee/correct_ws/build/correct_mapping': CMAKE_PREFIX_PATH=/opt/ros/humble /usr/bin/cmake --build /home/louwee/correct_ws/build/correct_mapping -- -j12 -l12
[0.119s] Invoked command in '/home/louwee/correct_ws/build/correct_mapping' returned '0': CMAKE_PREFIX_PATH=/opt/ros/humble /usr/bin/cmake --build /home/louwee/correct_ws/build/correct_mapping -- -j12 -l12
[0.120s] Invoking command in '/home/louwee/correct_ws/build/correct_mapping': CMAKE_PREFIX_PATH=/opt/ros/humble /usr/bin/cmake --install /home/louwee/correct_ws/build/correct_mapping
[0.136s] -- Install configuration: ""
[0.137s] -- Up-to-date: /home/louwee/correct_ws/install/correct_mapping/share/correct_mapping/maps
[0.137s] -- Up-to-date: /home/louwee/correct_ws/install/correct_mapping/share/correct_mapping/maps/small_house
[0.137s] -- Up-to-date: /home/louwee/correct_ws/install/correct_mapping/share/correct_mapping/maps/small_house/map.yaml
[0.137s] -- Up-to-date: /home/louwee/correct_ws/install/correct_mapping/share/correct_mapping/maps/small_house/map.pgm
[0.137s] -- Up-to-date: /home/louwee/correct_ws/install/correct_mapping/share/ament_index/resource_index/package_run_dependencies/correct_mapping
[0.137s] -- Up-to-date: /home/louwee/correct_ws/install/correct_mapping/share/ament_index/resource_index/parent_prefix_path/correct_mapping
[0.137s] -- Up-to-date: /home/louwee/correct_ws/install/correct_mapping/share/correct_mapping/environment/ament_prefix_path.sh
[0.138s] -- Up-to-date: /home/louwee/correct_ws/install/correct_mapping/share/correct_mapping/environment/ament_prefix_path.dsv
[0.138s] -- Up-to-date: /home/louwee/correct_ws/install/correct_mapping/share/correct_mapping/environment/path.sh
[0.138s] -- Up-to-date: /home/louwee/correct_ws/install/correct_mapping/share/correct_mapping/environment/path.dsv
[0.138s] -- Up-to-date: /home/louwee/correct_ws/install/correct_mapping/share/correct_mapping/local_setup.bash
[0.139s] -- Up-to-date: /home/louwee/correct_ws/install/correct_mapping/share/correct_mapping/local_setup.sh
[0.140s] -- Up-to-date: /home/louwee/correct_ws/install/correct_mapping/share/correct_mapping/local_setup.zsh
[0.140s] -- Up-to-date: /home/louwee/correct_ws/install/correct_mapping/share/correct_mapping/local_setup.dsv
[0.140s] -- Installing: /home/louwee/correct_ws/install/correct_mapping/share/correct_mapping/package.dsv
[0.140s] -- Up-to-date: /home/louwee/correct_ws/install/correct_mapping/share/ament_index/resource_index/packages/correct_mapping
[0.140s] -- Up-to-date: /home/louwee/correct_ws/install/correct_mapping/share/correct_mapping/cmake/correct_mappingConfig.cmake
[0.141s] -- Up-to-date: /home/louwee/correct_ws/install/correct_mapping/share/correct_mapping/cmake/correct_mappingConfig-version.cmake
[0.147s] -- Up-to-date: /home/louwee/correct_ws/install/correct_mapping/share/correct_mapping/package.xml
[0.353s] Invoked command in '/home/louwee/correct_ws/build/correct_mapping' returned '0': CMAKE_PREFIX_PATH=/opt/ros/humble /usr/bin/cmake --install /home/louwee/correct_ws/build/correct_mapping
