[0.055s] Invoking command in '/home/louwee/correct_ws/build/correct_motion': CMAKE_PREFIX_PATH=/opt/ros/humble /usr/bin/cmake --build /home/louwee/correct_ws/build/correct_motion -- -j12 -l12
[0.185s] Invoked command in '/home/louwee/correct_ws/build/correct_motion' returned '0': CMAKE_PREFIX_PATH=/opt/ros/humble /usr/bin/cmake --build /home/louwee/correct_ws/build/correct_motion -- -j12 -l12
[0.186s] Invoking command in '/home/louwee/correct_ws/build/correct_motion': CMAKE_PREFIX_PATH=/opt/ros/humble /usr/bin/cmake --install /home/louwee/correct_ws/build/correct_motion
[1.145s] -- Install configuration: ""
[1.145s] -- Up-to-date: /home/louwee/correct_ws/install/correct_motion/share/ament_index/resource_index/package_run_dependencies/correct_motion
[1.146s] -- Up-to-date: /home/louwee/correct_ws/install/correct_motion/share/ament_index/resource_index/parent_prefix_path/correct_motion
[1.146s] -- Up-to-date: /home/louwee/correct_ws/install/correct_motion/share/correct_motion/environment/ament_prefix_path.sh
[1.147s] -- Up-to-date: /home/louwee/correct_ws/install/correct_motion/share/correct_motion/environment/ament_prefix_path.dsv
[1.152s] -- Up-to-date: /home/louwee/correct_ws/install/correct_motion/share/correct_motion/environment/path.sh
[1.155s] -- Up-to-date: /home/louwee/correct_ws/install/correct_motion/share/correct_motion/environment/path.dsv
[1.155s] -- Up-to-date: /home/louwee/correct_ws/install/correct_motion/share/correct_motion/local_setup.bash
[1.156s] -- Up-to-date: /home/louwee/correct_ws/install/correct_motion/share/correct_motion/local_setup.sh
[1.157s] -- Up-to-date: /home/louwee/correct_ws/install/correct_motion/share/correct_motion/local_setup.zsh
[1.157s] -- Up-to-date: /home/louwee/correct_ws/install/correct_motion/share/correct_motion/local_setup.dsv
[1.169s] -- Up-to-date: /home/louwee/correct_ws/install/correct_motion/share/correct_motion/package.dsv
[1.170s] -- Up-to-date: /home/louwee/correct_ws/install/correct_motion/share/ament_index/resource_index/packages/correct_motion
[1.171s] -- Up-to-date: /home/louwee/correct_ws/install/correct_motion/share/correct_motion/cmake/correct_motionConfig.cmake
[1.173s] -- Up-to-date: /home/louwee/correct_ws/install/correct_motion/share/correct_motion/cmake/correct_motionConfig-version.cmake
[1.174s] -- Up-to-date: /home/louwee/correct_ws/install/correct_motion/share/correct_motion/package.xml
[1.376s] Invoked command in '/home/louwee/correct_ws/build/correct_motion' returned '0': CMAKE_PREFIX_PATH=/opt/ros/humble /usr/bin/cmake --install /home/louwee/correct_ws/build/correct_motion
