[0.062s] Invoking command in '/home/louwee/correct_ws/build/ldlidar_sl_ros2': CMAKE_PREFIX_PATH=/opt/ros/humble /usr/bin/cmake --build /home/louwee/correct_ws/build/ldlidar_sl_ros2 -- -j12 -l12
[0.758s] [100%] Built target ldlidar_sl_ros2_node
[0.759s] Invoked command in '/home/louwee/correct_ws/build/ldlidar_sl_ros2' returned '0': CMAKE_PREFIX_PATH=/opt/ros/humble /usr/bin/cmake --build /home/louwee/correct_ws/build/ldlidar_sl_ros2 -- -j12 -l12
[0.766s] Invoking command in '/home/louwee/correct_ws/build/ldlidar_sl_ros2': CMAKE_PREFIX_PATH=/opt/ros/humble /usr/bin/cmake --install /home/louwee/correct_ws/build/ldlidar_sl_ros2
[1.072s] -- Install configuration: ""
[1.072s] -- Up-to-date: /home/louwee/correct_ws/install/ldlidar_sl_ros2/lib/ldlidar_sl_ros2/ldlidar_sl_ros2_node
[1.072s] -- Up-to-date: /home/louwee/correct_ws/install/ldlidar_sl_ros2/share/ldlidar_sl_ros2//launch
[1.072s] -- Up-to-date: /home/louwee/correct_ws/install/ldlidar_sl_ros2/share/ldlidar_sl_ros2//launch/ld14.launch.py
[1.073s] -- Up-to-date: /home/louwee/correct_ws/install/ldlidar_sl_ros2/share/ldlidar_sl_ros2//launch/viewer_ld14.launch.py
[1.073s] -- Up-to-date: /home/louwee/correct_ws/install/ldlidar_sl_ros2/share/ldlidar_sl_ros2//launch/ld14p.launch.py
[1.073s] -- Up-to-date: /home/louwee/correct_ws/install/ldlidar_sl_ros2/share/ldlidar_sl_ros2//launch/viewer_ld14p.launch.py
[1.073s] -- Up-to-date: /home/louwee/correct_ws/install/ldlidar_sl_ros2/share/ldlidar_sl_ros2//rviz2
[1.073s] -- Up-to-date: /home/louwee/correct_ws/install/ldlidar_sl_ros2/share/ldlidar_sl_ros2//rviz2/ldlidar.rviz
[1.073s] -- Up-to-date: /home/louwee/correct_ws/install/ldlidar_sl_ros2/share/ldlidar_sl_ros2//scripts
[1.074s] -- Up-to-date: /home/louwee/correct_ws/install/ldlidar_sl_ros2/share/ldlidar_sl_ros2//scripts/delete_udev_rules.sh
[1.074s] -- Up-to-date: /home/louwee/correct_ws/install/ldlidar_sl_ros2/share/ldlidar_sl_ros2//scripts/ldlidar.rules
[1.075s] -- Up-to-date: /home/louwee/correct_ws/install/ldlidar_sl_ros2/share/ldlidar_sl_ros2//scripts/create_udev_rules.sh
[1.075s] -- Up-to-date: /home/louwee/correct_ws/install/ldlidar_sl_ros2/share/ament_index/resource_index/package_run_dependencies/ldlidar_sl_ros2
[1.075s] -- Up-to-date: /home/louwee/correct_ws/install/ldlidar_sl_ros2/share/ament_index/resource_index/parent_prefix_path/ldlidar_sl_ros2
[1.075s] -- Up-to-date: /home/louwee/correct_ws/install/ldlidar_sl_ros2/share/ldlidar_sl_ros2/environment/ament_prefix_path.sh
[1.076s] -- Up-to-date: /home/louwee/correct_ws/install/ldlidar_sl_ros2/share/ldlidar_sl_ros2/environment/ament_prefix_path.dsv
[1.076s] -- Up-to-date: /home/louwee/correct_ws/install/ldlidar_sl_ros2/share/ldlidar_sl_ros2/environment/path.sh
[1.076s] -- Up-to-date: /home/louwee/correct_ws/install/ldlidar_sl_ros2/share/ldlidar_sl_ros2/environment/path.dsv
[1.076s] -- Up-to-date: /home/louwee/correct_ws/install/ldlidar_sl_ros2/share/ldlidar_sl_ros2/local_setup.bash
[1.076s] -- Up-to-date: /home/louwee/correct_ws/install/ldlidar_sl_ros2/share/ldlidar_sl_ros2/local_setup.sh
[1.077s] -- Up-to-date: /home/louwee/correct_ws/install/ldlidar_sl_ros2/share/ldlidar_sl_ros2/local_setup.zsh
[1.077s] -- Up-to-date: /home/louwee/correct_ws/install/ldlidar_sl_ros2/share/ldlidar_sl_ros2/local_setup.dsv
[1.078s] -- Installing: /home/louwee/correct_ws/install/ldlidar_sl_ros2/share/ldlidar_sl_ros2/package.dsv
[1.078s] -- Up-to-date: /home/louwee/correct_ws/install/ldlidar_sl_ros2/share/ament_index/resource_index/packages/ldlidar_sl_ros2
[1.078s] -- Up-to-date: /home/louwee/correct_ws/install/ldlidar_sl_ros2/share/ldlidar_sl_ros2/cmake/ldlidar_sl_ros2Config.cmake
[1.078s] -- Up-to-date: /home/louwee/correct_ws/install/ldlidar_sl_ros2/share/ldlidar_sl_ros2/cmake/ldlidar_sl_ros2Config-version.cmake
[1.078s] -- Up-to-date: /home/louwee/correct_ws/install/ldlidar_sl_ros2/share/ldlidar_sl_ros2/package.xml
[1.128s] Invoked command in '/home/louwee/correct_ws/build/ldlidar_sl_ros2' returned '0': CMAKE_PREFIX_PATH=/opt/ros/humble /usr/bin/cmake --install /home/louwee/correct_ws/build/ldlidar_sl_ros2
