[0.050s] Invoking command in '/home/louwee/correct_ws/build/correct_controller': CMAKE_PREFIX_PATH=/opt/ros/humble /usr/bin/cmake --build /home/louwee/correct_ws/build/correct_controller -- -j12 -l12
[0.181s] [ 33%] Built target simple_controller
[0.203s] [ 33%] Built target ament_cmake_python_copy_correct_controller
[0.210s] [ 66%] Built target noisy_controller
[0.210s] [100%] Built target twist_relay
[1.078s] running egg_info
[1.078s] writing correct_controller.egg-info/PKG-INFO
[1.079s] writing dependency_links to correct_controller.egg-info/dependency_links.txt
[1.079s] writing top-level names to correct_controller.egg-info/top_level.txt
[1.079s] reading manifest file 'correct_controller.egg-info/SOURCES.txt'
[1.079s] writing manifest file 'correct_controller.egg-info/SOURCES.txt'
[1.146s] [100%] Built target ament_cmake_python_build_correct_controller_egg
[1.177s] Invoked command in '/home/louwee/correct_ws/build/correct_controller' returned '0': CMAKE_PREFIX_PATH=/opt/ros/humble /usr/bin/cmake --build /home/louwee/correct_ws/build/correct_controller -- -j12 -l12
[1.178s] Invoking command in '/home/louwee/correct_ws/build/correct_controller': CMAKE_PREFIX_PATH=/opt/ros/humble /usr/bin/cmake --install /home/louwee/correct_ws/build/correct_controller
[1.190s] -- Install configuration: ""
[1.191s] -- Up-to-date: /home/louwee/correct_ws/install/correct_controller/share/correct_controller/environment/pythonpath.sh
[1.191s] -- Up-to-date: /home/louwee/correct_ws/install/correct_controller/share/correct_controller/environment/pythonpath.dsv
[1.191s] -- Up-to-date: /home/louwee/correct_ws/install/correct_controller/local/lib/python3.10/dist-packages/correct_controller-0.0.0-py3.10.egg-info
[1.191s] -- Installing: /home/louwee/correct_ws/install/correct_controller/local/lib/python3.10/dist-packages/correct_controller-0.0.0-py3.10.egg-info/top_level.txt
[1.191s] -- Installing: /home/louwee/correct_ws/install/correct_controller/local/lib/python3.10/dist-packages/correct_controller-0.0.0-py3.10.egg-info/PKG-INFO
[1.192s] -- Installing: /home/louwee/correct_ws/install/correct_controller/local/lib/python3.10/dist-packages/correct_controller-0.0.0-py3.10.egg-info/dependency_links.txt
[1.192s] -- Installing: /home/louwee/correct_ws/install/correct_controller/local/lib/python3.10/dist-packages/correct_controller-0.0.0-py3.10.egg-info/SOURCES.txt
[1.192s] -- Up-to-date: /home/louwee/correct_ws/install/correct_controller/local/lib/python3.10/dist-packages/correct_controller
[1.192s] -- Up-to-date: /home/louwee/correct_ws/install/correct_controller/local/lib/python3.10/dist-packages/correct_controller/simple_controller.py
[1.192s] -- Up-to-date: /home/louwee/correct_ws/install/correct_controller/local/lib/python3.10/dist-packages/correct_controller/__init__.py
[1.193s] -- Up-to-date: /home/louwee/correct_ws/install/correct_controller/local/lib/python3.10/dist-packages/correct_controller/noisy_controller.py
[1.193s] -- Up-to-date: /home/louwee/correct_ws/install/correct_controller/local/lib/python3.10/dist-packages/correct_controller/twist_relay.py
[1.215s] Listing '/home/louwee/correct_ws/install/correct_controller/local/lib/python3.10/dist-packages/correct_controller'...
[1.216s] -- Up-to-date: /home/louwee/correct_ws/install/correct_controller/include/include
[1.217s] -- Up-to-date: /home/louwee/correct_ws/install/correct_controller/include/include/correct_controller
[1.217s] -- Up-to-date: /home/louwee/correct_ws/install/correct_controller/include/include/correct_controller/simple_controller.hpp
[1.217s] -- Up-to-date: /home/louwee/correct_ws/install/correct_controller/include/include/correct_controller/noisy_controller.hpp
[1.218s] -- Up-to-date: /home/louwee/correct_ws/install/correct_controller/lib/correct_controller/simple_controller
[1.218s] -- Up-to-date: /home/louwee/correct_ws/install/correct_controller/lib/correct_controller/noisy_controller
[1.219s] -- Up-to-date: /home/louwee/correct_ws/install/correct_controller/lib/correct_controller/twist_relay
[1.219s] -- Up-to-date: /home/louwee/correct_ws/install/correct_controller/share/correct_controller/launch
[1.219s] -- Up-to-date: /home/louwee/correct_ws/install/correct_controller/share/correct_controller/launch/controller.launch.py
[1.219s] -- Up-to-date: /home/louwee/correct_ws/install/correct_controller/share/correct_controller/launch/joystick_teleop.launch.py
[1.220s] -- Up-to-date: /home/louwee/correct_ws/install/correct_controller/share/correct_controller/config
[1.220s] -- Up-to-date: /home/louwee/correct_ws/install/correct_controller/share/correct_controller/config/twist_mux_locks.yaml
[1.220s] -- Up-to-date: /home/louwee/correct_ws/install/correct_controller/share/correct_controller/config/twist_mux_joy.yaml
[1.220s] -- Up-to-date: /home/louwee/correct_ws/install/correct_controller/share/correct_controller/config/joy_teleop.yaml
[1.221s] -- Up-to-date: /home/louwee/correct_ws/install/correct_controller/share/correct_controller/config/joy_config.yaml
[1.221s] -- Up-to-date: /home/louwee/correct_ws/install/correct_controller/share/correct_controller/config/twist_mux_topics.yaml
[1.222s] -- Up-to-date: /home/louwee/correct_ws/install/correct_controller/share/correct_controller/config/correct_controller.yaml
[1.222s] -- Up-to-date: /home/louwee/correct_ws/install/correct_controller/lib/correct_controller/simple_controller.py
[1.222s] -- Up-to-date: /home/louwee/correct_ws/install/correct_controller/lib/correct_controller/noisy_controller.py
[1.222s] -- Up-to-date: /home/louwee/correct_ws/install/correct_controller/lib/correct_controller/twist_relay.py
[1.223s] -- Up-to-date: /home/louwee/correct_ws/install/correct_controller/share/ament_index/resource_index/package_run_dependencies/correct_controller
[1.223s] -- Up-to-date: /home/louwee/correct_ws/install/correct_controller/share/ament_index/resource_index/parent_prefix_path/correct_controller
[1.224s] -- Up-to-date: /home/louwee/correct_ws/install/correct_controller/share/correct_controller/environment/ament_prefix_path.sh
[1.224s] -- Up-to-date: /home/louwee/correct_ws/install/correct_controller/share/correct_controller/environment/ament_prefix_path.dsv
[1.224s] -- Up-to-date: /home/louwee/correct_ws/install/correct_controller/share/correct_controller/environment/path.sh
[1.224s] -- Up-to-date: /home/louwee/correct_ws/install/correct_controller/share/correct_controller/environment/path.dsv
[1.224s] -- Up-to-date: /home/louwee/correct_ws/install/correct_controller/share/correct_controller/local_setup.bash
[1.225s] -- Up-to-date: /home/louwee/correct_ws/install/correct_controller/share/correct_controller/local_setup.sh
[1.225s] -- Up-to-date: /home/louwee/correct_ws/install/correct_controller/share/correct_controller/local_setup.zsh
[1.225s] -- Up-to-date: /home/louwee/correct_ws/install/correct_controller/share/correct_controller/local_setup.dsv
[1.225s] -- Installing: /home/louwee/correct_ws/install/correct_controller/share/correct_controller/package.dsv
[1.225s] -- Up-to-date: /home/louwee/correct_ws/install/correct_controller/share/ament_index/resource_index/packages/correct_controller
[1.225s] -- Up-to-date: /home/louwee/correct_ws/install/correct_controller/share/correct_controller/cmake/correct_controllerConfig.cmake
[1.226s] -- Up-to-date: /home/louwee/correct_ws/install/correct_controller/share/correct_controller/cmake/correct_controllerConfig-version.cmake
[1.226s] -- Up-to-date: /home/louwee/correct_ws/install/correct_controller/share/correct_controller/package.xml
[1.290s] Invoked command in '/home/louwee/correct_ws/build/correct_controller' returned '0': CMAKE_PREFIX_PATH=/opt/ros/humble /usr/bin/cmake --install /home/louwee/correct_ws/build/correct_controller
