[0.093s] DEBUG:colcon:Command line arguments: ['/usr/bin/colcon', 'build']
[0.094s] DEBUG:colcon:Parsed command line arguments: Namespace(log_base=None, log_level=None, verb_name='build', build_base='build', install_base='install', merge_install=False, symlink_install=False, test_result_base=None, continue_on_error=False, executor='parallel', parallel_workers=12, event_handlers=None, ignore_user_meta=False, metas=['./colcon.meta'], base_paths=['.'], packages_ignore=None, packages_ignore_regex=None, paths=None, packages_up_to=None, packages_up_to_regex=None, packages_above=None, packages_above_and_dependencies=None, packages_above_depth=None, packages_select_by_dep=None, packages_skip_by_dep=None, packages_skip_up_to=None, packages_select_build_failed=False, packages_skip_build_finished=False, packages_select_test_failures=False, packages_skip_test_passed=False, packages_select=None, packages_skip=None, packages_select_regex=None, packages_skip_regex=None, packages_start=None, packages_end=None, allow_overriding=[], cmake_args=None, cmake_target=None, cmake_target_skip_unavailable=False, cmake_clean_cache=False, cmake_clean_first=False, cmake_force_configure=False, ament_cmake_args=None, catkin_cmake_args=None, catkin_skip_building_tests=False, verb_parser=<colcon_defaults.argument_parser.defaults.DefaultArgumentsDecorator object at 0x79cebb342e60>, verb_extension=<colcon_core.verb.build.BuildVerb object at 0x79cebb4f85e0>, main=<bound method BuildVerb.main of <colcon_core.verb.build.BuildVerb object at 0x79cebb4f85e0>>)
[0.265s] Level 1:colcon.colcon_core.package_discovery:discover_packages(colcon_meta) check parameters
[0.265s] Level 1:colcon.colcon_core.package_discovery:discover_packages(recursive) check parameters
[0.265s] Level 1:colcon.colcon_core.package_discovery:discover_packages(ignore) check parameters
[0.265s] Level 1:colcon.colcon_core.package_discovery:discover_packages(path) check parameters
[0.265s] Level 1:colcon.colcon_core.package_discovery:discover_packages(colcon_meta) discover
[0.265s] Level 1:colcon.colcon_core.package_discovery:discover_packages(recursive) discover
[0.265s] INFO:colcon.colcon_core.package_discovery:Crawling recursively for packages in '/home/louwee/correct_ws'
[0.265s] Level 1:colcon.colcon_core.package_identification:_identify(.) by extensions ['ignore', 'ignore_ament_install']
[0.265s] Level 1:colcon.colcon_core.package_identification:_identify(.) by extension 'ignore'
[0.265s] Level 1:colcon.colcon_core.package_identification:_identify(.) by extension 'ignore_ament_install'
[0.265s] Level 1:colcon.colcon_core.package_identification:_identify(.) by extensions ['colcon_pkg']
[0.265s] Level 1:colcon.colcon_core.package_identification:_identify(.) by extension 'colcon_pkg'
[0.265s] Level 1:colcon.colcon_core.package_identification:_identify(.) by extensions ['colcon_meta']
[0.266s] Level 1:colcon.colcon_core.package_identification:_identify(.) by extension 'colcon_meta'
[0.266s] Level 1:colcon.colcon_core.package_identification:_identify(.) by extensions ['ros']
[0.266s] Level 1:colcon.colcon_core.package_identification:_identify(.) by extension 'ros'
[0.278s] Level 1:colcon.colcon_core.package_identification:_identify(.) by extensions ['cmake', 'python']
[0.278s] Level 1:colcon.colcon_core.package_identification:_identify(.) by extension 'cmake'
[0.278s] Level 1:colcon.colcon_core.package_identification:_identify(.) by extension 'python'
[0.278s] Level 1:colcon.colcon_core.package_identification:_identify(.) by extensions ['python_setup_py']
[0.278s] Level 1:colcon.colcon_core.package_identification:_identify(.) by extension 'python_setup_py'
[0.278s] Level 1:colcon.colcon_core.package_identification:_identify(build) by extensions ['ignore', 'ignore_ament_install']
[0.278s] Level 1:colcon.colcon_core.package_identification:_identify(build) by extension 'ignore'
[0.278s] Level 1:colcon.colcon_core.package_identification:_identify(build) ignored
[0.278s] Level 1:colcon.colcon_core.package_identification:_identify(install) by extensions ['ignore', 'ignore_ament_install']
[0.279s] Level 1:colcon.colcon_core.package_identification:_identify(install) by extension 'ignore'
[0.279s] Level 1:colcon.colcon_core.package_identification:_identify(install) ignored
[0.279s] Level 1:colcon.colcon_core.package_identification:_identify(log) by extensions ['ignore', 'ignore_ament_install']
[0.279s] Level 1:colcon.colcon_core.package_identification:_identify(log) by extension 'ignore'
[0.279s] Level 1:colcon.colcon_core.package_identification:_identify(log) ignored
[0.279s] Level 1:colcon.colcon_core.package_identification:_identify(src) by extensions ['ignore', 'ignore_ament_install']
[0.279s] Level 1:colcon.colcon_core.package_identification:_identify(src) by extension 'ignore'
[0.279s] Level 1:colcon.colcon_core.package_identification:_identify(src) by extension 'ignore_ament_install'
[0.279s] Level 1:colcon.colcon_core.package_identification:_identify(src) by extensions ['colcon_pkg']
[0.279s] Level 1:colcon.colcon_core.package_identification:_identify(src) by extension 'colcon_pkg'
[0.279s] Level 1:colcon.colcon_core.package_identification:_identify(src) by extensions ['colcon_meta']
[0.279s] Level 1:colcon.colcon_core.package_identification:_identify(src) by extension 'colcon_meta'
[0.280s] Level 1:colcon.colcon_core.package_identification:_identify(src) by extensions ['ros']
[0.280s] Level 1:colcon.colcon_core.package_identification:_identify(src) by extension 'ros'
[0.280s] Level 1:colcon.colcon_core.package_identification:_identify(src) by extensions ['cmake', 'python']
[0.280s] Level 1:colcon.colcon_core.package_identification:_identify(src) by extension 'cmake'
[0.280s] Level 1:colcon.colcon_core.package_identification:_identify(src) by extension 'python'
[0.280s] Level 1:colcon.colcon_core.package_identification:_identify(src) by extensions ['python_setup_py']
[0.280s] Level 1:colcon.colcon_core.package_identification:_identify(src) by extension 'python_setup_py'
[0.280s] Level 1:colcon.colcon_core.package_identification:_identify(src/computer_vision) by extensions ['ignore', 'ignore_ament_install']
[0.280s] Level 1:colcon.colcon_core.package_identification:_identify(src/computer_vision) by extension 'ignore'
[0.280s] Level 1:colcon.colcon_core.package_identification:_identify(src/computer_vision) by extension 'ignore_ament_install'
[0.280s] Level 1:colcon.colcon_core.package_identification:_identify(src/computer_vision) by extensions ['colcon_pkg']
[0.280s] Level 1:colcon.colcon_core.package_identification:_identify(src/computer_vision) by extension 'colcon_pkg'
[0.280s] Level 1:colcon.colcon_core.package_identification:_identify(src/computer_vision) by extensions ['colcon_meta']
[0.280s] Level 1:colcon.colcon_core.package_identification:_identify(src/computer_vision) by extension 'colcon_meta'
[0.280s] Level 1:colcon.colcon_core.package_identification:_identify(src/computer_vision) by extensions ['ros']
[0.280s] Level 1:colcon.colcon_core.package_identification:_identify(src/computer_vision) by extension 'ros'
[0.284s] DEBUG:colcon.colcon_core.package_identification:Package 'src/computer_vision' with type 'ros.ament_cmake' and name 'computer_vision'
[0.284s] Level 1:colcon.colcon_core.package_identification:_identify(src/correct_controller) by extensions ['ignore', 'ignore_ament_install']
[0.284s] Level 1:colcon.colcon_core.package_identification:_identify(src/correct_controller) by extension 'ignore'
[0.284s] Level 1:colcon.colcon_core.package_identification:_identify(src/correct_controller) by extension 'ignore_ament_install'
[0.285s] Level 1:colcon.colcon_core.package_identification:_identify(src/correct_controller) by extensions ['colcon_pkg']
[0.285s] Level 1:colcon.colcon_core.package_identification:_identify(src/correct_controller) by extension 'colcon_pkg'
[0.285s] Level 1:colcon.colcon_core.package_identification:_identify(src/correct_controller) by extensions ['colcon_meta']
[0.285s] Level 1:colcon.colcon_core.package_identification:_identify(src/correct_controller) by extension 'colcon_meta'
[0.285s] Level 1:colcon.colcon_core.package_identification:_identify(src/correct_controller) by extensions ['ros']
[0.285s] Level 1:colcon.colcon_core.package_identification:_identify(src/correct_controller) by extension 'ros'
[0.286s] DEBUG:colcon.colcon_core.package_identification:Package 'src/correct_controller' with type 'ros.ament_cmake' and name 'correct_controller'
[0.287s] Level 1:colcon.colcon_core.package_identification:_identify(src/correct_cpp_examples) by extensions ['ignore', 'ignore_ament_install']
[0.287s] Level 1:colcon.colcon_core.package_identification:_identify(src/correct_cpp_examples) by extension 'ignore'
[0.287s] Level 1:colcon.colcon_core.package_identification:_identify(src/correct_cpp_examples) by extension 'ignore_ament_install'
[0.287s] Level 1:colcon.colcon_core.package_identification:_identify(src/correct_cpp_examples) by extensions ['colcon_pkg']
[0.287s] Level 1:colcon.colcon_core.package_identification:_identify(src/correct_cpp_examples) by extension 'colcon_pkg'
[0.287s] Level 1:colcon.colcon_core.package_identification:_identify(src/correct_cpp_examples) by extensions ['colcon_meta']
[0.287s] Level 1:colcon.colcon_core.package_identification:_identify(src/correct_cpp_examples) by extension 'colcon_meta'
[0.287s] Level 1:colcon.colcon_core.package_identification:_identify(src/correct_cpp_examples) by extensions ['ros']
[0.287s] Level 1:colcon.colcon_core.package_identification:_identify(src/correct_cpp_examples) by extension 'ros'
[0.288s] DEBUG:colcon.colcon_core.package_identification:Package 'src/correct_cpp_examples' with type 'ros.ament_cmake' and name 'correct_cpp_examples'
[0.289s] Level 1:colcon.colcon_core.package_identification:_identify(src/correct_localization) by extensions ['ignore', 'ignore_ament_install']
[0.289s] Level 1:colcon.colcon_core.package_identification:_identify(src/correct_localization) by extension 'ignore'
[0.289s] Level 1:colcon.colcon_core.package_identification:_identify(src/correct_localization) by extension 'ignore_ament_install'
[0.289s] Level 1:colcon.colcon_core.package_identification:_identify(src/correct_localization) by extensions ['colcon_pkg']
[0.289s] Level 1:colcon.colcon_core.package_identification:_identify(src/correct_localization) by extension 'colcon_pkg'
[0.289s] Level 1:colcon.colcon_core.package_identification:_identify(src/correct_localization) by extensions ['colcon_meta']
[0.289s] Level 1:colcon.colcon_core.package_identification:_identify(src/correct_localization) by extension 'colcon_meta'
[0.289s] Level 1:colcon.colcon_core.package_identification:_identify(src/correct_localization) by extensions ['ros']
[0.289s] Level 1:colcon.colcon_core.package_identification:_identify(src/correct_localization) by extension 'ros'
[0.290s] DEBUG:colcon.colcon_core.package_identification:Package 'src/correct_localization' with type 'ros.ament_cmake' and name 'correct_localization'
[0.290s] Level 1:colcon.colcon_core.package_identification:_identify(src/correct_msgs) by extensions ['ignore', 'ignore_ament_install']
[0.290s] Level 1:colcon.colcon_core.package_identification:_identify(src/correct_msgs) by extension 'ignore'
[0.291s] Level 1:colcon.colcon_core.package_identification:_identify(src/correct_msgs) by extension 'ignore_ament_install'
[0.291s] Level 1:colcon.colcon_core.package_identification:_identify(src/correct_msgs) by extensions ['colcon_pkg']
[0.291s] Level 1:colcon.colcon_core.package_identification:_identify(src/correct_msgs) by extension 'colcon_pkg'
[0.291s] Level 1:colcon.colcon_core.package_identification:_identify(src/correct_msgs) by extensions ['colcon_meta']
[0.291s] Level 1:colcon.colcon_core.package_identification:_identify(src/correct_msgs) by extension 'colcon_meta'
[0.291s] Level 1:colcon.colcon_core.package_identification:_identify(src/correct_msgs) by extensions ['ros']
[0.291s] Level 1:colcon.colcon_core.package_identification:_identify(src/correct_msgs) by extension 'ros'
[0.291s] DEBUG:colcon.colcon_core.package_identification:Package 'src/correct_msgs' with type 'ros.ament_cmake' and name 'correct_msgs'
[0.292s] Level 1:colcon.colcon_core.package_identification:_identify(src/correct_pkg) by extensions ['ignore', 'ignore_ament_install']
[0.292s] Level 1:colcon.colcon_core.package_identification:_identify(src/correct_pkg) by extension 'ignore'
[0.292s] Level 1:colcon.colcon_core.package_identification:_identify(src/correct_pkg) by extension 'ignore_ament_install'
[0.292s] Level 1:colcon.colcon_core.package_identification:_identify(src/correct_pkg) by extensions ['colcon_pkg']
[0.292s] Level 1:colcon.colcon_core.package_identification:_identify(src/correct_pkg) by extension 'colcon_pkg'
[0.292s] Level 1:colcon.colcon_core.package_identification:_identify(src/correct_pkg) by extensions ['colcon_meta']
[0.292s] Level 1:colcon.colcon_core.package_identification:_identify(src/correct_pkg) by extension 'colcon_meta'
[0.292s] Level 1:colcon.colcon_core.package_identification:_identify(src/correct_pkg) by extensions ['ros']
[0.292s] Level 1:colcon.colcon_core.package_identification:_identify(src/correct_pkg) by extension 'ros'
[0.295s] DEBUG:colcon.colcon_core.package_identification:Package 'src/correct_pkg' with type 'ros.ament_cmake' and name 'correct_pkg'
[0.295s] Level 1:colcon.colcon_core.package_identification:_identify(src/correct_py_examples) by extensions ['ignore', 'ignore_ament_install']
[0.295s] Level 1:colcon.colcon_core.package_identification:_identify(src/correct_py_examples) by extension 'ignore'
[0.295s] Level 1:colcon.colcon_core.package_identification:_identify(src/correct_py_examples) by extension 'ignore_ament_install'
[0.295s] Level 1:colcon.colcon_core.package_identification:_identify(src/correct_py_examples) by extensions ['colcon_pkg']
[0.295s] Level 1:colcon.colcon_core.package_identification:_identify(src/correct_py_examples) by extension 'colcon_pkg'
[0.295s] Level 1:colcon.colcon_core.package_identification:_identify(src/correct_py_examples) by extensions ['colcon_meta']
[0.295s] Level 1:colcon.colcon_core.package_identification:_identify(src/correct_py_examples) by extension 'colcon_meta'
[0.295s] Level 1:colcon.colcon_core.package_identification:_identify(src/correct_py_examples) by extensions ['ros']
[0.295s] Level 1:colcon.colcon_core.package_identification:_identify(src/correct_py_examples) by extension 'ros'
[0.296s] DEBUG:colcon.colcon_core.package_identification:Package 'src/correct_py_examples' with type 'ros.ament_python' and name 'correct_py_examples'
[0.297s] Level 1:colcon.colcon_core.package_identification:_identify(train) by extensions ['ignore', 'ignore_ament_install']
[0.297s] Level 1:colcon.colcon_core.package_identification:_identify(train) by extension 'ignore'
[0.297s] Level 1:colcon.colcon_core.package_identification:_identify(train) by extension 'ignore_ament_install'
[0.297s] Level 1:colcon.colcon_core.package_identification:_identify(train) by extensions ['colcon_pkg']
[0.297s] Level 1:colcon.colcon_core.package_identification:_identify(train) by extension 'colcon_pkg'
[0.297s] Level 1:colcon.colcon_core.package_identification:_identify(train) by extensions ['colcon_meta']
[0.297s] Level 1:colcon.colcon_core.package_identification:_identify(train) by extension 'colcon_meta'
[0.297s] Level 1:colcon.colcon_core.package_identification:_identify(train) by extensions ['ros']
[0.297s] Level 1:colcon.colcon_core.package_identification:_identify(train) by extension 'ros'
[0.297s] Level 1:colcon.colcon_core.package_identification:_identify(train) by extensions ['cmake', 'python']
[0.297s] Level 1:colcon.colcon_core.package_identification:_identify(train) by extension 'cmake'
[0.297s] Level 1:colcon.colcon_core.package_identification:_identify(train) by extension 'python'
[0.297s] Level 1:colcon.colcon_core.package_identification:_identify(train) by extensions ['python_setup_py']
[0.297s] Level 1:colcon.colcon_core.package_identification:_identify(train) by extension 'python_setup_py'
[0.297s] Level 1:colcon.colcon_core.package_identification:_identify(train/image_aug) by extensions ['ignore', 'ignore_ament_install']
[0.298s] Level 1:colcon.colcon_core.package_identification:_identify(train/image_aug) by extension 'ignore'
[0.298s] Level 1:colcon.colcon_core.package_identification:_identify(train/image_aug) by extension 'ignore_ament_install'
[0.298s] Level 1:colcon.colcon_core.package_identification:_identify(train/image_aug) by extensions ['colcon_pkg']
[0.298s] Level 1:colcon.colcon_core.package_identification:_identify(train/image_aug) by extension 'colcon_pkg'
[0.298s] Level 1:colcon.colcon_core.package_identification:_identify(train/image_aug) by extensions ['colcon_meta']
[0.298s] Level 1:colcon.colcon_core.package_identification:_identify(train/image_aug) by extension 'colcon_meta'
[0.298s] Level 1:colcon.colcon_core.package_identification:_identify(train/image_aug) by extensions ['ros']
[0.298s] Level 1:colcon.colcon_core.package_identification:_identify(train/image_aug) by extension 'ros'
[0.298s] Level 1:colcon.colcon_core.package_identification:_identify(train/image_aug) by extensions ['cmake', 'python']
[0.298s] Level 1:colcon.colcon_core.package_identification:_identify(train/image_aug) by extension 'cmake'
[0.298s] Level 1:colcon.colcon_core.package_identification:_identify(train/image_aug) by extension 'python'
[0.298s] Level 1:colcon.colcon_core.package_identification:_identify(train/image_aug) by extensions ['python_setup_py']
[0.298s] Level 1:colcon.colcon_core.package_identification:_identify(train/image_aug) by extension 'python_setup_py'
[0.298s] Level 1:colcon.colcon_core.package_identification:_identify(train/labels_aug) by extensions ['ignore', 'ignore_ament_install']
[0.298s] Level 1:colcon.colcon_core.package_identification:_identify(train/labels_aug) by extension 'ignore'
[0.298s] Level 1:colcon.colcon_core.package_identification:_identify(train/labels_aug) by extension 'ignore_ament_install'
[0.299s] Level 1:colcon.colcon_core.package_identification:_identify(train/labels_aug) by extensions ['colcon_pkg']
[0.299s] Level 1:colcon.colcon_core.package_identification:_identify(train/labels_aug) by extension 'colcon_pkg'
[0.299s] Level 1:colcon.colcon_core.package_identification:_identify(train/labels_aug) by extensions ['colcon_meta']
[0.299s] Level 1:colcon.colcon_core.package_identification:_identify(train/labels_aug) by extension 'colcon_meta'
[0.299s] Level 1:colcon.colcon_core.package_identification:_identify(train/labels_aug) by extensions ['ros']
[0.299s] Level 1:colcon.colcon_core.package_identification:_identify(train/labels_aug) by extension 'ros'
[0.299s] Level 1:colcon.colcon_core.package_identification:_identify(train/labels_aug) by extensions ['cmake', 'python']
[0.299s] Level 1:colcon.colcon_core.package_identification:_identify(train/labels_aug) by extension 'cmake'
[0.299s] Level 1:colcon.colcon_core.package_identification:_identify(train/labels_aug) by extension 'python'
[0.299s] Level 1:colcon.colcon_core.package_identification:_identify(train/labels_aug) by extensions ['python_setup_py']
[0.299s] Level 1:colcon.colcon_core.package_identification:_identify(train/labels_aug) by extension 'python_setup_py'
[0.299s] Level 1:colcon.colcon_core.package_discovery:discover_packages(recursive) using defaults
[0.299s] Level 1:colcon.colcon_core.package_discovery:discover_packages(ignore) discover
[0.299s] Level 1:colcon.colcon_core.package_discovery:discover_packages(ignore) using defaults
[0.299s] Level 1:colcon.colcon_core.package_discovery:discover_packages(path) discover
[0.299s] Level 1:colcon.colcon_core.package_discovery:discover_packages(path) using defaults
[0.338s] Level 1:colcon.colcon_core.package_discovery:discover_packages(prefix_path) check parameters
[0.338s] Level 1:colcon.colcon_core.package_discovery:discover_packages(prefix_path) discover
[0.341s] DEBUG:colcon.colcon_installed_package_information.package_discovery:Found 339 installed packages in /opt/ros/humble
[0.343s] Level 1:colcon.colcon_core.package_discovery:discover_packages(prefix_path) using defaults
[0.391s] Level 5:colcon.colcon_core.verb:set package 'computer_vision' build argument 'cmake_args' from command line to 'None'
[0.391s] Level 5:colcon.colcon_core.verb:set package 'computer_vision' build argument 'cmake_target' from command line to 'None'
[0.391s] Level 5:colcon.colcon_core.verb:set package 'computer_vision' build argument 'cmake_target_skip_unavailable' from command line to 'False'
[0.392s] Level 5:colcon.colcon_core.verb:set package 'computer_vision' build argument 'cmake_clean_cache' from command line to 'False'
[0.392s] Level 5:colcon.colcon_core.verb:set package 'computer_vision' build argument 'cmake_clean_first' from command line to 'False'
[0.392s] Level 5:colcon.colcon_core.verb:set package 'computer_vision' build argument 'cmake_force_configure' from command line to 'False'
[0.392s] Level 5:colcon.colcon_core.verb:set package 'computer_vision' build argument 'ament_cmake_args' from command line to 'None'
[0.392s] Level 5:colcon.colcon_core.verb:set package 'computer_vision' build argument 'catkin_cmake_args' from command line to 'None'
[0.392s] Level 5:colcon.colcon_core.verb:set package 'computer_vision' build argument 'catkin_skip_building_tests' from command line to 'False'
[0.392s] DEBUG:colcon.colcon_core.verb:Building package 'computer_vision' with the following arguments: {'ament_cmake_args': None, 'build_base': '/home/louwee/correct_ws/build/computer_vision', 'catkin_cmake_args': None, 'catkin_skip_building_tests': False, 'cmake_args': None, 'cmake_clean_cache': False, 'cmake_clean_first': False, 'cmake_force_configure': False, 'cmake_target': None, 'cmake_target_skip_unavailable': False, 'install_base': '/home/louwee/correct_ws/install/computer_vision', 'merge_install': False, 'path': '/home/louwee/correct_ws/src/computer_vision', 'symlink_install': False, 'test_result_base': None}
[0.392s] Level 5:colcon.colcon_core.verb:set package 'correct_controller' build argument 'cmake_args' from command line to 'None'
[0.392s] Level 5:colcon.colcon_core.verb:set package 'correct_controller' build argument 'cmake_target' from command line to 'None'
[0.392s] Level 5:colcon.colcon_core.verb:set package 'correct_controller' build argument 'cmake_target_skip_unavailable' from command line to 'False'
[0.392s] Level 5:colcon.colcon_core.verb:set package 'correct_controller' build argument 'cmake_clean_cache' from command line to 'False'
[0.392s] Level 5:colcon.colcon_core.verb:set package 'correct_controller' build argument 'cmake_clean_first' from command line to 'False'
[0.392s] Level 5:colcon.colcon_core.verb:set package 'correct_controller' build argument 'cmake_force_configure' from command line to 'False'
[0.392s] Level 5:colcon.colcon_core.verb:set package 'correct_controller' build argument 'ament_cmake_args' from command line to 'None'
[0.392s] Level 5:colcon.colcon_core.verb:set package 'correct_controller' build argument 'catkin_cmake_args' from command line to 'None'
[0.392s] Level 5:colcon.colcon_core.verb:set package 'correct_controller' build argument 'catkin_skip_building_tests' from command line to 'False'
[0.392s] DEBUG:colcon.colcon_core.verb:Building package 'correct_controller' with the following arguments: {'ament_cmake_args': None, 'build_base': '/home/louwee/correct_ws/build/correct_controller', 'catkin_cmake_args': None, 'catkin_skip_building_tests': False, 'cmake_args': None, 'cmake_clean_cache': False, 'cmake_clean_first': False, 'cmake_force_configure': False, 'cmake_target': None, 'cmake_target_skip_unavailable': False, 'install_base': '/home/louwee/correct_ws/install/correct_controller', 'merge_install': False, 'path': '/home/louwee/correct_ws/src/correct_controller', 'symlink_install': False, 'test_result_base': None}
[0.393s] Level 5:colcon.colcon_core.verb:set package 'correct_localization' build argument 'cmake_args' from command line to 'None'
[0.393s] Level 5:colcon.colcon_core.verb:set package 'correct_localization' build argument 'cmake_target' from command line to 'None'
[0.393s] Level 5:colcon.colcon_core.verb:set package 'correct_localization' build argument 'cmake_target_skip_unavailable' from command line to 'False'
[0.393s] Level 5:colcon.colcon_core.verb:set package 'correct_localization' build argument 'cmake_clean_cache' from command line to 'False'
[0.393s] Level 5:colcon.colcon_core.verb:set package 'correct_localization' build argument 'cmake_clean_first' from command line to 'False'
[0.393s] Level 5:colcon.colcon_core.verb:set package 'correct_localization' build argument 'cmake_force_configure' from command line to 'False'
[0.393s] Level 5:colcon.colcon_core.verb:set package 'correct_localization' build argument 'ament_cmake_args' from command line to 'None'
[0.393s] Level 5:colcon.colcon_core.verb:set package 'correct_localization' build argument 'catkin_cmake_args' from command line to 'None'
[0.393s] Level 5:colcon.colcon_core.verb:set package 'correct_localization' build argument 'catkin_skip_building_tests' from command line to 'False'
[0.393s] DEBUG:colcon.colcon_core.verb:Building package 'correct_localization' with the following arguments: {'ament_cmake_args': None, 'build_base': '/home/louwee/correct_ws/build/correct_localization', 'catkin_cmake_args': None, 'catkin_skip_building_tests': False, 'cmake_args': None, 'cmake_clean_cache': False, 'cmake_clean_first': False, 'cmake_force_configure': False, 'cmake_target': None, 'cmake_target_skip_unavailable': False, 'install_base': '/home/louwee/correct_ws/install/correct_localization', 'merge_install': False, 'path': '/home/louwee/correct_ws/src/correct_localization', 'symlink_install': False, 'test_result_base': None}
[0.394s] Level 5:colcon.colcon_core.verb:set package 'correct_msgs' build argument 'cmake_args' from command line to 'None'
[0.394s] Level 5:colcon.colcon_core.verb:set package 'correct_msgs' build argument 'cmake_target' from command line to 'None'
[0.394s] Level 5:colcon.colcon_core.verb:set package 'correct_msgs' build argument 'cmake_target_skip_unavailable' from command line to 'False'
[0.394s] Level 5:colcon.colcon_core.verb:set package 'correct_msgs' build argument 'cmake_clean_cache' from command line to 'False'
[0.394s] Level 5:colcon.colcon_core.verb:set package 'correct_msgs' build argument 'cmake_clean_first' from command line to 'False'
[0.394s] Level 5:colcon.colcon_core.verb:set package 'correct_msgs' build argument 'cmake_force_configure' from command line to 'False'
[0.394s] Level 5:colcon.colcon_core.verb:set package 'correct_msgs' build argument 'ament_cmake_args' from command line to 'None'
[0.394s] Level 5:colcon.colcon_core.verb:set package 'correct_msgs' build argument 'catkin_cmake_args' from command line to 'None'
[0.394s] Level 5:colcon.colcon_core.verb:set package 'correct_msgs' build argument 'catkin_skip_building_tests' from command line to 'False'
[0.394s] DEBUG:colcon.colcon_core.verb:Building package 'correct_msgs' with the following arguments: {'ament_cmake_args': None, 'build_base': '/home/louwee/correct_ws/build/correct_msgs', 'catkin_cmake_args': None, 'catkin_skip_building_tests': False, 'cmake_args': None, 'cmake_clean_cache': False, 'cmake_clean_first': False, 'cmake_force_configure': False, 'cmake_target': None, 'cmake_target_skip_unavailable': False, 'install_base': '/home/louwee/correct_ws/install/correct_msgs', 'merge_install': False, 'path': '/home/louwee/correct_ws/src/correct_msgs', 'symlink_install': False, 'test_result_base': None}
[0.394s] Level 5:colcon.colcon_core.verb:set package 'correct_pkg' build argument 'cmake_args' from command line to 'None'
[0.394s] Level 5:colcon.colcon_core.verb:set package 'correct_pkg' build argument 'cmake_target' from command line to 'None'
[0.394s] Level 5:colcon.colcon_core.verb:set package 'correct_pkg' build argument 'cmake_target_skip_unavailable' from command line to 'False'
[0.394s] Level 5:colcon.colcon_core.verb:set package 'correct_pkg' build argument 'cmake_clean_cache' from command line to 'False'
[0.394s] Level 5:colcon.colcon_core.verb:set package 'correct_pkg' build argument 'cmake_clean_first' from command line to 'False'
[0.394s] Level 5:colcon.colcon_core.verb:set package 'correct_pkg' build argument 'cmake_force_configure' from command line to 'False'
[0.394s] Level 5:colcon.colcon_core.verb:set package 'correct_pkg' build argument 'ament_cmake_args' from command line to 'None'
[0.395s] Level 5:colcon.colcon_core.verb:set package 'correct_pkg' build argument 'catkin_cmake_args' from command line to 'None'
[0.395s] Level 5:colcon.colcon_core.verb:set package 'correct_pkg' build argument 'catkin_skip_building_tests' from command line to 'False'
[0.395s] DEBUG:colcon.colcon_core.verb:Building package 'correct_pkg' with the following arguments: {'ament_cmake_args': None, 'build_base': '/home/louwee/correct_ws/build/correct_pkg', 'catkin_cmake_args': None, 'catkin_skip_building_tests': False, 'cmake_args': None, 'cmake_clean_cache': False, 'cmake_clean_first': False, 'cmake_force_configure': False, 'cmake_target': None, 'cmake_target_skip_unavailable': False, 'install_base': '/home/louwee/correct_ws/install/correct_pkg', 'merge_install': False, 'path': '/home/louwee/correct_ws/src/correct_pkg', 'symlink_install': False, 'test_result_base': None}
[0.395s] Level 5:colcon.colcon_core.verb:set package 'correct_py_examples' build argument 'cmake_args' from command line to 'None'
[0.395s] Level 5:colcon.colcon_core.verb:set package 'correct_py_examples' build argument 'cmake_target' from command line to 'None'
[0.395s] Level 5:colcon.colcon_core.verb:set package 'correct_py_examples' build argument 'cmake_target_skip_unavailable' from command line to 'False'
[0.395s] Level 5:colcon.colcon_core.verb:set package 'correct_py_examples' build argument 'cmake_clean_cache' from command line to 'False'
[0.395s] Level 5:colcon.colcon_core.verb:set package 'correct_py_examples' build argument 'cmake_clean_first' from command line to 'False'
[0.395s] Level 5:colcon.colcon_core.verb:set package 'correct_py_examples' build argument 'cmake_force_configure' from command line to 'False'
[0.395s] Level 5:colcon.colcon_core.verb:set package 'correct_py_examples' build argument 'ament_cmake_args' from command line to 'None'
[0.395s] Level 5:colcon.colcon_core.verb:set package 'correct_py_examples' build argument 'catkin_cmake_args' from command line to 'None'
[0.396s] Level 5:colcon.colcon_core.verb:set package 'correct_py_examples' build argument 'catkin_skip_building_tests' from command line to 'False'
[0.396s] DEBUG:colcon.colcon_core.verb:Building package 'correct_py_examples' with the following arguments: {'ament_cmake_args': None, 'build_base': '/home/louwee/correct_ws/build/correct_py_examples', 'catkin_cmake_args': None, 'catkin_skip_building_tests': False, 'cmake_args': None, 'cmake_clean_cache': False, 'cmake_clean_first': False, 'cmake_force_configure': False, 'cmake_target': None, 'cmake_target_skip_unavailable': False, 'install_base': '/home/louwee/correct_ws/install/correct_py_examples', 'merge_install': False, 'path': '/home/louwee/correct_ws/src/correct_py_examples', 'symlink_install': False, 'test_result_base': None}
[0.396s] Level 5:colcon.colcon_core.verb:set package 'correct_cpp_examples' build argument 'cmake_args' from command line to 'None'
[0.397s] Level 5:colcon.colcon_core.verb:set package 'correct_cpp_examples' build argument 'cmake_target' from command line to 'None'
[0.397s] Level 5:colcon.colcon_core.verb:set package 'correct_cpp_examples' build argument 'cmake_target_skip_unavailable' from command line to 'False'
[0.397s] Level 5:colcon.colcon_core.verb:set package 'correct_cpp_examples' build argument 'cmake_clean_cache' from command line to 'False'
[0.397s] Level 5:colcon.colcon_core.verb:set package 'correct_cpp_examples' build argument 'cmake_clean_first' from command line to 'False'
[0.397s] Level 5:colcon.colcon_core.verb:set package 'correct_cpp_examples' build argument 'cmake_force_configure' from command line to 'False'
[0.397s] Level 5:colcon.colcon_core.verb:set package 'correct_cpp_examples' build argument 'ament_cmake_args' from command line to 'None'
[0.397s] Level 5:colcon.colcon_core.verb:set package 'correct_cpp_examples' build argument 'catkin_cmake_args' from command line to 'None'
[0.397s] Level 5:colcon.colcon_core.verb:set package 'correct_cpp_examples' build argument 'catkin_skip_building_tests' from command line to 'False'
[0.397s] DEBUG:colcon.colcon_core.verb:Building package 'correct_cpp_examples' with the following arguments: {'ament_cmake_args': None, 'build_base': '/home/louwee/correct_ws/build/correct_cpp_examples', 'catkin_cmake_args': None, 'catkin_skip_building_tests': False, 'cmake_args': None, 'cmake_clean_cache': False, 'cmake_clean_first': False, 'cmake_force_configure': False, 'cmake_target': None, 'cmake_target_skip_unavailable': False, 'install_base': '/home/louwee/correct_ws/install/correct_cpp_examples', 'merge_install': False, 'path': '/home/louwee/correct_ws/src/correct_cpp_examples', 'symlink_install': False, 'test_result_base': None}
[0.397s] INFO:colcon.colcon_core.executor:Executing jobs using 'parallel' executor
[0.400s] DEBUG:colcon.colcon_parallel_executor.executor.parallel:run_until_complete
[0.400s] INFO:colcon.colcon_ros.task.ament_cmake.build:Building ROS package in '/home/louwee/correct_ws/src/correct_msgs' with build type 'ament_cmake'
[0.401s] INFO:colcon.colcon_cmake.task.cmake.build:Building CMake package in '/home/louwee/correct_ws/src/correct_msgs'
[0.405s] INFO:colcon.colcon_core.plugin_system:Skipping extension 'colcon_core.shell.bat': Not used on non-Windows systems
[0.405s] INFO:colcon.colcon_core.shell:Skip shell extension 'powershell' for command environment: Not usable outside of PowerShell
[0.405s] DEBUG:colcon.colcon_core.shell:Skip shell extension 'dsv' for command environment
[0.413s] INFO:colcon.colcon_ros.task.ament_cmake.build:Building ROS package in '/home/louwee/correct_ws/src/computer_vision' with build type 'ament_cmake'
[0.414s] INFO:colcon.colcon_cmake.task.cmake.build:Building CMake package in '/home/louwee/correct_ws/src/computer_vision'
[0.415s] INFO:colcon.colcon_core.shell:Skip shell extension 'powershell' for command environment: Not usable outside of PowerShell
[0.415s] DEBUG:colcon.colcon_core.shell:Skip shell extension 'dsv' for command environment
[0.420s] INFO:colcon.colcon_ros.task.ament_cmake.build:Building ROS package in '/home/louwee/correct_ws/src/correct_controller' with build type 'ament_cmake'
[0.421s] INFO:colcon.colcon_cmake.task.cmake.build:Building CMake package in '/home/louwee/correct_ws/src/correct_controller'
[0.421s] INFO:colcon.colcon_core.shell:Skip shell extension 'powershell' for command environment: Not usable outside of PowerShell
[0.421s] DEBUG:colcon.colcon_core.shell:Skip shell extension 'dsv' for command environment
[0.430s] INFO:colcon.colcon_ros.task.ament_cmake.build:Building ROS package in '/home/louwee/correct_ws/src/correct_localization' with build type 'ament_cmake'
[0.431s] INFO:colcon.colcon_cmake.task.cmake.build:Building CMake package in '/home/louwee/correct_ws/src/correct_localization'
[0.431s] INFO:colcon.colcon_core.shell:Skip shell extension 'powershell' for command environment: Not usable outside of PowerShell
[0.431s] DEBUG:colcon.colcon_core.shell:Skip shell extension 'dsv' for command environment
[0.436s] INFO:colcon.colcon_ros.task.ament_cmake.build:Building ROS package in '/home/louwee/correct_ws/src/correct_pkg' with build type 'ament_cmake'
[0.436s] INFO:colcon.colcon_cmake.task.cmake.build:Building CMake package in '/home/louwee/correct_ws/src/correct_pkg'
[0.437s] INFO:colcon.colcon_core.shell:Skip shell extension 'powershell' for command environment: Not usable outside of PowerShell
[0.437s] DEBUG:colcon.colcon_core.shell:Skip shell extension 'dsv' for command environment
[0.441s] INFO:colcon.colcon_ros.task.ament_python.build:Building ROS package in '/home/louwee/correct_ws/src/correct_py_examples' with build type 'ament_python'
[0.442s] Level 1:colcon.colcon_core.shell:create_environment_hook('correct_py_examples', 'ament_prefix_path')
[0.442s] INFO:colcon.colcon_core.shell:Creating environment hook '/home/louwee/correct_ws/install/correct_py_examples/share/correct_py_examples/hook/ament_prefix_path.ps1'
[0.443s] INFO:colcon.colcon_core.shell:Creating environment descriptor '/home/louwee/correct_ws/install/correct_py_examples/share/correct_py_examples/hook/ament_prefix_path.dsv'
[0.444s] INFO:colcon.colcon_core.shell:Creating environment hook '/home/louwee/correct_ws/install/correct_py_examples/share/correct_py_examples/hook/ament_prefix_path.sh'
[0.446s] INFO:colcon.colcon_core.shell:Skip shell extension 'powershell' for command environment: Not usable outside of PowerShell
[0.446s] DEBUG:colcon.colcon_core.shell:Skip shell extension 'dsv' for command environment
[0.460s] DEBUG:colcon.colcon_core.event_handler.log_command:Invoking command in '/home/louwee/correct_ws/build/correct_msgs': CMAKE_PREFIX_PATH=/opt/ros/humble /usr/bin/cmake --build /home/louwee/correct_ws/build/correct_msgs -- -j12 -l12
[0.464s] DEBUG:colcon.colcon_core.event_handler.log_command:Invoking command in '/home/louwee/correct_ws/build/computer_vision': CMAKE_PREFIX_PATH=/opt/ros/humble /usr/bin/cmake --build /home/louwee/correct_ws/build/computer_vision -- -j12 -l12
[0.469s] DEBUG:colcon.colcon_core.event_handler.log_command:Invoking command in '/home/louwee/correct_ws/build/correct_controller': CMAKE_PREFIX_PATH=/opt/ros/humble /usr/bin/cmake --build /home/louwee/correct_ws/build/correct_controller -- -j12 -l12
[0.474s] DEBUG:colcon.colcon_core.event_handler.log_command:Invoking command in '/home/louwee/correct_ws/build/correct_localization': CMAKE_PREFIX_PATH=/opt/ros/humble /usr/bin/cmake --build /home/louwee/correct_ws/build/correct_localization -- -j12 -l12
[0.481s] DEBUG:colcon.colcon_core.event_handler.log_command:Invoking command in '/home/louwee/correct_ws/build/correct_pkg': CMAKE_PREFIX_PATH=/opt/ros/humble /usr/bin/cmake --build /home/louwee/correct_ws/build/correct_pkg -- -j12 -l12
[1.092s] INFO:colcon.colcon_core.task.python.build:Building Python package in '/home/louwee/correct_ws/src/correct_py_examples'
[1.092s] INFO:colcon.colcon_core.shell:Skip shell extension 'powershell' for command environment: Not usable outside of PowerShell
[1.092s] DEBUG:colcon.colcon_core.shell:Skip shell extension 'dsv' for command environment
[1.114s] DEBUG:colcon.colcon_core.event_handler.log_command:Invoked command in '/home/louwee/correct_ws/build/correct_pkg' returned '0': CMAKE_PREFIX_PATH=/opt/ros/humble /usr/bin/cmake --build /home/louwee/correct_ws/build/correct_pkg -- -j12 -l12
[1.152s] DEBUG:colcon.colcon_core.event_handler.log_command:Invoking command in '/home/louwee/correct_ws/build/correct_pkg': CMAKE_PREFIX_PATH=/opt/ros/humble /usr/bin/cmake --install /home/louwee/correct_ws/build/correct_pkg
[1.162s] DEBUG:colcon.colcon_core.event_handler.log_command:Invoked command in '/home/louwee/correct_ws/build/correct_localization' returned '0': CMAKE_PREFIX_PATH=/opt/ros/humble /usr/bin/cmake --build /home/louwee/correct_ws/build/correct_localization -- -j12 -l12
[1.165s] DEBUG:colcon.colcon_core.event_handler.log_command:Invoking command in '/home/louwee/correct_ws/build/correct_localization': CMAKE_PREFIX_PATH=/opt/ros/humble /usr/bin/cmake --install /home/louwee/correct_ws/build/correct_localization
[1.447s] Level 1:colcon.colcon_core.environment:create_environment_scripts_only(correct_pkg)
[1.488s] Level 1:colcon.colcon_core.environment:checking '/home/louwee/correct_ws/install/correct_pkg' for CMake module files
[1.499s] Level 1:colcon.colcon_core.environment:checking '/home/louwee/correct_ws/install/correct_pkg' for CMake config files
[1.503s] Level 1:colcon.colcon_core.shell:create_environment_hook('correct_pkg', 'cmake_prefix_path')
[1.505s] INFO:colcon.colcon_core.shell:Creating environment hook '/home/louwee/correct_ws/install/correct_pkg/share/correct_pkg/hook/cmake_prefix_path.ps1'
[1.512s] INFO:colcon.colcon_core.shell:Creating environment descriptor '/home/louwee/correct_ws/install/correct_pkg/share/correct_pkg/hook/cmake_prefix_path.dsv'
[1.516s] INFO:colcon.colcon_core.shell:Creating environment hook '/home/louwee/correct_ws/install/correct_pkg/share/correct_pkg/hook/cmake_prefix_path.sh'
[1.530s] Level 1:colcon.colcon_core.environment:checking '/home/louwee/correct_ws/install/correct_pkg/bin'
[1.530s] Level 1:colcon.colcon_core.environment:checking '/home/louwee/correct_ws/install/correct_pkg/lib/pkgconfig/correct_pkg.pc'
[1.532s] Level 1:colcon.colcon_core.environment:checking '/home/louwee/correct_ws/install/correct_pkg/lib/python3.10/site-packages'
[1.534s] Level 1:colcon.colcon_core.environment:checking '/home/louwee/correct_ws/install/correct_pkg/bin'
[1.536s] INFO:colcon.colcon_core.shell:Creating package script '/home/louwee/correct_ws/install/correct_pkg/share/correct_pkg/package.ps1'
[1.547s] INFO:colcon.colcon_core.shell:Creating package descriptor '/home/louwee/correct_ws/install/correct_pkg/share/correct_pkg/package.dsv'
[1.564s] INFO:colcon.colcon_core.shell:Creating package script '/home/louwee/correct_ws/install/correct_pkg/share/correct_pkg/package.sh'
[1.572s] INFO:colcon.colcon_core.shell:Creating package script '/home/louwee/correct_ws/install/correct_pkg/share/correct_pkg/package.bash'
[1.580s] INFO:colcon.colcon_core.shell:Creating package script '/home/louwee/correct_ws/install/correct_pkg/share/correct_pkg/package.zsh'
[1.587s] Level 1:colcon.colcon_core.environment:create_file_with_runtime_dependencies(/home/louwee/correct_ws/install/correct_pkg/share/colcon-core/packages/correct_pkg)
[1.594s] Level 1:colcon.colcon_core.environment:create_environment_scripts_only(correct_pkg)
[1.596s] Level 1:colcon.colcon_core.environment:checking '/home/louwee/correct_ws/install/correct_pkg' for CMake module files
[1.605s] Level 1:colcon.colcon_core.environment:checking '/home/louwee/correct_ws/install/correct_pkg' for CMake config files
[1.607s] Level 1:colcon.colcon_core.shell:create_environment_hook('correct_pkg', 'cmake_prefix_path')
[1.609s] INFO:colcon.colcon_core.shell:Creating environment hook '/home/louwee/correct_ws/install/correct_pkg/share/correct_pkg/hook/cmake_prefix_path.ps1'
[1.619s] INFO:colcon.colcon_core.shell:Creating environment descriptor '/home/louwee/correct_ws/install/correct_pkg/share/correct_pkg/hook/cmake_prefix_path.dsv'
[1.626s] INFO:colcon.colcon_core.shell:Creating environment hook '/home/louwee/correct_ws/install/correct_pkg/share/correct_pkg/hook/cmake_prefix_path.sh'
[1.632s] Level 1:colcon.colcon_core.environment:checking '/home/louwee/correct_ws/install/correct_pkg/bin'
[1.633s] Level 1:colcon.colcon_core.environment:checking '/home/louwee/correct_ws/install/correct_pkg/lib/pkgconfig/correct_pkg.pc'
[1.634s] Level 1:colcon.colcon_core.environment:checking '/home/louwee/correct_ws/install/correct_pkg/lib/python3.10/site-packages'
[1.635s] Level 1:colcon.colcon_core.environment:checking '/home/louwee/correct_ws/install/correct_pkg/bin'
[1.637s] INFO:colcon.colcon_core.shell:Creating package script '/home/louwee/correct_ws/install/correct_pkg/share/correct_pkg/package.ps1'
[1.644s] INFO:colcon.colcon_core.shell:Creating package descriptor '/home/louwee/correct_ws/install/correct_pkg/share/correct_pkg/package.dsv'
[1.647s] INFO:colcon.colcon_core.shell:Creating package script '/home/louwee/correct_ws/install/correct_pkg/share/correct_pkg/package.sh'
[1.649s] INFO:colcon.colcon_core.shell:Creating package script '/home/louwee/correct_ws/install/correct_pkg/share/correct_pkg/package.bash'
[1.650s] INFO:colcon.colcon_core.shell:Creating package script '/home/louwee/correct_ws/install/correct_pkg/share/correct_pkg/package.zsh'
[1.651s] Level 1:colcon.colcon_core.environment:create_file_with_runtime_dependencies(/home/louwee/correct_ws/install/correct_pkg/share/colcon-core/packages/correct_pkg)
[1.654s] Level 1:colcon.colcon_core.environment:create_environment_scripts_only(correct_localization)
[1.655s] Level 1:colcon.colcon_core.environment:checking '/home/louwee/correct_ws/install/correct_localization' for CMake module files
[1.665s] Level 1:colcon.colcon_core.environment:checking '/home/louwee/correct_ws/install/correct_localization' for CMake config files
[1.680s] Level 1:colcon.colcon_core.shell:create_environment_hook('correct_localization', 'cmake_prefix_path')
[1.680s] INFO:colcon.colcon_core.shell:Creating environment hook '/home/louwee/correct_ws/install/correct_localization/share/correct_localization/hook/cmake_prefix_path.ps1'
[1.683s] INFO:colcon.colcon_core.shell:Creating environment descriptor '/home/louwee/correct_ws/install/correct_localization/share/correct_localization/hook/cmake_prefix_path.dsv'
[1.687s] INFO:colcon.colcon_core.shell:Creating environment hook '/home/louwee/correct_ws/install/correct_localization/share/correct_localization/hook/cmake_prefix_path.sh'
[1.692s] Level 1:colcon.colcon_core.environment:checking '/home/louwee/correct_ws/install/correct_localization/lib'
[1.693s] Level 1:colcon.colcon_core.environment:checking '/home/louwee/correct_ws/install/correct_localization/bin'
[1.693s] Level 1:colcon.colcon_core.environment:checking '/home/louwee/correct_ws/install/correct_localization/lib/pkgconfig/correct_localization.pc'
[1.694s] Level 1:colcon.colcon_core.environment:checking '/home/louwee/correct_ws/install/correct_localization/lib/python3.10/site-packages'
[1.694s] Level 1:colcon.colcon_core.environment:checking '/home/louwee/correct_ws/install/correct_localization/bin'
[1.695s] INFO:colcon.colcon_core.shell:Creating package script '/home/louwee/correct_ws/install/correct_localization/share/correct_localization/package.ps1'
[1.698s] INFO:colcon.colcon_core.shell:Creating package descriptor '/home/louwee/correct_ws/install/correct_localization/share/correct_localization/package.dsv'
[1.700s] INFO:colcon.colcon_core.shell:Creating package script '/home/louwee/correct_ws/install/correct_localization/share/correct_localization/package.sh'
[1.703s] INFO:colcon.colcon_core.shell:Creating package script '/home/louwee/correct_ws/install/correct_localization/share/correct_localization/package.bash'
[1.704s] DEBUG:colcon.colcon_core.event_handler.log_command:Invoked command in '/home/louwee/correct_ws/build/correct_msgs' returned '0': CMAKE_PREFIX_PATH=/opt/ros/humble /usr/bin/cmake --build /home/louwee/correct_ws/build/correct_msgs -- -j12 -l12
[1.705s] INFO:colcon.colcon_core.shell:Creating package script '/home/louwee/correct_ws/install/correct_localization/share/correct_localization/package.zsh'
[1.706s] Level 1:colcon.colcon_core.environment:create_file_with_runtime_dependencies(/home/louwee/correct_ws/install/correct_localization/share/colcon-core/packages/correct_localization)
[1.710s] Level 1:colcon.colcon_core.environment:create_environment_scripts_only(correct_localization)
[1.710s] Level 1:colcon.colcon_core.environment:checking '/home/louwee/correct_ws/install/correct_localization' for CMake module files
[1.713s] Level 1:colcon.colcon_core.environment:checking '/home/louwee/correct_ws/install/correct_localization' for CMake config files
[1.716s] DEBUG:colcon.colcon_core.event_handler.log_command:Invoking command in '/home/louwee/correct_ws/build/correct_msgs': CMAKE_PREFIX_PATH=/opt/ros/humble /usr/bin/cmake --install /home/louwee/correct_ws/build/correct_msgs
[1.725s] Level 1:colcon.colcon_core.shell:create_environment_hook('correct_localization', 'cmake_prefix_path')
[1.726s] INFO:colcon.colcon_core.shell:Creating environment hook '/home/louwee/correct_ws/install/correct_localization/share/correct_localization/hook/cmake_prefix_path.ps1'
[1.728s] INFO:colcon.colcon_core.shell:Creating environment descriptor '/home/louwee/correct_ws/install/correct_localization/share/correct_localization/hook/cmake_prefix_path.dsv'
[1.731s] INFO:colcon.colcon_core.shell:Creating environment hook '/home/louwee/correct_ws/install/correct_localization/share/correct_localization/hook/cmake_prefix_path.sh'
[1.733s] Level 1:colcon.colcon_core.environment:checking '/home/louwee/correct_ws/install/correct_localization/lib'
[1.734s] Level 1:colcon.colcon_core.environment:checking '/home/louwee/correct_ws/install/correct_localization/bin'
[1.734s] Level 1:colcon.colcon_core.environment:checking '/home/louwee/correct_ws/install/correct_localization/lib/pkgconfig/correct_localization.pc'
[1.735s] Level 1:colcon.colcon_core.environment:checking '/home/louwee/correct_ws/install/correct_localization/lib/python3.10/site-packages'
[1.736s] Level 1:colcon.colcon_core.environment:checking '/home/louwee/correct_ws/install/correct_localization/bin'
[1.737s] INFO:colcon.colcon_core.shell:Creating package script '/home/louwee/correct_ws/install/correct_localization/share/correct_localization/package.ps1'
[1.739s] INFO:colcon.colcon_core.shell:Creating package descriptor '/home/louwee/correct_ws/install/correct_localization/share/correct_localization/package.dsv'
[1.742s] INFO:colcon.colcon_core.shell:Creating package script '/home/louwee/correct_ws/install/correct_localization/share/correct_localization/package.sh'
[1.744s] INFO:colcon.colcon_core.shell:Creating package script '/home/louwee/correct_ws/install/correct_localization/share/correct_localization/package.bash'
[1.746s] INFO:colcon.colcon_core.shell:Creating package script '/home/louwee/correct_ws/install/correct_localization/share/correct_localization/package.zsh'
[1.748s] Level 1:colcon.colcon_core.environment:create_file_with_runtime_dependencies(/home/louwee/correct_ws/install/correct_localization/share/colcon-core/packages/correct_localization)
[1.751s] Level 1:colcon.colcon_core.environment:create_environment_scripts_only(correct_msgs)
[1.752s] Level 1:colcon.colcon_core.environment:checking '/home/louwee/correct_ws/install/correct_msgs' for CMake module files
[1.755s] Level 1:colcon.colcon_core.environment:checking '/home/louwee/correct_ws/install/correct_msgs' for CMake config files
[1.768s] Level 1:colcon.colcon_core.shell:create_environment_hook('correct_msgs', 'cmake_prefix_path')
[1.769s] INFO:colcon.colcon_core.shell:Creating environment hook '/home/louwee/correct_ws/install/correct_msgs/share/correct_msgs/hook/cmake_prefix_path.ps1'
[1.770s] INFO:colcon.colcon_core.shell:Creating environment descriptor '/home/louwee/correct_ws/install/correct_msgs/share/correct_msgs/hook/cmake_prefix_path.dsv'
[1.771s] INFO:colcon.colcon_core.shell:Creating environment hook '/home/louwee/correct_ws/install/correct_msgs/share/correct_msgs/hook/cmake_prefix_path.sh'
[1.773s] Level 1:colcon.colcon_core.environment:checking '/home/louwee/correct_ws/install/correct_msgs/lib'
[1.774s] Level 1:colcon.colcon_core.shell:create_environment_hook('correct_msgs', 'ld_library_path_lib')
[1.774s] INFO:colcon.colcon_core.shell:Creating environment hook '/home/louwee/correct_ws/install/correct_msgs/share/correct_msgs/hook/ld_library_path_lib.ps1'
[1.776s] INFO:colcon.colcon_core.shell:Creating environment descriptor '/home/louwee/correct_ws/install/correct_msgs/share/correct_msgs/hook/ld_library_path_lib.dsv'
[1.777s] INFO:colcon.colcon_core.shell:Creating environment hook '/home/louwee/correct_ws/install/correct_msgs/share/correct_msgs/hook/ld_library_path_lib.sh'
[1.779s] Level 1:colcon.colcon_core.environment:checking '/home/louwee/correct_ws/install/correct_msgs/bin'
[1.779s] Level 1:colcon.colcon_core.environment:checking '/home/louwee/correct_ws/install/correct_msgs/lib/pkgconfig/correct_msgs.pc'
[1.780s] Level 1:colcon.colcon_core.environment:checking '/home/louwee/correct_ws/install/correct_msgs/lib/python3.10/site-packages'
[1.780s] Level 1:colcon.colcon_core.environment:checking '/home/louwee/correct_ws/install/correct_msgs/bin'
[1.781s] INFO:colcon.colcon_core.shell:Creating package script '/home/louwee/correct_ws/install/correct_msgs/share/correct_msgs/package.ps1'
[1.782s] INFO:colcon.colcon_core.shell:Creating package descriptor '/home/louwee/correct_ws/install/correct_msgs/share/correct_msgs/package.dsv'
[1.783s] INFO:colcon.colcon_core.shell:Creating package script '/home/louwee/correct_ws/install/correct_msgs/share/correct_msgs/package.sh'
[1.784s] INFO:colcon.colcon_core.shell:Creating package script '/home/louwee/correct_ws/install/correct_msgs/share/correct_msgs/package.bash'
[1.785s] INFO:colcon.colcon_core.shell:Creating package script '/home/louwee/correct_ws/install/correct_msgs/share/correct_msgs/package.zsh'
[1.787s] Level 1:colcon.colcon_core.environment:create_file_with_runtime_dependencies(/home/louwee/correct_ws/install/correct_msgs/share/colcon-core/packages/correct_msgs)
[1.789s] Level 1:colcon.colcon_core.environment:create_environment_scripts_only(correct_msgs)
[1.789s] Level 1:colcon.colcon_core.environment:checking '/home/louwee/correct_ws/install/correct_msgs' for CMake module files
[1.791s] Level 1:colcon.colcon_core.environment:checking '/home/louwee/correct_ws/install/correct_msgs' for CMake config files
[1.796s] Level 1:colcon.colcon_core.shell:create_environment_hook('correct_msgs', 'cmake_prefix_path')
[1.796s] INFO:colcon.colcon_core.shell:Creating environment hook '/home/louwee/correct_ws/install/correct_msgs/share/correct_msgs/hook/cmake_prefix_path.ps1'
[1.797s] INFO:colcon.colcon_core.shell:Creating environment descriptor '/home/louwee/correct_ws/install/correct_msgs/share/correct_msgs/hook/cmake_prefix_path.dsv'
[1.799s] INFO:colcon.colcon_core.shell:Creating environment hook '/home/louwee/correct_ws/install/correct_msgs/share/correct_msgs/hook/cmake_prefix_path.sh'
[1.800s] Level 1:colcon.colcon_core.environment:checking '/home/louwee/correct_ws/install/correct_msgs/lib'
[1.800s] Level 1:colcon.colcon_core.shell:create_environment_hook('correct_msgs', 'ld_library_path_lib')
[1.801s] INFO:colcon.colcon_core.shell:Creating environment hook '/home/louwee/correct_ws/install/correct_msgs/share/correct_msgs/hook/ld_library_path_lib.ps1'
[1.802s] INFO:colcon.colcon_core.shell:Creating environment descriptor '/home/louwee/correct_ws/install/correct_msgs/share/correct_msgs/hook/ld_library_path_lib.dsv'
[1.803s] INFO:colcon.colcon_core.shell:Creating environment hook '/home/louwee/correct_ws/install/correct_msgs/share/correct_msgs/hook/ld_library_path_lib.sh'
[1.805s] Level 1:colcon.colcon_core.environment:checking '/home/louwee/correct_ws/install/correct_msgs/bin'
[1.805s] Level 1:colcon.colcon_core.environment:checking '/home/louwee/correct_ws/install/correct_msgs/lib/pkgconfig/correct_msgs.pc'
[1.806s] Level 1:colcon.colcon_core.environment:checking '/home/louwee/correct_ws/install/correct_msgs/lib/python3.10/site-packages'
[1.806s] Level 1:colcon.colcon_core.environment:checking '/home/louwee/correct_ws/install/correct_msgs/bin'
[1.807s] INFO:colcon.colcon_core.shell:Creating package script '/home/louwee/correct_ws/install/correct_msgs/share/correct_msgs/package.ps1'
[1.811s] INFO:colcon.colcon_core.shell:Creating package descriptor '/home/louwee/correct_ws/install/correct_msgs/share/correct_msgs/package.dsv'
[1.813s] INFO:colcon.colcon_core.shell:Creating package script '/home/louwee/correct_ws/install/correct_msgs/share/correct_msgs/package.sh'
[1.816s] INFO:colcon.colcon_core.shell:Creating package script '/home/louwee/correct_ws/install/correct_msgs/share/correct_msgs/package.bash'
[1.818s] INFO:colcon.colcon_core.shell:Creating package script '/home/louwee/correct_ws/install/correct_msgs/share/correct_msgs/package.zsh'
[1.822s] Level 1:colcon.colcon_core.environment:create_file_with_runtime_dependencies(/home/louwee/correct_ws/install/correct_msgs/share/colcon-core/packages/correct_msgs)
[1.824s] Level 1:colcon.colcon_core.environment:create_environment_scripts_only(computer_vision)
[1.824s] Level 1:colcon.colcon_core.environment:checking '/home/louwee/correct_ws/install/computer_vision' for CMake module files
[1.826s] DEBUG:colcon.colcon_core.event_handler.log_command:Invoked command in '/home/louwee/correct_ws/build/computer_vision' returned '0': CMAKE_PREFIX_PATH=/opt/ros/humble /usr/bin/cmake --build /home/louwee/correct_ws/build/computer_vision -- -j12 -l12
[1.828s] Level 1:colcon.colcon_core.environment:checking '/home/louwee/correct_ws/install/computer_vision' for CMake config files
[1.830s] DEBUG:colcon.colcon_core.event_handler.log_command:Invoking command in '/home/louwee/correct_ws/build/computer_vision': CMAKE_PREFIX_PATH=/opt/ros/humble /usr/bin/cmake --install /home/louwee/correct_ws/build/computer_vision
[1.833s] DEBUG:colcon.colcon_core.event_handler.log_command:Invoked command in '/home/louwee/correct_ws/build/correct_pkg' returned '0': CMAKE_PREFIX_PATH=/opt/ros/humble /usr/bin/cmake --install /home/louwee/correct_ws/build/correct_pkg
[1.855s] Level 1:colcon.colcon_core.shell:create_environment_hook('computer_vision', 'cmake_prefix_path')
[1.856s] INFO:colcon.colcon_core.shell:Creating environment hook '/home/louwee/correct_ws/install/computer_vision/share/computer_vision/hook/cmake_prefix_path.ps1'
[1.856s] DEBUG:colcon.colcon_core.event_handler.log_command:Invoked command in '/home/louwee/correct_ws/build/correct_localization' returned '0': CMAKE_PREFIX_PATH=/opt/ros/humble /usr/bin/cmake --install /home/louwee/correct_ws/build/correct_localization
[1.858s] INFO:colcon.colcon_core.shell:Creating environment descriptor '/home/louwee/correct_ws/install/computer_vision/share/computer_vision/hook/cmake_prefix_path.dsv'
[1.860s] INFO:colcon.colcon_core.shell:Creating environment hook '/home/louwee/correct_ws/install/computer_vision/share/computer_vision/hook/cmake_prefix_path.sh'
[1.866s] Level 1:colcon.colcon_core.environment:checking '/home/louwee/correct_ws/install/computer_vision/lib'
[1.866s] DEBUG:colcon.colcon_core.event_handler.log_command:Invoked command in '/home/louwee/correct_ws/build/correct_msgs' returned '0': CMAKE_PREFIX_PATH=/opt/ros/humble /usr/bin/cmake --install /home/louwee/correct_ws/build/correct_msgs
[1.867s] Level 1:colcon.colcon_core.environment:checking '/home/louwee/correct_ws/install/computer_vision/bin'
[1.867s] Level 1:colcon.colcon_core.environment:checking '/home/louwee/correct_ws/install/computer_vision/lib/pkgconfig/computer_vision.pc'
[1.867s] Level 1:colcon.colcon_core.environment:checking '/home/louwee/correct_ws/install/computer_vision/lib/python3.10/site-packages'
[1.868s] Level 1:colcon.colcon_core.environment:checking '/home/louwee/correct_ws/install/computer_vision/bin'
[1.869s] INFO:colcon.colcon_core.shell:Creating package script '/home/louwee/correct_ws/install/computer_vision/share/computer_vision/package.ps1'
[1.870s] DEBUG:colcon.colcon_core.event_handler.log_command:Invoked command in '/home/louwee/correct_ws/build/computer_vision' returned '0': CMAKE_PREFIX_PATH=/opt/ros/humble /usr/bin/cmake --install /home/louwee/correct_ws/build/computer_vision
[1.871s] INFO:colcon.colcon_core.shell:Creating package descriptor '/home/louwee/correct_ws/install/computer_vision/share/computer_vision/package.dsv'
[1.872s] INFO:colcon.colcon_core.shell:Creating package script '/home/louwee/correct_ws/install/computer_vision/share/computer_vision/package.sh'
[1.873s] INFO:colcon.colcon_core.shell:Creating package script '/home/louwee/correct_ws/install/computer_vision/share/computer_vision/package.bash'
[1.873s] INFO:colcon.colcon_core.shell:Creating package script '/home/louwee/correct_ws/install/computer_vision/share/computer_vision/package.zsh'
[1.874s] Level 1:colcon.colcon_core.environment:create_file_with_runtime_dependencies(/home/louwee/correct_ws/install/computer_vision/share/colcon-core/packages/computer_vision)
[1.875s] Level 1:colcon.colcon_core.environment:create_environment_scripts_only(computer_vision)
[1.876s] Level 1:colcon.colcon_core.environment:checking '/home/louwee/correct_ws/install/computer_vision' for CMake module files
[1.877s] Level 1:colcon.colcon_core.environment:checking '/home/louwee/correct_ws/install/computer_vision' for CMake config files
[1.878s] Level 1:colcon.colcon_core.shell:create_environment_hook('computer_vision', 'cmake_prefix_path')
[1.879s] INFO:colcon.colcon_core.shell:Creating environment hook '/home/louwee/correct_ws/install/computer_vision/share/computer_vision/hook/cmake_prefix_path.ps1'
[1.879s] INFO:colcon.colcon_core.shell:Creating environment descriptor '/home/louwee/correct_ws/install/computer_vision/share/computer_vision/hook/cmake_prefix_path.dsv'
[1.880s] INFO:colcon.colcon_core.shell:Creating environment hook '/home/louwee/correct_ws/install/computer_vision/share/computer_vision/hook/cmake_prefix_path.sh'
[1.881s] Level 1:colcon.colcon_core.environment:checking '/home/louwee/correct_ws/install/computer_vision/lib'
[1.881s] Level 1:colcon.colcon_core.environment:checking '/home/louwee/correct_ws/install/computer_vision/bin'
[1.881s] Level 1:colcon.colcon_core.environment:checking '/home/louwee/correct_ws/install/computer_vision/lib/pkgconfig/computer_vision.pc'
[1.882s] Level 1:colcon.colcon_core.environment:checking '/home/louwee/correct_ws/install/computer_vision/lib/python3.10/site-packages'
[1.882s] Level 1:colcon.colcon_core.environment:checking '/home/louwee/correct_ws/install/computer_vision/bin'
[1.883s] INFO:colcon.colcon_core.shell:Creating package script '/home/louwee/correct_ws/install/computer_vision/share/computer_vision/package.ps1'
[1.884s] INFO:colcon.colcon_core.shell:Creating package descriptor '/home/louwee/correct_ws/install/computer_vision/share/computer_vision/package.dsv'
[1.885s] INFO:colcon.colcon_core.shell:Creating package script '/home/louwee/correct_ws/install/computer_vision/share/computer_vision/package.sh'
[1.886s] INFO:colcon.colcon_core.shell:Creating package script '/home/louwee/correct_ws/install/computer_vision/share/computer_vision/package.bash'
[1.887s] INFO:colcon.colcon_core.shell:Creating package script '/home/louwee/correct_ws/install/computer_vision/share/computer_vision/package.zsh'
[1.888s] Level 1:colcon.colcon_core.environment:create_file_with_runtime_dependencies(/home/louwee/correct_ws/install/computer_vision/share/colcon-core/packages/computer_vision)
[1.888s] INFO:colcon.colcon_ros.task.ament_cmake.build:Building ROS package in '/home/louwee/correct_ws/src/correct_cpp_examples' with build type 'ament_cmake'
[1.889s] INFO:colcon.colcon_cmake.task.cmake.build:Building CMake package in '/home/louwee/correct_ws/src/correct_cpp_examples'
[1.889s] INFO:colcon.colcon_core.shell:Skip shell extension 'powershell' for command environment: Not usable outside of PowerShell
[1.889s] DEBUG:colcon.colcon_core.shell:Skip shell extension 'dsv' for command environment
[1.907s] DEBUG:colcon.colcon_core.event_handler.log_command:Invoking command in '/home/louwee/correct_ws/build/correct_cpp_examples': AMENT_PREFIX_PATH=/home/louwee/correct_ws/install/correct_msgs:${AMENT_PREFIX_PATH} CMAKE_PREFIX_PATH=/home/louwee/correct_ws/install/correct_msgs:/opt/ros/humble LD_LIBRARY_PATH=/home/louwee/correct_ws/install/correct_msgs/lib:${LD_LIBRARY_PATH} PYTHONPATH=/home/louwee/correct_ws/install/correct_msgs/local/lib/python3.10/dist-packages:${PYTHONPATH} /usr/bin/cmake --build /home/louwee/correct_ws/build/correct_cpp_examples -- -j12 -l12
[2.024s] DEBUG:colcon.colcon_core.event_handler.log_command:Invoked command in '/home/louwee/correct_ws/build/correct_cpp_examples' returned '0': AMENT_PREFIX_PATH=/home/louwee/correct_ws/install/correct_msgs:${AMENT_PREFIX_PATH} CMAKE_PREFIX_PATH=/home/louwee/correct_ws/install/correct_msgs:/opt/ros/humble LD_LIBRARY_PATH=/home/louwee/correct_ws/install/correct_msgs/lib:${LD_LIBRARY_PATH} PYTHONPATH=/home/louwee/correct_ws/install/correct_msgs/local/lib/python3.10/dist-packages:${PYTHONPATH} /usr/bin/cmake --build /home/louwee/correct_ws/build/correct_cpp_examples -- -j12 -l12
[2.027s] DEBUG:colcon.colcon_core.event_handler.log_command:Invoking command in '/home/louwee/correct_ws/build/correct_cpp_examples': AMENT_PREFIX_PATH=/home/louwee/correct_ws/install/correct_msgs:${AMENT_PREFIX_PATH} CMAKE_PREFIX_PATH=/home/louwee/correct_ws/install/correct_msgs:/opt/ros/humble LD_LIBRARY_PATH=/home/louwee/correct_ws/install/correct_msgs/lib:${LD_LIBRARY_PATH} PYTHONPATH=/home/louwee/correct_ws/install/correct_msgs/local/lib/python3.10/dist-packages:${PYTHONPATH} /usr/bin/cmake --install /home/louwee/correct_ws/build/correct_cpp_examples
[2.044s] Level 1:colcon.colcon_core.environment:create_environment_scripts_only(correct_cpp_examples)
[2.045s] Level 1:colcon.colcon_core.environment:checking '/home/louwee/correct_ws/install/correct_cpp_examples' for CMake module files
[2.046s] DEBUG:colcon.colcon_core.event_handler.log_command:Invoked command in '/home/louwee/correct_ws/build/correct_cpp_examples' returned '0': AMENT_PREFIX_PATH=/home/louwee/correct_ws/install/correct_msgs:${AMENT_PREFIX_PATH} CMAKE_PREFIX_PATH=/home/louwee/correct_ws/install/correct_msgs:/opt/ros/humble LD_LIBRARY_PATH=/home/louwee/correct_ws/install/correct_msgs/lib:${LD_LIBRARY_PATH} PYTHONPATH=/home/louwee/correct_ws/install/correct_msgs/local/lib/python3.10/dist-packages:${PYTHONPATH} /usr/bin/cmake --install /home/louwee/correct_ws/build/correct_cpp_examples
[2.047s] Level 1:colcon.colcon_core.environment:checking '/home/louwee/correct_ws/install/correct_cpp_examples' for CMake config files
[2.047s] Level 1:colcon.colcon_core.shell:create_environment_hook('correct_cpp_examples', 'cmake_prefix_path')
[2.048s] INFO:colcon.colcon_core.shell:Creating environment hook '/home/louwee/correct_ws/install/correct_cpp_examples/share/correct_cpp_examples/hook/cmake_prefix_path.ps1'
[2.048s] INFO:colcon.colcon_core.shell:Creating environment descriptor '/home/louwee/correct_ws/install/correct_cpp_examples/share/correct_cpp_examples/hook/cmake_prefix_path.dsv'
[2.049s] INFO:colcon.colcon_core.shell:Creating environment hook '/home/louwee/correct_ws/install/correct_cpp_examples/share/correct_cpp_examples/hook/cmake_prefix_path.sh'
[2.050s] Level 1:colcon.colcon_core.environment:checking '/home/louwee/correct_ws/install/correct_cpp_examples/lib'
[2.050s] Level 1:colcon.colcon_core.environment:checking '/home/louwee/correct_ws/install/correct_cpp_examples/bin'
[2.051s] Level 1:colcon.colcon_core.environment:checking '/home/louwee/correct_ws/install/correct_cpp_examples/lib/pkgconfig/correct_cpp_examples.pc'
[2.051s] Level 1:colcon.colcon_core.environment:checking '/home/louwee/correct_ws/install/correct_cpp_examples/lib/python3.10/site-packages'
[2.051s] Level 1:colcon.colcon_core.environment:checking '/home/louwee/correct_ws/install/correct_cpp_examples/bin'
[2.052s] INFO:colcon.colcon_core.shell:Creating package script '/home/louwee/correct_ws/install/correct_cpp_examples/share/correct_cpp_examples/package.ps1'
[2.053s] INFO:colcon.colcon_core.shell:Creating package descriptor '/home/louwee/correct_ws/install/correct_cpp_examples/share/correct_cpp_examples/package.dsv'
[2.054s] INFO:colcon.colcon_core.shell:Creating package script '/home/louwee/correct_ws/install/correct_cpp_examples/share/correct_cpp_examples/package.sh'
[2.055s] INFO:colcon.colcon_core.shell:Creating package script '/home/louwee/correct_ws/install/correct_cpp_examples/share/correct_cpp_examples/package.bash'
[2.055s] INFO:colcon.colcon_core.shell:Creating package script '/home/louwee/correct_ws/install/correct_cpp_examples/share/correct_cpp_examples/package.zsh'
[2.056s] Level 1:colcon.colcon_core.environment:create_file_with_runtime_dependencies(/home/louwee/correct_ws/install/correct_cpp_examples/share/colcon-core/packages/correct_cpp_examples)
[2.057s] Level 1:colcon.colcon_core.environment:create_environment_scripts_only(correct_cpp_examples)
[2.058s] Level 1:colcon.colcon_core.environment:checking '/home/louwee/correct_ws/install/correct_cpp_examples' for CMake module files
[2.059s] Level 1:colcon.colcon_core.environment:checking '/home/louwee/correct_ws/install/correct_cpp_examples' for CMake config files
[2.059s] Level 1:colcon.colcon_core.shell:create_environment_hook('correct_cpp_examples', 'cmake_prefix_path')
[2.060s] INFO:colcon.colcon_core.shell:Creating environment hook '/home/louwee/correct_ws/install/correct_cpp_examples/share/correct_cpp_examples/hook/cmake_prefix_path.ps1'
[2.060s] INFO:colcon.colcon_core.shell:Creating environment descriptor '/home/louwee/correct_ws/install/correct_cpp_examples/share/correct_cpp_examples/hook/cmake_prefix_path.dsv'
[2.061s] INFO:colcon.colcon_core.shell:Creating environment hook '/home/louwee/correct_ws/install/correct_cpp_examples/share/correct_cpp_examples/hook/cmake_prefix_path.sh'
[2.062s] Level 1:colcon.colcon_core.environment:checking '/home/louwee/correct_ws/install/correct_cpp_examples/lib'
[2.062s] Level 1:colcon.colcon_core.environment:checking '/home/louwee/correct_ws/install/correct_cpp_examples/bin'
[2.062s] Level 1:colcon.colcon_core.environment:checking '/home/louwee/correct_ws/install/correct_cpp_examples/lib/pkgconfig/correct_cpp_examples.pc'
[2.063s] Level 1:colcon.colcon_core.environment:checking '/home/louwee/correct_ws/install/correct_cpp_examples/lib/python3.10/site-packages'
[2.063s] Level 1:colcon.colcon_core.environment:checking '/home/louwee/correct_ws/install/correct_cpp_examples/bin'
[2.064s] INFO:colcon.colcon_core.shell:Creating package script '/home/louwee/correct_ws/install/correct_cpp_examples/share/correct_cpp_examples/package.ps1'
[2.065s] INFO:colcon.colcon_core.shell:Creating package descriptor '/home/louwee/correct_ws/install/correct_cpp_examples/share/correct_cpp_examples/package.dsv'
[2.065s] INFO:colcon.colcon_core.shell:Creating package script '/home/louwee/correct_ws/install/correct_cpp_examples/share/correct_cpp_examples/package.sh'
[2.066s] INFO:colcon.colcon_core.shell:Creating package script '/home/louwee/correct_ws/install/correct_cpp_examples/share/correct_cpp_examples/package.bash'
[2.067s] INFO:colcon.colcon_core.shell:Creating package script '/home/louwee/correct_ws/install/correct_cpp_examples/share/correct_cpp_examples/package.zsh'
[2.068s] Level 1:colcon.colcon_core.environment:create_file_with_runtime_dependencies(/home/louwee/correct_ws/install/correct_cpp_examples/share/colcon-core/packages/correct_cpp_examples)
[2.187s] DEBUG:colcon.colcon_core.event_handler.log_command:Invoking command in '/home/louwee/correct_ws/src/correct_py_examples': PYTHONPATH=/home/louwee/correct_ws/build/correct_py_examples/prefix_override:/usr/lib/python3/dist-packages/colcon_core/task/python/colcon_distutils_commands:/home/louwee/correct_ws/install/correct_py_examples/lib/python3.10/site-packages:${PYTHONPATH} /usr/bin/python3 -W ignore:setup.py install is deprecated -W ignore:easy_install command is deprecated setup.py egg_info --egg-base ../../build/correct_py_examples build --build-base /home/louwee/correct_ws/build/correct_py_examples/build install --record /home/louwee/correct_ws/build/correct_py_examples/install.log --single-version-externally-managed install_data
[2.565s] Level 1:colcon.colcon_core.environment:checking '/home/louwee/correct_ws/install/correct_py_examples' for CMake module files
[2.566s] DEBUG:colcon.colcon_core.event_handler.log_command:Invoked command in '/home/louwee/correct_ws/src/correct_py_examples' returned '0': PYTHONPATH=/home/louwee/correct_ws/build/correct_py_examples/prefix_override:/usr/lib/python3/dist-packages/colcon_core/task/python/colcon_distutils_commands:/home/louwee/correct_ws/install/correct_py_examples/lib/python3.10/site-packages:${PYTHONPATH} /usr/bin/python3 -W ignore:setup.py install is deprecated -W ignore:easy_install command is deprecated setup.py egg_info --egg-base ../../build/correct_py_examples build --build-base /home/louwee/correct_ws/build/correct_py_examples/build install --record /home/louwee/correct_ws/build/correct_py_examples/install.log --single-version-externally-managed install_data
[2.567s] Level 1:colcon.colcon_core.environment:checking '/home/louwee/correct_ws/install/correct_py_examples' for CMake config files
[2.568s] Level 1:colcon.colcon_core.environment:checking '/home/louwee/correct_ws/install/correct_py_examples/lib'
[2.568s] Level 1:colcon.colcon_core.environment:checking '/home/louwee/correct_ws/install/correct_py_examples/bin'
[2.568s] Level 1:colcon.colcon_core.environment:checking '/home/louwee/correct_ws/install/correct_py_examples/lib/pkgconfig/correct_py_examples.pc'
[2.568s] Level 1:colcon.colcon_core.environment:checking '/home/louwee/correct_ws/install/correct_py_examples/lib/python3.10/site-packages'
[2.569s] Level 1:colcon.colcon_core.shell:create_environment_hook('correct_py_examples', 'pythonpath')
[2.569s] INFO:colcon.colcon_core.shell:Creating environment hook '/home/louwee/correct_ws/install/correct_py_examples/share/correct_py_examples/hook/pythonpath.ps1'
[2.570s] INFO:colcon.colcon_core.shell:Creating environment descriptor '/home/louwee/correct_ws/install/correct_py_examples/share/correct_py_examples/hook/pythonpath.dsv'
[2.570s] INFO:colcon.colcon_core.shell:Creating environment hook '/home/louwee/correct_ws/install/correct_py_examples/share/correct_py_examples/hook/pythonpath.sh'
[2.571s] Level 1:colcon.colcon_core.environment:checking '/home/louwee/correct_ws/install/correct_py_examples/bin'
[2.571s] Level 1:colcon.colcon_core.environment:create_environment_scripts_only(correct_py_examples)
[2.571s] INFO:colcon.colcon_core.shell:Creating package script '/home/louwee/correct_ws/install/correct_py_examples/share/correct_py_examples/package.ps1'
[2.572s] INFO:colcon.colcon_core.shell:Creating package descriptor '/home/louwee/correct_ws/install/correct_py_examples/share/correct_py_examples/package.dsv'
[2.572s] INFO:colcon.colcon_core.shell:Creating package script '/home/louwee/correct_ws/install/correct_py_examples/share/correct_py_examples/package.sh'
[2.573s] INFO:colcon.colcon_core.shell:Creating package script '/home/louwee/correct_ws/install/correct_py_examples/share/correct_py_examples/package.bash'
[2.573s] INFO:colcon.colcon_core.shell:Creating package script '/home/louwee/correct_ws/install/correct_py_examples/share/correct_py_examples/package.zsh'
[2.574s] Level 1:colcon.colcon_core.environment:create_file_with_runtime_dependencies(/home/louwee/correct_ws/install/correct_py_examples/share/colcon-core/packages/correct_py_examples)
[14.903s] DEBUG:colcon.colcon_core.event_handler.log_command:Invoked command in '/home/louwee/correct_ws/build/correct_controller' returned '0': CMAKE_PREFIX_PATH=/opt/ros/humble /usr/bin/cmake --build /home/louwee/correct_ws/build/correct_controller -- -j12 -l12
[14.905s] DEBUG:colcon.colcon_core.event_handler.log_command:Invoking command in '/home/louwee/correct_ws/build/correct_controller': CMAKE_PREFIX_PATH=/opt/ros/humble /usr/bin/cmake --install /home/louwee/correct_ws/build/correct_controller
[14.967s] Level 1:colcon.colcon_core.environment:create_environment_scripts_only(correct_controller)
[14.967s] DEBUG:colcon.colcon_core.event_handler.log_command:Invoked command in '/home/louwee/correct_ws/build/correct_controller' returned '0': CMAKE_PREFIX_PATH=/opt/ros/humble /usr/bin/cmake --install /home/louwee/correct_ws/build/correct_controller
[14.967s] Level 1:colcon.colcon_core.environment:checking '/home/louwee/correct_ws/install/correct_controller' for CMake module files
[14.968s] Level 1:colcon.colcon_core.environment:checking '/home/louwee/correct_ws/install/correct_controller' for CMake config files
[14.968s] Level 1:colcon.colcon_core.shell:create_environment_hook('correct_controller', 'cmake_prefix_path')
[14.969s] INFO:colcon.colcon_core.shell:Creating environment hook '/home/louwee/correct_ws/install/correct_controller/share/correct_controller/hook/cmake_prefix_path.ps1'
[14.969s] INFO:colcon.colcon_core.shell:Creating environment descriptor '/home/louwee/correct_ws/install/correct_controller/share/correct_controller/hook/cmake_prefix_path.dsv'
[14.969s] INFO:colcon.colcon_core.shell:Creating environment hook '/home/louwee/correct_ws/install/correct_controller/share/correct_controller/hook/cmake_prefix_path.sh'
[14.970s] Level 1:colcon.colcon_core.environment:checking '/home/louwee/correct_ws/install/correct_controller/lib'
[14.970s] Level 1:colcon.colcon_core.environment:checking '/home/louwee/correct_ws/install/correct_controller/bin'
[14.970s] Level 1:colcon.colcon_core.environment:checking '/home/louwee/correct_ws/install/correct_controller/lib/pkgconfig/correct_controller.pc'
[14.970s] Level 1:colcon.colcon_core.environment:checking '/home/louwee/correct_ws/install/correct_controller/lib/python3.10/site-packages'
[14.971s] Level 1:colcon.colcon_core.environment:checking '/home/louwee/correct_ws/install/correct_controller/bin'
[14.971s] INFO:colcon.colcon_core.shell:Creating package script '/home/louwee/correct_ws/install/correct_controller/share/correct_controller/package.ps1'
[14.972s] INFO:colcon.colcon_core.shell:Creating package descriptor '/home/louwee/correct_ws/install/correct_controller/share/correct_controller/package.dsv'
[14.972s] INFO:colcon.colcon_core.shell:Creating package script '/home/louwee/correct_ws/install/correct_controller/share/correct_controller/package.sh'
[14.972s] INFO:colcon.colcon_core.shell:Creating package script '/home/louwee/correct_ws/install/correct_controller/share/correct_controller/package.bash'
[14.973s] INFO:colcon.colcon_core.shell:Creating package script '/home/louwee/correct_ws/install/correct_controller/share/correct_controller/package.zsh'
[14.973s] Level 1:colcon.colcon_core.environment:create_file_with_runtime_dependencies(/home/louwee/correct_ws/install/correct_controller/share/colcon-core/packages/correct_controller)
[14.974s] Level 1:colcon.colcon_core.environment:create_environment_scripts_only(correct_controller)
[14.974s] Level 1:colcon.colcon_core.environment:checking '/home/louwee/correct_ws/install/correct_controller' for CMake module files
[14.975s] Level 1:colcon.colcon_core.environment:checking '/home/louwee/correct_ws/install/correct_controller' for CMake config files
[14.975s] Level 1:colcon.colcon_core.shell:create_environment_hook('correct_controller', 'cmake_prefix_path')
[14.975s] INFO:colcon.colcon_core.shell:Creating environment hook '/home/louwee/correct_ws/install/correct_controller/share/correct_controller/hook/cmake_prefix_path.ps1'
[14.976s] INFO:colcon.colcon_core.shell:Creating environment descriptor '/home/louwee/correct_ws/install/correct_controller/share/correct_controller/hook/cmake_prefix_path.dsv'
[14.976s] INFO:colcon.colcon_core.shell:Creating environment hook '/home/louwee/correct_ws/install/correct_controller/share/correct_controller/hook/cmake_prefix_path.sh'
[14.977s] Level 1:colcon.colcon_core.environment:checking '/home/louwee/correct_ws/install/correct_controller/lib'
[14.977s] Level 1:colcon.colcon_core.environment:checking '/home/louwee/correct_ws/install/correct_controller/bin'
[14.977s] Level 1:colcon.colcon_core.environment:checking '/home/louwee/correct_ws/install/correct_controller/lib/pkgconfig/correct_controller.pc'
[14.977s] Level 1:colcon.colcon_core.environment:checking '/home/louwee/correct_ws/install/correct_controller/lib/python3.10/site-packages'
[14.977s] Level 1:colcon.colcon_core.environment:checking '/home/louwee/correct_ws/install/correct_controller/bin'
[14.978s] INFO:colcon.colcon_core.shell:Creating package script '/home/louwee/correct_ws/install/correct_controller/share/correct_controller/package.ps1'
[14.978s] INFO:colcon.colcon_core.shell:Creating package descriptor '/home/louwee/correct_ws/install/correct_controller/share/correct_controller/package.dsv'
[14.979s] INFO:colcon.colcon_core.shell:Creating package script '/home/louwee/correct_ws/install/correct_controller/share/correct_controller/package.sh'
[14.979s] INFO:colcon.colcon_core.shell:Creating package script '/home/louwee/correct_ws/install/correct_controller/share/correct_controller/package.bash'
[14.980s] INFO:colcon.colcon_core.shell:Creating package script '/home/louwee/correct_ws/install/correct_controller/share/correct_controller/package.zsh'
[14.981s] Level 1:colcon.colcon_core.environment:create_file_with_runtime_dependencies(/home/louwee/correct_ws/install/correct_controller/share/colcon-core/packages/correct_controller)
[14.981s] DEBUG:colcon.colcon_parallel_executor.executor.parallel:closing loop
[14.981s] DEBUG:colcon.colcon_parallel_executor.executor.parallel:loop closed
[14.982s] DEBUG:colcon.colcon_parallel_executor.executor.parallel:run_until_complete finished with '0'
[14.982s] DEBUG:colcon.colcon_core.event_reactor:joining thread
[14.987s] INFO:colcon.colcon_core.plugin_system:Skipping extension 'colcon_notification.desktop_notification.terminal_notifier': Not used on non-Darwin systems
[14.988s] INFO:colcon.colcon_core.plugin_system:Skipping extension 'colcon_notification.desktop_notification.win32': Not used on non-Windows systems
[14.988s] INFO:colcon.colcon_notification.desktop_notification:Sending desktop notification using 'notify2'
[15.005s] DEBUG:colcon.colcon_core.event_reactor:joined thread
[15.006s] INFO:colcon.colcon_core.shell:Creating prefix script '/home/louwee/correct_ws/install/local_setup.ps1'
[15.007s] INFO:colcon.colcon_core.shell:Creating prefix util module '/home/louwee/correct_ws/install/_local_setup_util_ps1.py'
[15.009s] INFO:colcon.colcon_core.shell:Creating prefix chain script '/home/louwee/correct_ws/install/setup.ps1'
[15.010s] INFO:colcon.colcon_core.shell:Creating prefix script '/home/louwee/correct_ws/install/local_setup.sh'
[15.011s] INFO:colcon.colcon_core.shell:Creating prefix util module '/home/louwee/correct_ws/install/_local_setup_util_sh.py'
[15.012s] INFO:colcon.colcon_core.shell:Creating prefix chain script '/home/louwee/correct_ws/install/setup.sh'
[15.014s] INFO:colcon.colcon_core.shell:Creating prefix script '/home/louwee/correct_ws/install/local_setup.bash'
[15.015s] INFO:colcon.colcon_core.shell:Creating prefix chain script '/home/louwee/correct_ws/install/setup.bash'
[15.016s] INFO:colcon.colcon_core.shell:Creating prefix script '/home/louwee/correct_ws/install/local_setup.zsh'
[15.017s] INFO:colcon.colcon_core.shell:Creating prefix chain script '/home/louwee/correct_ws/install/setup.zsh'
