[0.025s] Invoking command in '/home/louwee/correct_ws/build/correct_bringup': CMAKE_PREFIX_PATH=/opt/ros/humble /usr/bin/cmake --build /home/louwee/correct_ws/build/correct_bringup -- -j12 -l12
[0.048s] -- Found ament_cmake: 1.3.11 (/opt/ros/humble/share/ament_cmake/cmake)
[0.288s] -- Found ament_lint_auto: 0.12.11 (/opt/ros/humble/share/ament_lint_auto/cmake)
[0.350s] -- Added test 'flake8' to check Python code syntax and style conventions
[0.350s] -- Added test 'lint_cmake' to check CMake code style
[0.351s] -- Added test 'pep257' to check Python code against some of the docstring style conventions in PEP 257
[0.352s] -- Added test 'xmllint' to check XML markup files
[0.353s] -- Configuring done
[0.357s] -- Generating done
[0.360s] -- Build files have been written to: /home/louwee/correct_ws/build/correct_bringup
[0.382s] Invoked command in '/home/louwee/correct_ws/build/correct_bringup' returned '0': CMAKE_PREFIX_PATH=/opt/ros/humble /usr/bin/cmake --build /home/louwee/correct_ws/build/correct_bringup -- -j12 -l12
[0.384s] Invoking command in '/home/louwee/correct_ws/build/correct_bringup': CMAKE_PREFIX_PATH=/opt/ros/humble /usr/bin/cmake --install /home/louwee/correct_ws/build/correct_bringup
[0.391s] -- Install configuration: ""
[0.391s] -- Installing: /home/louwee/correct_ws/install/correct_bringup/share/correct_bringup/launch
[0.391s] -- Installing: /home/louwee/correct_ws/install/correct_bringup/share/correct_bringup/launch/real_robot.launch.py
[0.392s] -- Installing: /home/louwee/correct_ws/install/correct_bringup/share/correct_bringup/launch/simulated_robot.launch.py
[0.392s] -- Up-to-date: /home/louwee/correct_ws/install/correct_bringup/share/ament_index/resource_index/package_run_dependencies/correct_bringup
[0.392s] -- Up-to-date: /home/louwee/correct_ws/install/correct_bringup/share/ament_index/resource_index/parent_prefix_path/correct_bringup
[0.392s] -- Up-to-date: /home/louwee/correct_ws/install/correct_bringup/share/correct_bringup/environment/ament_prefix_path.sh
[0.392s] -- Installing: /home/louwee/correct_ws/install/correct_bringup/share/correct_bringup/environment/ament_prefix_path.dsv
[0.393s] -- Up-to-date: /home/louwee/correct_ws/install/correct_bringup/share/correct_bringup/environment/path.sh
[0.393s] -- Installing: /home/louwee/correct_ws/install/correct_bringup/share/correct_bringup/environment/path.dsv
[0.393s] -- Up-to-date: /home/louwee/correct_ws/install/correct_bringup/share/correct_bringup/local_setup.bash
[0.393s] -- Up-to-date: /home/louwee/correct_ws/install/correct_bringup/share/correct_bringup/local_setup.sh
[0.393s] -- Up-to-date: /home/louwee/correct_ws/install/correct_bringup/share/correct_bringup/local_setup.zsh
[0.393s] -- Installing: /home/louwee/correct_ws/install/correct_bringup/share/correct_bringup/local_setup.dsv
[0.393s] -- Installing: /home/louwee/correct_ws/install/correct_bringup/share/correct_bringup/package.dsv
[0.393s] -- Up-to-date: /home/louwee/correct_ws/install/correct_bringup/share/ament_index/resource_index/packages/correct_bringup
[0.393s] -- Up-to-date: /home/louwee/correct_ws/install/correct_bringup/share/correct_bringup/cmake/correct_bringupConfig.cmake
[0.394s] -- Up-to-date: /home/louwee/correct_ws/install/correct_bringup/share/correct_bringup/cmake/correct_bringupConfig-version.cmake
[0.394s] -- Up-to-date: /home/louwee/correct_ws/install/correct_bringup/share/correct_bringup/package.xml
[0.395s] Invoked command in '/home/louwee/correct_ws/build/correct_bringup' returned '0': CMAKE_PREFIX_PATH=/opt/ros/humble /usr/bin/cmake --install /home/louwee/correct_ws/build/correct_bringup
