[0.043s] Invoking command in '/home/louwee/correct_ws/build/correct_controller': CMAKE_PREFIX_PATH=/opt/ros/humble /usr/bin/cmake --build /home/louwee/correct_ws/build/correct_controller -- -j12 -l12
[0.192s] [ 33%] Built target twist_relay
[0.196s] [ 66%] Built target noisy_controller
[0.199s] [100%] Built target simple_controller
[0.221s] [100%] Built target ament_cmake_python_copy_correct_controller
[0.826s] running egg_info
[0.827s] writing correct_controller.egg-info/PKG-INFO
[0.827s] writing dependency_links to correct_controller.egg-info/dependency_links.txt
[0.828s] writing top-level names to correct_controller.egg-info/top_level.txt
[0.831s] reading manifest file 'correct_controller.egg-info/SOURCES.txt'
[0.833s] writing manifest file 'correct_controller.egg-info/SOURCES.txt'
[0.909s] [100%] Built target ament_cmake_python_build_correct_controller_egg
[0.966s] Invoked command in '/home/louwee/correct_ws/build/correct_controller' returned '0': CMAKE_PREFIX_PATH=/opt/ros/humble /usr/bin/cmake --build /home/louwee/correct_ws/build/correct_controller -- -j12 -l12
[0.969s] Invoking command in '/home/louwee/correct_ws/build/correct_controller': CMAKE_PREFIX_PATH=/opt/ros/humble /usr/bin/cmake --install /home/louwee/correct_ws/build/correct_controller
[0.991s] -- Install configuration: ""
[0.991s] -- Up-to-date: /home/louwee/correct_ws/install/correct_controller/share/correct_controller/environment/pythonpath.sh
[0.991s] -- Up-to-date: /home/louwee/correct_ws/install/correct_controller/share/correct_controller/environment/pythonpath.dsv
[0.992s] -- Up-to-date: /home/louwee/correct_ws/install/correct_controller/local/lib/python3.10/dist-packages/correct_controller-0.0.0-py3.10.egg-info
[0.992s] -- Installing: /home/louwee/correct_ws/install/correct_controller/local/lib/python3.10/dist-packages/correct_controller-0.0.0-py3.10.egg-info/top_level.txt
[0.992s] -- Installing: /home/louwee/correct_ws/install/correct_controller/local/lib/python3.10/dist-packages/correct_controller-0.0.0-py3.10.egg-info/PKG-INFO
[0.992s] -- Installing: /home/louwee/correct_ws/install/correct_controller/local/lib/python3.10/dist-packages/correct_controller-0.0.0-py3.10.egg-info/dependency_links.txt
[0.993s] -- Installing: /home/louwee/correct_ws/install/correct_controller/local/lib/python3.10/dist-packages/correct_controller-0.0.0-py3.10.egg-info/SOURCES.txt
[0.994s] -- Up-to-date: /home/louwee/correct_ws/install/correct_controller/local/lib/python3.10/dist-packages/correct_controller
[0.994s] -- Up-to-date: /home/louwee/correct_ws/install/correct_controller/local/lib/python3.10/dist-packages/correct_controller/simple_controller.py
[0.995s] -- Up-to-date: /home/louwee/correct_ws/install/correct_controller/local/lib/python3.10/dist-packages/correct_controller/__init__.py
[0.995s] -- Up-to-date: /home/louwee/correct_ws/install/correct_controller/local/lib/python3.10/dist-packages/correct_controller/noisy_controller.py
[0.995s] -- Up-to-date: /home/louwee/correct_ws/install/correct_controller/local/lib/python3.10/dist-packages/correct_controller/twist_relay.py
[1.056s] Listing '/home/louwee/correct_ws/install/correct_controller/local/lib/python3.10/dist-packages/correct_controller'...
[1.064s] -- Up-to-date: /home/louwee/correct_ws/install/correct_controller/include/include
[1.065s] -- Up-to-date: /home/louwee/correct_ws/install/correct_controller/include/include/correct_controller
[1.066s] -- Up-to-date: /home/louwee/correct_ws/install/correct_controller/include/include/correct_controller/simple_controller.hpp
[1.066s] -- Up-to-date: /home/louwee/correct_ws/install/correct_controller/include/include/correct_controller/noisy_controller.hpp
[1.066s] -- Up-to-date: /home/louwee/correct_ws/install/correct_controller/lib/correct_controller/simple_controller
[1.067s] -- Up-to-date: /home/louwee/correct_ws/install/correct_controller/lib/correct_controller/noisy_controller
[1.070s] -- Up-to-date: /home/louwee/correct_ws/install/correct_controller/lib/correct_controller/twist_relay
[1.072s] -- Up-to-date: /home/louwee/correct_ws/install/correct_controller/share/correct_controller/launch
[1.072s] -- Up-to-date: /home/louwee/correct_ws/install/correct_controller/share/correct_controller/launch/controller.launch.py
[1.072s] -- Up-to-date: /home/louwee/correct_ws/install/correct_controller/share/correct_controller/launch/joystick_teleop.launch.py
[1.073s] -- Up-to-date: /home/louwee/correct_ws/install/correct_controller/share/correct_controller/config
[1.073s] -- Up-to-date: /home/louwee/correct_ws/install/correct_controller/share/correct_controller/config/twist_mux_locks.yaml
[1.073s] -- Up-to-date: /home/louwee/correct_ws/install/correct_controller/share/correct_controller/config/twist_mux_joy.yaml
[1.073s] -- Up-to-date: /home/louwee/correct_ws/install/correct_controller/share/correct_controller/config/joy_teleop.yaml
[1.073s] -- Up-to-date: /home/louwee/correct_ws/install/correct_controller/share/correct_controller/config/joy_config.yaml
[1.074s] -- Up-to-date: /home/louwee/correct_ws/install/correct_controller/share/correct_controller/config/twist_mux_topics.yaml
[1.075s] -- Up-to-date: /home/louwee/correct_ws/install/correct_controller/share/correct_controller/config/correct_controller.yaml
[1.076s] -- Up-to-date: /home/louwee/correct_ws/install/correct_controller/lib/correct_controller/simple_controller.py
[1.076s] -- Up-to-date: /home/louwee/correct_ws/install/correct_controller/lib/correct_controller/noisy_controller.py
[1.076s] -- Up-to-date: /home/louwee/correct_ws/install/correct_controller/lib/correct_controller/twist_relay.py
[1.077s] -- Up-to-date: /home/louwee/correct_ws/install/correct_controller/share/ament_index/resource_index/package_run_dependencies/correct_controller
[1.077s] -- Up-to-date: /home/louwee/correct_ws/install/correct_controller/share/ament_index/resource_index/parent_prefix_path/correct_controller
[1.077s] -- Up-to-date: /home/louwee/correct_ws/install/correct_controller/share/correct_controller/environment/ament_prefix_path.sh
[1.077s] -- Up-to-date: /home/louwee/correct_ws/install/correct_controller/share/correct_controller/environment/ament_prefix_path.dsv
[1.077s] -- Up-to-date: /home/louwee/correct_ws/install/correct_controller/share/correct_controller/environment/path.sh
[1.077s] -- Up-to-date: /home/louwee/correct_ws/install/correct_controller/share/correct_controller/environment/path.dsv
[1.078s] -- Up-to-date: /home/louwee/correct_ws/install/correct_controller/share/correct_controller/local_setup.bash
[1.078s] -- Up-to-date: /home/louwee/correct_ws/install/correct_controller/share/correct_controller/local_setup.sh
[1.078s] -- Up-to-date: /home/louwee/correct_ws/install/correct_controller/share/correct_controller/local_setup.zsh
[1.078s] -- Up-to-date: /home/louwee/correct_ws/install/correct_controller/share/correct_controller/local_setup.dsv
[1.078s] -- Installing: /home/louwee/correct_ws/install/correct_controller/share/correct_controller/package.dsv
[1.078s] -- Up-to-date: /home/louwee/correct_ws/install/correct_controller/share/ament_index/resource_index/packages/correct_controller
[1.078s] -- Up-to-date: /home/louwee/correct_ws/install/correct_controller/share/correct_controller/cmake/correct_controllerConfig.cmake
[1.078s] -- Up-to-date: /home/louwee/correct_ws/install/correct_controller/share/correct_controller/cmake/correct_controllerConfig-version.cmake
[1.078s] -- Up-to-date: /home/louwee/correct_ws/install/correct_controller/share/correct_controller/package.xml
[1.162s] Invoked command in '/home/louwee/correct_ws/build/correct_controller' returned '0': CMAKE_PREFIX_PATH=/opt/ros/humble /usr/bin/cmake --install /home/louwee/correct_ws/build/correct_controller
